*----------------------------------------------------------------------------------------
*	Innovus 20.10-p004_1 (64bit) 05/07/2020 20:02 (Linux 2.6.32-431.11.2.el6.x86_64)
*	
*
* 	Date & Time:	2025-Nov-10 21:44:54 (2025-Nov-10 16:14:54 GMT)
*
*----------------------------------------------------------------------------------------
*
*	Design: FIFO
*
*	Liberty Libraries used: 
*	        view1: /home/vishal25157/Desktop/cmos65/90nm/pd/slow.lib
*
*	Power Domain used: 
*
*       Power View : view1
*
*       User-Defined Activity : N.A.
*
*       Activity File: N.A.
*
*       Hierarchical Global Activity: N.A.
*
*       Global Activity: N.A.
*
*       Sequential Element Activity: 0.200000
*
*       Primary Input Activity: 0.200000
*
*       Default icg ratio: N.A.
*
*       Global Comb ClockGate Ratio: N.A.
*
*	Power Units = 1mW
*
*	Time Units = 1e-09 secs 
*
*       Temperature = 125 
*
*       report_power -outfile ./placement_reports/power/power.rpt -rail_analysis_format VS
*
-----------------------------------------------------------------------------------------
Cell                            Internal   Switching       Total     Leakage   Cell
                                   Power       Power       Power       Power   Name
--------------------------------------------------------------------------------------
FE_OFC10_FE_OFN8_wfull          0.003553     0.01971     0.02345   0.0001864  BUFX16
FE_OFC0_rdata_7                 0.002114     0.02027     0.02261   0.0002199  CLKBUFX12
FE_OFC3_rdata_4                 0.002107     0.02027      0.0226   0.0002199  CLKBUFX12
FE_OFC2_rdata_5                 0.002104     0.02027      0.0226   0.0002199  CLKBUFX12
FE_OFC1_rdata_6                 0.002108     0.02026     0.02259   0.0002199  CLKBUFX12
FE_OFC5_rdata_2                 0.002101     0.02027     0.02259   0.0002199  CLKBUFX12
FE_OFC7_rdata_0                 0.002101     0.02027     0.02259   0.0002199  CLKBUFX12
FE_OFC6_rdata_1                 0.002102     0.02027     0.02259   0.0002199  CLKBUFX12
FE_OFC4_rdata_3                 0.002101     0.02026     0.02258   0.0002199  CLKBUFX12
wptr_full_inst/wptr_reg[1]       0.01528     0.00122     0.01668   0.0001737  SDFFRHQX2
wptr_full_inst/wptr_reg[0]       0.01554   0.0009133     0.01662   0.0001737  SDFFRHQX2
wptr_full_inst/wptr_reg[2]       0.01478   0.0007692     0.01572   0.0001737  SDFFRHQX2
wptr_full_inst/wptr_reg[3]       0.01346   0.0006979     0.01433   0.0001651  DFFRHQX4
sync_r2w/q2_reg[3]               0.01039   0.0004997     0.01099   0.0001005  DFFRHQX1
sync_r2w/q2_reg[2]               0.01039   0.0003992     0.01089   0.0001005  DFFRHQX1
sync_r2w/q2_reg[1]               0.01039   0.0002488     0.01074   0.0001005  DFFRHQX1
sync_r2w/q2_reg[0]               0.01039   0.0002437     0.01074   0.0001005  DFFRHQX1
sync_r2w/q2_reg[4]               0.01039   0.0002193     0.01071   0.0001005  DFFRHQX1
sync_r2w/q1_reg[4]               0.01008   0.0001885     0.01037   0.0001005  DFFRHQX1
sync_r2w/q1_reg[3]               0.01008   0.0001817     0.01036   0.0001005  DFFRHQX1
sync_r2w/q1_reg[1]               0.01008   0.0001773     0.01036   0.0001005  DFFRHQX1
sync_r2w/q1_reg[2]               0.01008   0.0001733     0.01035   0.0001005  DFFRHQX1
sync_r2w/q1_reg[0]               0.01008   0.0001708     0.01035   0.0001005  DFFRHQX1
wptr_full_inst/wptr_reg[4]      0.009393   0.0007784      0.0103   0.0001258  DFFRX1
fifomem/mem_reg[13][1]          0.008832   0.0002323      0.0092   0.0001363  SDFFQX1
fifomem/mem_reg[13][3]          0.008831   0.0002211    0.009189   0.0001363  SDFFQX1
fifomem/mem_reg[13][4]          0.008831   0.0002198    0.009188   0.0001363  SDFFQX1
fifomem/mem_reg[13][7]          0.008831   0.0002144    0.009182   0.0001363  SDFFQX1
fifomem/mem_reg[13][2]          0.008831   0.0002055    0.009173   0.0001363  SDFFQX1
fifomem/mem_reg[13][0]          0.008831   0.0002021     0.00917   0.0001363  SDFFQX1
fifomem/mem_reg[13][6]          0.008831   0.0001891    0.009157   0.0001363  SDFFQX1
fifomem/mem_reg[13][5]          0.008831   0.0001795    0.009147   0.0001363  SDFFQX1
fifomem/mem_reg[8][4]           0.008774   0.0002193    0.009123   0.0001296  SDFFQXL
fifomem/mem_reg[8][0]           0.008774   0.0002149    0.009119   0.0001296  SDFFQXL
fifomem/mem_reg[8][3]           0.008774   0.0002121    0.009116   0.0001296  SDFFQXL
fifomem/mem_reg[8][7]           0.008774   0.0002073    0.009111   0.0001296  SDFFQXL
fifomem/mem_reg[8][6]           0.008774   0.0002002    0.009103   0.0001296  SDFFQXL
fifomem/mem_reg[8][1]           0.008774   0.0001989    0.009102   0.0001296  SDFFQXL
fifomem/mem_reg[8][2]           0.008774   0.0001959    0.009099   0.0001296  SDFFQXL
fifomem/mem_reg[8][5]           0.008774   0.0001928    0.009096   0.0001296  SDFFQXL
fifomem/mem_reg[10][4]          0.008692   0.0002387     0.00906   0.0001296  SDFFQXL
fifomem/mem_reg[10][6]          0.008692   0.0002316    0.009053   0.0001296  SDFFQXL
fifomem/mem_reg[10][0]          0.008692   0.0002273    0.009049   0.0001296  SDFFQXL
fifomem/mem_reg[9][3]           0.008681   0.0002366    0.009047   0.0001296  SDFFQXL
fifomem/mem_reg[12][3]          0.008666   0.0002508    0.009047   0.0001296  SDFFQXL
fifomem/mem_reg[10][5]          0.008692   0.0002162    0.009037   0.0001296  SDFFQXL
fifomem/mem_reg[12][4]          0.008666   0.0002385    0.009034   0.0001296  SDFFQXL
fifomem/mem_reg[12][7]          0.008666   0.0002364    0.009032   0.0001296  SDFFQXL
fifomem/mem_reg[9][7]            0.00868   0.0002177    0.009027   0.0001296  SDFFQXL
fifomem/mem_reg[10][7]          0.008691   0.0002017    0.009023   0.0001296  SDFFQXL
fifomem/mem_reg[9][6]            0.00868   0.0002129    0.009023   0.0001296  SDFFQXL
fifomem/mem_reg[12][5]          0.008666   0.0002268    0.009022   0.0001296  SDFFQXL
fifomem/mem_reg[10][2]          0.008691   0.0002008    0.009022   0.0001296  SDFFQXL
fifomem/mem_reg[10][3]          0.008691   0.0002006    0.009022   0.0001296  SDFFQXL
fifomem/mem_reg[10][1]          0.008691   0.0001989     0.00902   0.0001296  SDFFQXL
fifomem/mem_reg[12][6]          0.008665   0.0002209    0.009016   0.0001296  SDFFQXL
fifomem/mem_reg[9][5]            0.00868   0.0002055    0.009015   0.0001296  SDFFQXL
fifomem/mem_reg[12][0]          0.008665   0.0002197    0.009015   0.0001296  SDFFQXL
fifomem/mem_reg[9][2]            0.00868   0.0002028    0.009012   0.0001296  SDFFQXL
fifomem/mem_reg[0][3]           0.008659   0.0002151    0.009004   0.0001296  SDFFQXL
fifomem/mem_reg[11][3]          0.008614   0.0002578    0.009002   0.0001296  SDFFQXL
fifomem/mem_reg[9][0]            0.00868    0.000192    0.009002   0.0001296  SDFFQXL
fifomem/mem_reg[9][4]            0.00868   0.0001913    0.009001   0.0001296  SDFFQXL
fifomem/mem_reg[12][2]          0.008665   0.0002037    0.008999   0.0001296  SDFFQXL
fifomem/mem_reg[12][1]          0.008665   0.0002007    0.008996   0.0001296  SDFFQXL
fifomem/mem_reg[9][1]            0.00868    0.000185    0.008994   0.0001296  SDFFQXL
fifomem/mem_reg[0][4]           0.008659    0.000201    0.008989   0.0001296  SDFFQXL
fifomem/mem_reg[0][6]           0.008659   0.0001999    0.008988   0.0001296  SDFFQXL
fifomem/mem_reg[0][7]           0.008658   0.0001973    0.008985   0.0001296  SDFFQXL
fifomem/mem_reg[0][0]           0.008659   0.0001965    0.008985   0.0001296  SDFFQXL
fifomem/mem_reg[0][1]           0.008658   0.0001865    0.008975   0.0001296  SDFFQXL
fifomem/mem_reg[0][5]           0.008658   0.0001862    0.008974   0.0001296  SDFFQXL
fifomem/mem_reg[11][5]          0.008614   0.0002257    0.008969   0.0001296  SDFFQXL
fifomem/mem_reg[0][2]           0.008658   0.0001791    0.008967   0.0001296  SDFFQXL
fifomem/mem_reg[2][6]           0.008596   0.0002413    0.008967   0.0001296  SDFFQXL
fifomem/mem_reg[11][2]          0.008614   0.0002193    0.008962   0.0001296  SDFFQXL
fifomem/mem_reg[2][2]           0.008596   0.0002333    0.008959   0.0001296  SDFFQXL
fifomem/mem_reg[1][6]            0.00861   0.0002181    0.008957   0.0001296  SDFFQXL
fifomem/mem_reg[11][4]          0.008613   0.0002142    0.008957   0.0001296  SDFFQXL
fifomem/mem_reg[1][5]            0.00861   0.0002164    0.008956   0.0001296  SDFFQXL
fifomem/mem_reg[11][0]          0.008613   0.0002125    0.008956   0.0001296  SDFFQXL
fifomem/mem_reg[2][1]           0.008596   0.0002266    0.008952   0.0001296  SDFFQXL
fifomem/mem_reg[14][1]          0.008603    0.000218    0.008951   0.0001296  SDFFQXL
fifomem/mem_reg[11][6]          0.008613   0.0002078    0.008951   0.0001296  SDFFQXL
fifomem/mem_reg[2][5]           0.008596   0.0002232    0.008948   0.0001296  SDFFQXL
fifomem/mem_reg[2][3]           0.008596   0.0002204    0.008946   0.0001296  SDFFQXL
fifomem/mem_reg[3][4]           0.008543   0.0002724    0.008945   0.0001296  SDFFQXL
fifomem/mem_reg[14][2]          0.008603    0.000212    0.008945   0.0001296  SDFFQXL
fifomem/mem_reg[11][1]          0.008613   0.0002002    0.008943   0.0001296  SDFFQXL
fifomem/mem_reg[14][3]          0.008603   0.0002096    0.008942   0.0001296  SDFFQXL
fifomem/mem_reg[2][7]           0.008596   0.0002163    0.008941   0.0001296  SDFFQXL
fifomem/mem_reg[11][7]          0.008613   0.0001984    0.008941   0.0001296  SDFFQXL
fifomem/mem_reg[3][5]           0.008543   0.0002655    0.008938   0.0001296  SDFFQXL
fifomem/mem_reg[4][0]           0.008595   0.0002137    0.008938   0.0001296  SDFFQXL
fifomem/mem_reg[14][7]          0.008603   0.0002049    0.008938   0.0001296  SDFFQXL
fifomem/mem_reg[14][6]          0.008603   0.0002048    0.008937   0.0001296  SDFFQXL
fifomem/mem_reg[1][3]           0.008609   0.0001984    0.008937   0.0001296  SDFFQXL
fifomem/mem_reg[1][4]           0.008609    0.000197    0.008936   0.0001296  SDFFQXL
fifomem/mem_reg[1][7]           0.008609   0.0001965    0.008935   0.0001296  SDFFQXL
fifomem/mem_reg[1][1]           0.008609   0.0001942    0.008933   0.0001296  SDFFQXL
fifomem/mem_reg[14][0]          0.008603   0.0001979     0.00893   0.0001296  SDFFQXL
fifomem/mem_reg[14][5]          0.008603   0.0001968    0.008929   0.0001296  SDFFQXL
fifomem/mem_reg[1][0]           0.008609   0.0001879    0.008927   0.0001296  SDFFQXL
fifomem/mem_reg[2][0]           0.008595   0.0001991    0.008924   0.0001296  SDFFQXL
fifomem/mem_reg[1][2]           0.008609   0.0001838    0.008923   0.0001296  SDFFQXL
fifomem/mem_reg[14][4]          0.008603   0.0001899    0.008922   0.0001296  SDFFQXL
fifomem/mem_reg[4][3]           0.008594   0.0001979    0.008922   0.0001296  SDFFQXL
fifomem/mem_reg[2][4]           0.008595   0.0001963    0.008921   0.0001296  SDFFQXL
fifomem/mem_reg[4][1]           0.008594    0.000196     0.00892   0.0001296  SDFFQXL
fifomem/mem_reg[4][4]           0.008594   0.0001894    0.008913   0.0001296  SDFFQXL
fifomem/mem_reg[4][6]           0.008594   0.0001885    0.008912   0.0001296  SDFFQXL
fifomem/mem_reg[4][5]           0.008594   0.0001883    0.008912   0.0001296  SDFFQXL
fifomem/mem_reg[4][7]           0.008594   0.0001881    0.008912   0.0001296  SDFFQXL
fifomem/mem_reg[4][2]           0.008594   0.0001867     0.00891   0.0001296  SDFFQXL
fifomem/mem_reg[3][0]           0.008543   0.0002349    0.008907   0.0001296  SDFFQXL
fifomem/mem_reg[3][1]           0.008542    0.000231    0.008903   0.0001296  SDFFQXL
fifomem/mem_reg[3][7]           0.008542   0.0002291    0.008901   0.0001296  SDFFQXL
fifomem/mem_reg[6][0]           0.008541    0.000228    0.008899   0.0001296  SDFFQXL
fifomem/mem_reg[6][6]           0.008541   0.0002232    0.008894   0.0001296  SDFFQXL
fifomem/mem_reg[6][3]           0.008541   0.0002217    0.008893   0.0001296  SDFFQXL
fifomem/mem_reg[6][4]           0.008541   0.0002208    0.008892   0.0001296  SDFFQXL
fifomem/mem_reg[6][7]           0.008541   0.0002155    0.008886   0.0001296  SDFFQXL
fifomem/mem_reg[5][2]           0.008535   0.0002198    0.008885   0.0001296  SDFFQXL
fifomem/mem_reg[6][5]           0.008541   0.0002079    0.008879   0.0001296  SDFFQXL
fifomem/mem_reg[5][1]           0.008535    0.000213    0.008878   0.0001296  SDFFQXL
fifomem/mem_reg[15][1]           0.00854   0.0002078    0.008877   0.0001296  SDFFQXL
fifomem/mem_reg[5][5]           0.008535   0.0002095    0.008874   0.0001296  SDFFQXL
fifomem/mem_reg[5][6]           0.008535   0.0002087    0.008873   0.0001296  SDFFQXL
fifomem/mem_reg[15][4]           0.00854    0.000204    0.008873   0.0001296  SDFFQXL
fifomem/mem_reg[3][3]           0.008542   0.0001984     0.00887   0.0001296  SDFFQXL
fifomem/mem_reg[3][2]           0.008542   0.0001966    0.008868   0.0001296  SDFFQXL
fifomem/mem_reg[3][6]           0.008542   0.0001951    0.008867   0.0001296  SDFFQXL
fifomem/mem_reg[5][0]           0.008535   0.0001991    0.008864   0.0001296  SDFFQXL
fifomem/mem_reg[6][2]           0.008541    0.000192    0.008863   0.0001296  SDFFQXL
fifomem/mem_reg[6][1]           0.008541   0.0001917    0.008862   0.0001296  SDFFQXL
fifomem/mem_reg[5][3]           0.008535    0.000194    0.008859   0.0001296  SDFFQXL
fifomem/mem_reg[15][2]           0.00854   0.0001886    0.008858   0.0001296  SDFFQXL
fifomem/mem_reg[15][7]           0.00854   0.0001865    0.008856   0.0001296  SDFFQXL
fifomem/mem_reg[5][7]           0.008535   0.0001896    0.008854   0.0001296  SDFFQXL
fifomem/mem_reg[5][4]           0.008535   0.0001889    0.008853   0.0001296  SDFFQXL
fifomem/mem_reg[15][3]           0.00854   0.0001836    0.008853   0.0001296  SDFFQXL
fifomem/mem_reg[15][5]          0.008539   0.0001833    0.008852   0.0001296  SDFFQXL
fifomem/mem_reg[15][0]           0.00854   0.0001827    0.008852   0.0001296  SDFFQXL
fifomem/mem_reg[15][6]          0.008539   0.0001821    0.008851   0.0001296  SDFFQXL
fifomem/mem_reg[7][1]           0.008492   0.0002155    0.008837   0.0001296  SDFFQXL
fifomem/mem_reg[7][7]           0.008492   0.0002087     0.00883   0.0001296  SDFFQXL
fifomem/FE_OFC11_raddr_0       0.0008852      0.0079    0.008826   4.129e-05  BUFX2
fifomem/mem_reg[7][0]           0.008491   0.0002037    0.008825   0.0001296  SDFFQXL
fifomem/mem_reg[7][4]           0.008492    0.000202    0.008823   0.0001296  SDFFQXL
fifomem/mem_reg[7][2]           0.008491   0.0001981    0.008819   0.0001296  SDFFQXL
fifomem/mem_reg[7][6]           0.008491   0.0001947    0.008816   0.0001296  SDFFQXL
fifomem/mem_reg[7][3]           0.008491   0.0001915    0.008813   0.0001296  SDFFQXL
fifomem/mem_reg[7][5]           0.008491   0.0001859    0.008807   0.0001296  SDFFQXL
rptr_empty_inst/rptr_reg[0]     0.008263   0.0003256    0.008742   0.0001526  SDFFRHQX1
rptr_empty_inst/rptr_reg[1]     0.008095   0.0002917    0.008539   0.0001526  SDFFRHQX1
rptr_empty_inst/FE_OFC9_rempty  0.0007575    0.007217    0.008194   0.0002199  CLKBUFX12
rptr_empty_inst/rptr_reg[2]     0.007185   0.0002518     0.00759   0.0001526  SDFFRHQX1
rptr_empty_inst/rptr_reg[3]     0.006719   0.0003303    0.007202   0.0001526  SDFFRHQX1
rptr_empty_inst/g198            0.001049    0.005817    0.006986    0.000121  CLKXOR2X4
rdata_reg[7]                    0.006132   0.0003389    0.006572   0.0001005  DFFRHQX1
rdata_reg[4]                    0.006152   0.0002578     0.00651   0.0001005  DFFRHQX1
rdata_reg[6]                    0.006137   0.0002698    0.006507   0.0001005  DFFRHQX1
fifomem/FE_RC_52_0              0.003904    0.002443    0.006468   0.0001212  CLKBUFX6
rdata_reg[5]                    0.006135   0.0002162    0.006452   0.0001005  DFFRHQX1
rdata_reg[1]                    0.006153   0.0001843    0.006438   0.0001005  DFFRHQX1
rdata_reg[3]                    0.006147    0.000183    0.006431   0.0001005  DFFRHQX1
rdata_reg[0]                    0.006139   0.0001818    0.006421   0.0001005  DFFRHQX1
rdata_reg[2]                    0.006121    0.000183    0.006404   0.0001005  DFFRHQX1
rptr_empty_inst/rptr_reg[4]     0.005313   0.0003796    0.005793   0.0001005  DFFRHQX1
wptr_full_inst/FE_RC_12_0       0.002449    0.003198    0.005728   8.142e-05  NAND2X6
fifomem/g3070                   0.003837    0.001817    0.005726   7.214e-05  NOR2X4
sync_w2r/q1_reg[3]              0.005513   8.015e-05    0.005693   0.0001005  DFFRHQX1
sync_w2r/q1_reg[1]              0.005518   5.703e-05    0.005676   0.0001005  DFFRHQX1
sync_w2r/q1_reg[0]              0.005516   5.347e-05     0.00567   0.0001005  DFFRHQX1
sync_w2r/q1_reg[4]              0.005514   5.446e-05    0.005669   0.0001005  DFFRHQX1
sync_w2r/q1_reg[2]              0.005515   5.111e-05    0.005667   0.0001005  DFFRHQX1
sync_w2r/q2_reg[4]              0.005197    0.000119    0.005416   0.0001005  DFFRHQX1
sync_w2r/q2_reg[2]              0.005198   4.994e-05    0.005348   0.0001005  DFFRHQX1
sync_w2r/q2_reg[0]              0.005198   4.673e-05    0.005345   0.0001005  DFFRHQX1
sync_w2r/q2_reg[3]              0.005198   4.433e-05    0.005343   0.0001005  DFFRHQX1
sync_w2r/q2_reg[1]              0.005198   4.364e-05    0.005342   0.0001005  DFFRHQX1
fifomem/g3076                   0.003854   0.0009084    0.004838   7.566e-05  NOR2BX4
wptr_full_inst/FE_OCPC35_n_30   0.001701     0.00242    0.004182   6.202e-05  BUFX3
fifomem/FE_RC_73_0              0.002963    0.001107    0.004146   7.566e-05  NOR2BX4
wptr_full_inst/FE_RC_63_0       0.002012    0.001722    0.003796    6.16e-05  OAI2BB1X4
fifomem/FE_RC_80_0              0.002508    0.001195    0.003778   7.566e-05  NOR2BX4
fifomem/FE_RC_53_0              0.001877    0.001675    0.003632   8.078e-05  CLKAND2X3
fifomem/FE_OCPC29_n_0           0.002266   0.0009077    0.003393   0.0002199  BUFX12
wptr_full_inst/g159             0.001857    0.001058     0.00301   9.553e-05  ADDHX1
wptr_full_inst/FE_RC_75_0       0.002017   0.0008465    0.002923   6.015e-05  NAND3X4
fifomem/FE_OCPC31_n_21           0.00187   0.0007616    0.002852   0.0002199  BUFX12
wptr_full_inst/FE_RC_41_0       0.002435   0.0002842    0.002806   8.686e-05  NOR4BX4
fifomem/FE_OCPC26_n_29          0.001169    0.001119    0.002409   0.0001212  BUFX6
wptr_full_inst/g219             0.001254    0.001013    0.002337   7.055e-05  XNOR2X1
wptr_full_inst/FE_RC_37_0       0.001327   0.0008089    0.002162   2.599e-05  OAI21X2
wptr_full_inst/FE_RC_14_0       0.001195   0.0008638    0.002115   5.601e-05  NAND2X4
fifomem/g3074                   0.001559   0.0004685    0.002066   3.838e-05  NOR2BX2
fifomem/FE_OCPC57_n_8          0.0006465    0.001383    0.002056   2.599e-05  CLKINVX2
fifomem/FE_OFC13_n_19          0.0009403   0.0009365    0.001998   0.0001212  BUFX6
fifomem/g3059                  0.0009807    0.000895    0.001987    0.000111  AND2X6
wptr_full_inst/FE_RC_77_0       0.001569   0.0003341    0.001939   3.607e-05  NOR2X2
wptr_full_inst/FE_OCPC37_n_30   0.001117   0.0007568    0.001915   4.129e-05  BUFX2
fifomem/FE_RC_35_0             0.0007898    0.001079    0.001914     4.5e-05  CLKAND2X2
wptr_full_inst/FE_RC_30_0       0.001323   0.0004906    0.001849   3.602e-05  AOI21X2
fifomem/FE_OCPC53_n_17         0.0009419   0.0008435    0.001847   6.202e-05  BUFX3
fifomem/g5639                  0.0004696    0.001334    0.001822   1.816e-05  NOR2X1
wptr_full_inst/FE_OCPC51_wptr_3   0.001074   0.0006682    0.001804   6.202e-05  BUFX3
rptr_empty_inst/g188           0.0007503   0.0009642    0.001787   7.254e-05  CLKXOR2X1
wptr_full_inst/FE_OCPC22_waddr_3  0.0008942   0.0007441     0.00168   4.129e-05  BUFX2
fifomem/FE_OCPC68_n_7           0.001148   0.0004844    0.001674   4.129e-05  CLKBUFX2
rptr_empty_inst/g189            0.000605   0.0009859    0.001663   7.254e-05  CLKXOR2X1
fifomem/g5631                  0.0008503   0.0007229    0.001651   7.836e-05  MX4XL
fifomem/FE_OFC12_n_1           0.0007611   0.0007507    0.001633   0.0001212  BUFX6
wptr_full_inst/FE_RC_20_0       0.001154   0.0004396     0.00163   3.634e-05  AOI22X2
fifomem/g3057                  0.0008089   0.0007059    0.001626    0.000111  AND2X6
fifomem/g3050                  0.0006621   0.0008917    0.001624   6.993e-05  AND2X4
fifomem/g3080                  0.0008035   0.0007062    0.001621    0.000111  AND2X6
wptr_full_inst/FE_RC_13_0      0.0006547    0.000931    0.001614   2.802e-05  NAND2X2
fifomem/g5636                  0.0005548    0.001026      0.0016   2.004e-05  NOR2BX1
wptr_full_inst/FE_RC_78_0      0.0008931   0.0006734    0.001594   2.806e-05  OAI211X2
fifomem/g5613                  0.0008506   0.0006359    0.001565   7.836e-05  MX4XL
fifomem/g5615                  0.0008507   0.0006271    0.001556   7.836e-05  MX4XL
fifomem/g3056                  0.0003289    0.001163     0.00152   2.802e-05  NAND2X2
wptr_full_inst/FE_OCPC43_wptr_4  0.0007142   0.0007428    0.001498   4.129e-05  BUFX2
wptr_full_inst/FE_OCPC11_n_5    0.001035   0.0003942    0.001491   6.202e-05  BUFX3
fifomem/g5638                  0.0003093    0.001144    0.001488   3.499e-05  NAND2BX1
fifomem/g3047                  0.0007577   0.0006517    0.001482   7.214e-05  NOR2X4
rptr_empty_inst/g191           0.0005224   0.0008651     0.00146   7.254e-05  CLKXOR2X1
fifomem/g5630                  0.0008524   0.0004906    0.001421   7.836e-05  MX4XL
wptr_full_inst/FE_RC_76_0      0.0006706   0.0007028    0.001399   2.599e-05  CLKINVX2
fifomem/g5635                  0.0001408    0.001231    0.001381   9.289e-06  NAND2XL
fifomem/g5591                  0.0008342   0.0005139    0.001361   1.314e-05  OAI221X1
fifomem/g5588                  0.0008436    0.000495    0.001352   1.314e-05  OAI221X1
fifomem/g5604                    0.00088   0.0003744    0.001345   9.088e-05  MXI4XL
fifomem/FE_OCPC55_n_24         0.0006241   0.0005959    0.001341   0.0001212  BUFX6
fifomem/g5625                  0.0008801   0.0003656    0.001337   9.088e-05  MXI4XL
fifomem/g5622                  0.0008534   0.0004046    0.001336   7.836e-05  MX4XL
fifomem/g5607                  0.0008539    0.000367    0.001299   7.836e-05  MX4XL
fifomem/g5624                  0.0008539   0.0003661    0.001298   7.836e-05  MX4XL
fifomem/g5606                    0.00088   0.0003265    0.001297   9.088e-05  MXI4XL
fifomem/g5611                  0.0008799   0.0003191     0.00129   9.088e-05  MXI4XL
fifomem/g5617                  0.0008799   0.0003179    0.001289   9.088e-05  MXI4XL
fifomem/g5592                  0.0008359   0.0004381    0.001287   1.314e-05  OAI221X1
wptr_full_inst/g151            0.0006681   0.0006043    0.001285   1.299e-05  OAI21X1
fifomem/g5616                  0.0008798   0.0003136    0.001284   9.088e-05  MXI4XL
fifomem/g5585                  0.0008135   0.0004489    0.001276   1.314e-05  OAI221X1
fifomem/g5608                  0.0008799   0.0003005    0.001271   9.088e-05  MXI4XL
fifomem/g3045                  0.0002714   0.0009653    0.001265   2.802e-05  NAND2X2
fifomem/g5629                  0.0008544   0.0003188    0.001252   7.836e-05  MX4XL
fifomem/g5602                    0.00088   0.0002737    0.001245   9.088e-05  MXI4XL
fifomem/g5627                  0.0008799   0.0002689     0.00124   9.088e-05  MXI4XL
fifomem/g5626                  0.0008552   0.0002996    0.001233   7.836e-05  MX4XL
fifomem/g5605                    0.00088   0.0002496     0.00122   9.088e-05  MXI4XL
fifomem/g5598                  0.0007105   0.0004821    0.001211   1.833e-05  AOI22X1
fifomem/g5610                  0.0008799   0.0002371    0.001208   9.088e-05  MXI4XL
fifomem/g5621                    0.00088    0.000227    0.001198   9.088e-05  MXI4XL
fifomem/g5601                  0.0008799   0.0002241    0.001195   9.088e-05  MXI4XL
fifomem/g5614                  0.0008569   0.0002548     0.00119   7.836e-05  MX4XL
fifomem/g5589                  0.0008402    0.000334    0.001187   1.314e-05  OAI221X1
fifomem/g5632                  0.0008147    0.000277    0.001183   9.088e-05  MXI4XL
fifomem/g5620                  0.0008575    0.000241    0.001177   7.836e-05  MX4XL
fifomem/g5619                  0.0008577    0.000235    0.001171   7.836e-05  MX4XL
fifomem/g5586                  0.0008431   0.0003115    0.001168   1.314e-05  OAI221X1
fifomem/g5612                   0.000858   0.0002272    0.001164   7.836e-05  MX4XL
fifomem/g5618                    0.00088   0.0001908    0.001162   9.088e-05  MXI4XL
fifomem/FE_OCPC50_n_12         0.0003845   0.0007609    0.001158   1.301e-05  CLKINVX1
fifomem/g3051                  0.0002679   0.0008601    0.001156   2.802e-05  NAND2X2
fifomem/g5590                  0.0008478   0.0002948    0.001156   1.314e-05  OAI221X1
fifomem/g5623                  0.0008147   0.0002494    0.001155   9.088e-05  MXI4XL
fifomem/g5593                  0.0007129   0.0004196    0.001151   1.833e-05  AOI22X1
fifomem/g5628                  0.0008588   0.0002117    0.001149   7.836e-05  MX4XL
fifomem/g5609                   0.000859   0.0002085    0.001146   7.836e-05  MX4XL
fifomem/g5603                   0.000859   0.0002062    0.001144   7.836e-05  MX4XL
fifomem/g5594                  0.0006943   0.0004143    0.001127   1.833e-05  AOI22X1
fifomem/g5599                  0.0006945   0.0004059    0.001119   1.833e-05  AOI22X1
wptr_full_inst/g160            0.0007999   0.0002971    0.001117   2.004e-05  NOR2BX1
fifomem/g5587                  0.0008449   0.0002561    0.001114   1.314e-05  OAI221X1
wptr_full_inst/g148            0.0005103   0.0005868     0.00111   1.301e-05  INVX1
fifomem/g3067                  0.0006724   0.0003869    0.001079   2.004e-05  NOR2BX1
rptr_empty_inst/g148           0.0004759   0.0005902    0.001079   1.299e-05  OAI21X1
wptr_full_inst/FE_RC_69_0      0.0005129    0.000534    0.001075   2.802e-05  NAND2X2
fifomem/g2                     0.0002877    0.000726    0.001069    5.48e-05  NAND2BX2
fifomem/g5600                  0.0007143   0.0003352    0.001068   1.833e-05  AOI22X1
wptr_full_inst/FE_RC_60_0      0.0004446   0.0005925     0.00105   1.299e-05  OAI21X1
fifomem/FE_OCPC60_n_9          0.0006532   0.0003704     0.00105   2.599e-05  CLKINVX2
fifomem/g5595                   0.000715   0.0003136    0.001047   1.833e-05  AOI22X1
wptr_full_inst/FE_RC_55_0      0.0004448   0.0005767    0.001035   1.299e-05  OAI21X1
fifomem/g5597                  0.0007177   0.0002807    0.001017   1.833e-05  AOI22X1
wptr_full_inst/FE_RC_48_0      0.0005199   0.0004313    0.001006    5.48e-05  NAND2BX2
fifomem/g3053                  0.0002203   0.0007295   0.0009777   2.802e-05  NAND2X2
wptr_full_inst/g152            0.0004396   0.0005124   0.0009661   1.403e-05  NAND2X1
wptr_full_inst/g151_dup        0.0006655   0.0002827   0.0009612   1.299e-05  OAI21X1
wptr_full_inst/FE_RC_50_0      0.0006718   0.0002679   0.0009527   1.299e-05  OAI21X1
wptr_full_inst/FE_RC_66_0      0.0006628   0.0002328    0.000934   3.838e-05  NOR2BX2
fifomem/g5596                  0.0007003   0.0002131   0.0009318   1.833e-05  AOI22X1
wptr_full_inst/FE_RC_44_0      0.0005719   0.0003047   0.0009092   3.263e-05  MXI2X1
wptr_full_inst/FE_RC_15_0      0.0002439   0.0006306   0.0008875   1.301e-05  CLKINVX1
rptr_empty_inst/g144            0.000366   0.0004828   0.0008618   1.299e-05  OAI21X1
wptr_full_inst/FE_RC_46_0      0.0004045   0.0004141   0.0008466   2.802e-05  NAND2X2
wptr_full_inst/FE_RC_68_0      0.0004726    0.000279   0.0007795   2.802e-05  NAND2X2
wptr_full_inst/FE_RC_40_0      0.0002939   0.0004706   0.0007775   1.301e-05  CLKINVX1
rptr_empty_inst/g147           0.0003779   0.0003768   0.0007677   1.301e-05  INVX1
wptr_full_inst/FE_RC_58_0      0.0004414   0.0003055   0.0007599   1.299e-05  OAI21X1
wptr_full_inst/g208            0.0004779   0.0002511    0.000757   2.802e-05  NAND2X2
wptr_full_inst/FE_OCPC36_n_30  0.0003765   0.0003639   0.0007535   1.301e-05  INVX1
wptr_full_inst/FE_RC_67_0      0.0003499   0.0003795   0.0007434   1.403e-05  NAND2X1
wptr_full_inst/FE_OCPC52_wptr_3  0.0004503   0.0002386   0.0007149   2.599e-05  INVX2
fifomem/g3062                  0.0004159   0.0002529   0.0006968   2.802e-05  NAND2X2
fifomem/g3075                  0.0003501   0.0003211   0.0006853   1.403e-05  NAND2X1
fifomem/g5634                  0.0002678   0.0003861   0.0006669   1.301e-05  CLKINVX1
wptr_full_inst/g157            0.0003449   0.0003048   0.0006584   8.757e-06  INVXL
wptr_full_inst/FE_OFC15_waddr_3  0.0003026   0.0003403   0.0006559   1.301e-05  CLKINVX1
wptr_full_inst/FE_RC_59_0      0.0004816   0.0001334    0.000643   2.802e-05  NAND2X2
rptr_empty_inst/g140           0.0002802   0.0003477   0.0006409   1.299e-05  OAI21X1
FE_OCPC12_FE_OFN10_FE_OFN8_wfull  0.0003509   0.0002455   0.0006377   4.129e-05  CLKBUFX2
rptr_empty_inst/g151           0.0003066   0.0002798   0.0005951   8.728e-06  OAI21XL
wptr_full_inst/FE_RC_47_0      0.0003402   0.0002354    0.000588   1.236e-05  NOR2XL
rptr_empty_inst/g153            0.000274   0.0002623   0.0005712   3.499e-05  NAND2BX1
fifomem/FE_RC_54_0             0.0002377   0.0003242   0.0005707   8.757e-06  INVXL
wptr_full_inst/FE_RC_51_0      0.0003629   0.0001909   0.0005678   1.403e-05  NAND2X1
fifomem/g5637                  0.0002731   0.0002811   0.0005672   1.301e-05  INVX1
wptr_full_inst/FE_OCPC41_wptr_2  0.0002391   0.0003118    0.000564   1.301e-05  CLKINVX1
fifomem/g3085                  0.0004128   0.0001023   0.0005535   3.838e-05  NOR2BX2
fifomem/g5633                  0.0004239    0.000116   0.0005529   1.301e-05  INVX1
fifomem/g3052                  0.0002675   0.0002128   0.0005082   2.802e-05  NAND2X2
fifomem/FE_RC_74_0             0.0003566   0.0001261   0.0005073   2.466e-05  AND2XL
wptr_full_inst/g201            0.0003791    9.55e-05   0.0005017   2.704e-05  MXI2XL
rptr_empty_inst/g138           0.0002446   0.0002392   0.0004969   1.301e-05  INVX1
wptr_full_inst/FE_RC_57_0      0.0003277   0.0001331   0.0004958   3.499e-05  NAND2BX1
wptr_full_inst/FE_RC_62_0      0.0003253   0.0001331   0.0004934   3.499e-05  NAND2BX1
wptr_full_inst/FE_RC_70_0      0.0002338   0.0002359   0.0004827   1.301e-05  CLKINVX1
rptr_empty_inst/g150             0.00024   0.0001923   0.0004673   3.499e-05  NAND2BX1
fifomem/FE_RC_36_0             0.0003029   0.0001493   0.0004653   1.301e-05  CLKINVX1
rptr_empty_inst/g136           0.0002016   0.0002177   0.0004323   1.299e-05  OAI21X1
wptr_full_inst/FE_RC_61_0      0.0002335   0.0001791   0.0004256   1.301e-05  INVX1
wptr_full_inst/FE_RC_56_0      0.0002336   0.0001766   0.0004232   1.301e-05  INVX1
rptr_empty_inst/g195           0.0002901   6.949e-05   0.0004227   6.308e-05  XNOR2XL
rptr_empty_inst/g197            0.000289   6.596e-05   0.0004181   6.308e-05  XNOR2XL
wptr_full_inst/FE_OFC17_n_17   0.0003014   0.0001013   0.0004157   1.301e-05  INVX1
fifomem/g3054                  0.0003095   6.812e-05   0.0004137   3.607e-05  NOR2X2
rptr_empty_inst/g196             0.00029   5.899e-05    0.000412   6.308e-05  XNOR2XL
wptr_full_inst/FE_RC_33_0      0.0002237   0.0001745   0.0004075   9.289e-06  NAND2XL
rptr_empty_inst/g194           0.0002882   5.333e-05   0.0004046   6.308e-05  XNOR2XL
fifomem/g3058                  0.0002197   0.0001564   0.0004041   2.802e-05  NAND2X2
fifomem/g3066                  0.0001955   0.0001936   0.0003984   9.289e-06  NAND2XL
wptr_full_inst/FE_RC_42_0       0.000189    0.000195   0.0003928   8.757e-06  INVXL
rptr_empty_inst/g193           0.0003045   6.637e-05    0.000389   1.815e-05  AOI21X1
rptr_empty_inst/g154            0.000176    0.000177   0.0003879   3.499e-05  NAND2BX1
fifomem/g3060                  0.0002175   0.0001095   0.0003551   2.802e-05  NAND2X2
rptr_empty_inst/g149           0.0001952   0.0001478   0.0003523   9.289e-06  NAND2XL
rptr_empty_inst/g146           0.0001609   0.0001398   0.0003357   3.499e-05  NAND2BX1
fifomem/g3048                  0.0001347   0.0001734    0.000322   1.403e-05  NAND2X1
rptr_empty_inst/g145           0.0001653   0.0001273    0.000302   9.289e-06  NAND2XL
wptr_full_inst/g143            0.0002097   5.187e-05   0.0002976   3.607e-05  NOR2X2
rptr_empty_inst/g141           0.0001612   0.0001027   0.0002733   9.289e-06  NAND2XL
wptr_full_inst/FE_RC_32_0      8.677e-05   0.0001707   0.0002705   1.301e-05  CLKINVX1
wptr_full_inst/FE_RC_31_0      0.0001903   6.031e-05   0.0002688   1.816e-05  NOR2X1
wptr_full_inst/FE_RC_49_0      0.0001565   9.026e-05    0.000256   9.289e-06  NAND2XL
rptr_empty_inst/g199           0.0001703   6.343e-05   0.0002461   1.236e-05  NOR2XL
rptr_empty_inst/g152           0.0001501   8.244e-05   0.0002418   9.289e-06  NAND2XL
rptr_empty_inst/g137           0.0001015   8.079e-05   0.0001916   9.289e-06  NAND2XL
rptr_empty_inst/g142           0.0001001   5.173e-05   0.0001868   3.499e-05  NAND2BX1
wptr_full_inst/FE_RC_39_0      7.516e-05   7.271e-05   0.0001619   1.403e-05  NAND2X1
rptr_empty_inst/g190           5.864e-05   7.672e-05   0.0001477   1.236e-05  NOR2XL
rptr_empty_inst/g192           5.705e-05   2.741e-05   9.492e-05   1.046e-05  NAND4XL

---------------------------------------------------------------------------------------

Total (    365 of    365  )        1.571       0.331      1.934      0.0317
Total Capacitance                1.373e-11 F
Power Density                   *** No Die Area ***
