###############################################################
#  Generated by:      Cadence Tempus 20.10-p003_1
#  OS:                Linux x86_64(Host ID edatools-server2.iiitd.edu.in)
#  Generated on:      Tue Oct 14 20:55:34 2025
#  Design:            FIFO
#  Command:           report_timing > $report_dir/timing_report_maxfreq.rpt
###############################################################
Path 1: MET Setup Check with Pin fifomem/mem_reg[15][0]/CK 
Endpoint:   fifomem/mem_reg[15][0]/SE    (^) checked with  leading edge of 'wclk'
Beginpoint: wptr_full_inst/wptr_reg[4]/Q (^) triggered by  leading edge of 'wclk'
Path Groups: {wclk}
Other End Arrival Time          0.000
- Setup                         0.379
+ Phase Shift                   4.000
= Required Time                 3.621
- Arrival Time                  2.761
= Slack Time                    0.860
     Clock Rise Edge                 0.000
     + Clock Network Latency (Ideal) 0.000
     = Beginpoint Arrival Time       0.000
      ----------------------------------------------------------------------------
      Instance                    Arc          Cell       Delay  Arrival  Required  
                                                                 Time     Time  
      ----------------------------------------------------------------------------
      wptr_full_inst/wptr_reg[4]  CK ^         -          -      0.000    0.860  
      wptr_full_inst/wptr_reg[4]  CK ^ -> Q ^  SDFFRHQX1  0.379  0.379    1.238  
      wptr_full_inst/g504         A ^ -> Y v   INVX1      0.065  0.443    1.303  
      wptr_full_inst/g502         A v -> Y ^   MXI2XL     0.349  0.793    1.652  
      wptr_full_inst/g499         A ^ -> Y v   CLKINVX1   0.073  0.866    1.725  
      wptr_full_inst/g495         B v -> Y ^   MXI2XL     0.235  1.101    1.960  
      wptr_full_inst/g494         A ^ -> Y v   INVX1      0.098  1.199    2.058  
      wptr_full_inst/g491         B v -> Y ^   MXI2XL     0.351  1.550    2.410  
      wptr_full_inst/g489         B ^ -> Y ^   CLKXOR2X1  0.270  1.820    2.679  
      fifomem/g1510               AN ^ -> Y ^  NOR2BXL    0.234  2.054    2.914  
      fifomem/g1505               AN ^ -> Y ^  NOR2BXL    0.707  2.761    3.621  
      fifomem/mem_reg[15][0]      SE ^         SDFFQX1    0.000  2.761    3.621  
      ----------------------------------------------------------------------------

