###############################################################
#  Generated by:      Cadence Tempus 20.10-p003_1
#  OS:                Linux x86_64(Host ID edatools-server2.iiitd.edu.in)
#  Generated on:      Tue Oct 14 20:55:34 2025
#  Design:            FIFO
#  Command:           report_constraints -all_violators > sta_after_synthesis_maxfreq/reports/allviolations_maxfreq.rpt
###############################################################
# format : frame 0 : split 1

max_delay/setup
---------------------------
No paths found

min_delay/hold
---------------------------
      ------------------------------------------------------------------------------------------------  
       End Point                                  Slack      Cause                                      
      ------------------------------------------------------------------------------------------------  
      rdata_reg[6]/SE f                          -0.079     VIOLATED
      rdata_reg[5]/SE f                          -0.079     VIOLATED
      rdata_reg[2]/SE f                          -0.079     VIOLATED
      rdata_reg[1]/SE f                          -0.079     VIOLATED
      rdata_reg[3]/SE f                          -0.079     VIOLATED
      rdata_reg[7]/SE f                          -0.079     VIOLATED
      rdata_reg[4]/SE f                          -0.079     VIOLATED
      rdata_reg[0]/SE f                          -0.079     VIOLATED
      wptr_full_inst/wptr_reg[4]/SE f            -0.079     VIOLATED
      sync_w2r/q1_reg[0]/SE f                    -0.079     VIOLATED
      sync_w2r/q1_reg[1]/SE f                    -0.079     VIOLATED
      sync_w2r/q1_reg[4]/SE f                    -0.079     VIOLATED
      sync_w2r/q1_reg[3]/SE f                    -0.079     VIOLATED
      sync_w2r/q1_reg[2]/SE f                    -0.079     VIOLATED
      sync_w2r/q2_reg[2]/SE f                    -0.079     VIOLATED
      sync_w2r/q2_reg[0]/SE f                    -0.079     VIOLATED
      sync_w2r/q2_reg[1]/SE f                    -0.079     VIOLATED
      sync_w2r/q2_reg[3]/SE f                    -0.079     VIOLATED
      sync_w2r/q2_reg[4]/SE f                    -0.079     VIOLATED
      sync_r2w/q1_reg[0]/SE f                    -0.079     VIOLATED
      sync_r2w/q1_reg[1]/SE f                    -0.079     VIOLATED
      sync_r2w/q1_reg[4]/SE f                    -0.079     VIOLATED
      sync_r2w/q1_reg[3]/SE f                    -0.079     VIOLATED
      sync_r2w/q1_reg[2]/SE f                    -0.079     VIOLATED
      sync_r2w/q2_reg[2]/SE f                    -0.079     VIOLATED
      sync_r2w/q2_reg[0]/SE f                    -0.079     VIOLATED
      sync_r2w/q2_reg[1]/SE f                    -0.079     VIOLATED
      sync_r2w/q2_reg[3]/SE f                    -0.079     VIOLATED
      sync_r2w/q2_reg[4]/SE f                    -0.079     VIOLATED
      rptr_empty_inst/rptr_reg[4]/SE f           -0.079     VIOLATED
      ------------------------------------------------------------------------------------------------

Check type : clock_period
---------------------------
No paths found

Check type : skew
---------------------------
No paths found

Check type : pulse_width
---------------------------
 No violating Checks with given description found

Check type : max_transition
---------------------------
 No Violations found

Check type : min_transition
---------------------------
 No Violations found

Check type : max_capacitance
---------------------------
 No Violations found

Check type : min_capacitance
---------------------------
 No Violations found

Check type : max_fanout
---------------------------
 No Violations found

Check type : min_fanout
---------------------------
 No Violations found
