###############################################################
#  Generated by:      Cadence Tempus 20.10-p003_1
#  OS:                Linux x86_64(Host ID edatools-server2.iiitd.edu.in)
#  Generated on:      Wed Nov  5 21:23:43 2025
#  Design:            FIFO
#  Command:           report_timing -early -max_paths 30 -nworst 30 -retime path_slew_propagation > $report_dir/pba_hold.rpt
###############################################################
Path 1: VIOLATED Hold Check with Pin rdata_reg[6]/CK 
Endpoint:   rdata_reg[6]/SE (v) checked with  leading edge of 'rclk'
Beginpoint: scan_en         (v) triggered by  leading edge of '@'
Path Groups: {rclk}
Retime Analysis { Data Path-Slew }
Other End Arrival Time          0.000
+ Hold                          0.079
+ Phase Shift                   0.000
= Required Time                 0.079
  Arrival Time                  0.000
  Slack Time                   -0.079
= Slack Time(original)         -0.079
     Clock Rise Edge                      0.000
     + Input Delay                        0.000
     = Beginpoint Arrival Time            0.000
      -------------------------------------------------------------
      Instance      Arc        Cell       Retime  Arrival  Required  
                                          Delay   Time     Time  
      -------------------------------------------------------------
      -             scan_en v  -          -       0.000    0.079  
      rdata_reg[6]  -          SDFFRHQX8  0.000   0.000    0.079  
      -------------------------------------------------------------
Path 2: VIOLATED Hold Check with Pin rdata_reg[5]/CK 
Endpoint:   rdata_reg[5]/SE (v) checked with  leading edge of 'rclk'
Beginpoint: scan_en         (v) triggered by  leading edge of '@'
Path Groups: {rclk}
Retime Analysis { Data Path-Slew }
Other End Arrival Time          0.000
+ Hold                          0.079
+ Phase Shift                   0.000
= Required Time                 0.079
  Arrival Time                  0.000
  Slack Time                   -0.079
= Slack Time(original)         -0.079
     Clock Rise Edge                      0.000
     + Input Delay                        0.000
     = Beginpoint Arrival Time            0.000
      -------------------------------------------------------------
      Instance      Arc        Cell       Retime  Arrival  Required  
                                          Delay   Time     Time  
      -------------------------------------------------------------
      -             scan_en v  -          -       0.000    0.079  
      rdata_reg[5]  -          SDFFRHQX8  0.000   0.000    0.079  
      -------------------------------------------------------------
Path 3: VIOLATED Hold Check with Pin rdata_reg[2]/CK 
Endpoint:   rdata_reg[2]/SE (v) checked with  leading edge of 'rclk'
Beginpoint: scan_en         (v) triggered by  leading edge of '@'
Path Groups: {rclk}
Retime Analysis { Data Path-Slew }
Other End Arrival Time          0.000
+ Hold                          0.079
+ Phase Shift                   0.000
= Required Time                 0.079
  Arrival Time                  0.000
  Slack Time                   -0.079
= Slack Time(original)         -0.079
     Clock Rise Edge                      0.000
     + Input Delay                        0.000
     = Beginpoint Arrival Time            0.000
      -------------------------------------------------------------
      Instance      Arc        Cell       Retime  Arrival  Required  
                                          Delay   Time     Time  
      -------------------------------------------------------------
      -             scan_en v  -          -       0.000    0.079  
      rdata_reg[2]  -          SDFFRHQX8  0.000   0.000    0.079  
      -------------------------------------------------------------
Path 4: VIOLATED Hold Check with Pin rdata_reg[1]/CK 
Endpoint:   rdata_reg[1]/SE (v) checked with  leading edge of 'rclk'
Beginpoint: scan_en         (v) triggered by  leading edge of '@'
Path Groups: {rclk}
Retime Analysis { Data Path-Slew }
Other End Arrival Time          0.000
+ Hold                          0.079
+ Phase Shift                   0.000
= Required Time                 0.079
  Arrival Time                  0.000
  Slack Time                   -0.079
= Slack Time(original)         -0.079
     Clock Rise Edge                      0.000
     + Input Delay                        0.000
     = Beginpoint Arrival Time            0.000
      -------------------------------------------------------------
      Instance      Arc        Cell       Retime  Arrival  Required  
                                          Delay   Time     Time  
      -------------------------------------------------------------
      -             scan_en v  -          -       0.000    0.079  
      rdata_reg[1]  -          SDFFRHQX8  0.000   0.000    0.079  
      -------------------------------------------------------------
Path 5: VIOLATED Hold Check with Pin rdata_reg[3]/CK 
Endpoint:   rdata_reg[3]/SE (v) checked with  leading edge of 'rclk'
Beginpoint: scan_en         (v) triggered by  leading edge of '@'
Path Groups: {rclk}
Retime Analysis { Data Path-Slew }
Other End Arrival Time          0.000
+ Hold                          0.079
+ Phase Shift                   0.000
= Required Time                 0.079
  Arrival Time                  0.000
  Slack Time                   -0.079
= Slack Time(original)         -0.079
     Clock Rise Edge                      0.000
     + Input Delay                        0.000
     = Beginpoint Arrival Time            0.000
      -------------------------------------------------------------
      Instance      Arc        Cell       Retime  Arrival  Required  
                                          Delay   Time     Time  
      -------------------------------------------------------------
      -             scan_en v  -          -       0.000    0.079  
      rdata_reg[3]  -          SDFFRHQX8  0.000   0.000    0.079  
      -------------------------------------------------------------
Path 6: VIOLATED Hold Check with Pin rdata_reg[7]/CK 
Endpoint:   rdata_reg[7]/SE (v) checked with  leading edge of 'rclk'
Beginpoint: scan_en         (v) triggered by  leading edge of '@'
Path Groups: {rclk}
Retime Analysis { Data Path-Slew }
Other End Arrival Time          0.000
+ Hold                          0.079
+ Phase Shift                   0.000
= Required Time                 0.079
  Arrival Time                  0.000
  Slack Time                   -0.079
= Slack Time(original)         -0.079
     Clock Rise Edge                      0.000
     + Input Delay                        0.000
     = Beginpoint Arrival Time            0.000
      -------------------------------------------------------------
      Instance      Arc        Cell       Retime  Arrival  Required  
                                          Delay   Time     Time  
      -------------------------------------------------------------
      -             scan_en v  -          -       0.000    0.079  
      rdata_reg[7]  -          SDFFRHQX8  0.000   0.000    0.079  
      -------------------------------------------------------------
Path 7: VIOLATED Hold Check with Pin rdata_reg[4]/CK 
Endpoint:   rdata_reg[4]/SE (v) checked with  leading edge of 'rclk'
Beginpoint: scan_en         (v) triggered by  leading edge of '@'
Path Groups: {rclk}
Retime Analysis { Data Path-Slew }
Other End Arrival Time          0.000
+ Hold                          0.079
+ Phase Shift                   0.000
= Required Time                 0.079
  Arrival Time                  0.000
  Slack Time                   -0.079
= Slack Time(original)         -0.079
     Clock Rise Edge                      0.000
     + Input Delay                        0.000
     = Beginpoint Arrival Time            0.000
      -------------------------------------------------------------
      Instance      Arc        Cell       Retime  Arrival  Required  
                                          Delay   Time     Time  
      -------------------------------------------------------------
      -             scan_en v  -          -       0.000    0.079  
      rdata_reg[4]  -          SDFFRHQX8  0.000   0.000    0.079  
      -------------------------------------------------------------
Path 8: VIOLATED Hold Check with Pin rdata_reg[0]/CK 
Endpoint:   rdata_reg[0]/SE (v) checked with  leading edge of 'rclk'
Beginpoint: scan_en         (v) triggered by  leading edge of '@'
Path Groups: {rclk}
Retime Analysis { Data Path-Slew }
Other End Arrival Time          0.000
+ Hold                          0.079
+ Phase Shift                   0.000
= Required Time                 0.079
  Arrival Time                  0.000
  Slack Time                   -0.079
= Slack Time(original)         -0.079
     Clock Rise Edge                      0.000
     + Input Delay                        0.000
     = Beginpoint Arrival Time            0.000
      -------------------------------------------------------------
      Instance      Arc        Cell       Retime  Arrival  Required  
                                          Delay   Time     Time  
      -------------------------------------------------------------
      -             scan_en v  -          -       0.000    0.079  
      rdata_reg[0]  -          SDFFRHQX8  0.000   0.000    0.079  
      -------------------------------------------------------------
Path 9: VIOLATED Hold Check with Pin wptr_full_inst/wptr_reg[4]/CK 
Endpoint:   wptr_full_inst/wptr_reg[4]/SE (v) checked with  leading edge of 'wclk'
Beginpoint: scan_en                       (v) triggered by  leading edge of '@'
Path Groups: {wclk}
Retime Analysis { Data Path-Slew }
Other End Arrival Time          0.000
+ Hold                          0.079
+ Phase Shift                   0.000
= Required Time                 0.079
  Arrival Time                  0.000
  Slack Time                   -0.079
= Slack Time(original)         -0.079
     Clock Rise Edge                      0.000
     + Input Delay                        0.000
     = Beginpoint Arrival Time            0.000
      ---------------------------------------------------------------------------
      Instance                    Arc        Cell       Retime  Arrival  Required  
                                                        Delay   Time     Time  
      ---------------------------------------------------------------------------
      -                           scan_en v  -          -       0.000    0.079  
      wptr_full_inst/wptr_reg[4]  -          SDFFRHQX1  0.000   0.000    0.079  
      ---------------------------------------------------------------------------
Path 10: VIOLATED Hold Check with Pin sync_w2r/q1_reg[0]/CK 
Endpoint:   sync_w2r/q1_reg[0]/SE (v) checked with  leading edge of 'rclk'
Beginpoint: scan_en               (v) triggered by  leading edge of '@'
Path Groups: {rclk}
Retime Analysis { Data Path-Slew }
Other End Arrival Time          0.000
+ Hold                          0.079
+ Phase Shift                   0.000
= Required Time                 0.079
  Arrival Time                  0.000
  Slack Time                   -0.079
= Slack Time(original)         -0.079
     Clock Rise Edge                      0.000
     + Input Delay                        0.000
     = Beginpoint Arrival Time            0.000
      -------------------------------------------------------------------
      Instance            Arc        Cell       Retime  Arrival  Required  
                                                Delay   Time     Time  
      -------------------------------------------------------------------
      -                   scan_en v  -          -       0.000    0.079  
      sync_w2r/q1_reg[0]  -          SDFFRHQX1  0.000   0.000    0.079  
      -------------------------------------------------------------------
Path 11: VIOLATED Hold Check with Pin sync_w2r/q1_reg[1]/CK 
Endpoint:   sync_w2r/q1_reg[1]/SE (v) checked with  leading edge of 'rclk'
Beginpoint: scan_en               (v) triggered by  leading edge of '@'
Path Groups: {rclk}
Retime Analysis { Data Path-Slew }
Other End Arrival Time          0.000
+ Hold                          0.079
+ Phase Shift                   0.000
= Required Time                 0.079
  Arrival Time                  0.000
  Slack Time                   -0.079
= Slack Time(original)         -0.079
     Clock Rise Edge                      0.000
     + Input Delay                        0.000
     = Beginpoint Arrival Time            0.000
      -------------------------------------------------------------------
      Instance            Arc        Cell       Retime  Arrival  Required  
                                                Delay   Time     Time  
      -------------------------------------------------------------------
      -                   scan_en v  -          -       0.000    0.079  
      sync_w2r/q1_reg[1]  -          SDFFRHQX1  0.000   0.000    0.079  
      -------------------------------------------------------------------
Path 12: VIOLATED Hold Check with Pin sync_w2r/q1_reg[4]/CK 
Endpoint:   sync_w2r/q1_reg[4]/SE (v) checked with  leading edge of 'rclk'
Beginpoint: scan_en               (v) triggered by  leading edge of '@'
Path Groups: {rclk}
Retime Analysis { Data Path-Slew }
Other End Arrival Time          0.000
+ Hold                          0.079
+ Phase Shift                   0.000
= Required Time                 0.079
  Arrival Time                  0.000
  Slack Time                   -0.079
= Slack Time(original)         -0.079
     Clock Rise Edge                      0.000
     + Input Delay                        0.000
     = Beginpoint Arrival Time            0.000
      -------------------------------------------------------------------
      Instance            Arc        Cell       Retime  Arrival  Required  
                                                Delay   Time     Time  
      -------------------------------------------------------------------
      -                   scan_en v  -          -       0.000    0.079  
      sync_w2r/q1_reg[4]  -          SDFFRHQX1  0.000   0.000    0.079  
      -------------------------------------------------------------------
Path 13: VIOLATED Hold Check with Pin sync_w2r/q1_reg[3]/CK 
Endpoint:   sync_w2r/q1_reg[3]/SE (v) checked with  leading edge of 'rclk'
Beginpoint: scan_en               (v) triggered by  leading edge of '@'
Path Groups: {rclk}
Retime Analysis { Data Path-Slew }
Other End Arrival Time          0.000
+ Hold                          0.079
+ Phase Shift                   0.000
= Required Time                 0.079
  Arrival Time                  0.000
  Slack Time                   -0.079
= Slack Time(original)         -0.079
     Clock Rise Edge                      0.000
     + Input Delay                        0.000
     = Beginpoint Arrival Time            0.000
      -------------------------------------------------------------------
      Instance            Arc        Cell       Retime  Arrival  Required  
                                                Delay   Time     Time  
      -------------------------------------------------------------------
      -                   scan_en v  -          -       0.000    0.079  
      sync_w2r/q1_reg[3]  -          SDFFRHQX1  0.000   0.000    0.079  
      -------------------------------------------------------------------
Path 14: VIOLATED Hold Check with Pin sync_w2r/q1_reg[2]/CK 
Endpoint:   sync_w2r/q1_reg[2]/SE (v) checked with  leading edge of 'rclk'
Beginpoint: scan_en               (v) triggered by  leading edge of '@'
Path Groups: {rclk}
Retime Analysis { Data Path-Slew }
Other End Arrival Time          0.000
+ Hold                          0.079
+ Phase Shift                   0.000
= Required Time                 0.079
  Arrival Time                  0.000
  Slack Time                   -0.079
= Slack Time(original)         -0.079
     Clock Rise Edge                      0.000
     + Input Delay                        0.000
     = Beginpoint Arrival Time            0.000
      -------------------------------------------------------------------
      Instance            Arc        Cell       Retime  Arrival  Required  
                                                Delay   Time     Time  
      -------------------------------------------------------------------
      -                   scan_en v  -          -       0.000    0.079  
      sync_w2r/q1_reg[2]  -          SDFFRHQX1  0.000   0.000    0.079  
      -------------------------------------------------------------------
Path 15: VIOLATED Hold Check with Pin sync_w2r/q2_reg[2]/CK 
Endpoint:   sync_w2r/q2_reg[2]/SE (v) checked with  leading edge of 'rclk'
Beginpoint: scan_en               (v) triggered by  leading edge of '@'
Path Groups: {rclk}
Retime Analysis { Data Path-Slew }
Other End Arrival Time          0.000
+ Hold                          0.079
+ Phase Shift                   0.000
= Required Time                 0.079
  Arrival Time                  0.000
  Slack Time                   -0.079
= Slack Time(original)         -0.079
     Clock Rise Edge                      0.000
     + Input Delay                        0.000
     = Beginpoint Arrival Time            0.000
      -------------------------------------------------------------------
      Instance            Arc        Cell       Retime  Arrival  Required  
                                                Delay   Time     Time  
      -------------------------------------------------------------------
      -                   scan_en v  -          -       0.000    0.079  
      sync_w2r/q2_reg[2]  -          SDFFRHQX1  0.000   0.000    0.079  
      -------------------------------------------------------------------
Path 16: VIOLATED Hold Check with Pin sync_w2r/q2_reg[0]/CK 
Endpoint:   sync_w2r/q2_reg[0]/SE (v) checked with  leading edge of 'rclk'
Beginpoint: scan_en               (v) triggered by  leading edge of '@'
Path Groups: {rclk}
Retime Analysis { Data Path-Slew }
Other End Arrival Time          0.000
+ Hold                          0.079
+ Phase Shift                   0.000
= Required Time                 0.079
  Arrival Time                  0.000
  Slack Time                   -0.079
= Slack Time(original)         -0.079
     Clock Rise Edge                      0.000
     + Input Delay                        0.000
     = Beginpoint Arrival Time            0.000
      -------------------------------------------------------------------
      Instance            Arc        Cell       Retime  Arrival  Required  
                                                Delay   Time     Time  
      -------------------------------------------------------------------
      -                   scan_en v  -          -       0.000    0.079  
      sync_w2r/q2_reg[0]  -          SDFFRHQX1  0.000   0.000    0.079  
      -------------------------------------------------------------------
Path 17: VIOLATED Hold Check with Pin sync_w2r/q2_reg[1]/CK 
Endpoint:   sync_w2r/q2_reg[1]/SE (v) checked with  leading edge of 'rclk'
Beginpoint: scan_en               (v) triggered by  leading edge of '@'
Path Groups: {rclk}
Retime Analysis { Data Path-Slew }
Other End Arrival Time          0.000
+ Hold                          0.079
+ Phase Shift                   0.000
= Required Time                 0.079
  Arrival Time                  0.000
  Slack Time                   -0.079
= Slack Time(original)         -0.079
     Clock Rise Edge                      0.000
     + Input Delay                        0.000
     = Beginpoint Arrival Time            0.000
      -------------------------------------------------------------------
      Instance            Arc        Cell       Retime  Arrival  Required  
                                                Delay   Time     Time  
      -------------------------------------------------------------------
      -                   scan_en v  -          -       0.000    0.079  
      sync_w2r/q2_reg[1]  -          SDFFRHQX1  0.000   0.000    0.079  
      -------------------------------------------------------------------
Path 18: VIOLATED Hold Check with Pin sync_w2r/q2_reg[3]/CK 
Endpoint:   sync_w2r/q2_reg[3]/SE (v) checked with  leading edge of 'rclk'
Beginpoint: scan_en               (v) triggered by  leading edge of '@'
Path Groups: {rclk}
Retime Analysis { Data Path-Slew }
Other End Arrival Time          0.000
+ Hold                          0.079
+ Phase Shift                   0.000
= Required Time                 0.079
  Arrival Time                  0.000
  Slack Time                   -0.079
= Slack Time(original)         -0.079
     Clock Rise Edge                      0.000
     + Input Delay                        0.000
     = Beginpoint Arrival Time            0.000
      -------------------------------------------------------------------
      Instance            Arc        Cell       Retime  Arrival  Required  
                                                Delay   Time     Time  
      -------------------------------------------------------------------
      -                   scan_en v  -          -       0.000    0.079  
      sync_w2r/q2_reg[3]  -          SDFFRHQX1  0.000   0.000    0.079  
      -------------------------------------------------------------------
Path 19: VIOLATED Hold Check with Pin sync_w2r/q2_reg[4]/CK 
Endpoint:   sync_w2r/q2_reg[4]/SE (v) checked with  leading edge of 'rclk'
Beginpoint: scan_en               (v) triggered by  leading edge of '@'
Path Groups: {rclk}
Retime Analysis { Data Path-Slew }
Other End Arrival Time          0.000
+ Hold                          0.079
+ Phase Shift                   0.000
= Required Time                 0.079
  Arrival Time                  0.000
  Slack Time                   -0.079
= Slack Time(original)         -0.079
     Clock Rise Edge                      0.000
     + Input Delay                        0.000
     = Beginpoint Arrival Time            0.000
      -------------------------------------------------------------------
      Instance            Arc        Cell       Retime  Arrival  Required  
                                                Delay   Time     Time  
      -------------------------------------------------------------------
      -                   scan_en v  -          -       0.000    0.079  
      sync_w2r/q2_reg[4]  -          SDFFRHQX1  0.000   0.000    0.079  
      -------------------------------------------------------------------
Path 20: VIOLATED Hold Check with Pin sync_r2w/q1_reg[0]/CK 
Endpoint:   sync_r2w/q1_reg[0]/SE (v) checked with  leading edge of 'wclk'
Beginpoint: scan_en               (v) triggered by  leading edge of '@'
Path Groups: {wclk}
Retime Analysis { Data Path-Slew }
Other End Arrival Time          0.000
+ Hold                          0.079
+ Phase Shift                   0.000
= Required Time                 0.079
  Arrival Time                  0.000
  Slack Time                   -0.079
= Slack Time(original)         -0.079
     Clock Rise Edge                      0.000
     + Input Delay                        0.000
     = Beginpoint Arrival Time            0.000
      -------------------------------------------------------------------
      Instance            Arc        Cell       Retime  Arrival  Required  
                                                Delay   Time     Time  
      -------------------------------------------------------------------
      -                   scan_en v  -          -       0.000    0.079  
      sync_r2w/q1_reg[0]  -          SDFFRHQX1  0.000   0.000    0.079  
      -------------------------------------------------------------------
Path 21: VIOLATED Hold Check with Pin sync_r2w/q1_reg[1]/CK 
Endpoint:   sync_r2w/q1_reg[1]/SE (v) checked with  leading edge of 'wclk'
Beginpoint: scan_en               (v) triggered by  leading edge of '@'
Path Groups: {wclk}
Retime Analysis { Data Path-Slew }
Other End Arrival Time          0.000
+ Hold                          0.079
+ Phase Shift                   0.000
= Required Time                 0.079
  Arrival Time                  0.000
  Slack Time                   -0.079
= Slack Time(original)         -0.079
     Clock Rise Edge                      0.000
     + Input Delay                        0.000
     = Beginpoint Arrival Time            0.000
      -------------------------------------------------------------------
      Instance            Arc        Cell       Retime  Arrival  Required  
                                                Delay   Time     Time  
      -------------------------------------------------------------------
      -                   scan_en v  -          -       0.000    0.079  
      sync_r2w/q1_reg[1]  -          SDFFRHQX1  0.000   0.000    0.079  
      -------------------------------------------------------------------
Path 22: VIOLATED Hold Check with Pin sync_r2w/q1_reg[4]/CK 
Endpoint:   sync_r2w/q1_reg[4]/SE (v) checked with  leading edge of 'wclk'
Beginpoint: scan_en               (v) triggered by  leading edge of '@'
Path Groups: {wclk}
Retime Analysis { Data Path-Slew }
Other End Arrival Time          0.000
+ Hold                          0.079
+ Phase Shift                   0.000
= Required Time                 0.079
  Arrival Time                  0.000
  Slack Time                   -0.079
= Slack Time(original)         -0.079
     Clock Rise Edge                      0.000
     + Input Delay                        0.000
     = Beginpoint Arrival Time            0.000
      -------------------------------------------------------------------
      Instance            Arc        Cell       Retime  Arrival  Required  
                                                Delay   Time     Time  
      -------------------------------------------------------------------
      -                   scan_en v  -          -       0.000    0.079  
      sync_r2w/q1_reg[4]  -          SDFFRHQX1  0.000   0.000    0.079  
      -------------------------------------------------------------------
Path 23: VIOLATED Hold Check with Pin sync_r2w/q1_reg[3]/CK 
Endpoint:   sync_r2w/q1_reg[3]/SE (v) checked with  leading edge of 'wclk'
Beginpoint: scan_en               (v) triggered by  leading edge of '@'
Path Groups: {wclk}
Retime Analysis { Data Path-Slew }
Other End Arrival Time          0.000
+ Hold                          0.079
+ Phase Shift                   0.000
= Required Time                 0.079
  Arrival Time                  0.000
  Slack Time                   -0.079
= Slack Time(original)         -0.079
     Clock Rise Edge                      0.000
     + Input Delay                        0.000
     = Beginpoint Arrival Time            0.000
      -------------------------------------------------------------------
      Instance            Arc        Cell       Retime  Arrival  Required  
                                                Delay   Time     Time  
      -------------------------------------------------------------------
      -                   scan_en v  -          -       0.000    0.079  
      sync_r2w/q1_reg[3]  -          SDFFRHQX1  0.000   0.000    0.079  
      -------------------------------------------------------------------
Path 24: VIOLATED Hold Check with Pin sync_r2w/q1_reg[2]/CK 
Endpoint:   sync_r2w/q1_reg[2]/SE (v) checked with  leading edge of 'wclk'
Beginpoint: scan_en               (v) triggered by  leading edge of '@'
Path Groups: {wclk}
Retime Analysis { Data Path-Slew }
Other End Arrival Time          0.000
+ Hold                          0.079
+ Phase Shift                   0.000
= Required Time                 0.079
  Arrival Time                  0.000
  Slack Time                   -0.079
= Slack Time(original)         -0.079
     Clock Rise Edge                      0.000
     + Input Delay                        0.000
     = Beginpoint Arrival Time            0.000
      -------------------------------------------------------------------
      Instance            Arc        Cell       Retime  Arrival  Required  
                                                Delay   Time     Time  
      -------------------------------------------------------------------
      -                   scan_en v  -          -       0.000    0.079  
      sync_r2w/q1_reg[2]  -          SDFFRHQX1  0.000   0.000    0.079  
      -------------------------------------------------------------------
Path 25: VIOLATED Hold Check with Pin sync_r2w/q2_reg[2]/CK 
Endpoint:   sync_r2w/q2_reg[2]/SE (v) checked with  leading edge of 'wclk'
Beginpoint: scan_en               (v) triggered by  leading edge of '@'
Path Groups: {wclk}
Retime Analysis { Data Path-Slew }
Other End Arrival Time          0.000
+ Hold                          0.079
+ Phase Shift                   0.000
= Required Time                 0.079
  Arrival Time                  0.000
  Slack Time                   -0.079
= Slack Time(original)         -0.079
     Clock Rise Edge                      0.000
     + Input Delay                        0.000
     = Beginpoint Arrival Time            0.000
      -------------------------------------------------------------------
      Instance            Arc        Cell       Retime  Arrival  Required  
                                                Delay   Time     Time  
      -------------------------------------------------------------------
      -                   scan_en v  -          -       0.000    0.079  
      sync_r2w/q2_reg[2]  -          SDFFRHQX1  0.000   0.000    0.079  
      -------------------------------------------------------------------
Path 26: VIOLATED Hold Check with Pin sync_r2w/q2_reg[0]/CK 
Endpoint:   sync_r2w/q2_reg[0]/SE (v) checked with  leading edge of 'wclk'
Beginpoint: scan_en               (v) triggered by  leading edge of '@'
Path Groups: {wclk}
Retime Analysis { Data Path-Slew }
Other End Arrival Time          0.000
+ Hold                          0.079
+ Phase Shift                   0.000
= Required Time                 0.079
  Arrival Time                  0.000
  Slack Time                   -0.079
= Slack Time(original)         -0.079
     Clock Rise Edge                      0.000
     + Input Delay                        0.000
     = Beginpoint Arrival Time            0.000
      -------------------------------------------------------------------
      Instance            Arc        Cell       Retime  Arrival  Required  
                                                Delay   Time     Time  
      -------------------------------------------------------------------
      -                   scan_en v  -          -       0.000    0.079  
      sync_r2w/q2_reg[0]  -          SDFFRHQX1  0.000   0.000    0.079  
      -------------------------------------------------------------------
Path 27: VIOLATED Hold Check with Pin sync_r2w/q2_reg[1]/CK 
Endpoint:   sync_r2w/q2_reg[1]/SE (v) checked with  leading edge of 'wclk'
Beginpoint: scan_en               (v) triggered by  leading edge of '@'
Path Groups: {wclk}
Retime Analysis { Data Path-Slew }
Other End Arrival Time          0.000
+ Hold                          0.079
+ Phase Shift                   0.000
= Required Time                 0.079
  Arrival Time                  0.000
  Slack Time                   -0.079
= Slack Time(original)         -0.079
     Clock Rise Edge                      0.000
     + Input Delay                        0.000
     = Beginpoint Arrival Time            0.000
      -------------------------------------------------------------------
      Instance            Arc        Cell       Retime  Arrival  Required  
                                                Delay   Time     Time  
      -------------------------------------------------------------------
      -                   scan_en v  -          -       0.000    0.079  
      sync_r2w/q2_reg[1]  -          SDFFRHQX1  0.000   0.000    0.079  
      -------------------------------------------------------------------
Path 28: VIOLATED Hold Check with Pin sync_r2w/q2_reg[3]/CK 
Endpoint:   sync_r2w/q2_reg[3]/SE (v) checked with  leading edge of 'wclk'
Beginpoint: scan_en               (v) triggered by  leading edge of '@'
Path Groups: {wclk}
Retime Analysis { Data Path-Slew }
Other End Arrival Time          0.000
+ Hold                          0.079
+ Phase Shift                   0.000
= Required Time                 0.079
  Arrival Time                  0.000
  Slack Time                   -0.079
= Slack Time(original)         -0.079
     Clock Rise Edge                      0.000
     + Input Delay                        0.000
     = Beginpoint Arrival Time            0.000
      -------------------------------------------------------------------
      Instance            Arc        Cell       Retime  Arrival  Required  
                                                Delay   Time     Time  
      -------------------------------------------------------------------
      -                   scan_en v  -          -       0.000    0.079  
      sync_r2w/q2_reg[3]  -          SDFFRHQX1  0.000   0.000    0.079  
      -------------------------------------------------------------------
Path 29: VIOLATED Hold Check with Pin sync_r2w/q2_reg[4]/CK 
Endpoint:   sync_r2w/q2_reg[4]/SE (v) checked with  leading edge of 'wclk'
Beginpoint: scan_en               (v) triggered by  leading edge of '@'
Path Groups: {wclk}
Retime Analysis { Data Path-Slew }
Other End Arrival Time          0.000
+ Hold                          0.079
+ Phase Shift                   0.000
= Required Time                 0.079
  Arrival Time                  0.000
  Slack Time                   -0.079
= Slack Time(original)         -0.079
     Clock Rise Edge                      0.000
     + Input Delay                        0.000
     = Beginpoint Arrival Time            0.000
      -------------------------------------------------------------------
      Instance            Arc        Cell       Retime  Arrival  Required  
                                                Delay   Time     Time  
      -------------------------------------------------------------------
      -                   scan_en v  -          -       0.000    0.079  
      sync_r2w/q2_reg[4]  -          SDFFRHQX1  0.000   0.000    0.079  
      -------------------------------------------------------------------
Path 30: VIOLATED Hold Check with Pin rptr_empty_inst/rptr_reg[4]/CK 
Endpoint:   rptr_empty_inst/rptr_reg[4]/SE (v) checked with  leading edge of 'rclk'
Beginpoint: scan_en                        (v) triggered by  leading edge of '@'
Path Groups: {rclk}
Retime Analysis { Data Path-Slew }
Other End Arrival Time          0.000
+ Hold                          0.079
+ Phase Shift                   0.000
= Required Time                 0.079
  Arrival Time                  0.000
  Slack Time                   -0.079
= Slack Time(original)         -0.079
     Clock Rise Edge                      0.000
     + Input Delay                        0.000
     = Beginpoint Arrival Time            0.000
      ----------------------------------------------------------------------------
      Instance                     Arc        Cell       Retime  Arrival  Required  
                                                         Delay   Time     Time  
      ----------------------------------------------------------------------------
      -                            scan_en v  -          -       0.000    0.079  
      rptr_empty_inst/rptr_reg[4]  -          SDFFRHQX1  0.000   0.000    0.079  
      ----------------------------------------------------------------------------

