###############################################################
#  Generated by:      Cadence Tempus 20.10-p003_1
#  OS:                Linux x86_64(Host ID edatools-server2.iiitd.edu.in)
#  Generated on:      Wed Nov  5 21:23:43 2025
#  Design:            FIFO
#  Command:           report_timing > $report_dir/timing_report.rpt
###############################################################
Path 1: MET Setup Check with Pin fifomem/mem_reg[15][0]/CK 
Endpoint:   fifomem/mem_reg[15][0]/SE    (^) checked with  leading edge of 'wclk'
Beginpoint: wptr_full_inst/wptr_reg[4]/Q (^) triggered by  leading edge of 'wclk'
Path Groups: {wclk}
Other End Arrival Time          0.000
- Setup                         0.381
+ Phase Shift                   4.000
= Required Time                 3.619
- Arrival Time                  2.775
= Slack Time                    0.844
     Clock Rise Edge                 0.000
     + Clock Network Latency (Ideal) 0.000
     = Beginpoint Arrival Time       0.000
      ----------------------------------------------------------------------------
      Instance                    Arc          Cell       Delay  Arrival  Required  
                                                                 Time     Time  
      ----------------------------------------------------------------------------
      wptr_full_inst/wptr_reg[4]  CK ^         -          -      0.000    0.844  
      wptr_full_inst/wptr_reg[4]  CK ^ -> Q ^  SDFFRHQX1  0.391  0.391    1.235  
      wptr_full_inst/g504         A ^ -> Y v   CLKINVX1   0.055  0.445    1.289  
      wptr_full_inst/g501         A v -> Y ^   MXI2XL     0.348  0.793    1.637  
      wptr_full_inst/g499         A ^ -> Y v   CLKINVX1   0.073  0.866    1.710  
      wptr_full_inst/g494         B v -> Y ^   MXI2XL     0.235  1.101    1.945  
      wptr_full_inst/g493         A ^ -> Y v   INVX1      0.098  1.199    2.043  
      wptr_full_inst/g491         B v -> Y ^   MXI2XL     0.352  1.551    2.394  
      wptr_full_inst/g489         B ^ -> Y ^   CLKXOR2X1  0.270  1.820    2.664  
      fifomem/g1512               AN ^ -> Y ^  NOR2BXL    0.234  2.055    2.899  
      fifomem/g1507               AN ^ -> Y ^  NOR2BXL    0.720  2.775    3.619  
      fifomem/mem_reg[15][0]      SE ^         SDFFQX1    0.000  2.775    3.619  
      ----------------------------------------------------------------------------

