###############################################################
#  Generated by:      Cadence Tempus 20.10-p003_1
#  OS:                Linux x86_64(Host ID edatools-server2.iiitd.edu.in)
#  Generated on:      Mon Nov 10 19:17:44 2025
#  Design:            FIFO
#  Command:           report_analysis_summary > $report_dir/analysis_summary.rpt
###############################################################

REPORT ANALYSIS SUMMARY (View:default_emulate_view) (EL:Setup)
=========================================================================================================================================================================================================

GroupType:Standard
=========================================================================================================================================================================================================

         All                             IN2REG                          IN2OUT                           REG2REG                              REG2OUT
    -----------------------------------------------------------------------------------------------------------------------------------------------------------------------------------------------------  
     WNS:TNS:#VIO                     WNS:TNS:#VIO                     WNS:TNS:#VIO                     WNS:TNS:#VIO                     WNS:TNS:#VIO                     FromClk->ToClk                   
    -----------------------------------------------------------------------------------------------------------------------------------------------------------------------------------------------------  
    -1.061:-125.365:133              0.000:0.000:0                    0.000:0.000:0                    -1.061:-125.365:133              0.000:0.000:0                    *->wclk

REPORT ANALYSIS SUMMARY (View:default_emulate_view) (EL:Hold)
=========================================================================================================================================================================================================

GroupType:Standard
=========================================================================================================================================================================================================

         All                             IN2REG                          IN2OUT                           REG2REG                              REG2OUT
    -----------------------------------------------------------------------------------------------------------------------------------------------------------------------------------------------------  
     WNS:TNS:#VIO                     WNS:TNS:#VIO                     WNS:TNS:#VIO                     WNS:TNS:#VIO                     WNS:TNS:#VIO                     FromClk->ToClk                   
    -----------------------------------------------------------------------------------------------------------------------------------------------------------------------------------------------------  
    -0.221:-29.434:143               -0.221:-29.434:143               0.000:0.000:0                    0.000:0.000:0                    0.000:0.000:0                    *->wclk
    -0.079:-1.812:23                 -0.079:-1.812:23                 0.000:0.000:0                    0.000:0.000:0                    0.000:0.000:0                    *->rclk
