###############################################################
#  Generated by:      Cadence Tempus 20.10-p003_1
#  OS:                Linux x86_64(Host ID edatools-server2.iiitd.edu.in)
#  Generated on:      Mon Nov 10 19:17:44 2025
#  Design:            FIFO
#  Command:           report_timing -late -max_paths 30 -nworst 30 -path_type full_clock -net > $report_dir/gba_setup.rpt
###############################################################
Path 1: VIOLATED Setup Check with Pin fifomem/mem_reg[1][7]/CK 
Endpoint:   fifomem/mem_reg[1][7]/S0     (v) checked with  leading edge of 'wclk'
Beginpoint: wptr_full_inst/wptr_reg[4]/Q (^) triggered by  leading edge of 'wclk'
Path Groups: {wclk}
Other End Arrival Time          0.000
- Setup                         0.687
+ Phase Shift                   2.000
= Required Time                 1.313
- Arrival Time                  2.375
= Slack Time                   -1.061
     Clock Rise Edge                      0.000
     = Beginpoint Arrival Time            0.000
     Timing Path:
      --------------------------------------------------------------------------------------
      Pin                            Edge  Net           Cell       Delay  Arrival  Required  
                                                                           Time     Time  
      --------------------------------------------------------------------------------------
      wclk                           ^     wclk          -          -      0.000    -1.061  
      wptr_full_inst/wptr_reg[4]/CK  ^     wclk          SDFFRHQX1  0.000  0.000    -1.061  
      wptr_full_inst/wptr_reg[4]/Q   ^     DFT_sdo_1     SDFFRHQX1  0.385  0.385    -0.676  
      wptr_full_inst/g211/A          ^     DFT_sdo_1     CLKXOR2X1  0.000  0.385    -0.676  
      wptr_full_inst/g211/Y          v     waddr[3]      CLKXOR2X1  0.307  0.692    -0.370  
      wptr_full_inst/g204/B          v     waddr[3]      CLKXOR2X1  0.000  0.692    -0.370  
      wptr_full_inst/g204/Y          ^     waddr[2]      CLKXOR2X1  0.250  0.941    -0.120  
      wptr_full_inst/g202/B          ^     waddr[2]      CLKXOR2X1  0.000  0.941    -0.120  
      wptr_full_inst/g202/Y          v     waddr[1]      CLKXOR2X1  0.281  1.222    0.161  
      wptr_full_inst/g201/B          v     waddr[1]      CLKXOR2X1  0.000  1.222    0.161  
      wptr_full_inst/g201/Y          ^     waddr[0]      CLKXOR2X1  0.250  1.472    0.411  
      fifomem/g844/B                 ^     waddr[0]      NAND2XL    0.000  1.472    0.411  
      fifomem/g844/Y                 v     fifomem/n_11  NAND2XL    0.166  1.638    0.577  
      fifomem/g836/AN                v     fifomem/n_11  NAND2BXL   0.000  1.638    0.577  
      fifomem/g836/Y                 v     fifomem/n_19  NAND2BXL   0.736  2.375    1.313  
      fifomem/mem_reg[1][7]/S0       v     fifomem/n_19  SMDFFHQX1  0.000  2.375    1.313  
      --------------------------------------------------------------------------------------
     Clock Rise Edge                      0.000
     = Beginpoint Arrival Time            0.000
     Other End Path:
      -------------------------------------------------------------------------
      Pin                       Edge  Net   Cell       Delay  Arrival  Required  
                                                              Time     Time  
      -------------------------------------------------------------------------
      wclk                      ^     wclk  -          -      0.000    1.061  
      fifomem/mem_reg[1][7]/CK  ^     wclk  SMDFFHQX1  0.000  0.000    1.061  
      -------------------------------------------------------------------------
Path 2: VIOLATED Setup Check with Pin fifomem/mem_reg[1][6]/CK 
Endpoint:   fifomem/mem_reg[1][6]/S0     (v) checked with  leading edge of 'wclk'
Beginpoint: wptr_full_inst/wptr_reg[4]/Q (^) triggered by  leading edge of 'wclk'
Path Groups: {wclk}
Other End Arrival Time          0.000
- Setup                         0.687
+ Phase Shift                   2.000
= Required Time                 1.313
- Arrival Time                  2.375
= Slack Time                   -1.061
     Clock Rise Edge                      0.000
     = Beginpoint Arrival Time            0.000
     Timing Path:
      --------------------------------------------------------------------------------------
      Pin                            Edge  Net           Cell       Delay  Arrival  Required  
                                                                           Time     Time  
      --------------------------------------------------------------------------------------
      wclk                           ^     wclk          -          -      0.000    -1.061  
      wptr_full_inst/wptr_reg[4]/CK  ^     wclk          SDFFRHQX1  0.000  0.000    -1.061  
      wptr_full_inst/wptr_reg[4]/Q   ^     DFT_sdo_1     SDFFRHQX1  0.385  0.385    -0.676  
      wptr_full_inst/g211/A          ^     DFT_sdo_1     CLKXOR2X1  0.000  0.385    -0.676  
      wptr_full_inst/g211/Y          v     waddr[3]      CLKXOR2X1  0.307  0.692    -0.370  
      wptr_full_inst/g204/B          v     waddr[3]      CLKXOR2X1  0.000  0.692    -0.370  
      wptr_full_inst/g204/Y          ^     waddr[2]      CLKXOR2X1  0.250  0.941    -0.120  
      wptr_full_inst/g202/B          ^     waddr[2]      CLKXOR2X1  0.000  0.941    -0.120  
      wptr_full_inst/g202/Y          v     waddr[1]      CLKXOR2X1  0.281  1.222    0.161  
      wptr_full_inst/g201/B          v     waddr[1]      CLKXOR2X1  0.000  1.222    0.161  
      wptr_full_inst/g201/Y          ^     waddr[0]      CLKXOR2X1  0.250  1.472    0.411  
      fifomem/g844/B                 ^     waddr[0]      NAND2XL    0.000  1.472    0.411  
      fifomem/g844/Y                 v     fifomem/n_11  NAND2XL    0.166  1.638    0.577  
      fifomem/g836/AN                v     fifomem/n_11  NAND2BXL   0.000  1.638    0.577  
      fifomem/g836/Y                 v     fifomem/n_19  NAND2BXL   0.736  2.375    1.313  
      fifomem/mem_reg[1][6]/S0       v     fifomem/n_19  SMDFFHQX1  0.000  2.375    1.313  
      --------------------------------------------------------------------------------------
     Clock Rise Edge                      0.000
     = Beginpoint Arrival Time            0.000
     Other End Path:
      -------------------------------------------------------------------------
      Pin                       Edge  Net   Cell       Delay  Arrival  Required  
                                                              Time     Time  
      -------------------------------------------------------------------------
      wclk                      ^     wclk  -          -      0.000    1.061  
      fifomem/mem_reg[1][6]/CK  ^     wclk  SMDFFHQX1  0.000  0.000    1.061  
      -------------------------------------------------------------------------
Path 3: VIOLATED Setup Check with Pin fifomem/mem_reg[1][5]/CK 
Endpoint:   fifomem/mem_reg[1][5]/S0     (v) checked with  leading edge of 'wclk'
Beginpoint: wptr_full_inst/wptr_reg[4]/Q (^) triggered by  leading edge of 'wclk'
Path Groups: {wclk}
Other End Arrival Time          0.000
- Setup                         0.687
+ Phase Shift                   2.000
= Required Time                 1.313
- Arrival Time                  2.375
= Slack Time                   -1.061
     Clock Rise Edge                      0.000
     = Beginpoint Arrival Time            0.000
     Timing Path:
      --------------------------------------------------------------------------------------
      Pin                            Edge  Net           Cell       Delay  Arrival  Required  
                                                                           Time     Time  
      --------------------------------------------------------------------------------------
      wclk                           ^     wclk          -          -      0.000    -1.061  
      wptr_full_inst/wptr_reg[4]/CK  ^     wclk          SDFFRHQX1  0.000  0.000    -1.061  
      wptr_full_inst/wptr_reg[4]/Q   ^     DFT_sdo_1     SDFFRHQX1  0.385  0.385    -0.676  
      wptr_full_inst/g211/A          ^     DFT_sdo_1     CLKXOR2X1  0.000  0.385    -0.676  
      wptr_full_inst/g211/Y          v     waddr[3]      CLKXOR2X1  0.307  0.692    -0.370  
      wptr_full_inst/g204/B          v     waddr[3]      CLKXOR2X1  0.000  0.692    -0.370  
      wptr_full_inst/g204/Y          ^     waddr[2]      CLKXOR2X1  0.250  0.941    -0.120  
      wptr_full_inst/g202/B          ^     waddr[2]      CLKXOR2X1  0.000  0.941    -0.120  
      wptr_full_inst/g202/Y          v     waddr[1]      CLKXOR2X1  0.281  1.222    0.161  
      wptr_full_inst/g201/B          v     waddr[1]      CLKXOR2X1  0.000  1.222    0.161  
      wptr_full_inst/g201/Y          ^     waddr[0]      CLKXOR2X1  0.250  1.472    0.411  
      fifomem/g844/B                 ^     waddr[0]      NAND2XL    0.000  1.472    0.411  
      fifomem/g844/Y                 v     fifomem/n_11  NAND2XL    0.166  1.638    0.577  
      fifomem/g836/AN                v     fifomem/n_11  NAND2BXL   0.000  1.638    0.577  
      fifomem/g836/Y                 v     fifomem/n_19  NAND2BXL   0.736  2.375    1.313  
      fifomem/mem_reg[1][5]/S0       v     fifomem/n_19  SMDFFHQX1  0.000  2.375    1.313  
      --------------------------------------------------------------------------------------
     Clock Rise Edge                      0.000
     = Beginpoint Arrival Time            0.000
     Other End Path:
      -------------------------------------------------------------------------
      Pin                       Edge  Net   Cell       Delay  Arrival  Required  
                                                              Time     Time  
      -------------------------------------------------------------------------
      wclk                      ^     wclk  -          -      0.000    1.061  
      fifomem/mem_reg[1][5]/CK  ^     wclk  SMDFFHQX1  0.000  0.000    1.061  
      -------------------------------------------------------------------------
Path 4: VIOLATED Setup Check with Pin fifomem/mem_reg[1][4]/CK 
Endpoint:   fifomem/mem_reg[1][4]/S0     (v) checked with  leading edge of 'wclk'
Beginpoint: wptr_full_inst/wptr_reg[4]/Q (^) triggered by  leading edge of 'wclk'
Path Groups: {wclk}
Other End Arrival Time          0.000
- Setup                         0.687
+ Phase Shift                   2.000
= Required Time                 1.313
- Arrival Time                  2.375
= Slack Time                   -1.061
     Clock Rise Edge                      0.000
     = Beginpoint Arrival Time            0.000
     Timing Path:
      --------------------------------------------------------------------------------------
      Pin                            Edge  Net           Cell       Delay  Arrival  Required  
                                                                           Time     Time  
      --------------------------------------------------------------------------------------
      wclk                           ^     wclk          -          -      0.000    -1.061  
      wptr_full_inst/wptr_reg[4]/CK  ^     wclk          SDFFRHQX1  0.000  0.000    -1.061  
      wptr_full_inst/wptr_reg[4]/Q   ^     DFT_sdo_1     SDFFRHQX1  0.385  0.385    -0.676  
      wptr_full_inst/g211/A          ^     DFT_sdo_1     CLKXOR2X1  0.000  0.385    -0.676  
      wptr_full_inst/g211/Y          v     waddr[3]      CLKXOR2X1  0.307  0.692    -0.370  
      wptr_full_inst/g204/B          v     waddr[3]      CLKXOR2X1  0.000  0.692    -0.370  
      wptr_full_inst/g204/Y          ^     waddr[2]      CLKXOR2X1  0.250  0.941    -0.120  
      wptr_full_inst/g202/B          ^     waddr[2]      CLKXOR2X1  0.000  0.941    -0.120  
      wptr_full_inst/g202/Y          v     waddr[1]      CLKXOR2X1  0.281  1.222    0.161  
      wptr_full_inst/g201/B          v     waddr[1]      CLKXOR2X1  0.000  1.222    0.161  
      wptr_full_inst/g201/Y          ^     waddr[0]      CLKXOR2X1  0.250  1.472    0.411  
      fifomem/g844/B                 ^     waddr[0]      NAND2XL    0.000  1.472    0.411  
      fifomem/g844/Y                 v     fifomem/n_11  NAND2XL    0.166  1.638    0.577  
      fifomem/g836/AN                v     fifomem/n_11  NAND2BXL   0.000  1.638    0.577  
      fifomem/g836/Y                 v     fifomem/n_19  NAND2BXL   0.736  2.375    1.313  
      fifomem/mem_reg[1][4]/S0       v     fifomem/n_19  SMDFFHQX1  0.000  2.375    1.313  
      --------------------------------------------------------------------------------------
     Clock Rise Edge                      0.000
     = Beginpoint Arrival Time            0.000
     Other End Path:
      -------------------------------------------------------------------------
      Pin                       Edge  Net   Cell       Delay  Arrival  Required  
                                                              Time     Time  
      -------------------------------------------------------------------------
      wclk                      ^     wclk  -          -      0.000    1.061  
      fifomem/mem_reg[1][4]/CK  ^     wclk  SMDFFHQX1  0.000  0.000    1.061  
      -------------------------------------------------------------------------
Path 5: VIOLATED Setup Check with Pin fifomem/mem_reg[1][3]/CK 
Endpoint:   fifomem/mem_reg[1][3]/S0     (v) checked with  leading edge of 'wclk'
Beginpoint: wptr_full_inst/wptr_reg[4]/Q (^) triggered by  leading edge of 'wclk'
Path Groups: {wclk}
Other End Arrival Time          0.000
- Setup                         0.687
+ Phase Shift                   2.000
= Required Time                 1.313
- Arrival Time                  2.375
= Slack Time                   -1.061
     Clock Rise Edge                      0.000
     = Beginpoint Arrival Time            0.000
     Timing Path:
      --------------------------------------------------------------------------------------
      Pin                            Edge  Net           Cell       Delay  Arrival  Required  
                                                                           Time     Time  
      --------------------------------------------------------------------------------------
      wclk                           ^     wclk          -          -      0.000    -1.061  
      wptr_full_inst/wptr_reg[4]/CK  ^     wclk          SDFFRHQX1  0.000  0.000    -1.061  
      wptr_full_inst/wptr_reg[4]/Q   ^     DFT_sdo_1     SDFFRHQX1  0.385  0.385    -0.676  
      wptr_full_inst/g211/A          ^     DFT_sdo_1     CLKXOR2X1  0.000  0.385    -0.676  
      wptr_full_inst/g211/Y          v     waddr[3]      CLKXOR2X1  0.307  0.692    -0.370  
      wptr_full_inst/g204/B          v     waddr[3]      CLKXOR2X1  0.000  0.692    -0.370  
      wptr_full_inst/g204/Y          ^     waddr[2]      CLKXOR2X1  0.250  0.941    -0.120  
      wptr_full_inst/g202/B          ^     waddr[2]      CLKXOR2X1  0.000  0.941    -0.120  
      wptr_full_inst/g202/Y          v     waddr[1]      CLKXOR2X1  0.281  1.222    0.161  
      wptr_full_inst/g201/B          v     waddr[1]      CLKXOR2X1  0.000  1.222    0.161  
      wptr_full_inst/g201/Y          ^     waddr[0]      CLKXOR2X1  0.250  1.472    0.411  
      fifomem/g844/B                 ^     waddr[0]      NAND2XL    0.000  1.472    0.411  
      fifomem/g844/Y                 v     fifomem/n_11  NAND2XL    0.166  1.638    0.577  
      fifomem/g836/AN                v     fifomem/n_11  NAND2BXL   0.000  1.638    0.577  
      fifomem/g836/Y                 v     fifomem/n_19  NAND2BXL   0.736  2.375    1.313  
      fifomem/mem_reg[1][3]/S0       v     fifomem/n_19  SMDFFHQX1  0.000  2.375    1.313  
      --------------------------------------------------------------------------------------
     Clock Rise Edge                      0.000
     = Beginpoint Arrival Time            0.000
     Other End Path:
      -------------------------------------------------------------------------
      Pin                       Edge  Net   Cell       Delay  Arrival  Required  
                                                              Time     Time  
      -------------------------------------------------------------------------
      wclk                      ^     wclk  -          -      0.000    1.061  
      fifomem/mem_reg[1][3]/CK  ^     wclk  SMDFFHQX1  0.000  0.000    1.061  
      -------------------------------------------------------------------------
Path 6: VIOLATED Setup Check with Pin fifomem/mem_reg[1][2]/CK 
Endpoint:   fifomem/mem_reg[1][2]/S0     (v) checked with  leading edge of 'wclk'
Beginpoint: wptr_full_inst/wptr_reg[4]/Q (^) triggered by  leading edge of 'wclk'
Path Groups: {wclk}
Other End Arrival Time          0.000
- Setup                         0.687
+ Phase Shift                   2.000
= Required Time                 1.313
- Arrival Time                  2.375
= Slack Time                   -1.061
     Clock Rise Edge                      0.000
     = Beginpoint Arrival Time            0.000
     Timing Path:
      --------------------------------------------------------------------------------------
      Pin                            Edge  Net           Cell       Delay  Arrival  Required  
                                                                           Time     Time  
      --------------------------------------------------------------------------------------
      wclk                           ^     wclk          -          -      0.000    -1.061  
      wptr_full_inst/wptr_reg[4]/CK  ^     wclk          SDFFRHQX1  0.000  0.000    -1.061  
      wptr_full_inst/wptr_reg[4]/Q   ^     DFT_sdo_1     SDFFRHQX1  0.385  0.385    -0.676  
      wptr_full_inst/g211/A          ^     DFT_sdo_1     CLKXOR2X1  0.000  0.385    -0.676  
      wptr_full_inst/g211/Y          v     waddr[3]      CLKXOR2X1  0.307  0.692    -0.370  
      wptr_full_inst/g204/B          v     waddr[3]      CLKXOR2X1  0.000  0.692    -0.370  
      wptr_full_inst/g204/Y          ^     waddr[2]      CLKXOR2X1  0.250  0.941    -0.120  
      wptr_full_inst/g202/B          ^     waddr[2]      CLKXOR2X1  0.000  0.941    -0.120  
      wptr_full_inst/g202/Y          v     waddr[1]      CLKXOR2X1  0.281  1.222    0.161  
      wptr_full_inst/g201/B          v     waddr[1]      CLKXOR2X1  0.000  1.222    0.161  
      wptr_full_inst/g201/Y          ^     waddr[0]      CLKXOR2X1  0.250  1.472    0.411  
      fifomem/g844/B                 ^     waddr[0]      NAND2XL    0.000  1.472    0.411  
      fifomem/g844/Y                 v     fifomem/n_11  NAND2XL    0.166  1.638    0.577  
      fifomem/g836/AN                v     fifomem/n_11  NAND2BXL   0.000  1.638    0.577  
      fifomem/g836/Y                 v     fifomem/n_19  NAND2BXL   0.736  2.375    1.313  
      fifomem/mem_reg[1][2]/S0       v     fifomem/n_19  SMDFFHQX1  0.000  2.375    1.313  
      --------------------------------------------------------------------------------------
     Clock Rise Edge                      0.000
     = Beginpoint Arrival Time            0.000
     Other End Path:
      -------------------------------------------------------------------------
      Pin                       Edge  Net   Cell       Delay  Arrival  Required  
                                                              Time     Time  
      -------------------------------------------------------------------------
      wclk                      ^     wclk  -          -      0.000    1.061  
      fifomem/mem_reg[1][2]/CK  ^     wclk  SMDFFHQX1  0.000  0.000    1.061  
      -------------------------------------------------------------------------
Path 7: VIOLATED Setup Check with Pin fifomem/mem_reg[1][1]/CK 
Endpoint:   fifomem/mem_reg[1][1]/S0     (v) checked with  leading edge of 'wclk'
Beginpoint: wptr_full_inst/wptr_reg[4]/Q (^) triggered by  leading edge of 'wclk'
Path Groups: {wclk}
Other End Arrival Time          0.000
- Setup                         0.687
+ Phase Shift                   2.000
= Required Time                 1.313
- Arrival Time                  2.375
= Slack Time                   -1.061
     Clock Rise Edge                      0.000
     = Beginpoint Arrival Time            0.000
     Timing Path:
      --------------------------------------------------------------------------------------
      Pin                            Edge  Net           Cell       Delay  Arrival  Required  
                                                                           Time     Time  
      --------------------------------------------------------------------------------------
      wclk                           ^     wclk          -          -      0.000    -1.061  
      wptr_full_inst/wptr_reg[4]/CK  ^     wclk          SDFFRHQX1  0.000  0.000    -1.061  
      wptr_full_inst/wptr_reg[4]/Q   ^     DFT_sdo_1     SDFFRHQX1  0.385  0.385    -0.676  
      wptr_full_inst/g211/A          ^     DFT_sdo_1     CLKXOR2X1  0.000  0.385    -0.676  
      wptr_full_inst/g211/Y          v     waddr[3]      CLKXOR2X1  0.307  0.692    -0.370  
      wptr_full_inst/g204/B          v     waddr[3]      CLKXOR2X1  0.000  0.692    -0.370  
      wptr_full_inst/g204/Y          ^     waddr[2]      CLKXOR2X1  0.250  0.941    -0.120  
      wptr_full_inst/g202/B          ^     waddr[2]      CLKXOR2X1  0.000  0.941    -0.120  
      wptr_full_inst/g202/Y          v     waddr[1]      CLKXOR2X1  0.281  1.222    0.161  
      wptr_full_inst/g201/B          v     waddr[1]      CLKXOR2X1  0.000  1.222    0.161  
      wptr_full_inst/g201/Y          ^     waddr[0]      CLKXOR2X1  0.250  1.472    0.411  
      fifomem/g844/B                 ^     waddr[0]      NAND2XL    0.000  1.472    0.411  
      fifomem/g844/Y                 v     fifomem/n_11  NAND2XL    0.166  1.638    0.577  
      fifomem/g836/AN                v     fifomem/n_11  NAND2BXL   0.000  1.638    0.577  
      fifomem/g836/Y                 v     fifomem/n_19  NAND2BXL   0.736  2.375    1.313  
      fifomem/mem_reg[1][1]/S0       v     fifomem/n_19  SMDFFHQX1  0.000  2.375    1.313  
      --------------------------------------------------------------------------------------
     Clock Rise Edge                      0.000
     = Beginpoint Arrival Time            0.000
     Other End Path:
      -------------------------------------------------------------------------
      Pin                       Edge  Net   Cell       Delay  Arrival  Required  
                                                              Time     Time  
      -------------------------------------------------------------------------
      wclk                      ^     wclk  -          -      0.000    1.061  
      fifomem/mem_reg[1][1]/CK  ^     wclk  SMDFFHQX1  0.000  0.000    1.061  
      -------------------------------------------------------------------------
Path 8: VIOLATED Setup Check with Pin fifomem/mem_reg[1][0]/CK 
Endpoint:   fifomem/mem_reg[1][0]/S0     (v) checked with  leading edge of 'wclk'
Beginpoint: wptr_full_inst/wptr_reg[4]/Q (^) triggered by  leading edge of 'wclk'
Path Groups: {wclk}
Other End Arrival Time          0.000
- Setup                         0.687
+ Phase Shift                   2.000
= Required Time                 1.313
- Arrival Time                  2.375
= Slack Time                   -1.061
     Clock Rise Edge                      0.000
     = Beginpoint Arrival Time            0.000
     Timing Path:
      --------------------------------------------------------------------------------------
      Pin                            Edge  Net           Cell       Delay  Arrival  Required  
                                                                           Time     Time  
      --------------------------------------------------------------------------------------
      wclk                           ^     wclk          -          -      0.000    -1.061  
      wptr_full_inst/wptr_reg[4]/CK  ^     wclk          SDFFRHQX1  0.000  0.000    -1.061  
      wptr_full_inst/wptr_reg[4]/Q   ^     DFT_sdo_1     SDFFRHQX1  0.385  0.385    -0.676  
      wptr_full_inst/g211/A          ^     DFT_sdo_1     CLKXOR2X1  0.000  0.385    -0.676  
      wptr_full_inst/g211/Y          v     waddr[3]      CLKXOR2X1  0.307  0.692    -0.370  
      wptr_full_inst/g204/B          v     waddr[3]      CLKXOR2X1  0.000  0.692    -0.370  
      wptr_full_inst/g204/Y          ^     waddr[2]      CLKXOR2X1  0.250  0.941    -0.120  
      wptr_full_inst/g202/B          ^     waddr[2]      CLKXOR2X1  0.000  0.941    -0.120  
      wptr_full_inst/g202/Y          v     waddr[1]      CLKXOR2X1  0.281  1.222    0.161  
      wptr_full_inst/g201/B          v     waddr[1]      CLKXOR2X1  0.000  1.222    0.161  
      wptr_full_inst/g201/Y          ^     waddr[0]      CLKXOR2X1  0.250  1.472    0.411  
      fifomem/g844/B                 ^     waddr[0]      NAND2XL    0.000  1.472    0.411  
      fifomem/g844/Y                 v     fifomem/n_11  NAND2XL    0.166  1.638    0.577  
      fifomem/g836/AN                v     fifomem/n_11  NAND2BXL   0.000  1.638    0.577  
      fifomem/g836/Y                 v     fifomem/n_19  NAND2BXL   0.736  2.375    1.313  
      fifomem/mem_reg[1][0]/S0       v     fifomem/n_19  SMDFFHQX1  0.000  2.375    1.313  
      --------------------------------------------------------------------------------------
     Clock Rise Edge                      0.000
     = Beginpoint Arrival Time            0.000
     Other End Path:
      -------------------------------------------------------------------------
      Pin                       Edge  Net   Cell       Delay  Arrival  Required  
                                                              Time     Time  
      -------------------------------------------------------------------------
      wclk                      ^     wclk  -          -      0.000    1.061  
      fifomem/mem_reg[1][0]/CK  ^     wclk  SMDFFHQX1  0.000  0.000    1.061  
      -------------------------------------------------------------------------
Path 9: VIOLATED Setup Check with Pin fifomem/mem_reg[14][7]/CK 
Endpoint:   fifomem/mem_reg[14][7]/S0    (v) checked with  leading edge of 'wclk'
Beginpoint: wptr_full_inst/wptr_reg[4]/Q (v) triggered by  leading edge of 'wclk'
Path Groups: {wclk}
Other End Arrival Time          0.000
- Setup                         0.687
+ Phase Shift                   2.000
= Required Time                 1.313
- Arrival Time                  2.373
= Slack Time                   -1.060
     Clock Rise Edge                      0.000
     = Beginpoint Arrival Time            0.000
     Timing Path:
      --------------------------------------------------------------------------------------
      Pin                            Edge  Net           Cell       Delay  Arrival  Required  
                                                                           Time     Time  
      --------------------------------------------------------------------------------------
      wclk                           ^     wclk          -          -      0.000    -1.060  
      wptr_full_inst/wptr_reg[4]/CK  ^     wclk          SDFFRHQX1  0.000  0.000    -1.060  
      wptr_full_inst/wptr_reg[4]/Q   v     DFT_sdo_1     SDFFRHQX1  0.378  0.378    -0.682  
      wptr_full_inst/g211/A          v     DFT_sdo_1     CLKXOR2X1  0.000  0.378    -0.682  
      wptr_full_inst/g211/Y          ^     waddr[3]      CLKXOR2X1  0.310  0.688    -0.372  
      wptr_full_inst/g204/B          ^     waddr[3]      CLKXOR2X1  0.000  0.688    -0.372  
      wptr_full_inst/g204/Y          v     waddr[2]      CLKXOR2X1  0.265  0.954    -0.106  
      wptr_full_inst/g202/B          v     waddr[2]      CLKXOR2X1  0.000  0.954    -0.106  
      wptr_full_inst/g202/Y          ^     waddr[1]      CLKXOR2X1  0.266  1.219    0.159  
      wptr_full_inst/g201/B          ^     waddr[1]      CLKXOR2X1  0.000  1.219    0.159  
      wptr_full_inst/g201/Y          v     waddr[0]      CLKXOR2X1  0.265  1.485    0.425  
      fifomem/g846/B                 v     waddr[0]      NOR2XL     0.000  1.485    0.425  
      fifomem/g846/Y                 ^     fifomem/n_9   NOR2XL     0.194  1.679    0.619  
      fifomem/g830/B                 ^     fifomem/n_9   NAND2BXL   0.000  1.679    0.619  
      fifomem/g830/Y                 v     fifomem/n_25  NAND2BXL   0.694  2.373    1.313  
      fifomem/mem_reg[14][7]/S0      v     fifomem/n_25  SMDFFHQX1  0.000  2.373    1.313  
      --------------------------------------------------------------------------------------
     Clock Rise Edge                      0.000
     = Beginpoint Arrival Time            0.000
     Other End Path:
      --------------------------------------------------------------------------
      Pin                        Edge  Net   Cell       Delay  Arrival  Required  
                                                               Time     Time  
      --------------------------------------------------------------------------
      wclk                       ^     wclk  -          -      0.000    1.060  
      fifomem/mem_reg[14][7]/CK  ^     wclk  SMDFFHQX1  0.000  0.000    1.060  
      --------------------------------------------------------------------------
Path 10: VIOLATED Setup Check with Pin fifomem/mem_reg[14][6]/CK 
Endpoint:   fifomem/mem_reg[14][6]/S0    (v) checked with  leading edge of 'wclk'
Beginpoint: wptr_full_inst/wptr_reg[4]/Q (v) triggered by  leading edge of 'wclk'
Path Groups: {wclk}
Other End Arrival Time          0.000
- Setup                         0.687
+ Phase Shift                   2.000
= Required Time                 1.313
- Arrival Time                  2.373
= Slack Time                   -1.060
     Clock Rise Edge                      0.000
     = Beginpoint Arrival Time            0.000
     Timing Path:
      --------------------------------------------------------------------------------------
      Pin                            Edge  Net           Cell       Delay  Arrival  Required  
                                                                           Time     Time  
      --------------------------------------------------------------------------------------
      wclk                           ^     wclk          -          -      0.000    -1.060  
      wptr_full_inst/wptr_reg[4]/CK  ^     wclk          SDFFRHQX1  0.000  0.000    -1.060  
      wptr_full_inst/wptr_reg[4]/Q   v     DFT_sdo_1     SDFFRHQX1  0.378  0.378    -0.682  
      wptr_full_inst/g211/A          v     DFT_sdo_1     CLKXOR2X1  0.000  0.378    -0.682  
      wptr_full_inst/g211/Y          ^     waddr[3]      CLKXOR2X1  0.310  0.688    -0.372  
      wptr_full_inst/g204/B          ^     waddr[3]      CLKXOR2X1  0.000  0.688    -0.372  
      wptr_full_inst/g204/Y          v     waddr[2]      CLKXOR2X1  0.265  0.954    -0.106  
      wptr_full_inst/g202/B          v     waddr[2]      CLKXOR2X1  0.000  0.954    -0.106  
      wptr_full_inst/g202/Y          ^     waddr[1]      CLKXOR2X1  0.266  1.219    0.159  
      wptr_full_inst/g201/B          ^     waddr[1]      CLKXOR2X1  0.000  1.219    0.159  
      wptr_full_inst/g201/Y          v     waddr[0]      CLKXOR2X1  0.265  1.485    0.425  
      fifomem/g846/B                 v     waddr[0]      NOR2XL     0.000  1.485    0.425  
      fifomem/g846/Y                 ^     fifomem/n_9   NOR2XL     0.194  1.679    0.619  
      fifomem/g830/B                 ^     fifomem/n_9   NAND2BXL   0.000  1.679    0.619  
      fifomem/g830/Y                 v     fifomem/n_25  NAND2BXL   0.694  2.373    1.313  
      fifomem/mem_reg[14][6]/S0      v     fifomem/n_25  SMDFFHQX1  0.000  2.373    1.313  
      --------------------------------------------------------------------------------------
     Clock Rise Edge                      0.000
     = Beginpoint Arrival Time            0.000
     Other End Path:
      --------------------------------------------------------------------------
      Pin                        Edge  Net   Cell       Delay  Arrival  Required  
                                                               Time     Time  
      --------------------------------------------------------------------------
      wclk                       ^     wclk  -          -      0.000    1.060  
      fifomem/mem_reg[14][6]/CK  ^     wclk  SMDFFHQX1  0.000  0.000    1.060  
      --------------------------------------------------------------------------
Path 11: VIOLATED Setup Check with Pin fifomem/mem_reg[14][5]/CK 
Endpoint:   fifomem/mem_reg[14][5]/S0    (v) checked with  leading edge of 'wclk'
Beginpoint: wptr_full_inst/wptr_reg[4]/Q (v) triggered by  leading edge of 'wclk'
Path Groups: {wclk}
Other End Arrival Time          0.000
- Setup                         0.687
+ Phase Shift                   2.000
= Required Time                 1.313
- Arrival Time                  2.373
= Slack Time                   -1.060
     Clock Rise Edge                      0.000
     = Beginpoint Arrival Time            0.000
     Timing Path:
      --------------------------------------------------------------------------------------
      Pin                            Edge  Net           Cell       Delay  Arrival  Required  
                                                                           Time     Time  
      --------------------------------------------------------------------------------------
      wclk                           ^     wclk          -          -      0.000    -1.060  
      wptr_full_inst/wptr_reg[4]/CK  ^     wclk          SDFFRHQX1  0.000  0.000    -1.060  
      wptr_full_inst/wptr_reg[4]/Q   v     DFT_sdo_1     SDFFRHQX1  0.378  0.378    -0.682  
      wptr_full_inst/g211/A          v     DFT_sdo_1     CLKXOR2X1  0.000  0.378    -0.682  
      wptr_full_inst/g211/Y          ^     waddr[3]      CLKXOR2X1  0.310  0.688    -0.372  
      wptr_full_inst/g204/B          ^     waddr[3]      CLKXOR2X1  0.000  0.688    -0.372  
      wptr_full_inst/g204/Y          v     waddr[2]      CLKXOR2X1  0.265  0.954    -0.106  
      wptr_full_inst/g202/B          v     waddr[2]      CLKXOR2X1  0.000  0.954    -0.106  
      wptr_full_inst/g202/Y          ^     waddr[1]      CLKXOR2X1  0.266  1.219    0.159  
      wptr_full_inst/g201/B          ^     waddr[1]      CLKXOR2X1  0.000  1.219    0.159  
      wptr_full_inst/g201/Y          v     waddr[0]      CLKXOR2X1  0.265  1.485    0.425  
      fifomem/g846/B                 v     waddr[0]      NOR2XL     0.000  1.485    0.425  
      fifomem/g846/Y                 ^     fifomem/n_9   NOR2XL     0.194  1.679    0.619  
      fifomem/g830/B                 ^     fifomem/n_9   NAND2BXL   0.000  1.679    0.619  
      fifomem/g830/Y                 v     fifomem/n_25  NAND2BXL   0.694  2.373    1.313  
      fifomem/mem_reg[14][5]/S0      v     fifomem/n_25  SMDFFHQX1  0.000  2.373    1.313  
      --------------------------------------------------------------------------------------
     Clock Rise Edge                      0.000
     = Beginpoint Arrival Time            0.000
     Other End Path:
      --------------------------------------------------------------------------
      Pin                        Edge  Net   Cell       Delay  Arrival  Required  
                                                               Time     Time  
      --------------------------------------------------------------------------
      wclk                       ^     wclk  -          -      0.000    1.060  
      fifomem/mem_reg[14][5]/CK  ^     wclk  SMDFFHQX1  0.000  0.000    1.060  
      --------------------------------------------------------------------------
Path 12: VIOLATED Setup Check with Pin fifomem/mem_reg[14][4]/CK 
Endpoint:   fifomem/mem_reg[14][4]/S0    (v) checked with  leading edge of 'wclk'
Beginpoint: wptr_full_inst/wptr_reg[4]/Q (v) triggered by  leading edge of 'wclk'
Path Groups: {wclk}
Other End Arrival Time          0.000
- Setup                         0.687
+ Phase Shift                   2.000
= Required Time                 1.313
- Arrival Time                  2.373
= Slack Time                   -1.060
     Clock Rise Edge                      0.000
     = Beginpoint Arrival Time            0.000
     Timing Path:
      --------------------------------------------------------------------------------------
      Pin                            Edge  Net           Cell       Delay  Arrival  Required  
                                                                           Time     Time  
      --------------------------------------------------------------------------------------
      wclk                           ^     wclk          -          -      0.000    -1.060  
      wptr_full_inst/wptr_reg[4]/CK  ^     wclk          SDFFRHQX1  0.000  0.000    -1.060  
      wptr_full_inst/wptr_reg[4]/Q   v     DFT_sdo_1     SDFFRHQX1  0.378  0.378    -0.682  
      wptr_full_inst/g211/A          v     DFT_sdo_1     CLKXOR2X1  0.000  0.378    -0.682  
      wptr_full_inst/g211/Y          ^     waddr[3]      CLKXOR2X1  0.310  0.688    -0.372  
      wptr_full_inst/g204/B          ^     waddr[3]      CLKXOR2X1  0.000  0.688    -0.372  
      wptr_full_inst/g204/Y          v     waddr[2]      CLKXOR2X1  0.265  0.954    -0.106  
      wptr_full_inst/g202/B          v     waddr[2]      CLKXOR2X1  0.000  0.954    -0.106  
      wptr_full_inst/g202/Y          ^     waddr[1]      CLKXOR2X1  0.266  1.219    0.159  
      wptr_full_inst/g201/B          ^     waddr[1]      CLKXOR2X1  0.000  1.219    0.159  
      wptr_full_inst/g201/Y          v     waddr[0]      CLKXOR2X1  0.265  1.485    0.425  
      fifomem/g846/B                 v     waddr[0]      NOR2XL     0.000  1.485    0.425  
      fifomem/g846/Y                 ^     fifomem/n_9   NOR2XL     0.194  1.679    0.619  
      fifomem/g830/B                 ^     fifomem/n_9   NAND2BXL   0.000  1.679    0.619  
      fifomem/g830/Y                 v     fifomem/n_25  NAND2BXL   0.694  2.373    1.313  
      fifomem/mem_reg[14][4]/S0      v     fifomem/n_25  SMDFFHQX1  0.000  2.373    1.313  
      --------------------------------------------------------------------------------------
     Clock Rise Edge                      0.000
     = Beginpoint Arrival Time            0.000
     Other End Path:
      --------------------------------------------------------------------------
      Pin                        Edge  Net   Cell       Delay  Arrival  Required  
                                                               Time     Time  
      --------------------------------------------------------------------------
      wclk                       ^     wclk  -          -      0.000    1.060  
      fifomem/mem_reg[14][4]/CK  ^     wclk  SMDFFHQX1  0.000  0.000    1.060  
      --------------------------------------------------------------------------
Path 13: VIOLATED Setup Check with Pin fifomem/mem_reg[14][3]/CK 
Endpoint:   fifomem/mem_reg[14][3]/S0    (v) checked with  leading edge of 'wclk'
Beginpoint: wptr_full_inst/wptr_reg[4]/Q (v) triggered by  leading edge of 'wclk'
Path Groups: {wclk}
Other End Arrival Time          0.000
- Setup                         0.687
+ Phase Shift                   2.000
= Required Time                 1.313
- Arrival Time                  2.373
= Slack Time                   -1.060
     Clock Rise Edge                      0.000
     = Beginpoint Arrival Time            0.000
     Timing Path:
      --------------------------------------------------------------------------------------
      Pin                            Edge  Net           Cell       Delay  Arrival  Required  
                                                                           Time     Time  
      --------------------------------------------------------------------------------------
      wclk                           ^     wclk          -          -      0.000    -1.060  
      wptr_full_inst/wptr_reg[4]/CK  ^     wclk          SDFFRHQX1  0.000  0.000    -1.060  
      wptr_full_inst/wptr_reg[4]/Q   v     DFT_sdo_1     SDFFRHQX1  0.378  0.378    -0.682  
      wptr_full_inst/g211/A          v     DFT_sdo_1     CLKXOR2X1  0.000  0.378    -0.682  
      wptr_full_inst/g211/Y          ^     waddr[3]      CLKXOR2X1  0.310  0.688    -0.372  
      wptr_full_inst/g204/B          ^     waddr[3]      CLKXOR2X1  0.000  0.688    -0.372  
      wptr_full_inst/g204/Y          v     waddr[2]      CLKXOR2X1  0.265  0.954    -0.106  
      wptr_full_inst/g202/B          v     waddr[2]      CLKXOR2X1  0.000  0.954    -0.106  
      wptr_full_inst/g202/Y          ^     waddr[1]      CLKXOR2X1  0.266  1.219    0.159  
      wptr_full_inst/g201/B          ^     waddr[1]      CLKXOR2X1  0.000  1.219    0.159  
      wptr_full_inst/g201/Y          v     waddr[0]      CLKXOR2X1  0.265  1.485    0.425  
      fifomem/g846/B                 v     waddr[0]      NOR2XL     0.000  1.485    0.425  
      fifomem/g846/Y                 ^     fifomem/n_9   NOR2XL     0.194  1.679    0.619  
      fifomem/g830/B                 ^     fifomem/n_9   NAND2BXL   0.000  1.679    0.619  
      fifomem/g830/Y                 v     fifomem/n_25  NAND2BXL   0.694  2.373    1.313  
      fifomem/mem_reg[14][3]/S0      v     fifomem/n_25  SMDFFHQX1  0.000  2.373    1.313  
      --------------------------------------------------------------------------------------
     Clock Rise Edge                      0.000
     = Beginpoint Arrival Time            0.000
     Other End Path:
      --------------------------------------------------------------------------
      Pin                        Edge  Net   Cell       Delay  Arrival  Required  
                                                               Time     Time  
      --------------------------------------------------------------------------
      wclk                       ^     wclk  -          -      0.000    1.060  
      fifomem/mem_reg[14][3]/CK  ^     wclk  SMDFFHQX1  0.000  0.000    1.060  
      --------------------------------------------------------------------------
Path 14: VIOLATED Setup Check with Pin fifomem/mem_reg[14][2]/CK 
Endpoint:   fifomem/mem_reg[14][2]/S0    (v) checked with  leading edge of 'wclk'
Beginpoint: wptr_full_inst/wptr_reg[4]/Q (v) triggered by  leading edge of 'wclk'
Path Groups: {wclk}
Other End Arrival Time          0.000
- Setup                         0.687
+ Phase Shift                   2.000
= Required Time                 1.313
- Arrival Time                  2.373
= Slack Time                   -1.060
     Clock Rise Edge                      0.000
     = Beginpoint Arrival Time            0.000
     Timing Path:
      --------------------------------------------------------------------------------------
      Pin                            Edge  Net           Cell       Delay  Arrival  Required  
                                                                           Time     Time  
      --------------------------------------------------------------------------------------
      wclk                           ^     wclk          -          -      0.000    -1.060  
      wptr_full_inst/wptr_reg[4]/CK  ^     wclk          SDFFRHQX1  0.000  0.000    -1.060  
      wptr_full_inst/wptr_reg[4]/Q   v     DFT_sdo_1     SDFFRHQX1  0.378  0.378    -0.682  
      wptr_full_inst/g211/A          v     DFT_sdo_1     CLKXOR2X1  0.000  0.378    -0.682  
      wptr_full_inst/g211/Y          ^     waddr[3]      CLKXOR2X1  0.310  0.688    -0.372  
      wptr_full_inst/g204/B          ^     waddr[3]      CLKXOR2X1  0.000  0.688    -0.372  
      wptr_full_inst/g204/Y          v     waddr[2]      CLKXOR2X1  0.265  0.954    -0.106  
      wptr_full_inst/g202/B          v     waddr[2]      CLKXOR2X1  0.000  0.954    -0.106  
      wptr_full_inst/g202/Y          ^     waddr[1]      CLKXOR2X1  0.266  1.219    0.159  
      wptr_full_inst/g201/B          ^     waddr[1]      CLKXOR2X1  0.000  1.219    0.159  
      wptr_full_inst/g201/Y          v     waddr[0]      CLKXOR2X1  0.265  1.485    0.425  
      fifomem/g846/B                 v     waddr[0]      NOR2XL     0.000  1.485    0.425  
      fifomem/g846/Y                 ^     fifomem/n_9   NOR2XL     0.194  1.679    0.619  
      fifomem/g830/B                 ^     fifomem/n_9   NAND2BXL   0.000  1.679    0.619  
      fifomem/g830/Y                 v     fifomem/n_25  NAND2BXL   0.694  2.373    1.313  
      fifomem/mem_reg[14][2]/S0      v     fifomem/n_25  SMDFFHQX1  0.000  2.373    1.313  
      --------------------------------------------------------------------------------------
     Clock Rise Edge                      0.000
     = Beginpoint Arrival Time            0.000
     Other End Path:
      --------------------------------------------------------------------------
      Pin                        Edge  Net   Cell       Delay  Arrival  Required  
                                                               Time     Time  
      --------------------------------------------------------------------------
      wclk                       ^     wclk  -          -      0.000    1.060  
      fifomem/mem_reg[14][2]/CK  ^     wclk  SMDFFHQX1  0.000  0.000    1.060  
      --------------------------------------------------------------------------
Path 15: VIOLATED Setup Check with Pin fifomem/mem_reg[14][1]/CK 
Endpoint:   fifomem/mem_reg[14][1]/S0    (v) checked with  leading edge of 'wclk'
Beginpoint: wptr_full_inst/wptr_reg[4]/Q (v) triggered by  leading edge of 'wclk'
Path Groups: {wclk}
Other End Arrival Time          0.000
- Setup                         0.687
+ Phase Shift                   2.000
= Required Time                 1.313
- Arrival Time                  2.373
= Slack Time                   -1.060
     Clock Rise Edge                      0.000
     = Beginpoint Arrival Time            0.000
     Timing Path:
      --------------------------------------------------------------------------------------
      Pin                            Edge  Net           Cell       Delay  Arrival  Required  
                                                                           Time     Time  
      --------------------------------------------------------------------------------------
      wclk                           ^     wclk          -          -      0.000    -1.060  
      wptr_full_inst/wptr_reg[4]/CK  ^     wclk          SDFFRHQX1  0.000  0.000    -1.060  
      wptr_full_inst/wptr_reg[4]/Q   v     DFT_sdo_1     SDFFRHQX1  0.378  0.378    -0.682  
      wptr_full_inst/g211/A          v     DFT_sdo_1     CLKXOR2X1  0.000  0.378    -0.682  
      wptr_full_inst/g211/Y          ^     waddr[3]      CLKXOR2X1  0.310  0.688    -0.372  
      wptr_full_inst/g204/B          ^     waddr[3]      CLKXOR2X1  0.000  0.688    -0.372  
      wptr_full_inst/g204/Y          v     waddr[2]      CLKXOR2X1  0.265  0.954    -0.106  
      wptr_full_inst/g202/B          v     waddr[2]      CLKXOR2X1  0.000  0.954    -0.106  
      wptr_full_inst/g202/Y          ^     waddr[1]      CLKXOR2X1  0.266  1.219    0.159  
      wptr_full_inst/g201/B          ^     waddr[1]      CLKXOR2X1  0.000  1.219    0.159  
      wptr_full_inst/g201/Y          v     waddr[0]      CLKXOR2X1  0.265  1.485    0.425  
      fifomem/g846/B                 v     waddr[0]      NOR2XL     0.000  1.485    0.425  
      fifomem/g846/Y                 ^     fifomem/n_9   NOR2XL     0.194  1.679    0.619  
      fifomem/g830/B                 ^     fifomem/n_9   NAND2BXL   0.000  1.679    0.619  
      fifomem/g830/Y                 v     fifomem/n_25  NAND2BXL   0.694  2.373    1.313  
      fifomem/mem_reg[14][1]/S0      v     fifomem/n_25  SMDFFHQX1  0.000  2.373    1.313  
      --------------------------------------------------------------------------------------
     Clock Rise Edge                      0.000
     = Beginpoint Arrival Time            0.000
     Other End Path:
      --------------------------------------------------------------------------
      Pin                        Edge  Net   Cell       Delay  Arrival  Required  
                                                               Time     Time  
      --------------------------------------------------------------------------
      wclk                       ^     wclk  -          -      0.000    1.060  
      fifomem/mem_reg[14][1]/CK  ^     wclk  SMDFFHQX1  0.000  0.000    1.060  
      --------------------------------------------------------------------------
Path 16: VIOLATED Setup Check with Pin fifomem/mem_reg[14][0]/CK 
Endpoint:   fifomem/mem_reg[14][0]/S0    (v) checked with  leading edge of 'wclk'
Beginpoint: wptr_full_inst/wptr_reg[4]/Q (v) triggered by  leading edge of 'wclk'
Path Groups: {wclk}
Other End Arrival Time          0.000
- Setup                         0.687
+ Phase Shift                   2.000
= Required Time                 1.313
- Arrival Time                  2.373
= Slack Time                   -1.060
     Clock Rise Edge                      0.000
     = Beginpoint Arrival Time            0.000
     Timing Path:
      --------------------------------------------------------------------------------------
      Pin                            Edge  Net           Cell       Delay  Arrival  Required  
                                                                           Time     Time  
      --------------------------------------------------------------------------------------
      wclk                           ^     wclk          -          -      0.000    -1.060  
      wptr_full_inst/wptr_reg[4]/CK  ^     wclk          SDFFRHQX1  0.000  0.000    -1.060  
      wptr_full_inst/wptr_reg[4]/Q   v     DFT_sdo_1     SDFFRHQX1  0.378  0.378    -0.682  
      wptr_full_inst/g211/A          v     DFT_sdo_1     CLKXOR2X1  0.000  0.378    -0.682  
      wptr_full_inst/g211/Y          ^     waddr[3]      CLKXOR2X1  0.310  0.688    -0.372  
      wptr_full_inst/g204/B          ^     waddr[3]      CLKXOR2X1  0.000  0.688    -0.372  
      wptr_full_inst/g204/Y          v     waddr[2]      CLKXOR2X1  0.265  0.954    -0.106  
      wptr_full_inst/g202/B          v     waddr[2]      CLKXOR2X1  0.000  0.954    -0.106  
      wptr_full_inst/g202/Y          ^     waddr[1]      CLKXOR2X1  0.266  1.219    0.159  
      wptr_full_inst/g201/B          ^     waddr[1]      CLKXOR2X1  0.000  1.219    0.159  
      wptr_full_inst/g201/Y          v     waddr[0]      CLKXOR2X1  0.265  1.485    0.425  
      fifomem/g846/B                 v     waddr[0]      NOR2XL     0.000  1.485    0.425  
      fifomem/g846/Y                 ^     fifomem/n_9   NOR2XL     0.194  1.679    0.619  
      fifomem/g830/B                 ^     fifomem/n_9   NAND2BXL   0.000  1.679    0.619  
      fifomem/g830/Y                 v     fifomem/n_25  NAND2BXL   0.694  2.373    1.313  
      fifomem/mem_reg[14][0]/S0      v     fifomem/n_25  SMDFFHQX1  0.000  2.373    1.313  
      --------------------------------------------------------------------------------------
     Clock Rise Edge                      0.000
     = Beginpoint Arrival Time            0.000
     Other End Path:
      --------------------------------------------------------------------------
      Pin                        Edge  Net   Cell       Delay  Arrival  Required  
                                                               Time     Time  
      --------------------------------------------------------------------------
      wclk                       ^     wclk  -          -      0.000    1.060  
      fifomem/mem_reg[14][0]/CK  ^     wclk  SMDFFHQX1  0.000  0.000    1.060  
      --------------------------------------------------------------------------
Path 17: VIOLATED Setup Check with Pin fifomem/mem_reg[5][7]/CK 
Endpoint:   fifomem/mem_reg[5][7]/S0     (v) checked with  leading edge of 'wclk'
Beginpoint: wptr_full_inst/wptr_reg[4]/Q (^) triggered by  leading edge of 'wclk'
Path Groups: {wclk}
Other End Arrival Time          0.000
- Setup                         0.687
+ Phase Shift                   2.000
= Required Time                 1.313
- Arrival Time                  2.372
= Slack Time                   -1.058
     Clock Rise Edge                      0.000
     = Beginpoint Arrival Time            0.000
     Timing Path:
      --------------------------------------------------------------------------------------
      Pin                            Edge  Net           Cell       Delay  Arrival  Required  
                                                                           Time     Time  
      --------------------------------------------------------------------------------------
      wclk                           ^     wclk          -          -      0.000    -1.058  
      wptr_full_inst/wptr_reg[4]/CK  ^     wclk          SDFFRHQX1  0.000  0.000    -1.058  
      wptr_full_inst/wptr_reg[4]/Q   ^     DFT_sdo_1     SDFFRHQX1  0.385  0.385    -0.673  
      wptr_full_inst/g211/A          ^     DFT_sdo_1     CLKXOR2X1  0.000  0.385    -0.673  
      wptr_full_inst/g211/Y          v     waddr[3]      CLKXOR2X1  0.307  0.692    -0.367  
      wptr_full_inst/g204/B          v     waddr[3]      CLKXOR2X1  0.000  0.692    -0.367  
      wptr_full_inst/g204/Y          ^     waddr[2]      CLKXOR2X1  0.250  0.941    -0.117  
      wptr_full_inst/g202/B          ^     waddr[2]      CLKXOR2X1  0.000  0.941    -0.117  
      wptr_full_inst/g202/Y          v     waddr[1]      CLKXOR2X1  0.281  1.222    0.164  
      wptr_full_inst/g201/B          v     waddr[1]      CLKXOR2X1  0.000  1.222    0.164  
      wptr_full_inst/g201/Y          ^     waddr[0]      CLKXOR2X1  0.250  1.472    0.414  
      fifomem/g845/B                 ^     waddr[0]      NAND2BXL   0.000  1.472    0.414  
      fifomem/g845/Y                 v     fifomem/n_10  NAND2BXL   0.163  1.636    0.578  
      fifomem/g839/AN                v     fifomem/n_10  NAND2BXL   0.000  1.636    0.578  
      fifomem/g839/Y                 v     fifomem/n_16  NAND2BXL   0.736  2.372    1.313  
      fifomem/mem_reg[5][7]/S0       v     fifomem/n_16  SMDFFHQX1  0.000  2.372    1.313  
      --------------------------------------------------------------------------------------
     Clock Rise Edge                      0.000
     = Beginpoint Arrival Time            0.000
     Other End Path:
      -------------------------------------------------------------------------
      Pin                       Edge  Net   Cell       Delay  Arrival  Required  
                                                              Time     Time  
      -------------------------------------------------------------------------
      wclk                      ^     wclk  -          -      0.000    1.058  
      fifomem/mem_reg[5][7]/CK  ^     wclk  SMDFFHQX1  0.000  0.000    1.058  
      -------------------------------------------------------------------------
Path 18: VIOLATED Setup Check with Pin fifomem/mem_reg[5][6]/CK 
Endpoint:   fifomem/mem_reg[5][6]/S0     (v) checked with  leading edge of 'wclk'
Beginpoint: wptr_full_inst/wptr_reg[4]/Q (^) triggered by  leading edge of 'wclk'
Path Groups: {wclk}
Other End Arrival Time          0.000
- Setup                         0.687
+ Phase Shift                   2.000
= Required Time                 1.313
- Arrival Time                  2.372
= Slack Time                   -1.058
     Clock Rise Edge                      0.000
     = Beginpoint Arrival Time            0.000
     Timing Path:
      --------------------------------------------------------------------------------------
      Pin                            Edge  Net           Cell       Delay  Arrival  Required  
                                                                           Time     Time  
      --------------------------------------------------------------------------------------
      wclk                           ^     wclk          -          -      0.000    -1.058  
      wptr_full_inst/wptr_reg[4]/CK  ^     wclk          SDFFRHQX1  0.000  0.000    -1.058  
      wptr_full_inst/wptr_reg[4]/Q   ^     DFT_sdo_1     SDFFRHQX1  0.385  0.385    -0.673  
      wptr_full_inst/g211/A          ^     DFT_sdo_1     CLKXOR2X1  0.000  0.385    -0.673  
      wptr_full_inst/g211/Y          v     waddr[3]      CLKXOR2X1  0.307  0.692    -0.367  
      wptr_full_inst/g204/B          v     waddr[3]      CLKXOR2X1  0.000  0.692    -0.367  
      wptr_full_inst/g204/Y          ^     waddr[2]      CLKXOR2X1  0.250  0.941    -0.117  
      wptr_full_inst/g202/B          ^     waddr[2]      CLKXOR2X1  0.000  0.941    -0.117  
      wptr_full_inst/g202/Y          v     waddr[1]      CLKXOR2X1  0.281  1.222    0.164  
      wptr_full_inst/g201/B          v     waddr[1]      CLKXOR2X1  0.000  1.222    0.164  
      wptr_full_inst/g201/Y          ^     waddr[0]      CLKXOR2X1  0.250  1.472    0.414  
      fifomem/g845/B                 ^     waddr[0]      NAND2BXL   0.000  1.472    0.414  
      fifomem/g845/Y                 v     fifomem/n_10  NAND2BXL   0.163  1.636    0.578  
      fifomem/g839/AN                v     fifomem/n_10  NAND2BXL   0.000  1.636    0.578  
      fifomem/g839/Y                 v     fifomem/n_16  NAND2BXL   0.736  2.372    1.313  
      fifomem/mem_reg[5][6]/S0       v     fifomem/n_16  SMDFFHQX1  0.000  2.372    1.313  
      --------------------------------------------------------------------------------------
     Clock Rise Edge                      0.000
     = Beginpoint Arrival Time            0.000
     Other End Path:
      -------------------------------------------------------------------------
      Pin                       Edge  Net   Cell       Delay  Arrival  Required  
                                                              Time     Time  
      -------------------------------------------------------------------------
      wclk                      ^     wclk  -          -      0.000    1.058  
      fifomem/mem_reg[5][6]/CK  ^     wclk  SMDFFHQX1  0.000  0.000    1.058  
      -------------------------------------------------------------------------
Path 19: VIOLATED Setup Check with Pin fifomem/mem_reg[5][5]/CK 
Endpoint:   fifomem/mem_reg[5][5]/S0     (v) checked with  leading edge of 'wclk'
Beginpoint: wptr_full_inst/wptr_reg[4]/Q (^) triggered by  leading edge of 'wclk'
Path Groups: {wclk}
Other End Arrival Time          0.000
- Setup                         0.687
+ Phase Shift                   2.000
= Required Time                 1.313
- Arrival Time                  2.372
= Slack Time                   -1.058
     Clock Rise Edge                      0.000
     = Beginpoint Arrival Time            0.000
     Timing Path:
      --------------------------------------------------------------------------------------
      Pin                            Edge  Net           Cell       Delay  Arrival  Required  
                                                                           Time     Time  
      --------------------------------------------------------------------------------------
      wclk                           ^     wclk          -          -      0.000    -1.058  
      wptr_full_inst/wptr_reg[4]/CK  ^     wclk          SDFFRHQX1  0.000  0.000    -1.058  
      wptr_full_inst/wptr_reg[4]/Q   ^     DFT_sdo_1     SDFFRHQX1  0.385  0.385    -0.673  
      wptr_full_inst/g211/A          ^     DFT_sdo_1     CLKXOR2X1  0.000  0.385    -0.673  
      wptr_full_inst/g211/Y          v     waddr[3]      CLKXOR2X1  0.307  0.692    -0.367  
      wptr_full_inst/g204/B          v     waddr[3]      CLKXOR2X1  0.000  0.692    -0.367  
      wptr_full_inst/g204/Y          ^     waddr[2]      CLKXOR2X1  0.250  0.941    -0.117  
      wptr_full_inst/g202/B          ^     waddr[2]      CLKXOR2X1  0.000  0.941    -0.117  
      wptr_full_inst/g202/Y          v     waddr[1]      CLKXOR2X1  0.281  1.222    0.164  
      wptr_full_inst/g201/B          v     waddr[1]      CLKXOR2X1  0.000  1.222    0.164  
      wptr_full_inst/g201/Y          ^     waddr[0]      CLKXOR2X1  0.250  1.472    0.414  
      fifomem/g845/B                 ^     waddr[0]      NAND2BXL   0.000  1.472    0.414  
      fifomem/g845/Y                 v     fifomem/n_10  NAND2BXL   0.163  1.636    0.578  
      fifomem/g839/AN                v     fifomem/n_10  NAND2BXL   0.000  1.636    0.578  
      fifomem/g839/Y                 v     fifomem/n_16  NAND2BXL   0.736  2.372    1.313  
      fifomem/mem_reg[5][5]/S0       v     fifomem/n_16  SMDFFHQX1  0.000  2.372    1.313  
      --------------------------------------------------------------------------------------
     Clock Rise Edge                      0.000
     = Beginpoint Arrival Time            0.000
     Other End Path:
      -------------------------------------------------------------------------
      Pin                       Edge  Net   Cell       Delay  Arrival  Required  
                                                              Time     Time  
      -------------------------------------------------------------------------
      wclk                      ^     wclk  -          -      0.000    1.058  
      fifomem/mem_reg[5][5]/CK  ^     wclk  SMDFFHQX1  0.000  0.000    1.058  
      -------------------------------------------------------------------------
Path 20: VIOLATED Setup Check with Pin fifomem/mem_reg[5][4]/CK 
Endpoint:   fifomem/mem_reg[5][4]/S0     (v) checked with  leading edge of 'wclk'
Beginpoint: wptr_full_inst/wptr_reg[4]/Q (^) triggered by  leading edge of 'wclk'
Path Groups: {wclk}
Other End Arrival Time          0.000
- Setup                         0.687
+ Phase Shift                   2.000
= Required Time                 1.313
- Arrival Time                  2.372
= Slack Time                   -1.058
     Clock Rise Edge                      0.000
     = Beginpoint Arrival Time            0.000
     Timing Path:
      --------------------------------------------------------------------------------------
      Pin                            Edge  Net           Cell       Delay  Arrival  Required  
                                                                           Time     Time  
      --------------------------------------------------------------------------------------
      wclk                           ^     wclk          -          -      0.000    -1.058  
      wptr_full_inst/wptr_reg[4]/CK  ^     wclk          SDFFRHQX1  0.000  0.000    -1.058  
      wptr_full_inst/wptr_reg[4]/Q   ^     DFT_sdo_1     SDFFRHQX1  0.385  0.385    -0.673  
      wptr_full_inst/g211/A          ^     DFT_sdo_1     CLKXOR2X1  0.000  0.385    -0.673  
      wptr_full_inst/g211/Y          v     waddr[3]      CLKXOR2X1  0.307  0.692    -0.367  
      wptr_full_inst/g204/B          v     waddr[3]      CLKXOR2X1  0.000  0.692    -0.367  
      wptr_full_inst/g204/Y          ^     waddr[2]      CLKXOR2X1  0.250  0.941    -0.117  
      wptr_full_inst/g202/B          ^     waddr[2]      CLKXOR2X1  0.000  0.941    -0.117  
      wptr_full_inst/g202/Y          v     waddr[1]      CLKXOR2X1  0.281  1.222    0.164  
      wptr_full_inst/g201/B          v     waddr[1]      CLKXOR2X1  0.000  1.222    0.164  
      wptr_full_inst/g201/Y          ^     waddr[0]      CLKXOR2X1  0.250  1.472    0.414  
      fifomem/g845/B                 ^     waddr[0]      NAND2BXL   0.000  1.472    0.414  
      fifomem/g845/Y                 v     fifomem/n_10  NAND2BXL   0.163  1.636    0.578  
      fifomem/g839/AN                v     fifomem/n_10  NAND2BXL   0.000  1.636    0.578  
      fifomem/g839/Y                 v     fifomem/n_16  NAND2BXL   0.736  2.372    1.313  
      fifomem/mem_reg[5][4]/S0       v     fifomem/n_16  SMDFFHQX1  0.000  2.372    1.313  
      --------------------------------------------------------------------------------------
     Clock Rise Edge                      0.000
     = Beginpoint Arrival Time            0.000
     Other End Path:
      -------------------------------------------------------------------------
      Pin                       Edge  Net   Cell       Delay  Arrival  Required  
                                                              Time     Time  
      -------------------------------------------------------------------------
      wclk                      ^     wclk  -          -      0.000    1.058  
      fifomem/mem_reg[5][4]/CK  ^     wclk  SMDFFHQX1  0.000  0.000    1.058  
      -------------------------------------------------------------------------
Path 21: VIOLATED Setup Check with Pin fifomem/mem_reg[5][3]/CK 
Endpoint:   fifomem/mem_reg[5][3]/S0     (v) checked with  leading edge of 'wclk'
Beginpoint: wptr_full_inst/wptr_reg[4]/Q (^) triggered by  leading edge of 'wclk'
Path Groups: {wclk}
Other End Arrival Time          0.000
- Setup                         0.687
+ Phase Shift                   2.000
= Required Time                 1.313
- Arrival Time                  2.372
= Slack Time                   -1.058
     Clock Rise Edge                      0.000
     = Beginpoint Arrival Time            0.000
     Timing Path:
      --------------------------------------------------------------------------------------
      Pin                            Edge  Net           Cell       Delay  Arrival  Required  
                                                                           Time     Time  
      --------------------------------------------------------------------------------------
      wclk                           ^     wclk          -          -      0.000    -1.058  
      wptr_full_inst/wptr_reg[4]/CK  ^     wclk          SDFFRHQX1  0.000  0.000    -1.058  
      wptr_full_inst/wptr_reg[4]/Q   ^     DFT_sdo_1     SDFFRHQX1  0.385  0.385    -0.673  
      wptr_full_inst/g211/A          ^     DFT_sdo_1     CLKXOR2X1  0.000  0.385    -0.673  
      wptr_full_inst/g211/Y          v     waddr[3]      CLKXOR2X1  0.307  0.692    -0.367  
      wptr_full_inst/g204/B          v     waddr[3]      CLKXOR2X1  0.000  0.692    -0.367  
      wptr_full_inst/g204/Y          ^     waddr[2]      CLKXOR2X1  0.250  0.941    -0.117  
      wptr_full_inst/g202/B          ^     waddr[2]      CLKXOR2X1  0.000  0.941    -0.117  
      wptr_full_inst/g202/Y          v     waddr[1]      CLKXOR2X1  0.281  1.222    0.164  
      wptr_full_inst/g201/B          v     waddr[1]      CLKXOR2X1  0.000  1.222    0.164  
      wptr_full_inst/g201/Y          ^     waddr[0]      CLKXOR2X1  0.250  1.472    0.414  
      fifomem/g845/B                 ^     waddr[0]      NAND2BXL   0.000  1.472    0.414  
      fifomem/g845/Y                 v     fifomem/n_10  NAND2BXL   0.163  1.636    0.578  
      fifomem/g839/AN                v     fifomem/n_10  NAND2BXL   0.000  1.636    0.578  
      fifomem/g839/Y                 v     fifomem/n_16  NAND2BXL   0.736  2.372    1.313  
      fifomem/mem_reg[5][3]/S0       v     fifomem/n_16  SMDFFHQX1  0.000  2.372    1.313  
      --------------------------------------------------------------------------------------
     Clock Rise Edge                      0.000
     = Beginpoint Arrival Time            0.000
     Other End Path:
      -------------------------------------------------------------------------
      Pin                       Edge  Net   Cell       Delay  Arrival  Required  
                                                              Time     Time  
      -------------------------------------------------------------------------
      wclk                      ^     wclk  -          -      0.000    1.058  
      fifomem/mem_reg[5][3]/CK  ^     wclk  SMDFFHQX1  0.000  0.000    1.058  
      -------------------------------------------------------------------------
Path 22: VIOLATED Setup Check with Pin fifomem/mem_reg[5][2]/CK 
Endpoint:   fifomem/mem_reg[5][2]/S0     (v) checked with  leading edge of 'wclk'
Beginpoint: wptr_full_inst/wptr_reg[4]/Q (^) triggered by  leading edge of 'wclk'
Path Groups: {wclk}
Other End Arrival Time          0.000
- Setup                         0.687
+ Phase Shift                   2.000
= Required Time                 1.313
- Arrival Time                  2.372
= Slack Time                   -1.058
     Clock Rise Edge                      0.000
     = Beginpoint Arrival Time            0.000
     Timing Path:
      --------------------------------------------------------------------------------------
      Pin                            Edge  Net           Cell       Delay  Arrival  Required  
                                                                           Time     Time  
      --------------------------------------------------------------------------------------
      wclk                           ^     wclk          -          -      0.000    -1.058  
      wptr_full_inst/wptr_reg[4]/CK  ^     wclk          SDFFRHQX1  0.000  0.000    -1.058  
      wptr_full_inst/wptr_reg[4]/Q   ^     DFT_sdo_1     SDFFRHQX1  0.385  0.385    -0.673  
      wptr_full_inst/g211/A          ^     DFT_sdo_1     CLKXOR2X1  0.000  0.385    -0.673  
      wptr_full_inst/g211/Y          v     waddr[3]      CLKXOR2X1  0.307  0.692    -0.367  
      wptr_full_inst/g204/B          v     waddr[3]      CLKXOR2X1  0.000  0.692    -0.367  
      wptr_full_inst/g204/Y          ^     waddr[2]      CLKXOR2X1  0.250  0.941    -0.117  
      wptr_full_inst/g202/B          ^     waddr[2]      CLKXOR2X1  0.000  0.941    -0.117  
      wptr_full_inst/g202/Y          v     waddr[1]      CLKXOR2X1  0.281  1.222    0.164  
      wptr_full_inst/g201/B          v     waddr[1]      CLKXOR2X1  0.000  1.222    0.164  
      wptr_full_inst/g201/Y          ^     waddr[0]      CLKXOR2X1  0.250  1.472    0.414  
      fifomem/g845/B                 ^     waddr[0]      NAND2BXL   0.000  1.472    0.414  
      fifomem/g845/Y                 v     fifomem/n_10  NAND2BXL   0.163  1.636    0.578  
      fifomem/g839/AN                v     fifomem/n_10  NAND2BXL   0.000  1.636    0.578  
      fifomem/g839/Y                 v     fifomem/n_16  NAND2BXL   0.736  2.372    1.313  
      fifomem/mem_reg[5][2]/S0       v     fifomem/n_16  SMDFFHQX1  0.000  2.372    1.313  
      --------------------------------------------------------------------------------------
     Clock Rise Edge                      0.000
     = Beginpoint Arrival Time            0.000
     Other End Path:
      -------------------------------------------------------------------------
      Pin                       Edge  Net   Cell       Delay  Arrival  Required  
                                                              Time     Time  
      -------------------------------------------------------------------------
      wclk                      ^     wclk  -          -      0.000    1.058  
      fifomem/mem_reg[5][2]/CK  ^     wclk  SMDFFHQX1  0.000  0.000    1.058  
      -------------------------------------------------------------------------
Path 23: VIOLATED Setup Check with Pin fifomem/mem_reg[5][1]/CK 
Endpoint:   fifomem/mem_reg[5][1]/S0     (v) checked with  leading edge of 'wclk'
Beginpoint: wptr_full_inst/wptr_reg[4]/Q (^) triggered by  leading edge of 'wclk'
Path Groups: {wclk}
Other End Arrival Time          0.000
- Setup                         0.687
+ Phase Shift                   2.000
= Required Time                 1.313
- Arrival Time                  2.372
= Slack Time                   -1.058
     Clock Rise Edge                      0.000
     = Beginpoint Arrival Time            0.000
     Timing Path:
      --------------------------------------------------------------------------------------
      Pin                            Edge  Net           Cell       Delay  Arrival  Required  
                                                                           Time     Time  
      --------------------------------------------------------------------------------------
      wclk                           ^     wclk          -          -      0.000    -1.058  
      wptr_full_inst/wptr_reg[4]/CK  ^     wclk          SDFFRHQX1  0.000  0.000    -1.058  
      wptr_full_inst/wptr_reg[4]/Q   ^     DFT_sdo_1     SDFFRHQX1  0.385  0.385    -0.673  
      wptr_full_inst/g211/A          ^     DFT_sdo_1     CLKXOR2X1  0.000  0.385    -0.673  
      wptr_full_inst/g211/Y          v     waddr[3]      CLKXOR2X1  0.307  0.692    -0.367  
      wptr_full_inst/g204/B          v     waddr[3]      CLKXOR2X1  0.000  0.692    -0.367  
      wptr_full_inst/g204/Y          ^     waddr[2]      CLKXOR2X1  0.250  0.941    -0.117  
      wptr_full_inst/g202/B          ^     waddr[2]      CLKXOR2X1  0.000  0.941    -0.117  
      wptr_full_inst/g202/Y          v     waddr[1]      CLKXOR2X1  0.281  1.222    0.164  
      wptr_full_inst/g201/B          v     waddr[1]      CLKXOR2X1  0.000  1.222    0.164  
      wptr_full_inst/g201/Y          ^     waddr[0]      CLKXOR2X1  0.250  1.472    0.414  
      fifomem/g845/B                 ^     waddr[0]      NAND2BXL   0.000  1.472    0.414  
      fifomem/g845/Y                 v     fifomem/n_10  NAND2BXL   0.163  1.636    0.578  
      fifomem/g839/AN                v     fifomem/n_10  NAND2BXL   0.000  1.636    0.578  
      fifomem/g839/Y                 v     fifomem/n_16  NAND2BXL   0.736  2.372    1.313  
      fifomem/mem_reg[5][1]/S0       v     fifomem/n_16  SMDFFHQX1  0.000  2.372    1.313  
      --------------------------------------------------------------------------------------
     Clock Rise Edge                      0.000
     = Beginpoint Arrival Time            0.000
     Other End Path:
      -------------------------------------------------------------------------
      Pin                       Edge  Net   Cell       Delay  Arrival  Required  
                                                              Time     Time  
      -------------------------------------------------------------------------
      wclk                      ^     wclk  -          -      0.000    1.058  
      fifomem/mem_reg[5][1]/CK  ^     wclk  SMDFFHQX1  0.000  0.000    1.058  
      -------------------------------------------------------------------------
Path 24: VIOLATED Setup Check with Pin fifomem/mem_reg[5][0]/CK 
Endpoint:   fifomem/mem_reg[5][0]/S0     (v) checked with  leading edge of 'wclk'
Beginpoint: wptr_full_inst/wptr_reg[4]/Q (^) triggered by  leading edge of 'wclk'
Path Groups: {wclk}
Other End Arrival Time          0.000
- Setup                         0.687
+ Phase Shift                   2.000
= Required Time                 1.313
- Arrival Time                  2.372
= Slack Time                   -1.058
     Clock Rise Edge                      0.000
     = Beginpoint Arrival Time            0.000
     Timing Path:
      --------------------------------------------------------------------------------------
      Pin                            Edge  Net           Cell       Delay  Arrival  Required  
                                                                           Time     Time  
      --------------------------------------------------------------------------------------
      wclk                           ^     wclk          -          -      0.000    -1.058  
      wptr_full_inst/wptr_reg[4]/CK  ^     wclk          SDFFRHQX1  0.000  0.000    -1.058  
      wptr_full_inst/wptr_reg[4]/Q   ^     DFT_sdo_1     SDFFRHQX1  0.385  0.385    -0.673  
      wptr_full_inst/g211/A          ^     DFT_sdo_1     CLKXOR2X1  0.000  0.385    -0.673  
      wptr_full_inst/g211/Y          v     waddr[3]      CLKXOR2X1  0.307  0.692    -0.367  
      wptr_full_inst/g204/B          v     waddr[3]      CLKXOR2X1  0.000  0.692    -0.367  
      wptr_full_inst/g204/Y          ^     waddr[2]      CLKXOR2X1  0.250  0.941    -0.117  
      wptr_full_inst/g202/B          ^     waddr[2]      CLKXOR2X1  0.000  0.941    -0.117  
      wptr_full_inst/g202/Y          v     waddr[1]      CLKXOR2X1  0.281  1.222    0.164  
      wptr_full_inst/g201/B          v     waddr[1]      CLKXOR2X1  0.000  1.222    0.164  
      wptr_full_inst/g201/Y          ^     waddr[0]      CLKXOR2X1  0.250  1.472    0.414  
      fifomem/g845/B                 ^     waddr[0]      NAND2BXL   0.000  1.472    0.414  
      fifomem/g845/Y                 v     fifomem/n_10  NAND2BXL   0.163  1.636    0.578  
      fifomem/g839/AN                v     fifomem/n_10  NAND2BXL   0.000  1.636    0.578  
      fifomem/g839/Y                 v     fifomem/n_16  NAND2BXL   0.736  2.372    1.313  
      fifomem/mem_reg[5][0]/S0       v     fifomem/n_16  SMDFFHQX1  0.000  2.372    1.313  
      --------------------------------------------------------------------------------------
     Clock Rise Edge                      0.000
     = Beginpoint Arrival Time            0.000
     Other End Path:
      -------------------------------------------------------------------------
      Pin                       Edge  Net   Cell       Delay  Arrival  Required  
                                                              Time     Time  
      -------------------------------------------------------------------------
      wclk                      ^     wclk  -          -      0.000    1.058  
      fifomem/mem_reg[5][0]/CK  ^     wclk  SMDFFHQX1  0.000  0.000    1.058  
      -------------------------------------------------------------------------
Path 25: VIOLATED Setup Check with Pin fifomem/mem_reg[8][7]/CK 
Endpoint:   fifomem/mem_reg[8][7]/S0     (v) checked with  leading edge of 'wclk'
Beginpoint: wptr_full_inst/wptr_reg[4]/Q (v) triggered by  leading edge of 'wclk'
Path Groups: {wclk}
Other End Arrival Time          0.000
- Setup                         0.684
+ Phase Shift                   2.000
= Required Time                 1.316
- Arrival Time                  2.374
= Slack Time                   -1.058
     Clock Rise Edge                      0.000
     = Beginpoint Arrival Time            0.000
     Timing Path:
      --------------------------------------------------------------------------------------
      Pin                            Edge  Net           Cell       Delay  Arrival  Required  
                                                                           Time     Time  
      --------------------------------------------------------------------------------------
      wclk                           ^     wclk          -          -      0.000    -1.058  
      wptr_full_inst/wptr_reg[4]/CK  ^     wclk          SDFFRHQX1  0.000  0.000    -1.058  
      wptr_full_inst/wptr_reg[4]/Q   v     DFT_sdo_1     SDFFRHQX1  0.378  0.378    -0.680  
      wptr_full_inst/g211/A          v     DFT_sdo_1     CLKXOR2X1  0.000  0.378    -0.680  
      wptr_full_inst/g211/Y          ^     waddr[3]      CLKXOR2X1  0.310  0.688    -0.370  
      wptr_full_inst/g204/B          ^     waddr[3]      CLKXOR2X1  0.000  0.688    -0.370  
      wptr_full_inst/g204/Y          v     waddr[2]      CLKXOR2X1  0.265  0.954    -0.105  
      wptr_full_inst/g202/B          v     waddr[2]      CLKXOR2X1  0.000  0.954    -0.105  
      wptr_full_inst/g202/Y          ^     waddr[1]      CLKXOR2X1  0.266  1.219    0.161  
      wptr_full_inst/g201/B          ^     waddr[1]      CLKXOR2X1  0.000  1.219    0.161  
      wptr_full_inst/g201/Y          v     waddr[0]      CLKXOR2X1  0.265  1.485    0.427  
      fifomem/g843/B                 v     waddr[0]      NOR2BXL    0.000  1.485    0.427  
      fifomem/g843/Y                 ^     fifomem/n_12  NOR2BXL    0.197  1.682    0.624  
      fifomem/g840/B                 ^     fifomem/n_12  NAND2XL    0.000  1.682    0.624  
      fifomem/g840/Y                 v     fifomem/n_15  NAND2XL    0.692  2.374    1.316  
      fifomem/mem_reg[8][7]/S0       v     fifomem/n_15  SMDFFHQX1  0.000  2.374    1.316  
      --------------------------------------------------------------------------------------
     Clock Rise Edge                      0.000
     = Beginpoint Arrival Time            0.000
     Other End Path:
      -------------------------------------------------------------------------
      Pin                       Edge  Net   Cell       Delay  Arrival  Required  
                                                              Time     Time  
      -------------------------------------------------------------------------
      wclk                      ^     wclk  -          -      0.000    1.058  
      fifomem/mem_reg[8][7]/CK  ^     wclk  SMDFFHQX1  0.000  0.000    1.058  
      -------------------------------------------------------------------------
Path 26: VIOLATED Setup Check with Pin fifomem/mem_reg[8][6]/CK 
Endpoint:   fifomem/mem_reg[8][6]/S0     (v) checked with  leading edge of 'wclk'
Beginpoint: wptr_full_inst/wptr_reg[4]/Q (v) triggered by  leading edge of 'wclk'
Path Groups: {wclk}
Other End Arrival Time          0.000
- Setup                         0.684
+ Phase Shift                   2.000
= Required Time                 1.316
- Arrival Time                  2.374
= Slack Time                   -1.058
     Clock Rise Edge                      0.000
     = Beginpoint Arrival Time            0.000
     Timing Path:
      --------------------------------------------------------------------------------------
      Pin                            Edge  Net           Cell       Delay  Arrival  Required  
                                                                           Time     Time  
      --------------------------------------------------------------------------------------
      wclk                           ^     wclk          -          -      0.000    -1.058  
      wptr_full_inst/wptr_reg[4]/CK  ^     wclk          SDFFRHQX1  0.000  0.000    -1.058  
      wptr_full_inst/wptr_reg[4]/Q   v     DFT_sdo_1     SDFFRHQX1  0.378  0.378    -0.680  
      wptr_full_inst/g211/A          v     DFT_sdo_1     CLKXOR2X1  0.000  0.378    -0.680  
      wptr_full_inst/g211/Y          ^     waddr[3]      CLKXOR2X1  0.310  0.688    -0.370  
      wptr_full_inst/g204/B          ^     waddr[3]      CLKXOR2X1  0.000  0.688    -0.370  
      wptr_full_inst/g204/Y          v     waddr[2]      CLKXOR2X1  0.265  0.954    -0.105  
      wptr_full_inst/g202/B          v     waddr[2]      CLKXOR2X1  0.000  0.954    -0.105  
      wptr_full_inst/g202/Y          ^     waddr[1]      CLKXOR2X1  0.266  1.219    0.161  
      wptr_full_inst/g201/B          ^     waddr[1]      CLKXOR2X1  0.000  1.219    0.161  
      wptr_full_inst/g201/Y          v     waddr[0]      CLKXOR2X1  0.265  1.485    0.427  
      fifomem/g843/B                 v     waddr[0]      NOR2BXL    0.000  1.485    0.427  
      fifomem/g843/Y                 ^     fifomem/n_12  NOR2BXL    0.197  1.682    0.624  
      fifomem/g840/B                 ^     fifomem/n_12  NAND2XL    0.000  1.682    0.624  
      fifomem/g840/Y                 v     fifomem/n_15  NAND2XL    0.692  2.374    1.316  
      fifomem/mem_reg[8][6]/S0       v     fifomem/n_15  SMDFFHQX1  0.000  2.374    1.316  
      --------------------------------------------------------------------------------------
     Clock Rise Edge                      0.000
     = Beginpoint Arrival Time            0.000
     Other End Path:
      -------------------------------------------------------------------------
      Pin                       Edge  Net   Cell       Delay  Arrival  Required  
                                                              Time     Time  
      -------------------------------------------------------------------------
      wclk                      ^     wclk  -          -      0.000    1.058  
      fifomem/mem_reg[8][6]/CK  ^     wclk  SMDFFHQX1  0.000  0.000    1.058  
      -------------------------------------------------------------------------
Path 27: VIOLATED Setup Check with Pin fifomem/mem_reg[8][5]/CK 
Endpoint:   fifomem/mem_reg[8][5]/S0     (v) checked with  leading edge of 'wclk'
Beginpoint: wptr_full_inst/wptr_reg[4]/Q (v) triggered by  leading edge of 'wclk'
Path Groups: {wclk}
Other End Arrival Time          0.000
- Setup                         0.684
+ Phase Shift                   2.000
= Required Time                 1.316
- Arrival Time                  2.374
= Slack Time                   -1.058
     Clock Rise Edge                      0.000
     = Beginpoint Arrival Time            0.000
     Timing Path:
      --------------------------------------------------------------------------------------
      Pin                            Edge  Net           Cell       Delay  Arrival  Required  
                                                                           Time     Time  
      --------------------------------------------------------------------------------------
      wclk                           ^     wclk          -          -      0.000    -1.058  
      wptr_full_inst/wptr_reg[4]/CK  ^     wclk          SDFFRHQX1  0.000  0.000    -1.058  
      wptr_full_inst/wptr_reg[4]/Q   v     DFT_sdo_1     SDFFRHQX1  0.378  0.378    -0.680  
      wptr_full_inst/g211/A          v     DFT_sdo_1     CLKXOR2X1  0.000  0.378    -0.680  
      wptr_full_inst/g211/Y          ^     waddr[3]      CLKXOR2X1  0.310  0.688    -0.370  
      wptr_full_inst/g204/B          ^     waddr[3]      CLKXOR2X1  0.000  0.688    -0.370  
      wptr_full_inst/g204/Y          v     waddr[2]      CLKXOR2X1  0.265  0.954    -0.105  
      wptr_full_inst/g202/B          v     waddr[2]      CLKXOR2X1  0.000  0.954    -0.105  
      wptr_full_inst/g202/Y          ^     waddr[1]      CLKXOR2X1  0.266  1.219    0.161  
      wptr_full_inst/g201/B          ^     waddr[1]      CLKXOR2X1  0.000  1.219    0.161  
      wptr_full_inst/g201/Y          v     waddr[0]      CLKXOR2X1  0.265  1.485    0.427  
      fifomem/g843/B                 v     waddr[0]      NOR2BXL    0.000  1.485    0.427  
      fifomem/g843/Y                 ^     fifomem/n_12  NOR2BXL    0.197  1.682    0.624  
      fifomem/g840/B                 ^     fifomem/n_12  NAND2XL    0.000  1.682    0.624  
      fifomem/g840/Y                 v     fifomem/n_15  NAND2XL    0.692  2.374    1.316  
      fifomem/mem_reg[8][5]/S0       v     fifomem/n_15  SMDFFHQX1  0.000  2.374    1.316  
      --------------------------------------------------------------------------------------
     Clock Rise Edge                      0.000
     = Beginpoint Arrival Time            0.000
     Other End Path:
      -------------------------------------------------------------------------
      Pin                       Edge  Net   Cell       Delay  Arrival  Required  
                                                              Time     Time  
      -------------------------------------------------------------------------
      wclk                      ^     wclk  -          -      0.000    1.058  
      fifomem/mem_reg[8][5]/CK  ^     wclk  SMDFFHQX1  0.000  0.000    1.058  
      -------------------------------------------------------------------------
Path 28: VIOLATED Setup Check with Pin fifomem/mem_reg[8][4]/CK 
Endpoint:   fifomem/mem_reg[8][4]/S0     (v) checked with  leading edge of 'wclk'
Beginpoint: wptr_full_inst/wptr_reg[4]/Q (v) triggered by  leading edge of 'wclk'
Path Groups: {wclk}
Other End Arrival Time          0.000
- Setup                         0.684
+ Phase Shift                   2.000
= Required Time                 1.316
- Arrival Time                  2.374
= Slack Time                   -1.058
     Clock Rise Edge                      0.000
     = Beginpoint Arrival Time            0.000
     Timing Path:
      --------------------------------------------------------------------------------------
      Pin                            Edge  Net           Cell       Delay  Arrival  Required  
                                                                           Time     Time  
      --------------------------------------------------------------------------------------
      wclk                           ^     wclk          -          -      0.000    -1.058  
      wptr_full_inst/wptr_reg[4]/CK  ^     wclk          SDFFRHQX1  0.000  0.000    -1.058  
      wptr_full_inst/wptr_reg[4]/Q   v     DFT_sdo_1     SDFFRHQX1  0.378  0.378    -0.680  
      wptr_full_inst/g211/A          v     DFT_sdo_1     CLKXOR2X1  0.000  0.378    -0.680  
      wptr_full_inst/g211/Y          ^     waddr[3]      CLKXOR2X1  0.310  0.688    -0.370  
      wptr_full_inst/g204/B          ^     waddr[3]      CLKXOR2X1  0.000  0.688    -0.370  
      wptr_full_inst/g204/Y          v     waddr[2]      CLKXOR2X1  0.265  0.954    -0.105  
      wptr_full_inst/g202/B          v     waddr[2]      CLKXOR2X1  0.000  0.954    -0.105  
      wptr_full_inst/g202/Y          ^     waddr[1]      CLKXOR2X1  0.266  1.219    0.161  
      wptr_full_inst/g201/B          ^     waddr[1]      CLKXOR2X1  0.000  1.219    0.161  
      wptr_full_inst/g201/Y          v     waddr[0]      CLKXOR2X1  0.265  1.485    0.427  
      fifomem/g843/B                 v     waddr[0]      NOR2BXL    0.000  1.485    0.427  
      fifomem/g843/Y                 ^     fifomem/n_12  NOR2BXL    0.197  1.682    0.624  
      fifomem/g840/B                 ^     fifomem/n_12  NAND2XL    0.000  1.682    0.624  
      fifomem/g840/Y                 v     fifomem/n_15  NAND2XL    0.692  2.374    1.316  
      fifomem/mem_reg[8][4]/S0       v     fifomem/n_15  SMDFFHQX1  0.000  2.374    1.316  
      --------------------------------------------------------------------------------------
     Clock Rise Edge                      0.000
     = Beginpoint Arrival Time            0.000
     Other End Path:
      -------------------------------------------------------------------------
      Pin                       Edge  Net   Cell       Delay  Arrival  Required  
                                                              Time     Time  
      -------------------------------------------------------------------------
      wclk                      ^     wclk  -          -      0.000    1.058  
      fifomem/mem_reg[8][4]/CK  ^     wclk  SMDFFHQX1  0.000  0.000    1.058  
      -------------------------------------------------------------------------
Path 29: VIOLATED Setup Check with Pin fifomem/mem_reg[8][3]/CK 
Endpoint:   fifomem/mem_reg[8][3]/S0     (v) checked with  leading edge of 'wclk'
Beginpoint: wptr_full_inst/wptr_reg[4]/Q (v) triggered by  leading edge of 'wclk'
Path Groups: {wclk}
Other End Arrival Time          0.000
- Setup                         0.684
+ Phase Shift                   2.000
= Required Time                 1.316
- Arrival Time                  2.374
= Slack Time                   -1.058
     Clock Rise Edge                      0.000
     = Beginpoint Arrival Time            0.000
     Timing Path:
      --------------------------------------------------------------------------------------
      Pin                            Edge  Net           Cell       Delay  Arrival  Required  
                                                                           Time     Time  
      --------------------------------------------------------------------------------------
      wclk                           ^     wclk          -          -      0.000    -1.058  
      wptr_full_inst/wptr_reg[4]/CK  ^     wclk          SDFFRHQX1  0.000  0.000    -1.058  
      wptr_full_inst/wptr_reg[4]/Q   v     DFT_sdo_1     SDFFRHQX1  0.378  0.378    -0.680  
      wptr_full_inst/g211/A          v     DFT_sdo_1     CLKXOR2X1  0.000  0.378    -0.680  
      wptr_full_inst/g211/Y          ^     waddr[3]      CLKXOR2X1  0.310  0.688    -0.370  
      wptr_full_inst/g204/B          ^     waddr[3]      CLKXOR2X1  0.000  0.688    -0.370  
      wptr_full_inst/g204/Y          v     waddr[2]      CLKXOR2X1  0.265  0.954    -0.105  
      wptr_full_inst/g202/B          v     waddr[2]      CLKXOR2X1  0.000  0.954    -0.105  
      wptr_full_inst/g202/Y          ^     waddr[1]      CLKXOR2X1  0.266  1.219    0.161  
      wptr_full_inst/g201/B          ^     waddr[1]      CLKXOR2X1  0.000  1.219    0.161  
      wptr_full_inst/g201/Y          v     waddr[0]      CLKXOR2X1  0.265  1.485    0.427  
      fifomem/g843/B                 v     waddr[0]      NOR2BXL    0.000  1.485    0.427  
      fifomem/g843/Y                 ^     fifomem/n_12  NOR2BXL    0.197  1.682    0.624  
      fifomem/g840/B                 ^     fifomem/n_12  NAND2XL    0.000  1.682    0.624  
      fifomem/g840/Y                 v     fifomem/n_15  NAND2XL    0.692  2.374    1.316  
      fifomem/mem_reg[8][3]/S0       v     fifomem/n_15  SMDFFHQX1  0.000  2.374    1.316  
      --------------------------------------------------------------------------------------
     Clock Rise Edge                      0.000
     = Beginpoint Arrival Time            0.000
     Other End Path:
      -------------------------------------------------------------------------
      Pin                       Edge  Net   Cell       Delay  Arrival  Required  
                                                              Time     Time  
      -------------------------------------------------------------------------
      wclk                      ^     wclk  -          -      0.000    1.058  
      fifomem/mem_reg[8][3]/CK  ^     wclk  SMDFFHQX1  0.000  0.000    1.058  
      -------------------------------------------------------------------------
Path 30: VIOLATED Setup Check with Pin fifomem/mem_reg[8][2]/CK 
Endpoint:   fifomem/mem_reg[8][2]/S0     (v) checked with  leading edge of 'wclk'
Beginpoint: wptr_full_inst/wptr_reg[4]/Q (v) triggered by  leading edge of 'wclk'
Path Groups: {wclk}
Other End Arrival Time          0.000
- Setup                         0.684
+ Phase Shift                   2.000
= Required Time                 1.316
- Arrival Time                  2.374
= Slack Time                   -1.058
     Clock Rise Edge                      0.000
     = Beginpoint Arrival Time            0.000
     Timing Path:
      --------------------------------------------------------------------------------------
      Pin                            Edge  Net           Cell       Delay  Arrival  Required  
                                                                           Time     Time  
      --------------------------------------------------------------------------------------
      wclk                           ^     wclk          -          -      0.000    -1.058  
      wptr_full_inst/wptr_reg[4]/CK  ^     wclk          SDFFRHQX1  0.000  0.000    -1.058  
      wptr_full_inst/wptr_reg[4]/Q   v     DFT_sdo_1     SDFFRHQX1  0.378  0.378    -0.680  
      wptr_full_inst/g211/A          v     DFT_sdo_1     CLKXOR2X1  0.000  0.378    -0.680  
      wptr_full_inst/g211/Y          ^     waddr[3]      CLKXOR2X1  0.310  0.688    -0.370  
      wptr_full_inst/g204/B          ^     waddr[3]      CLKXOR2X1  0.000  0.688    -0.370  
      wptr_full_inst/g204/Y          v     waddr[2]      CLKXOR2X1  0.265  0.954    -0.105  
      wptr_full_inst/g202/B          v     waddr[2]      CLKXOR2X1  0.000  0.954    -0.105  
      wptr_full_inst/g202/Y          ^     waddr[1]      CLKXOR2X1  0.266  1.219    0.161  
      wptr_full_inst/g201/B          ^     waddr[1]      CLKXOR2X1  0.000  1.219    0.161  
      wptr_full_inst/g201/Y          v     waddr[0]      CLKXOR2X1  0.265  1.485    0.427  
      fifomem/g843/B                 v     waddr[0]      NOR2BXL    0.000  1.485    0.427  
      fifomem/g843/Y                 ^     fifomem/n_12  NOR2BXL    0.197  1.682    0.624  
      fifomem/g840/B                 ^     fifomem/n_12  NAND2XL    0.000  1.682    0.624  
      fifomem/g840/Y                 v     fifomem/n_15  NAND2XL    0.692  2.374    1.316  
      fifomem/mem_reg[8][2]/S0       v     fifomem/n_15  SMDFFHQX1  0.000  2.374    1.316  
      --------------------------------------------------------------------------------------
     Clock Rise Edge                      0.000
     = Beginpoint Arrival Time            0.000
     Other End Path:
      -------------------------------------------------------------------------
      Pin                       Edge  Net   Cell       Delay  Arrival  Required  
                                                              Time     Time  
      -------------------------------------------------------------------------
      wclk                      ^     wclk  -          -      0.000    1.058  
      fifomem/mem_reg[8][2]/CK  ^     wclk  SMDFFHQX1  0.000  0.000    1.058  
      -------------------------------------------------------------------------

