###############################################################
#  Generated by:      Cadence Tempus 20.10-p003_1
#  OS:                Linux x86_64(Host ID edatools-server2.iiitd.edu.in)
#  Generated on:      Mon Nov 10 19:17:44 2025
#  Design:            FIFO
#  Command:           report_timing -early -max_paths 30 -nworst 30 -path_type full_clock -net > $report_dir/gba_hold.rpt
###############################################################
Path 1: VIOLATED Hold Check with Pin fifomem/mem_reg[3][5]/CK 
Endpoint:   fifomem/mem_reg[3][5]/SE (v) checked with  leading edge of 'wclk'
Beginpoint: scan_en                  (v) triggered by  leading edge of '@'
Path Groups: {wclk}
Other End Arrival Time          0.000
+ Hold                          0.221
+ Phase Shift                   0.000
= Required Time                 0.221
  Arrival Time                  0.000
  Slack Time                   -0.221
     Clock Rise Edge                      0.000
     + Input Delay                        0.000
     = Beginpoint Arrival Time            0.000
     Timing Path:
      ----------------------------------------------------------------------------
      Pin                       Edge  Net      Cell       Delay  Arrival  Required  
                                                                 Time     Time  
      ----------------------------------------------------------------------------
      scan_en                   v     scan_en  -          -      0.000    0.221  
      fifomem/mem_reg[3][5]/SE  v     scan_en  SMDFFHQX1  0.000  0.000    0.221  
      ----------------------------------------------------------------------------
     Clock Rise Edge                      0.000
     = Beginpoint Arrival Time            0.000
     Other End Path:
      -------------------------------------------------------------------------
      Pin                       Edge  Net   Cell       Delay  Arrival  Required  
                                                              Time     Time  
      -------------------------------------------------------------------------
      wclk                      ^     wclk  -          -      0.000    -0.221  
      fifomem/mem_reg[3][5]/CK  ^     wclk  SMDFFHQX1  0.000  0.000    -0.221  
      -------------------------------------------------------------------------
Path 2: VIOLATED Hold Check with Pin fifomem/mem_reg[3][4]/CK 
Endpoint:   fifomem/mem_reg[3][4]/SE (v) checked with  leading edge of 'wclk'
Beginpoint: scan_en                  (v) triggered by  leading edge of '@'
Path Groups: {wclk}
Other End Arrival Time          0.000
+ Hold                          0.221
+ Phase Shift                   0.000
= Required Time                 0.221
  Arrival Time                  0.000
  Slack Time                   -0.221
     Clock Rise Edge                      0.000
     + Input Delay                        0.000
     = Beginpoint Arrival Time            0.000
     Timing Path:
      ----------------------------------------------------------------------------
      Pin                       Edge  Net      Cell       Delay  Arrival  Required  
                                                                 Time     Time  
      ----------------------------------------------------------------------------
      scan_en                   v     scan_en  -          -      0.000    0.221  
      fifomem/mem_reg[3][4]/SE  v     scan_en  SMDFFHQX1  0.000  0.000    0.221  
      ----------------------------------------------------------------------------
     Clock Rise Edge                      0.000
     = Beginpoint Arrival Time            0.000
     Other End Path:
      -------------------------------------------------------------------------
      Pin                       Edge  Net   Cell       Delay  Arrival  Required  
                                                              Time     Time  
      -------------------------------------------------------------------------
      wclk                      ^     wclk  -          -      0.000    -0.221  
      fifomem/mem_reg[3][4]/CK  ^     wclk  SMDFFHQX1  0.000  0.000    -0.221  
      -------------------------------------------------------------------------
Path 3: VIOLATED Hold Check with Pin fifomem/mem_reg[3][3]/CK 
Endpoint:   fifomem/mem_reg[3][3]/SE (v) checked with  leading edge of 'wclk'
Beginpoint: scan_en                  (v) triggered by  leading edge of '@'
Path Groups: {wclk}
Other End Arrival Time          0.000
+ Hold                          0.221
+ Phase Shift                   0.000
= Required Time                 0.221
  Arrival Time                  0.000
  Slack Time                   -0.221
     Clock Rise Edge                      0.000
     + Input Delay                        0.000
     = Beginpoint Arrival Time            0.000
     Timing Path:
      ----------------------------------------------------------------------------
      Pin                       Edge  Net      Cell       Delay  Arrival  Required  
                                                                 Time     Time  
      ----------------------------------------------------------------------------
      scan_en                   v     scan_en  -          -      0.000    0.221  
      fifomem/mem_reg[3][3]/SE  v     scan_en  SMDFFHQX1  0.000  0.000    0.221  
      ----------------------------------------------------------------------------
     Clock Rise Edge                      0.000
     = Beginpoint Arrival Time            0.000
     Other End Path:
      -------------------------------------------------------------------------
      Pin                       Edge  Net   Cell       Delay  Arrival  Required  
                                                              Time     Time  
      -------------------------------------------------------------------------
      wclk                      ^     wclk  -          -      0.000    -0.221  
      fifomem/mem_reg[3][3]/CK  ^     wclk  SMDFFHQX1  0.000  0.000    -0.221  
      -------------------------------------------------------------------------
Path 4: VIOLATED Hold Check with Pin fifomem/mem_reg[3][2]/CK 
Endpoint:   fifomem/mem_reg[3][2]/SE (v) checked with  leading edge of 'wclk'
Beginpoint: scan_en                  (v) triggered by  leading edge of '@'
Path Groups: {wclk}
Other End Arrival Time          0.000
+ Hold                          0.221
+ Phase Shift                   0.000
= Required Time                 0.221
  Arrival Time                  0.000
  Slack Time                   -0.221
     Clock Rise Edge                      0.000
     + Input Delay                        0.000
     = Beginpoint Arrival Time            0.000
     Timing Path:
      ----------------------------------------------------------------------------
      Pin                       Edge  Net      Cell       Delay  Arrival  Required  
                                                                 Time     Time  
      ----------------------------------------------------------------------------
      scan_en                   v     scan_en  -          -      0.000    0.221  
      fifomem/mem_reg[3][2]/SE  v     scan_en  SMDFFHQX1  0.000  0.000    0.221  
      ----------------------------------------------------------------------------
     Clock Rise Edge                      0.000
     = Beginpoint Arrival Time            0.000
     Other End Path:
      -------------------------------------------------------------------------
      Pin                       Edge  Net   Cell       Delay  Arrival  Required  
                                                              Time     Time  
      -------------------------------------------------------------------------
      wclk                      ^     wclk  -          -      0.000    -0.221  
      fifomem/mem_reg[3][2]/CK  ^     wclk  SMDFFHQX1  0.000  0.000    -0.221  
      -------------------------------------------------------------------------
Path 5: VIOLATED Hold Check with Pin fifomem/mem_reg[3][1]/CK 
Endpoint:   fifomem/mem_reg[3][1]/SE (v) checked with  leading edge of 'wclk'
Beginpoint: scan_en                  (v) triggered by  leading edge of '@'
Path Groups: {wclk}
Other End Arrival Time          0.000
+ Hold                          0.221
+ Phase Shift                   0.000
= Required Time                 0.221
  Arrival Time                  0.000
  Slack Time                   -0.221
     Clock Rise Edge                      0.000
     + Input Delay                        0.000
     = Beginpoint Arrival Time            0.000
     Timing Path:
      ----------------------------------------------------------------------------
      Pin                       Edge  Net      Cell       Delay  Arrival  Required  
                                                                 Time     Time  
      ----------------------------------------------------------------------------
      scan_en                   v     scan_en  -          -      0.000    0.221  
      fifomem/mem_reg[3][1]/SE  v     scan_en  SMDFFHQX1  0.000  0.000    0.221  
      ----------------------------------------------------------------------------
     Clock Rise Edge                      0.000
     = Beginpoint Arrival Time            0.000
     Other End Path:
      -------------------------------------------------------------------------
      Pin                       Edge  Net   Cell       Delay  Arrival  Required  
                                                              Time     Time  
      -------------------------------------------------------------------------
      wclk                      ^     wclk  -          -      0.000    -0.221  
      fifomem/mem_reg[3][1]/CK  ^     wclk  SMDFFHQX1  0.000  0.000    -0.221  
      -------------------------------------------------------------------------
Path 6: VIOLATED Hold Check with Pin fifomem/mem_reg[3][0]/CK 
Endpoint:   fifomem/mem_reg[3][0]/SE (v) checked with  leading edge of 'wclk'
Beginpoint: scan_en                  (v) triggered by  leading edge of '@'
Path Groups: {wclk}
Other End Arrival Time          0.000
+ Hold                          0.221
+ Phase Shift                   0.000
= Required Time                 0.221
  Arrival Time                  0.000
  Slack Time                   -0.221
     Clock Rise Edge                      0.000
     + Input Delay                        0.000
     = Beginpoint Arrival Time            0.000
     Timing Path:
      ----------------------------------------------------------------------------
      Pin                       Edge  Net      Cell       Delay  Arrival  Required  
                                                                 Time     Time  
      ----------------------------------------------------------------------------
      scan_en                   v     scan_en  -          -      0.000    0.221  
      fifomem/mem_reg[3][0]/SE  v     scan_en  SMDFFHQX1  0.000  0.000    0.221  
      ----------------------------------------------------------------------------
     Clock Rise Edge                      0.000
     = Beginpoint Arrival Time            0.000
     Other End Path:
      -------------------------------------------------------------------------
      Pin                       Edge  Net   Cell       Delay  Arrival  Required  
                                                              Time     Time  
      -------------------------------------------------------------------------
      wclk                      ^     wclk  -          -      0.000    -0.221  
      fifomem/mem_reg[3][0]/CK  ^     wclk  SMDFFHQX1  0.000  0.000    -0.221  
      -------------------------------------------------------------------------
Path 7: VIOLATED Hold Check with Pin fifomem/mem_reg[2][7]/CK 
Endpoint:   fifomem/mem_reg[2][7]/SE (v) checked with  leading edge of 'wclk'
Beginpoint: scan_en                  (v) triggered by  leading edge of '@'
Path Groups: {wclk}
Other End Arrival Time          0.000
+ Hold                          0.221
+ Phase Shift                   0.000
= Required Time                 0.221
  Arrival Time                  0.000
  Slack Time                   -0.221
     Clock Rise Edge                      0.000
     + Input Delay                        0.000
     = Beginpoint Arrival Time            0.000
     Timing Path:
      ----------------------------------------------------------------------------
      Pin                       Edge  Net      Cell       Delay  Arrival  Required  
                                                                 Time     Time  
      ----------------------------------------------------------------------------
      scan_en                   v     scan_en  -          -      0.000    0.221  
      fifomem/mem_reg[2][7]/SE  v     scan_en  SMDFFHQX1  0.000  0.000    0.221  
      ----------------------------------------------------------------------------
     Clock Rise Edge                      0.000
     = Beginpoint Arrival Time            0.000
     Other End Path:
      -------------------------------------------------------------------------
      Pin                       Edge  Net   Cell       Delay  Arrival  Required  
                                                              Time     Time  
      -------------------------------------------------------------------------
      wclk                      ^     wclk  -          -      0.000    -0.221  
      fifomem/mem_reg[2][7]/CK  ^     wclk  SMDFFHQX1  0.000  0.000    -0.221  
      -------------------------------------------------------------------------
Path 8: VIOLATED Hold Check with Pin fifomem/mem_reg[2][6]/CK 
Endpoint:   fifomem/mem_reg[2][6]/SE (v) checked with  leading edge of 'wclk'
Beginpoint: scan_en                  (v) triggered by  leading edge of '@'
Path Groups: {wclk}
Other End Arrival Time          0.000
+ Hold                          0.221
+ Phase Shift                   0.000
= Required Time                 0.221
  Arrival Time                  0.000
  Slack Time                   -0.221
     Clock Rise Edge                      0.000
     + Input Delay                        0.000
     = Beginpoint Arrival Time            0.000
     Timing Path:
      ----------------------------------------------------------------------------
      Pin                       Edge  Net      Cell       Delay  Arrival  Required  
                                                                 Time     Time  
      ----------------------------------------------------------------------------
      scan_en                   v     scan_en  -          -      0.000    0.221  
      fifomem/mem_reg[2][6]/SE  v     scan_en  SMDFFHQX1  0.000  0.000    0.221  
      ----------------------------------------------------------------------------
     Clock Rise Edge                      0.000
     = Beginpoint Arrival Time            0.000
     Other End Path:
      -------------------------------------------------------------------------
      Pin                       Edge  Net   Cell       Delay  Arrival  Required  
                                                              Time     Time  
      -------------------------------------------------------------------------
      wclk                      ^     wclk  -          -      0.000    -0.221  
      fifomem/mem_reg[2][6]/CK  ^     wclk  SMDFFHQX1  0.000  0.000    -0.221  
      -------------------------------------------------------------------------
Path 9: VIOLATED Hold Check with Pin fifomem/mem_reg[2][5]/CK 
Endpoint:   fifomem/mem_reg[2][5]/SE (v) checked with  leading edge of 'wclk'
Beginpoint: scan_en                  (v) triggered by  leading edge of '@'
Path Groups: {wclk}
Other End Arrival Time          0.000
+ Hold                          0.221
+ Phase Shift                   0.000
= Required Time                 0.221
  Arrival Time                  0.000
  Slack Time                   -0.221
     Clock Rise Edge                      0.000
     + Input Delay                        0.000
     = Beginpoint Arrival Time            0.000
     Timing Path:
      ----------------------------------------------------------------------------
      Pin                       Edge  Net      Cell       Delay  Arrival  Required  
                                                                 Time     Time  
      ----------------------------------------------------------------------------
      scan_en                   v     scan_en  -          -      0.000    0.221  
      fifomem/mem_reg[2][5]/SE  v     scan_en  SMDFFHQX1  0.000  0.000    0.221  
      ----------------------------------------------------------------------------
     Clock Rise Edge                      0.000
     = Beginpoint Arrival Time            0.000
     Other End Path:
      -------------------------------------------------------------------------
      Pin                       Edge  Net   Cell       Delay  Arrival  Required  
                                                              Time     Time  
      -------------------------------------------------------------------------
      wclk                      ^     wclk  -          -      0.000    -0.221  
      fifomem/mem_reg[2][5]/CK  ^     wclk  SMDFFHQX1  0.000  0.000    -0.221  
      -------------------------------------------------------------------------
Path 10: VIOLATED Hold Check with Pin fifomem/mem_reg[2][4]/CK 
Endpoint:   fifomem/mem_reg[2][4]/SE (v) checked with  leading edge of 'wclk'
Beginpoint: scan_en                  (v) triggered by  leading edge of '@'
Path Groups: {wclk}
Other End Arrival Time          0.000
+ Hold                          0.221
+ Phase Shift                   0.000
= Required Time                 0.221
  Arrival Time                  0.000
  Slack Time                   -0.221
     Clock Rise Edge                      0.000
     + Input Delay                        0.000
     = Beginpoint Arrival Time            0.000
     Timing Path:
      ----------------------------------------------------------------------------
      Pin                       Edge  Net      Cell       Delay  Arrival  Required  
                                                                 Time     Time  
      ----------------------------------------------------------------------------
      scan_en                   v     scan_en  -          -      0.000    0.221  
      fifomem/mem_reg[2][4]/SE  v     scan_en  SMDFFHQX1  0.000  0.000    0.221  
      ----------------------------------------------------------------------------
     Clock Rise Edge                      0.000
     = Beginpoint Arrival Time            0.000
     Other End Path:
      -------------------------------------------------------------------------
      Pin                       Edge  Net   Cell       Delay  Arrival  Required  
                                                              Time     Time  
      -------------------------------------------------------------------------
      wclk                      ^     wclk  -          -      0.000    -0.221  
      fifomem/mem_reg[2][4]/CK  ^     wclk  SMDFFHQX1  0.000  0.000    -0.221  
      -------------------------------------------------------------------------
Path 11: VIOLATED Hold Check with Pin fifomem/mem_reg[2][3]/CK 
Endpoint:   fifomem/mem_reg[2][3]/SE (v) checked with  leading edge of 'wclk'
Beginpoint: scan_en                  (v) triggered by  leading edge of '@'
Path Groups: {wclk}
Other End Arrival Time          0.000
+ Hold                          0.221
+ Phase Shift                   0.000
= Required Time                 0.221
  Arrival Time                  0.000
  Slack Time                   -0.221
     Clock Rise Edge                      0.000
     + Input Delay                        0.000
     = Beginpoint Arrival Time            0.000
     Timing Path:
      ----------------------------------------------------------------------------
      Pin                       Edge  Net      Cell       Delay  Arrival  Required  
                                                                 Time     Time  
      ----------------------------------------------------------------------------
      scan_en                   v     scan_en  -          -      0.000    0.221  
      fifomem/mem_reg[2][3]/SE  v     scan_en  SMDFFHQX1  0.000  0.000    0.221  
      ----------------------------------------------------------------------------
     Clock Rise Edge                      0.000
     = Beginpoint Arrival Time            0.000
     Other End Path:
      -------------------------------------------------------------------------
      Pin                       Edge  Net   Cell       Delay  Arrival  Required  
                                                              Time     Time  
      -------------------------------------------------------------------------
      wclk                      ^     wclk  -          -      0.000    -0.221  
      fifomem/mem_reg[2][3]/CK  ^     wclk  SMDFFHQX1  0.000  0.000    -0.221  
      -------------------------------------------------------------------------
Path 12: VIOLATED Hold Check with Pin fifomem/mem_reg[2][2]/CK 
Endpoint:   fifomem/mem_reg[2][2]/SE (v) checked with  leading edge of 'wclk'
Beginpoint: scan_en                  (v) triggered by  leading edge of '@'
Path Groups: {wclk}
Other End Arrival Time          0.000
+ Hold                          0.221
+ Phase Shift                   0.000
= Required Time                 0.221
  Arrival Time                  0.000
  Slack Time                   -0.221
     Clock Rise Edge                      0.000
     + Input Delay                        0.000
     = Beginpoint Arrival Time            0.000
     Timing Path:
      ----------------------------------------------------------------------------
      Pin                       Edge  Net      Cell       Delay  Arrival  Required  
                                                                 Time     Time  
      ----------------------------------------------------------------------------
      scan_en                   v     scan_en  -          -      0.000    0.221  
      fifomem/mem_reg[2][2]/SE  v     scan_en  SMDFFHQX1  0.000  0.000    0.221  
      ----------------------------------------------------------------------------
     Clock Rise Edge                      0.000
     = Beginpoint Arrival Time            0.000
     Other End Path:
      -------------------------------------------------------------------------
      Pin                       Edge  Net   Cell       Delay  Arrival  Required  
                                                              Time     Time  
      -------------------------------------------------------------------------
      wclk                      ^     wclk  -          -      0.000    -0.221  
      fifomem/mem_reg[2][2]/CK  ^     wclk  SMDFFHQX1  0.000  0.000    -0.221  
      -------------------------------------------------------------------------
Path 13: VIOLATED Hold Check with Pin fifomem/mem_reg[2][1]/CK 
Endpoint:   fifomem/mem_reg[2][1]/SE (v) checked with  leading edge of 'wclk'
Beginpoint: scan_en                  (v) triggered by  leading edge of '@'
Path Groups: {wclk}
Other End Arrival Time          0.000
+ Hold                          0.221
+ Phase Shift                   0.000
= Required Time                 0.221
  Arrival Time                  0.000
  Slack Time                   -0.221
     Clock Rise Edge                      0.000
     + Input Delay                        0.000
     = Beginpoint Arrival Time            0.000
     Timing Path:
      ----------------------------------------------------------------------------
      Pin                       Edge  Net      Cell       Delay  Arrival  Required  
                                                                 Time     Time  
      ----------------------------------------------------------------------------
      scan_en                   v     scan_en  -          -      0.000    0.221  
      fifomem/mem_reg[2][1]/SE  v     scan_en  SMDFFHQX1  0.000  0.000    0.221  
      ----------------------------------------------------------------------------
     Clock Rise Edge                      0.000
     = Beginpoint Arrival Time            0.000
     Other End Path:
      -------------------------------------------------------------------------
      Pin                       Edge  Net   Cell       Delay  Arrival  Required  
                                                              Time     Time  
      -------------------------------------------------------------------------
      wclk                      ^     wclk  -          -      0.000    -0.221  
      fifomem/mem_reg[2][1]/CK  ^     wclk  SMDFFHQX1  0.000  0.000    -0.221  
      -------------------------------------------------------------------------
Path 14: VIOLATED Hold Check with Pin fifomem/mem_reg[2][0]/CK 
Endpoint:   fifomem/mem_reg[2][0]/SE (v) checked with  leading edge of 'wclk'
Beginpoint: scan_en                  (v) triggered by  leading edge of '@'
Path Groups: {wclk}
Other End Arrival Time          0.000
+ Hold                          0.221
+ Phase Shift                   0.000
= Required Time                 0.221
  Arrival Time                  0.000
  Slack Time                   -0.221
     Clock Rise Edge                      0.000
     + Input Delay                        0.000
     = Beginpoint Arrival Time            0.000
     Timing Path:
      ----------------------------------------------------------------------------
      Pin                       Edge  Net      Cell       Delay  Arrival  Required  
                                                                 Time     Time  
      ----------------------------------------------------------------------------
      scan_en                   v     scan_en  -          -      0.000    0.221  
      fifomem/mem_reg[2][0]/SE  v     scan_en  SMDFFHQX1  0.000  0.000    0.221  
      ----------------------------------------------------------------------------
     Clock Rise Edge                      0.000
     = Beginpoint Arrival Time            0.000
     Other End Path:
      -------------------------------------------------------------------------
      Pin                       Edge  Net   Cell       Delay  Arrival  Required  
                                                              Time     Time  
      -------------------------------------------------------------------------
      wclk                      ^     wclk  -          -      0.000    -0.221  
      fifomem/mem_reg[2][0]/CK  ^     wclk  SMDFFHQX1  0.000  0.000    -0.221  
      -------------------------------------------------------------------------
Path 15: VIOLATED Hold Check with Pin fifomem/mem_reg[1][7]/CK 
Endpoint:   fifomem/mem_reg[1][7]/SE (v) checked with  leading edge of 'wclk'
Beginpoint: scan_en                  (v) triggered by  leading edge of '@'
Path Groups: {wclk}
Other End Arrival Time          0.000
+ Hold                          0.221
+ Phase Shift                   0.000
= Required Time                 0.221
  Arrival Time                  0.000
  Slack Time                   -0.221
     Clock Rise Edge                      0.000
     + Input Delay                        0.000
     = Beginpoint Arrival Time            0.000
     Timing Path:
      ----------------------------------------------------------------------------
      Pin                       Edge  Net      Cell       Delay  Arrival  Required  
                                                                 Time     Time  
      ----------------------------------------------------------------------------
      scan_en                   v     scan_en  -          -      0.000    0.221  
      fifomem/mem_reg[1][7]/SE  v     scan_en  SMDFFHQX1  0.000  0.000    0.221  
      ----------------------------------------------------------------------------
     Clock Rise Edge                      0.000
     = Beginpoint Arrival Time            0.000
     Other End Path:
      -------------------------------------------------------------------------
      Pin                       Edge  Net   Cell       Delay  Arrival  Required  
                                                              Time     Time  
      -------------------------------------------------------------------------
      wclk                      ^     wclk  -          -      0.000    -0.221  
      fifomem/mem_reg[1][7]/CK  ^     wclk  SMDFFHQX1  0.000  0.000    -0.221  
      -------------------------------------------------------------------------
Path 16: VIOLATED Hold Check with Pin fifomem/mem_reg[1][6]/CK 
Endpoint:   fifomem/mem_reg[1][6]/SE (v) checked with  leading edge of 'wclk'
Beginpoint: scan_en                  (v) triggered by  leading edge of '@'
Path Groups: {wclk}
Other End Arrival Time          0.000
+ Hold                          0.221
+ Phase Shift                   0.000
= Required Time                 0.221
  Arrival Time                  0.000
  Slack Time                   -0.221
     Clock Rise Edge                      0.000
     + Input Delay                        0.000
     = Beginpoint Arrival Time            0.000
     Timing Path:
      ----------------------------------------------------------------------------
      Pin                       Edge  Net      Cell       Delay  Arrival  Required  
                                                                 Time     Time  
      ----------------------------------------------------------------------------
      scan_en                   v     scan_en  -          -      0.000    0.221  
      fifomem/mem_reg[1][6]/SE  v     scan_en  SMDFFHQX1  0.000  0.000    0.221  
      ----------------------------------------------------------------------------
     Clock Rise Edge                      0.000
     = Beginpoint Arrival Time            0.000
     Other End Path:
      -------------------------------------------------------------------------
      Pin                       Edge  Net   Cell       Delay  Arrival  Required  
                                                              Time     Time  
      -------------------------------------------------------------------------
      wclk                      ^     wclk  -          -      0.000    -0.221  
      fifomem/mem_reg[1][6]/CK  ^     wclk  SMDFFHQX1  0.000  0.000    -0.221  
      -------------------------------------------------------------------------
Path 17: VIOLATED Hold Check with Pin fifomem/mem_reg[1][5]/CK 
Endpoint:   fifomem/mem_reg[1][5]/SE (v) checked with  leading edge of 'wclk'
Beginpoint: scan_en                  (v) triggered by  leading edge of '@'
Path Groups: {wclk}
Other End Arrival Time          0.000
+ Hold                          0.221
+ Phase Shift                   0.000
= Required Time                 0.221
  Arrival Time                  0.000
  Slack Time                   -0.221
     Clock Rise Edge                      0.000
     + Input Delay                        0.000
     = Beginpoint Arrival Time            0.000
     Timing Path:
      ----------------------------------------------------------------------------
      Pin                       Edge  Net      Cell       Delay  Arrival  Required  
                                                                 Time     Time  
      ----------------------------------------------------------------------------
      scan_en                   v     scan_en  -          -      0.000    0.221  
      fifomem/mem_reg[1][5]/SE  v     scan_en  SMDFFHQX1  0.000  0.000    0.221  
      ----------------------------------------------------------------------------
     Clock Rise Edge                      0.000
     = Beginpoint Arrival Time            0.000
     Other End Path:
      -------------------------------------------------------------------------
      Pin                       Edge  Net   Cell       Delay  Arrival  Required  
                                                              Time     Time  
      -------------------------------------------------------------------------
      wclk                      ^     wclk  -          -      0.000    -0.221  
      fifomem/mem_reg[1][5]/CK  ^     wclk  SMDFFHQX1  0.000  0.000    -0.221  
      -------------------------------------------------------------------------
Path 18: VIOLATED Hold Check with Pin fifomem/mem_reg[1][4]/CK 
Endpoint:   fifomem/mem_reg[1][4]/SE (v) checked with  leading edge of 'wclk'
Beginpoint: scan_en                  (v) triggered by  leading edge of '@'
Path Groups: {wclk}
Other End Arrival Time          0.000
+ Hold                          0.221
+ Phase Shift                   0.000
= Required Time                 0.221
  Arrival Time                  0.000
  Slack Time                   -0.221
     Clock Rise Edge                      0.000
     + Input Delay                        0.000
     = Beginpoint Arrival Time            0.000
     Timing Path:
      ----------------------------------------------------------------------------
      Pin                       Edge  Net      Cell       Delay  Arrival  Required  
                                                                 Time     Time  
      ----------------------------------------------------------------------------
      scan_en                   v     scan_en  -          -      0.000    0.221  
      fifomem/mem_reg[1][4]/SE  v     scan_en  SMDFFHQX1  0.000  0.000    0.221  
      ----------------------------------------------------------------------------
     Clock Rise Edge                      0.000
     = Beginpoint Arrival Time            0.000
     Other End Path:
      -------------------------------------------------------------------------
      Pin                       Edge  Net   Cell       Delay  Arrival  Required  
                                                              Time     Time  
      -------------------------------------------------------------------------
      wclk                      ^     wclk  -          -      0.000    -0.221  
      fifomem/mem_reg[1][4]/CK  ^     wclk  SMDFFHQX1  0.000  0.000    -0.221  
      -------------------------------------------------------------------------
Path 19: VIOLATED Hold Check with Pin fifomem/mem_reg[1][3]/CK 
Endpoint:   fifomem/mem_reg[1][3]/SE (v) checked with  leading edge of 'wclk'
Beginpoint: scan_en                  (v) triggered by  leading edge of '@'
Path Groups: {wclk}
Other End Arrival Time          0.000
+ Hold                          0.221
+ Phase Shift                   0.000
= Required Time                 0.221
  Arrival Time                  0.000
  Slack Time                   -0.221
     Clock Rise Edge                      0.000
     + Input Delay                        0.000
     = Beginpoint Arrival Time            0.000
     Timing Path:
      ----------------------------------------------------------------------------
      Pin                       Edge  Net      Cell       Delay  Arrival  Required  
                                                                 Time     Time  
      ----------------------------------------------------------------------------
      scan_en                   v     scan_en  -          -      0.000    0.221  
      fifomem/mem_reg[1][3]/SE  v     scan_en  SMDFFHQX1  0.000  0.000    0.221  
      ----------------------------------------------------------------------------
     Clock Rise Edge                      0.000
     = Beginpoint Arrival Time            0.000
     Other End Path:
      -------------------------------------------------------------------------
      Pin                       Edge  Net   Cell       Delay  Arrival  Required  
                                                              Time     Time  
      -------------------------------------------------------------------------
      wclk                      ^     wclk  -          -      0.000    -0.221  
      fifomem/mem_reg[1][3]/CK  ^     wclk  SMDFFHQX1  0.000  0.000    -0.221  
      -------------------------------------------------------------------------
Path 20: VIOLATED Hold Check with Pin fifomem/mem_reg[1][2]/CK 
Endpoint:   fifomem/mem_reg[1][2]/SE (v) checked with  leading edge of 'wclk'
Beginpoint: scan_en                  (v) triggered by  leading edge of '@'
Path Groups: {wclk}
Other End Arrival Time          0.000
+ Hold                          0.221
+ Phase Shift                   0.000
= Required Time                 0.221
  Arrival Time                  0.000
  Slack Time                   -0.221
     Clock Rise Edge                      0.000
     + Input Delay                        0.000
     = Beginpoint Arrival Time            0.000
     Timing Path:
      ----------------------------------------------------------------------------
      Pin                       Edge  Net      Cell       Delay  Arrival  Required  
                                                                 Time     Time  
      ----------------------------------------------------------------------------
      scan_en                   v     scan_en  -          -      0.000    0.221  
      fifomem/mem_reg[1][2]/SE  v     scan_en  SMDFFHQX1  0.000  0.000    0.221  
      ----------------------------------------------------------------------------
     Clock Rise Edge                      0.000
     = Beginpoint Arrival Time            0.000
     Other End Path:
      -------------------------------------------------------------------------
      Pin                       Edge  Net   Cell       Delay  Arrival  Required  
                                                              Time     Time  
      -------------------------------------------------------------------------
      wclk                      ^     wclk  -          -      0.000    -0.221  
      fifomem/mem_reg[1][2]/CK  ^     wclk  SMDFFHQX1  0.000  0.000    -0.221  
      -------------------------------------------------------------------------
Path 21: VIOLATED Hold Check with Pin fifomem/mem_reg[1][1]/CK 
Endpoint:   fifomem/mem_reg[1][1]/SE (v) checked with  leading edge of 'wclk'
Beginpoint: scan_en                  (v) triggered by  leading edge of '@'
Path Groups: {wclk}
Other End Arrival Time          0.000
+ Hold                          0.221
+ Phase Shift                   0.000
= Required Time                 0.221
  Arrival Time                  0.000
  Slack Time                   -0.221
     Clock Rise Edge                      0.000
     + Input Delay                        0.000
     = Beginpoint Arrival Time            0.000
     Timing Path:
      ----------------------------------------------------------------------------
      Pin                       Edge  Net      Cell       Delay  Arrival  Required  
                                                                 Time     Time  
      ----------------------------------------------------------------------------
      scan_en                   v     scan_en  -          -      0.000    0.221  
      fifomem/mem_reg[1][1]/SE  v     scan_en  SMDFFHQX1  0.000  0.000    0.221  
      ----------------------------------------------------------------------------
     Clock Rise Edge                      0.000
     = Beginpoint Arrival Time            0.000
     Other End Path:
      -------------------------------------------------------------------------
      Pin                       Edge  Net   Cell       Delay  Arrival  Required  
                                                              Time     Time  
      -------------------------------------------------------------------------
      wclk                      ^     wclk  -          -      0.000    -0.221  
      fifomem/mem_reg[1][1]/CK  ^     wclk  SMDFFHQX1  0.000  0.000    -0.221  
      -------------------------------------------------------------------------
Path 22: VIOLATED Hold Check with Pin fifomem/mem_reg[1][0]/CK 
Endpoint:   fifomem/mem_reg[1][0]/SE (v) checked with  leading edge of 'wclk'
Beginpoint: scan_en                  (v) triggered by  leading edge of '@'
Path Groups: {wclk}
Other End Arrival Time          0.000
+ Hold                          0.221
+ Phase Shift                   0.000
= Required Time                 0.221
  Arrival Time                  0.000
  Slack Time                   -0.221
     Clock Rise Edge                      0.000
     + Input Delay                        0.000
     = Beginpoint Arrival Time            0.000
     Timing Path:
      ----------------------------------------------------------------------------
      Pin                       Edge  Net      Cell       Delay  Arrival  Required  
                                                                 Time     Time  
      ----------------------------------------------------------------------------
      scan_en                   v     scan_en  -          -      0.000    0.221  
      fifomem/mem_reg[1][0]/SE  v     scan_en  SMDFFHQX1  0.000  0.000    0.221  
      ----------------------------------------------------------------------------
     Clock Rise Edge                      0.000
     = Beginpoint Arrival Time            0.000
     Other End Path:
      -------------------------------------------------------------------------
      Pin                       Edge  Net   Cell       Delay  Arrival  Required  
                                                              Time     Time  
      -------------------------------------------------------------------------
      wclk                      ^     wclk  -          -      0.000    -0.221  
      fifomem/mem_reg[1][0]/CK  ^     wclk  SMDFFHQX1  0.000  0.000    -0.221  
      -------------------------------------------------------------------------
Path 23: VIOLATED Hold Check with Pin fifomem/mem_reg[0][7]/CK 
Endpoint:   fifomem/mem_reg[0][7]/SE (v) checked with  leading edge of 'wclk'
Beginpoint: scan_en                  (v) triggered by  leading edge of '@'
Path Groups: {wclk}
Other End Arrival Time          0.000
+ Hold                          0.221
+ Phase Shift                   0.000
= Required Time                 0.221
  Arrival Time                  0.000
  Slack Time                   -0.221
     Clock Rise Edge                      0.000
     + Input Delay                        0.000
     = Beginpoint Arrival Time            0.000
     Timing Path:
      ----------------------------------------------------------------------------
      Pin                       Edge  Net      Cell       Delay  Arrival  Required  
                                                                 Time     Time  
      ----------------------------------------------------------------------------
      scan_en                   v     scan_en  -          -      0.000    0.221  
      fifomem/mem_reg[0][7]/SE  v     scan_en  SMDFFHQX1  0.000  0.000    0.221  
      ----------------------------------------------------------------------------
     Clock Rise Edge                      0.000
     = Beginpoint Arrival Time            0.000
     Other End Path:
      -------------------------------------------------------------------------
      Pin                       Edge  Net   Cell       Delay  Arrival  Required  
                                                              Time     Time  
      -------------------------------------------------------------------------
      wclk                      ^     wclk  -          -      0.000    -0.221  
      fifomem/mem_reg[0][7]/CK  ^     wclk  SMDFFHQX1  0.000  0.000    -0.221  
      -------------------------------------------------------------------------
Path 24: VIOLATED Hold Check with Pin fifomem/mem_reg[0][6]/CK 
Endpoint:   fifomem/mem_reg[0][6]/SE (v) checked with  leading edge of 'wclk'
Beginpoint: scan_en                  (v) triggered by  leading edge of '@'
Path Groups: {wclk}
Other End Arrival Time          0.000
+ Hold                          0.221
+ Phase Shift                   0.000
= Required Time                 0.221
  Arrival Time                  0.000
  Slack Time                   -0.221
     Clock Rise Edge                      0.000
     + Input Delay                        0.000
     = Beginpoint Arrival Time            0.000
     Timing Path:
      ----------------------------------------------------------------------------
      Pin                       Edge  Net      Cell       Delay  Arrival  Required  
                                                                 Time     Time  
      ----------------------------------------------------------------------------
      scan_en                   v     scan_en  -          -      0.000    0.221  
      fifomem/mem_reg[0][6]/SE  v     scan_en  SMDFFHQX1  0.000  0.000    0.221  
      ----------------------------------------------------------------------------
     Clock Rise Edge                      0.000
     = Beginpoint Arrival Time            0.000
     Other End Path:
      -------------------------------------------------------------------------
      Pin                       Edge  Net   Cell       Delay  Arrival  Required  
                                                              Time     Time  
      -------------------------------------------------------------------------
      wclk                      ^     wclk  -          -      0.000    -0.221  
      fifomem/mem_reg[0][6]/CK  ^     wclk  SMDFFHQX1  0.000  0.000    -0.221  
      -------------------------------------------------------------------------
Path 25: VIOLATED Hold Check with Pin fifomem/mem_reg[0][5]/CK 
Endpoint:   fifomem/mem_reg[0][5]/SE (v) checked with  leading edge of 'wclk'
Beginpoint: scan_en                  (v) triggered by  leading edge of '@'
Path Groups: {wclk}
Other End Arrival Time          0.000
+ Hold                          0.221
+ Phase Shift                   0.000
= Required Time                 0.221
  Arrival Time                  0.000
  Slack Time                   -0.221
     Clock Rise Edge                      0.000
     + Input Delay                        0.000
     = Beginpoint Arrival Time            0.000
     Timing Path:
      ----------------------------------------------------------------------------
      Pin                       Edge  Net      Cell       Delay  Arrival  Required  
                                                                 Time     Time  
      ----------------------------------------------------------------------------
      scan_en                   v     scan_en  -          -      0.000    0.221  
      fifomem/mem_reg[0][5]/SE  v     scan_en  SMDFFHQX1  0.000  0.000    0.221  
      ----------------------------------------------------------------------------
     Clock Rise Edge                      0.000
     = Beginpoint Arrival Time            0.000
     Other End Path:
      -------------------------------------------------------------------------
      Pin                       Edge  Net   Cell       Delay  Arrival  Required  
                                                              Time     Time  
      -------------------------------------------------------------------------
      wclk                      ^     wclk  -          -      0.000    -0.221  
      fifomem/mem_reg[0][5]/CK  ^     wclk  SMDFFHQX1  0.000  0.000    -0.221  
      -------------------------------------------------------------------------
Path 26: VIOLATED Hold Check with Pin fifomem/mem_reg[0][4]/CK 
Endpoint:   fifomem/mem_reg[0][4]/SE (v) checked with  leading edge of 'wclk'
Beginpoint: scan_en                  (v) triggered by  leading edge of '@'
Path Groups: {wclk}
Other End Arrival Time          0.000
+ Hold                          0.221
+ Phase Shift                   0.000
= Required Time                 0.221
  Arrival Time                  0.000
  Slack Time                   -0.221
     Clock Rise Edge                      0.000
     + Input Delay                        0.000
     = Beginpoint Arrival Time            0.000
     Timing Path:
      ----------------------------------------------------------------------------
      Pin                       Edge  Net      Cell       Delay  Arrival  Required  
                                                                 Time     Time  
      ----------------------------------------------------------------------------
      scan_en                   v     scan_en  -          -      0.000    0.221  
      fifomem/mem_reg[0][4]/SE  v     scan_en  SMDFFHQX1  0.000  0.000    0.221  
      ----------------------------------------------------------------------------
     Clock Rise Edge                      0.000
     = Beginpoint Arrival Time            0.000
     Other End Path:
      -------------------------------------------------------------------------
      Pin                       Edge  Net   Cell       Delay  Arrival  Required  
                                                              Time     Time  
      -------------------------------------------------------------------------
      wclk                      ^     wclk  -          -      0.000    -0.221  
      fifomem/mem_reg[0][4]/CK  ^     wclk  SMDFFHQX1  0.000  0.000    -0.221  
      -------------------------------------------------------------------------
Path 27: VIOLATED Hold Check with Pin fifomem/mem_reg[0][3]/CK 
Endpoint:   fifomem/mem_reg[0][3]/SE (v) checked with  leading edge of 'wclk'
Beginpoint: scan_en                  (v) triggered by  leading edge of '@'
Path Groups: {wclk}
Other End Arrival Time          0.000
+ Hold                          0.221
+ Phase Shift                   0.000
= Required Time                 0.221
  Arrival Time                  0.000
  Slack Time                   -0.221
     Clock Rise Edge                      0.000
     + Input Delay                        0.000
     = Beginpoint Arrival Time            0.000
     Timing Path:
      ----------------------------------------------------------------------------
      Pin                       Edge  Net      Cell       Delay  Arrival  Required  
                                                                 Time     Time  
      ----------------------------------------------------------------------------
      scan_en                   v     scan_en  -          -      0.000    0.221  
      fifomem/mem_reg[0][3]/SE  v     scan_en  SMDFFHQX1  0.000  0.000    0.221  
      ----------------------------------------------------------------------------
     Clock Rise Edge                      0.000
     = Beginpoint Arrival Time            0.000
     Other End Path:
      -------------------------------------------------------------------------
      Pin                       Edge  Net   Cell       Delay  Arrival  Required  
                                                              Time     Time  
      -------------------------------------------------------------------------
      wclk                      ^     wclk  -          -      0.000    -0.221  
      fifomem/mem_reg[0][3]/CK  ^     wclk  SMDFFHQX1  0.000  0.000    -0.221  
      -------------------------------------------------------------------------
Path 28: VIOLATED Hold Check with Pin fifomem/mem_reg[0][2]/CK 
Endpoint:   fifomem/mem_reg[0][2]/SE (v) checked with  leading edge of 'wclk'
Beginpoint: scan_en                  (v) triggered by  leading edge of '@'
Path Groups: {wclk}
Other End Arrival Time          0.000
+ Hold                          0.221
+ Phase Shift                   0.000
= Required Time                 0.221
  Arrival Time                  0.000
  Slack Time                   -0.221
     Clock Rise Edge                      0.000
     + Input Delay                        0.000
     = Beginpoint Arrival Time            0.000
     Timing Path:
      ----------------------------------------------------------------------------
      Pin                       Edge  Net      Cell       Delay  Arrival  Required  
                                                                 Time     Time  
      ----------------------------------------------------------------------------
      scan_en                   v     scan_en  -          -      0.000    0.221  
      fifomem/mem_reg[0][2]/SE  v     scan_en  SMDFFHQX1  0.000  0.000    0.221  
      ----------------------------------------------------------------------------
     Clock Rise Edge                      0.000
     = Beginpoint Arrival Time            0.000
     Other End Path:
      -------------------------------------------------------------------------
      Pin                       Edge  Net   Cell       Delay  Arrival  Required  
                                                              Time     Time  
      -------------------------------------------------------------------------
      wclk                      ^     wclk  -          -      0.000    -0.221  
      fifomem/mem_reg[0][2]/CK  ^     wclk  SMDFFHQX1  0.000  0.000    -0.221  
      -------------------------------------------------------------------------
Path 29: VIOLATED Hold Check with Pin fifomem/mem_reg[0][1]/CK 
Endpoint:   fifomem/mem_reg[0][1]/SE (v) checked with  leading edge of 'wclk'
Beginpoint: scan_en                  (v) triggered by  leading edge of '@'
Path Groups: {wclk}
Other End Arrival Time          0.000
+ Hold                          0.221
+ Phase Shift                   0.000
= Required Time                 0.221
  Arrival Time                  0.000
  Slack Time                   -0.221
     Clock Rise Edge                      0.000
     + Input Delay                        0.000
     = Beginpoint Arrival Time            0.000
     Timing Path:
      ----------------------------------------------------------------------------
      Pin                       Edge  Net      Cell       Delay  Arrival  Required  
                                                                 Time     Time  
      ----------------------------------------------------------------------------
      scan_en                   v     scan_en  -          -      0.000    0.221  
      fifomem/mem_reg[0][1]/SE  v     scan_en  SMDFFHQX1  0.000  0.000    0.221  
      ----------------------------------------------------------------------------
     Clock Rise Edge                      0.000
     = Beginpoint Arrival Time            0.000
     Other End Path:
      -------------------------------------------------------------------------
      Pin                       Edge  Net   Cell       Delay  Arrival  Required  
                                                              Time     Time  
      -------------------------------------------------------------------------
      wclk                      ^     wclk  -          -      0.000    -0.221  
      fifomem/mem_reg[0][1]/CK  ^     wclk  SMDFFHQX1  0.000  0.000    -0.221  
      -------------------------------------------------------------------------
Path 30: VIOLATED Hold Check with Pin fifomem/mem_reg[0][0]/CK 
Endpoint:   fifomem/mem_reg[0][0]/SE (v) checked with  leading edge of 'wclk'
Beginpoint: scan_en                  (v) triggered by  leading edge of '@'
Path Groups: {wclk}
Other End Arrival Time          0.000
+ Hold                          0.221
+ Phase Shift                   0.000
= Required Time                 0.221
  Arrival Time                  0.000
  Slack Time                   -0.221
     Clock Rise Edge                      0.000
     + Input Delay                        0.000
     = Beginpoint Arrival Time            0.000
     Timing Path:
      ----------------------------------------------------------------------------
      Pin                       Edge  Net      Cell       Delay  Arrival  Required  
                                                                 Time     Time  
      ----------------------------------------------------------------------------
      scan_en                   v     scan_en  -          -      0.000    0.221  
      fifomem/mem_reg[0][0]/SE  v     scan_en  SMDFFHQX1  0.000  0.000    0.221  
      ----------------------------------------------------------------------------
     Clock Rise Edge                      0.000
     = Beginpoint Arrival Time            0.000
     Other End Path:
      -------------------------------------------------------------------------
      Pin                       Edge  Net   Cell       Delay  Arrival  Required  
                                                              Time     Time  
      -------------------------------------------------------------------------
      wclk                      ^     wclk  -          -      0.000    -0.221  
      fifomem/mem_reg[0][0]/CK  ^     wclk  SMDFFHQX1  0.000  0.000    -0.221  
      -------------------------------------------------------------------------

