###############################################################
#  Generated by:      Cadence Tempus 20.10-p003_1
#  OS:                Linux x86_64(Host ID edatools-server2.iiitd.edu.in)
#  Generated on:      Mon Nov 10 19:17:44 2025
#  Design:            FIFO
#  Command:           report_timing -retime path_slew_propagation -max_paths 30 -nworst 30 -path_type full_clock > $report_dir/pba.rpt
###############################################################
Path 1: VIOLATED Setup Check with Pin fifomem/mem_reg[1][7]/CK 
Endpoint:   fifomem/mem_reg[1][7]/S0     (v) checked with  leading edge of 'wclk'
Beginpoint: wptr_full_inst/wptr_reg[4]/Q (^) triggered by  leading edge of 'wclk'
Path Groups: {wclk}
Retime Analysis { Data Path-Slew }
Other End Arrival Time          0.000
- Setup                         0.687
+ Phase Shift                   2.000
= Required Time                 1.313
- Arrival Time                  2.374
= Slack Time                   -1.060
= Slack Time(original)         -1.061
     Clock Rise Edge                      0.000
     = Beginpoint Arrival Time            0.000
     Timing Path:
      -----------------------------------------------------------------------------
      Instance                    Arc          Cell       Retime  Arrival  Required  
                                                          Delay   Time     Time  
      -----------------------------------------------------------------------------
      -                           wclk ^       -          -       0.000    -1.060  
      wptr_full_inst/wptr_reg[4]  -            SDFFRHQX1  0.000   0.000    -1.060  
      wptr_full_inst/wptr_reg[4]  CK ^ -> Q ^  SDFFRHQX1  0.385   0.385    -0.675  
      wptr_full_inst/g211         -            CLKXOR2X1  0.000   0.385    -0.675  
      wptr_full_inst/g211         A ^ -> Y v   CLKXOR2X1  0.307   0.692    -0.369  
      wptr_full_inst/g204         -            CLKXOR2X1  0.000   0.692    -0.369  
      wptr_full_inst/g204         B v -> Y ^   CLKXOR2X1  0.249   0.941    -0.120  
      wptr_full_inst/g202         -            CLKXOR2X1  0.000   0.941    -0.120  
      wptr_full_inst/g202         B ^ -> Y v   CLKXOR2X1  0.281   1.222    0.161  
      wptr_full_inst/g201         -            CLKXOR2X1  0.000   1.222    0.161  
      wptr_full_inst/g201         B v -> Y ^   CLKXOR2X1  0.250   1.472    0.411  
      fifomem/g844                -            NAND2XL    0.000   1.472    0.411  
      fifomem/g844                B ^ -> Y v   NAND2XL    0.166   1.638    0.577  
      fifomem/g836                -            NAND2BXL   0.000   1.638    0.577  
      fifomem/g836                AN v -> Y v  NAND2BXL   0.736   2.374    1.313  
      fifomem/mem_reg[1][7]       -            SMDFFHQX1  0.000   2.374    1.313  
      -----------------------------------------------------------------------------
     Clock Rise Edge                      0.000
     = Beginpoint Arrival Time            0.000
     Other End Path:
      -------------------------------------------------------------------
      Instance               Arc     Cell       Retime  Arrival  Required  
                                                Delay   Time     Time  
      -------------------------------------------------------------------
      -                      wclk ^  -          -       0.000    1.060  
      fifomem/mem_reg[1][7]  -       SMDFFHQX1  0.000   0.000    1.060  
      -------------------------------------------------------------------
Path 2: VIOLATED Setup Check with Pin fifomem/mem_reg[1][6]/CK 
Endpoint:   fifomem/mem_reg[1][6]/S0     (v) checked with  leading edge of 'wclk'
Beginpoint: wptr_full_inst/wptr_reg[4]/Q (^) triggered by  leading edge of 'wclk'
Path Groups: {wclk}
Retime Analysis { Data Path-Slew }
Other End Arrival Time          0.000
- Setup                         0.687
+ Phase Shift                   2.000
= Required Time                 1.313
- Arrival Time                  2.374
= Slack Time                   -1.060
= Slack Time(original)         -1.061
     Clock Rise Edge                      0.000
     = Beginpoint Arrival Time            0.000
     Timing Path:
      -----------------------------------------------------------------------------
      Instance                    Arc          Cell       Retime  Arrival  Required  
                                                          Delay   Time     Time  
      -----------------------------------------------------------------------------
      -                           wclk ^       -          -       0.000    -1.060  
      wptr_full_inst/wptr_reg[4]  -            SDFFRHQX1  0.000   0.000    -1.060  
      wptr_full_inst/wptr_reg[4]  CK ^ -> Q ^  SDFFRHQX1  0.385   0.385    -0.675  
      wptr_full_inst/g211         -            CLKXOR2X1  0.000   0.385    -0.675  
      wptr_full_inst/g211         A ^ -> Y v   CLKXOR2X1  0.307   0.692    -0.369  
      wptr_full_inst/g204         -            CLKXOR2X1  0.000   0.692    -0.369  
      wptr_full_inst/g204         B v -> Y ^   CLKXOR2X1  0.249   0.941    -0.120  
      wptr_full_inst/g202         -            CLKXOR2X1  0.000   0.941    -0.120  
      wptr_full_inst/g202         B ^ -> Y v   CLKXOR2X1  0.281   1.222    0.161  
      wptr_full_inst/g201         -            CLKXOR2X1  0.000   1.222    0.161  
      wptr_full_inst/g201         B v -> Y ^   CLKXOR2X1  0.250   1.472    0.411  
      fifomem/g844                -            NAND2XL    0.000   1.472    0.411  
      fifomem/g844                B ^ -> Y v   NAND2XL    0.166   1.638    0.577  
      fifomem/g836                -            NAND2BXL   0.000   1.638    0.577  
      fifomem/g836                AN v -> Y v  NAND2BXL   0.736   2.374    1.313  
      fifomem/mem_reg[1][6]       -            SMDFFHQX1  0.000   2.374    1.313  
      -----------------------------------------------------------------------------
     Clock Rise Edge                      0.000
     = Beginpoint Arrival Time            0.000
     Other End Path:
      -------------------------------------------------------------------
      Instance               Arc     Cell       Retime  Arrival  Required  
                                                Delay   Time     Time  
      -------------------------------------------------------------------
      -                      wclk ^  -          -       0.000    1.060  
      fifomem/mem_reg[1][6]  -       SMDFFHQX1  0.000   0.000    1.060  
      -------------------------------------------------------------------
Path 3: VIOLATED Setup Check with Pin fifomem/mem_reg[1][5]/CK 
Endpoint:   fifomem/mem_reg[1][5]/S0     (v) checked with  leading edge of 'wclk'
Beginpoint: wptr_full_inst/wptr_reg[4]/Q (^) triggered by  leading edge of 'wclk'
Path Groups: {wclk}
Retime Analysis { Data Path-Slew }
Other End Arrival Time          0.000
- Setup                         0.687
+ Phase Shift                   2.000
= Required Time                 1.313
- Arrival Time                  2.374
= Slack Time                   -1.060
= Slack Time(original)         -1.061
     Clock Rise Edge                      0.000
     = Beginpoint Arrival Time            0.000
     Timing Path:
      -----------------------------------------------------------------------------
      Instance                    Arc          Cell       Retime  Arrival  Required  
                                                          Delay   Time     Time  
      -----------------------------------------------------------------------------
      -                           wclk ^       -          -       0.000    -1.060  
      wptr_full_inst/wptr_reg[4]  -            SDFFRHQX1  0.000   0.000    -1.060  
      wptr_full_inst/wptr_reg[4]  CK ^ -> Q ^  SDFFRHQX1  0.385   0.385    -0.675  
      wptr_full_inst/g211         -            CLKXOR2X1  0.000   0.385    -0.675  
      wptr_full_inst/g211         A ^ -> Y v   CLKXOR2X1  0.307   0.692    -0.369  
      wptr_full_inst/g204         -            CLKXOR2X1  0.000   0.692    -0.369  
      wptr_full_inst/g204         B v -> Y ^   CLKXOR2X1  0.249   0.941    -0.120  
      wptr_full_inst/g202         -            CLKXOR2X1  0.000   0.941    -0.120  
      wptr_full_inst/g202         B ^ -> Y v   CLKXOR2X1  0.281   1.222    0.161  
      wptr_full_inst/g201         -            CLKXOR2X1  0.000   1.222    0.161  
      wptr_full_inst/g201         B v -> Y ^   CLKXOR2X1  0.250   1.472    0.411  
      fifomem/g844                -            NAND2XL    0.000   1.472    0.411  
      fifomem/g844                B ^ -> Y v   NAND2XL    0.166   1.638    0.577  
      fifomem/g836                -            NAND2BXL   0.000   1.638    0.577  
      fifomem/g836                AN v -> Y v  NAND2BXL   0.736   2.374    1.313  
      fifomem/mem_reg[1][5]       -            SMDFFHQX1  0.000   2.374    1.313  
      -----------------------------------------------------------------------------
     Clock Rise Edge                      0.000
     = Beginpoint Arrival Time            0.000
     Other End Path:
      -------------------------------------------------------------------
      Instance               Arc     Cell       Retime  Arrival  Required  
                                                Delay   Time     Time  
      -------------------------------------------------------------------
      -                      wclk ^  -          -       0.000    1.060  
      fifomem/mem_reg[1][5]  -       SMDFFHQX1  0.000   0.000    1.060  
      -------------------------------------------------------------------
Path 4: VIOLATED Setup Check with Pin fifomem/mem_reg[1][4]/CK 
Endpoint:   fifomem/mem_reg[1][4]/S0     (v) checked with  leading edge of 'wclk'
Beginpoint: wptr_full_inst/wptr_reg[4]/Q (^) triggered by  leading edge of 'wclk'
Path Groups: {wclk}
Retime Analysis { Data Path-Slew }
Other End Arrival Time          0.000
- Setup                         0.687
+ Phase Shift                   2.000
= Required Time                 1.313
- Arrival Time                  2.374
= Slack Time                   -1.060
= Slack Time(original)         -1.061
     Clock Rise Edge                      0.000
     = Beginpoint Arrival Time            0.000
     Timing Path:
      -----------------------------------------------------------------------------
      Instance                    Arc          Cell       Retime  Arrival  Required  
                                                          Delay   Time     Time  
      -----------------------------------------------------------------------------
      -                           wclk ^       -          -       0.000    -1.060  
      wptr_full_inst/wptr_reg[4]  -            SDFFRHQX1  0.000   0.000    -1.060  
      wptr_full_inst/wptr_reg[4]  CK ^ -> Q ^  SDFFRHQX1  0.385   0.385    -0.675  
      wptr_full_inst/g211         -            CLKXOR2X1  0.000   0.385    -0.675  
      wptr_full_inst/g211         A ^ -> Y v   CLKXOR2X1  0.307   0.692    -0.369  
      wptr_full_inst/g204         -            CLKXOR2X1  0.000   0.692    -0.369  
      wptr_full_inst/g204         B v -> Y ^   CLKXOR2X1  0.249   0.941    -0.120  
      wptr_full_inst/g202         -            CLKXOR2X1  0.000   0.941    -0.120  
      wptr_full_inst/g202         B ^ -> Y v   CLKXOR2X1  0.281   1.222    0.161  
      wptr_full_inst/g201         -            CLKXOR2X1  0.000   1.222    0.161  
      wptr_full_inst/g201         B v -> Y ^   CLKXOR2X1  0.250   1.472    0.411  
      fifomem/g844                -            NAND2XL    0.000   1.472    0.411  
      fifomem/g844                B ^ -> Y v   NAND2XL    0.166   1.638    0.577  
      fifomem/g836                -            NAND2BXL   0.000   1.638    0.577  
      fifomem/g836                AN v -> Y v  NAND2BXL   0.736   2.374    1.313  
      fifomem/mem_reg[1][4]       -            SMDFFHQX1  0.000   2.374    1.313  
      -----------------------------------------------------------------------------
     Clock Rise Edge                      0.000
     = Beginpoint Arrival Time            0.000
     Other End Path:
      -------------------------------------------------------------------
      Instance               Arc     Cell       Retime  Arrival  Required  
                                                Delay   Time     Time  
      -------------------------------------------------------------------
      -                      wclk ^  -          -       0.000    1.060  
      fifomem/mem_reg[1][4]  -       SMDFFHQX1  0.000   0.000    1.060  
      -------------------------------------------------------------------
Path 5: VIOLATED Setup Check with Pin fifomem/mem_reg[1][3]/CK 
Endpoint:   fifomem/mem_reg[1][3]/S0     (v) checked with  leading edge of 'wclk'
Beginpoint: wptr_full_inst/wptr_reg[4]/Q (^) triggered by  leading edge of 'wclk'
Path Groups: {wclk}
Retime Analysis { Data Path-Slew }
Other End Arrival Time          0.000
- Setup                         0.687
+ Phase Shift                   2.000
= Required Time                 1.313
- Arrival Time                  2.374
= Slack Time                   -1.060
= Slack Time(original)         -1.061
     Clock Rise Edge                      0.000
     = Beginpoint Arrival Time            0.000
     Timing Path:
      -----------------------------------------------------------------------------
      Instance                    Arc          Cell       Retime  Arrival  Required  
                                                          Delay   Time     Time  
      -----------------------------------------------------------------------------
      -                           wclk ^       -          -       0.000    -1.060  
      wptr_full_inst/wptr_reg[4]  -            SDFFRHQX1  0.000   0.000    -1.060  
      wptr_full_inst/wptr_reg[4]  CK ^ -> Q ^  SDFFRHQX1  0.385   0.385    -0.675  
      wptr_full_inst/g211         -            CLKXOR2X1  0.000   0.385    -0.675  
      wptr_full_inst/g211         A ^ -> Y v   CLKXOR2X1  0.307   0.692    -0.369  
      wptr_full_inst/g204         -            CLKXOR2X1  0.000   0.692    -0.369  
      wptr_full_inst/g204         B v -> Y ^   CLKXOR2X1  0.249   0.941    -0.120  
      wptr_full_inst/g202         -            CLKXOR2X1  0.000   0.941    -0.120  
      wptr_full_inst/g202         B ^ -> Y v   CLKXOR2X1  0.281   1.222    0.161  
      wptr_full_inst/g201         -            CLKXOR2X1  0.000   1.222    0.161  
      wptr_full_inst/g201         B v -> Y ^   CLKXOR2X1  0.250   1.472    0.411  
      fifomem/g844                -            NAND2XL    0.000   1.472    0.411  
      fifomem/g844                B ^ -> Y v   NAND2XL    0.166   1.638    0.577  
      fifomem/g836                -            NAND2BXL   0.000   1.638    0.577  
      fifomem/g836                AN v -> Y v  NAND2BXL   0.736   2.374    1.313  
      fifomem/mem_reg[1][3]       -            SMDFFHQX1  0.000   2.374    1.313  
      -----------------------------------------------------------------------------
     Clock Rise Edge                      0.000
     = Beginpoint Arrival Time            0.000
     Other End Path:
      -------------------------------------------------------------------
      Instance               Arc     Cell       Retime  Arrival  Required  
                                                Delay   Time     Time  
      -------------------------------------------------------------------
      -                      wclk ^  -          -       0.000    1.060  
      fifomem/mem_reg[1][3]  -       SMDFFHQX1  0.000   0.000    1.060  
      -------------------------------------------------------------------
Path 6: VIOLATED Setup Check with Pin fifomem/mem_reg[1][2]/CK 
Endpoint:   fifomem/mem_reg[1][2]/S0     (v) checked with  leading edge of 'wclk'
Beginpoint: wptr_full_inst/wptr_reg[4]/Q (^) triggered by  leading edge of 'wclk'
Path Groups: {wclk}
Retime Analysis { Data Path-Slew }
Other End Arrival Time          0.000
- Setup                         0.687
+ Phase Shift                   2.000
= Required Time                 1.313
- Arrival Time                  2.374
= Slack Time                   -1.060
= Slack Time(original)         -1.061
     Clock Rise Edge                      0.000
     = Beginpoint Arrival Time            0.000
     Timing Path:
      -----------------------------------------------------------------------------
      Instance                    Arc          Cell       Retime  Arrival  Required  
                                                          Delay   Time     Time  
      -----------------------------------------------------------------------------
      -                           wclk ^       -          -       0.000    -1.060  
      wptr_full_inst/wptr_reg[4]  -            SDFFRHQX1  0.000   0.000    -1.060  
      wptr_full_inst/wptr_reg[4]  CK ^ -> Q ^  SDFFRHQX1  0.385   0.385    -0.675  
      wptr_full_inst/g211         -            CLKXOR2X1  0.000   0.385    -0.675  
      wptr_full_inst/g211         A ^ -> Y v   CLKXOR2X1  0.307   0.692    -0.369  
      wptr_full_inst/g204         -            CLKXOR2X1  0.000   0.692    -0.369  
      wptr_full_inst/g204         B v -> Y ^   CLKXOR2X1  0.249   0.941    -0.120  
      wptr_full_inst/g202         -            CLKXOR2X1  0.000   0.941    -0.120  
      wptr_full_inst/g202         B ^ -> Y v   CLKXOR2X1  0.281   1.222    0.161  
      wptr_full_inst/g201         -            CLKXOR2X1  0.000   1.222    0.161  
      wptr_full_inst/g201         B v -> Y ^   CLKXOR2X1  0.250   1.472    0.411  
      fifomem/g844                -            NAND2XL    0.000   1.472    0.411  
      fifomem/g844                B ^ -> Y v   NAND2XL    0.166   1.638    0.577  
      fifomem/g836                -            NAND2BXL   0.000   1.638    0.577  
      fifomem/g836                AN v -> Y v  NAND2BXL   0.736   2.374    1.313  
      fifomem/mem_reg[1][2]       -            SMDFFHQX1  0.000   2.374    1.313  
      -----------------------------------------------------------------------------
     Clock Rise Edge                      0.000
     = Beginpoint Arrival Time            0.000
     Other End Path:
      -------------------------------------------------------------------
      Instance               Arc     Cell       Retime  Arrival  Required  
                                                Delay   Time     Time  
      -------------------------------------------------------------------
      -                      wclk ^  -          -       0.000    1.060  
      fifomem/mem_reg[1][2]  -       SMDFFHQX1  0.000   0.000    1.060  
      -------------------------------------------------------------------
Path 7: VIOLATED Setup Check with Pin fifomem/mem_reg[1][1]/CK 
Endpoint:   fifomem/mem_reg[1][1]/S0     (v) checked with  leading edge of 'wclk'
Beginpoint: wptr_full_inst/wptr_reg[4]/Q (^) triggered by  leading edge of 'wclk'
Path Groups: {wclk}
Retime Analysis { Data Path-Slew }
Other End Arrival Time          0.000
- Setup                         0.687
+ Phase Shift                   2.000
= Required Time                 1.313
- Arrival Time                  2.374
= Slack Time                   -1.060
= Slack Time(original)         -1.061
     Clock Rise Edge                      0.000
     = Beginpoint Arrival Time            0.000
     Timing Path:
      -----------------------------------------------------------------------------
      Instance                    Arc          Cell       Retime  Arrival  Required  
                                                          Delay   Time     Time  
      -----------------------------------------------------------------------------
      -                           wclk ^       -          -       0.000    -1.060  
      wptr_full_inst/wptr_reg[4]  -            SDFFRHQX1  0.000   0.000    -1.060  
      wptr_full_inst/wptr_reg[4]  CK ^ -> Q ^  SDFFRHQX1  0.385   0.385    -0.675  
      wptr_full_inst/g211         -            CLKXOR2X1  0.000   0.385    -0.675  
      wptr_full_inst/g211         A ^ -> Y v   CLKXOR2X1  0.307   0.692    -0.369  
      wptr_full_inst/g204         -            CLKXOR2X1  0.000   0.692    -0.369  
      wptr_full_inst/g204         B v -> Y ^   CLKXOR2X1  0.249   0.941    -0.120  
      wptr_full_inst/g202         -            CLKXOR2X1  0.000   0.941    -0.120  
      wptr_full_inst/g202         B ^ -> Y v   CLKXOR2X1  0.281   1.222    0.161  
      wptr_full_inst/g201         -            CLKXOR2X1  0.000   1.222    0.161  
      wptr_full_inst/g201         B v -> Y ^   CLKXOR2X1  0.250   1.472    0.411  
      fifomem/g844                -            NAND2XL    0.000   1.472    0.411  
      fifomem/g844                B ^ -> Y v   NAND2XL    0.166   1.638    0.577  
      fifomem/g836                -            NAND2BXL   0.000   1.638    0.577  
      fifomem/g836                AN v -> Y v  NAND2BXL   0.736   2.374    1.313  
      fifomem/mem_reg[1][1]       -            SMDFFHQX1  0.000   2.374    1.313  
      -----------------------------------------------------------------------------
     Clock Rise Edge                      0.000
     = Beginpoint Arrival Time            0.000
     Other End Path:
      -------------------------------------------------------------------
      Instance               Arc     Cell       Retime  Arrival  Required  
                                                Delay   Time     Time  
      -------------------------------------------------------------------
      -                      wclk ^  -          -       0.000    1.060  
      fifomem/mem_reg[1][1]  -       SMDFFHQX1  0.000   0.000    1.060  
      -------------------------------------------------------------------
Path 8: VIOLATED Setup Check with Pin fifomem/mem_reg[1][0]/CK 
Endpoint:   fifomem/mem_reg[1][0]/S0     (v) checked with  leading edge of 'wclk'
Beginpoint: wptr_full_inst/wptr_reg[4]/Q (^) triggered by  leading edge of 'wclk'
Path Groups: {wclk}
Retime Analysis { Data Path-Slew }
Other End Arrival Time          0.000
- Setup                         0.687
+ Phase Shift                   2.000
= Required Time                 1.313
- Arrival Time                  2.374
= Slack Time                   -1.060
= Slack Time(original)         -1.061
     Clock Rise Edge                      0.000
     = Beginpoint Arrival Time            0.000
     Timing Path:
      -----------------------------------------------------------------------------
      Instance                    Arc          Cell       Retime  Arrival  Required  
                                                          Delay   Time     Time  
      -----------------------------------------------------------------------------
      -                           wclk ^       -          -       0.000    -1.060  
      wptr_full_inst/wptr_reg[4]  -            SDFFRHQX1  0.000   0.000    -1.060  
      wptr_full_inst/wptr_reg[4]  CK ^ -> Q ^  SDFFRHQX1  0.385   0.385    -0.675  
      wptr_full_inst/g211         -            CLKXOR2X1  0.000   0.385    -0.675  
      wptr_full_inst/g211         A ^ -> Y v   CLKXOR2X1  0.307   0.692    -0.369  
      wptr_full_inst/g204         -            CLKXOR2X1  0.000   0.692    -0.369  
      wptr_full_inst/g204         B v -> Y ^   CLKXOR2X1  0.249   0.941    -0.120  
      wptr_full_inst/g202         -            CLKXOR2X1  0.000   0.941    -0.120  
      wptr_full_inst/g202         B ^ -> Y v   CLKXOR2X1  0.281   1.222    0.161  
      wptr_full_inst/g201         -            CLKXOR2X1  0.000   1.222    0.161  
      wptr_full_inst/g201         B v -> Y ^   CLKXOR2X1  0.250   1.472    0.411  
      fifomem/g844                -            NAND2XL    0.000   1.472    0.411  
      fifomem/g844                B ^ -> Y v   NAND2XL    0.166   1.638    0.577  
      fifomem/g836                -            NAND2BXL   0.000   1.638    0.577  
      fifomem/g836                AN v -> Y v  NAND2BXL   0.736   2.374    1.313  
      fifomem/mem_reg[1][0]       -            SMDFFHQX1  0.000   2.374    1.313  
      -----------------------------------------------------------------------------
     Clock Rise Edge                      0.000
     = Beginpoint Arrival Time            0.000
     Other End Path:
      -------------------------------------------------------------------
      Instance               Arc     Cell       Retime  Arrival  Required  
                                                Delay   Time     Time  
      -------------------------------------------------------------------
      -                      wclk ^  -          -       0.000    1.060  
      fifomem/mem_reg[1][0]  -       SMDFFHQX1  0.000   0.000    1.060  
      -------------------------------------------------------------------
Path 9: VIOLATED Setup Check with Pin fifomem/mem_reg[14][7]/CK 
Endpoint:   fifomem/mem_reg[14][7]/S0    (v) checked with  leading edge of 'wclk'
Beginpoint: wptr_full_inst/wptr_reg[4]/Q (v) triggered by  leading edge of 'wclk'
Path Groups: {wclk}
Retime Analysis { Data Path-Slew }
Other End Arrival Time          0.000
- Setup                         0.684
+ Phase Shift                   2.000
= Required Time                 1.316
- Arrival Time                  2.373
= Slack Time                   -1.057
= Slack Time(original)         -1.060
     Clock Rise Edge                      0.000
     = Beginpoint Arrival Time            0.000
     Timing Path:
      -----------------------------------------------------------------------------
      Instance                    Arc          Cell       Retime  Arrival  Required  
                                                          Delay   Time     Time  
      -----------------------------------------------------------------------------
      -                           wclk ^       -          -       0.000    -1.057  
      wptr_full_inst/wptr_reg[4]  -            SDFFRHQX1  0.000   0.000    -1.057  
      wptr_full_inst/wptr_reg[4]  CK ^ -> Q v  SDFFRHQX1  0.378   0.378    -0.679  
      wptr_full_inst/g211         -            CLKXOR2X1  0.000   0.378    -0.679  
      wptr_full_inst/g211         A v -> Y ^   CLKXOR2X1  0.310   0.688    -0.369  
      wptr_full_inst/g204         -            CLKXOR2X1  0.000   0.688    -0.369  
      wptr_full_inst/g204         B ^ -> Y v   CLKXOR2X1  0.265   0.954    -0.104  
      wptr_full_inst/g202         -            CLKXOR2X1  0.000   0.954    -0.104  
      wptr_full_inst/g202         B v -> Y ^   CLKXOR2X1  0.266   1.219    0.162  
      wptr_full_inst/g201         -            CLKXOR2X1  0.000   1.219    0.162  
      wptr_full_inst/g201         B ^ -> Y v   CLKXOR2X1  0.265   1.484    0.427  
      fifomem/g846                -            NOR2XL     0.000   1.484    0.427  
      fifomem/g846                B v -> Y ^   NOR2XL     0.194   1.678    0.621  
      fifomem/g830                -            NAND2BXL   0.000   1.678    0.621  
      fifomem/g830                B ^ -> Y v   NAND2BXL   0.694   2.373    1.316  
      fifomem/mem_reg[14][7]      -            SMDFFHQX1  0.000   2.373    1.316  
      -----------------------------------------------------------------------------
     Clock Rise Edge                      0.000
     = Beginpoint Arrival Time            0.000
     Other End Path:
      --------------------------------------------------------------------
      Instance                Arc     Cell       Retime  Arrival  Required  
                                                 Delay   Time     Time  
      --------------------------------------------------------------------
      -                       wclk ^  -          -       0.000    1.057  
      fifomem/mem_reg[14][7]  -       SMDFFHQX1  0.000   0.000    1.057  
      --------------------------------------------------------------------
Path 10: VIOLATED Setup Check with Pin fifomem/mem_reg[14][6]/CK 
Endpoint:   fifomem/mem_reg[14][6]/S0    (v) checked with  leading edge of 'wclk'
Beginpoint: wptr_full_inst/wptr_reg[4]/Q (v) triggered by  leading edge of 'wclk'
Path Groups: {wclk}
Retime Analysis { Data Path-Slew }
Other End Arrival Time          0.000
- Setup                         0.684
+ Phase Shift                   2.000
= Required Time                 1.316
- Arrival Time                  2.373
= Slack Time                   -1.057
= Slack Time(original)         -1.060
     Clock Rise Edge                      0.000
     = Beginpoint Arrival Time            0.000
     Timing Path:
      -----------------------------------------------------------------------------
      Instance                    Arc          Cell       Retime  Arrival  Required  
                                                          Delay   Time     Time  
      -----------------------------------------------------------------------------
      -                           wclk ^       -          -       0.000    -1.057  
      wptr_full_inst/wptr_reg[4]  -            SDFFRHQX1  0.000   0.000    -1.057  
      wptr_full_inst/wptr_reg[4]  CK ^ -> Q v  SDFFRHQX1  0.378   0.378    -0.679  
      wptr_full_inst/g211         -            CLKXOR2X1  0.000   0.378    -0.679  
      wptr_full_inst/g211         A v -> Y ^   CLKXOR2X1  0.310   0.688    -0.369  
      wptr_full_inst/g204         -            CLKXOR2X1  0.000   0.688    -0.369  
      wptr_full_inst/g204         B ^ -> Y v   CLKXOR2X1  0.265   0.954    -0.104  
      wptr_full_inst/g202         -            CLKXOR2X1  0.000   0.954    -0.104  
      wptr_full_inst/g202         B v -> Y ^   CLKXOR2X1  0.266   1.219    0.162  
      wptr_full_inst/g201         -            CLKXOR2X1  0.000   1.219    0.162  
      wptr_full_inst/g201         B ^ -> Y v   CLKXOR2X1  0.265   1.484    0.427  
      fifomem/g846                -            NOR2XL     0.000   1.484    0.427  
      fifomem/g846                B v -> Y ^   NOR2XL     0.194   1.678    0.621  
      fifomem/g830                -            NAND2BXL   0.000   1.678    0.621  
      fifomem/g830                B ^ -> Y v   NAND2BXL   0.694   2.373    1.316  
      fifomem/mem_reg[14][6]      -            SMDFFHQX1  0.000   2.373    1.316  
      -----------------------------------------------------------------------------
     Clock Rise Edge                      0.000
     = Beginpoint Arrival Time            0.000
     Other End Path:
      --------------------------------------------------------------------
      Instance                Arc     Cell       Retime  Arrival  Required  
                                                 Delay   Time     Time  
      --------------------------------------------------------------------
      -                       wclk ^  -          -       0.000    1.057  
      fifomem/mem_reg[14][6]  -       SMDFFHQX1  0.000   0.000    1.057  
      --------------------------------------------------------------------
Path 11: VIOLATED Setup Check with Pin fifomem/mem_reg[14][5]/CK 
Endpoint:   fifomem/mem_reg[14][5]/S0    (v) checked with  leading edge of 'wclk'
Beginpoint: wptr_full_inst/wptr_reg[4]/Q (v) triggered by  leading edge of 'wclk'
Path Groups: {wclk}
Retime Analysis { Data Path-Slew }
Other End Arrival Time          0.000
- Setup                         0.684
+ Phase Shift                   2.000
= Required Time                 1.316
- Arrival Time                  2.373
= Slack Time                   -1.057
= Slack Time(original)         -1.060
     Clock Rise Edge                      0.000
     = Beginpoint Arrival Time            0.000
     Timing Path:
      -----------------------------------------------------------------------------
      Instance                    Arc          Cell       Retime  Arrival  Required  
                                                          Delay   Time     Time  
      -----------------------------------------------------------------------------
      -                           wclk ^       -          -       0.000    -1.057  
      wptr_full_inst/wptr_reg[4]  -            SDFFRHQX1  0.000   0.000    -1.057  
      wptr_full_inst/wptr_reg[4]  CK ^ -> Q v  SDFFRHQX1  0.378   0.378    -0.679  
      wptr_full_inst/g211         -            CLKXOR2X1  0.000   0.378    -0.679  
      wptr_full_inst/g211         A v -> Y ^   CLKXOR2X1  0.310   0.688    -0.369  
      wptr_full_inst/g204         -            CLKXOR2X1  0.000   0.688    -0.369  
      wptr_full_inst/g204         B ^ -> Y v   CLKXOR2X1  0.265   0.954    -0.104  
      wptr_full_inst/g202         -            CLKXOR2X1  0.000   0.954    -0.104  
      wptr_full_inst/g202         B v -> Y ^   CLKXOR2X1  0.266   1.219    0.162  
      wptr_full_inst/g201         -            CLKXOR2X1  0.000   1.219    0.162  
      wptr_full_inst/g201         B ^ -> Y v   CLKXOR2X1  0.265   1.484    0.427  
      fifomem/g846                -            NOR2XL     0.000   1.484    0.427  
      fifomem/g846                B v -> Y ^   NOR2XL     0.194   1.678    0.621  
      fifomem/g830                -            NAND2BXL   0.000   1.678    0.621  
      fifomem/g830                B ^ -> Y v   NAND2BXL   0.694   2.373    1.316  
      fifomem/mem_reg[14][5]      -            SMDFFHQX1  0.000   2.373    1.316  
      -----------------------------------------------------------------------------
     Clock Rise Edge                      0.000
     = Beginpoint Arrival Time            0.000
     Other End Path:
      --------------------------------------------------------------------
      Instance                Arc     Cell       Retime  Arrival  Required  
                                                 Delay   Time     Time  
      --------------------------------------------------------------------
      -                       wclk ^  -          -       0.000    1.057  
      fifomem/mem_reg[14][5]  -       SMDFFHQX1  0.000   0.000    1.057  
      --------------------------------------------------------------------
Path 12: VIOLATED Setup Check with Pin fifomem/mem_reg[14][4]/CK 
Endpoint:   fifomem/mem_reg[14][4]/S0    (v) checked with  leading edge of 'wclk'
Beginpoint: wptr_full_inst/wptr_reg[4]/Q (v) triggered by  leading edge of 'wclk'
Path Groups: {wclk}
Retime Analysis { Data Path-Slew }
Other End Arrival Time          0.000
- Setup                         0.684
+ Phase Shift                   2.000
= Required Time                 1.316
- Arrival Time                  2.373
= Slack Time                   -1.057
= Slack Time(original)         -1.060
     Clock Rise Edge                      0.000
     = Beginpoint Arrival Time            0.000
     Timing Path:
      -----------------------------------------------------------------------------
      Instance                    Arc          Cell       Retime  Arrival  Required  
                                                          Delay   Time     Time  
      -----------------------------------------------------------------------------
      -                           wclk ^       -          -       0.000    -1.057  
      wptr_full_inst/wptr_reg[4]  -            SDFFRHQX1  0.000   0.000    -1.057  
      wptr_full_inst/wptr_reg[4]  CK ^ -> Q v  SDFFRHQX1  0.378   0.378    -0.679  
      wptr_full_inst/g211         -            CLKXOR2X1  0.000   0.378    -0.679  
      wptr_full_inst/g211         A v -> Y ^   CLKXOR2X1  0.310   0.688    -0.369  
      wptr_full_inst/g204         -            CLKXOR2X1  0.000   0.688    -0.369  
      wptr_full_inst/g204         B ^ -> Y v   CLKXOR2X1  0.265   0.954    -0.104  
      wptr_full_inst/g202         -            CLKXOR2X1  0.000   0.954    -0.104  
      wptr_full_inst/g202         B v -> Y ^   CLKXOR2X1  0.266   1.219    0.162  
      wptr_full_inst/g201         -            CLKXOR2X1  0.000   1.219    0.162  
      wptr_full_inst/g201         B ^ -> Y v   CLKXOR2X1  0.265   1.484    0.427  
      fifomem/g846                -            NOR2XL     0.000   1.484    0.427  
      fifomem/g846                B v -> Y ^   NOR2XL     0.194   1.678    0.621  
      fifomem/g830                -            NAND2BXL   0.000   1.678    0.621  
      fifomem/g830                B ^ -> Y v   NAND2BXL   0.694   2.373    1.316  
      fifomem/mem_reg[14][4]      -            SMDFFHQX1  0.000   2.373    1.316  
      -----------------------------------------------------------------------------
     Clock Rise Edge                      0.000
     = Beginpoint Arrival Time            0.000
     Other End Path:
      --------------------------------------------------------------------
      Instance                Arc     Cell       Retime  Arrival  Required  
                                                 Delay   Time     Time  
      --------------------------------------------------------------------
      -                       wclk ^  -          -       0.000    1.057  
      fifomem/mem_reg[14][4]  -       SMDFFHQX1  0.000   0.000    1.057  
      --------------------------------------------------------------------
Path 13: VIOLATED Setup Check with Pin fifomem/mem_reg[14][3]/CK 
Endpoint:   fifomem/mem_reg[14][3]/S0    (v) checked with  leading edge of 'wclk'
Beginpoint: wptr_full_inst/wptr_reg[4]/Q (v) triggered by  leading edge of 'wclk'
Path Groups: {wclk}
Retime Analysis { Data Path-Slew }
Other End Arrival Time          0.000
- Setup                         0.684
+ Phase Shift                   2.000
= Required Time                 1.316
- Arrival Time                  2.373
= Slack Time                   -1.057
= Slack Time(original)         -1.060
     Clock Rise Edge                      0.000
     = Beginpoint Arrival Time            0.000
     Timing Path:
      -----------------------------------------------------------------------------
      Instance                    Arc          Cell       Retime  Arrival  Required  
                                                          Delay   Time     Time  
      -----------------------------------------------------------------------------
      -                           wclk ^       -          -       0.000    -1.057  
      wptr_full_inst/wptr_reg[4]  -            SDFFRHQX1  0.000   0.000    -1.057  
      wptr_full_inst/wptr_reg[4]  CK ^ -> Q v  SDFFRHQX1  0.378   0.378    -0.679  
      wptr_full_inst/g211         -            CLKXOR2X1  0.000   0.378    -0.679  
      wptr_full_inst/g211         A v -> Y ^   CLKXOR2X1  0.310   0.688    -0.369  
      wptr_full_inst/g204         -            CLKXOR2X1  0.000   0.688    -0.369  
      wptr_full_inst/g204         B ^ -> Y v   CLKXOR2X1  0.265   0.954    -0.104  
      wptr_full_inst/g202         -            CLKXOR2X1  0.000   0.954    -0.104  
      wptr_full_inst/g202         B v -> Y ^   CLKXOR2X1  0.266   1.219    0.162  
      wptr_full_inst/g201         -            CLKXOR2X1  0.000   1.219    0.162  
      wptr_full_inst/g201         B ^ -> Y v   CLKXOR2X1  0.265   1.484    0.427  
      fifomem/g846                -            NOR2XL     0.000   1.484    0.427  
      fifomem/g846                B v -> Y ^   NOR2XL     0.194   1.678    0.621  
      fifomem/g830                -            NAND2BXL   0.000   1.678    0.621  
      fifomem/g830                B ^ -> Y v   NAND2BXL   0.694   2.373    1.316  
      fifomem/mem_reg[14][3]      -            SMDFFHQX1  0.000   2.373    1.316  
      -----------------------------------------------------------------------------
     Clock Rise Edge                      0.000
     = Beginpoint Arrival Time            0.000
     Other End Path:
      --------------------------------------------------------------------
      Instance                Arc     Cell       Retime  Arrival  Required  
                                                 Delay   Time     Time  
      --------------------------------------------------------------------
      -                       wclk ^  -          -       0.000    1.057  
      fifomem/mem_reg[14][3]  -       SMDFFHQX1  0.000   0.000    1.057  
      --------------------------------------------------------------------
Path 14: VIOLATED Setup Check with Pin fifomem/mem_reg[14][2]/CK 
Endpoint:   fifomem/mem_reg[14][2]/S0    (v) checked with  leading edge of 'wclk'
Beginpoint: wptr_full_inst/wptr_reg[4]/Q (v) triggered by  leading edge of 'wclk'
Path Groups: {wclk}
Retime Analysis { Data Path-Slew }
Other End Arrival Time          0.000
- Setup                         0.684
+ Phase Shift                   2.000
= Required Time                 1.316
- Arrival Time                  2.373
= Slack Time                   -1.057
= Slack Time(original)         -1.060
     Clock Rise Edge                      0.000
     = Beginpoint Arrival Time            0.000
     Timing Path:
      -----------------------------------------------------------------------------
      Instance                    Arc          Cell       Retime  Arrival  Required  
                                                          Delay   Time     Time  
      -----------------------------------------------------------------------------
      -                           wclk ^       -          -       0.000    -1.057  
      wptr_full_inst/wptr_reg[4]  -            SDFFRHQX1  0.000   0.000    -1.057  
      wptr_full_inst/wptr_reg[4]  CK ^ -> Q v  SDFFRHQX1  0.378   0.378    -0.679  
      wptr_full_inst/g211         -            CLKXOR2X1  0.000   0.378    -0.679  
      wptr_full_inst/g211         A v -> Y ^   CLKXOR2X1  0.310   0.688    -0.369  
      wptr_full_inst/g204         -            CLKXOR2X1  0.000   0.688    -0.369  
      wptr_full_inst/g204         B ^ -> Y v   CLKXOR2X1  0.265   0.954    -0.104  
      wptr_full_inst/g202         -            CLKXOR2X1  0.000   0.954    -0.104  
      wptr_full_inst/g202         B v -> Y ^   CLKXOR2X1  0.266   1.219    0.162  
      wptr_full_inst/g201         -            CLKXOR2X1  0.000   1.219    0.162  
      wptr_full_inst/g201         B ^ -> Y v   CLKXOR2X1  0.265   1.484    0.427  
      fifomem/g846                -            NOR2XL     0.000   1.484    0.427  
      fifomem/g846                B v -> Y ^   NOR2XL     0.194   1.678    0.621  
      fifomem/g830                -            NAND2BXL   0.000   1.678    0.621  
      fifomem/g830                B ^ -> Y v   NAND2BXL   0.694   2.373    1.316  
      fifomem/mem_reg[14][2]      -            SMDFFHQX1  0.000   2.373    1.316  
      -----------------------------------------------------------------------------
     Clock Rise Edge                      0.000
     = Beginpoint Arrival Time            0.000
     Other End Path:
      --------------------------------------------------------------------
      Instance                Arc     Cell       Retime  Arrival  Required  
                                                 Delay   Time     Time  
      --------------------------------------------------------------------
      -                       wclk ^  -          -       0.000    1.057  
      fifomem/mem_reg[14][2]  -       SMDFFHQX1  0.000   0.000    1.057  
      --------------------------------------------------------------------
Path 15: VIOLATED Setup Check with Pin fifomem/mem_reg[14][1]/CK 
Endpoint:   fifomem/mem_reg[14][1]/S0    (v) checked with  leading edge of 'wclk'
Beginpoint: wptr_full_inst/wptr_reg[4]/Q (v) triggered by  leading edge of 'wclk'
Path Groups: {wclk}
Retime Analysis { Data Path-Slew }
Other End Arrival Time          0.000
- Setup                         0.684
+ Phase Shift                   2.000
= Required Time                 1.316
- Arrival Time                  2.373
= Slack Time                   -1.057
= Slack Time(original)         -1.060
     Clock Rise Edge                      0.000
     = Beginpoint Arrival Time            0.000
     Timing Path:
      -----------------------------------------------------------------------------
      Instance                    Arc          Cell       Retime  Arrival  Required  
                                                          Delay   Time     Time  
      -----------------------------------------------------------------------------
      -                           wclk ^       -          -       0.000    -1.057  
      wptr_full_inst/wptr_reg[4]  -            SDFFRHQX1  0.000   0.000    -1.057  
      wptr_full_inst/wptr_reg[4]  CK ^ -> Q v  SDFFRHQX1  0.378   0.378    -0.679  
      wptr_full_inst/g211         -            CLKXOR2X1  0.000   0.378    -0.679  
      wptr_full_inst/g211         A v -> Y ^   CLKXOR2X1  0.310   0.688    -0.369  
      wptr_full_inst/g204         -            CLKXOR2X1  0.000   0.688    -0.369  
      wptr_full_inst/g204         B ^ -> Y v   CLKXOR2X1  0.265   0.954    -0.104  
      wptr_full_inst/g202         -            CLKXOR2X1  0.000   0.954    -0.104  
      wptr_full_inst/g202         B v -> Y ^   CLKXOR2X1  0.266   1.219    0.162  
      wptr_full_inst/g201         -            CLKXOR2X1  0.000   1.219    0.162  
      wptr_full_inst/g201         B ^ -> Y v   CLKXOR2X1  0.265   1.484    0.427  
      fifomem/g846                -            NOR2XL     0.000   1.484    0.427  
      fifomem/g846                B v -> Y ^   NOR2XL     0.194   1.678    0.621  
      fifomem/g830                -            NAND2BXL   0.000   1.678    0.621  
      fifomem/g830                B ^ -> Y v   NAND2BXL   0.694   2.373    1.316  
      fifomem/mem_reg[14][1]      -            SMDFFHQX1  0.000   2.373    1.316  
      -----------------------------------------------------------------------------
     Clock Rise Edge                      0.000
     = Beginpoint Arrival Time            0.000
     Other End Path:
      --------------------------------------------------------------------
      Instance                Arc     Cell       Retime  Arrival  Required  
                                                 Delay   Time     Time  
      --------------------------------------------------------------------
      -                       wclk ^  -          -       0.000    1.057  
      fifomem/mem_reg[14][1]  -       SMDFFHQX1  0.000   0.000    1.057  
      --------------------------------------------------------------------
Path 16: VIOLATED Setup Check with Pin fifomem/mem_reg[14][0]/CK 
Endpoint:   fifomem/mem_reg[14][0]/S0    (v) checked with  leading edge of 'wclk'
Beginpoint: wptr_full_inst/wptr_reg[4]/Q (v) triggered by  leading edge of 'wclk'
Path Groups: {wclk}
Retime Analysis { Data Path-Slew }
Other End Arrival Time          0.000
- Setup                         0.684
+ Phase Shift                   2.000
= Required Time                 1.316
- Arrival Time                  2.373
= Slack Time                   -1.057
= Slack Time(original)         -1.060
     Clock Rise Edge                      0.000
     = Beginpoint Arrival Time            0.000
     Timing Path:
      -----------------------------------------------------------------------------
      Instance                    Arc          Cell       Retime  Arrival  Required  
                                                          Delay   Time     Time  
      -----------------------------------------------------------------------------
      -                           wclk ^       -          -       0.000    -1.057  
      wptr_full_inst/wptr_reg[4]  -            SDFFRHQX1  0.000   0.000    -1.057  
      wptr_full_inst/wptr_reg[4]  CK ^ -> Q v  SDFFRHQX1  0.378   0.378    -0.679  
      wptr_full_inst/g211         -            CLKXOR2X1  0.000   0.378    -0.679  
      wptr_full_inst/g211         A v -> Y ^   CLKXOR2X1  0.310   0.688    -0.369  
      wptr_full_inst/g204         -            CLKXOR2X1  0.000   0.688    -0.369  
      wptr_full_inst/g204         B ^ -> Y v   CLKXOR2X1  0.265   0.954    -0.104  
      wptr_full_inst/g202         -            CLKXOR2X1  0.000   0.954    -0.104  
      wptr_full_inst/g202         B v -> Y ^   CLKXOR2X1  0.266   1.219    0.162  
      wptr_full_inst/g201         -            CLKXOR2X1  0.000   1.219    0.162  
      wptr_full_inst/g201         B ^ -> Y v   CLKXOR2X1  0.265   1.484    0.427  
      fifomem/g846                -            NOR2XL     0.000   1.484    0.427  
      fifomem/g846                B v -> Y ^   NOR2XL     0.194   1.678    0.621  
      fifomem/g830                -            NAND2BXL   0.000   1.678    0.621  
      fifomem/g830                B ^ -> Y v   NAND2BXL   0.694   2.373    1.316  
      fifomem/mem_reg[14][0]      -            SMDFFHQX1  0.000   2.373    1.316  
      -----------------------------------------------------------------------------
     Clock Rise Edge                      0.000
     = Beginpoint Arrival Time            0.000
     Other End Path:
      --------------------------------------------------------------------
      Instance                Arc     Cell       Retime  Arrival  Required  
                                                 Delay   Time     Time  
      --------------------------------------------------------------------
      -                       wclk ^  -          -       0.000    1.057  
      fifomem/mem_reg[14][0]  -       SMDFFHQX1  0.000   0.000    1.057  
      --------------------------------------------------------------------
Path 17: VIOLATED Setup Check with Pin fifomem/mem_reg[5][7]/CK 
Endpoint:   fifomem/mem_reg[5][7]/S0     (v) checked with  leading edge of 'wclk'
Beginpoint: wptr_full_inst/wptr_reg[4]/Q (^) triggered by  leading edge of 'wclk'
Path Groups: {wclk}
Retime Analysis { Data Path-Slew }
Other End Arrival Time          0.000
- Setup                         0.687
+ Phase Shift                   2.000
= Required Time                 1.313
- Arrival Time                  2.371
= Slack Time                   -1.057
= Slack Time(original)         -1.058
     Clock Rise Edge                      0.000
     = Beginpoint Arrival Time            0.000
     Timing Path:
      -----------------------------------------------------------------------------
      Instance                    Arc          Cell       Retime  Arrival  Required  
                                                          Delay   Time     Time  
      -----------------------------------------------------------------------------
      -                           wclk ^       -          -       0.000    -1.057  
      wptr_full_inst/wptr_reg[4]  -            SDFFRHQX1  0.000   0.000    -1.057  
      wptr_full_inst/wptr_reg[4]  CK ^ -> Q ^  SDFFRHQX1  0.385   0.385    -0.672  
      wptr_full_inst/g211         -            CLKXOR2X1  0.000   0.385    -0.672  
      wptr_full_inst/g211         A ^ -> Y v   CLKXOR2X1  0.307   0.692    -0.366  
      wptr_full_inst/g204         -            CLKXOR2X1  0.000   0.692    -0.366  
      wptr_full_inst/g204         B v -> Y ^   CLKXOR2X1  0.249   0.941    -0.117  
      wptr_full_inst/g202         -            CLKXOR2X1  0.000   0.941    -0.117  
      wptr_full_inst/g202         B ^ -> Y v   CLKXOR2X1  0.281   1.222    0.164  
      wptr_full_inst/g201         -            CLKXOR2X1  0.000   1.222    0.164  
      wptr_full_inst/g201         B v -> Y ^   CLKXOR2X1  0.250   1.472    0.414  
      fifomem/g845                -            NAND2BXL   0.000   1.472    0.414  
      fifomem/g845                B ^ -> Y v   NAND2BXL   0.163   1.635    0.578  
      fifomem/g839                -            NAND2BXL   0.000   1.635    0.578  
      fifomem/g839                AN v -> Y v  NAND2BXL   0.736   2.371    1.313  
      fifomem/mem_reg[5][7]       -            SMDFFHQX1  0.000   2.371    1.313  
      -----------------------------------------------------------------------------
     Clock Rise Edge                      0.000
     = Beginpoint Arrival Time            0.000
     Other End Path:
      -------------------------------------------------------------------
      Instance               Arc     Cell       Retime  Arrival  Required  
                                                Delay   Time     Time  
      -------------------------------------------------------------------
      -                      wclk ^  -          -       0.000    1.057  
      fifomem/mem_reg[5][7]  -       SMDFFHQX1  0.000   0.000    1.057  
      -------------------------------------------------------------------
Path 18: VIOLATED Setup Check with Pin fifomem/mem_reg[5][6]/CK 
Endpoint:   fifomem/mem_reg[5][6]/S0     (v) checked with  leading edge of 'wclk'
Beginpoint: wptr_full_inst/wptr_reg[4]/Q (^) triggered by  leading edge of 'wclk'
Path Groups: {wclk}
Retime Analysis { Data Path-Slew }
Other End Arrival Time          0.000
- Setup                         0.687
+ Phase Shift                   2.000
= Required Time                 1.313
- Arrival Time                  2.371
= Slack Time                   -1.057
= Slack Time(original)         -1.058
     Clock Rise Edge                      0.000
     = Beginpoint Arrival Time            0.000
     Timing Path:
      -----------------------------------------------------------------------------
      Instance                    Arc          Cell       Retime  Arrival  Required  
                                                          Delay   Time     Time  
      -----------------------------------------------------------------------------
      -                           wclk ^       -          -       0.000    -1.057  
      wptr_full_inst/wptr_reg[4]  -            SDFFRHQX1  0.000   0.000    -1.057  
      wptr_full_inst/wptr_reg[4]  CK ^ -> Q ^  SDFFRHQX1  0.385   0.385    -0.672  
      wptr_full_inst/g211         -            CLKXOR2X1  0.000   0.385    -0.672  
      wptr_full_inst/g211         A ^ -> Y v   CLKXOR2X1  0.307   0.692    -0.366  
      wptr_full_inst/g204         -            CLKXOR2X1  0.000   0.692    -0.366  
      wptr_full_inst/g204         B v -> Y ^   CLKXOR2X1  0.249   0.941    -0.117  
      wptr_full_inst/g202         -            CLKXOR2X1  0.000   0.941    -0.117  
      wptr_full_inst/g202         B ^ -> Y v   CLKXOR2X1  0.281   1.222    0.164  
      wptr_full_inst/g201         -            CLKXOR2X1  0.000   1.222    0.164  
      wptr_full_inst/g201         B v -> Y ^   CLKXOR2X1  0.250   1.472    0.414  
      fifomem/g845                -            NAND2BXL   0.000   1.472    0.414  
      fifomem/g845                B ^ -> Y v   NAND2BXL   0.163   1.635    0.578  
      fifomem/g839                -            NAND2BXL   0.000   1.635    0.578  
      fifomem/g839                AN v -> Y v  NAND2BXL   0.736   2.371    1.313  
      fifomem/mem_reg[5][6]       -            SMDFFHQX1  0.000   2.371    1.313  
      -----------------------------------------------------------------------------
     Clock Rise Edge                      0.000
     = Beginpoint Arrival Time            0.000
     Other End Path:
      -------------------------------------------------------------------
      Instance               Arc     Cell       Retime  Arrival  Required  
                                                Delay   Time     Time  
      -------------------------------------------------------------------
      -                      wclk ^  -          -       0.000    1.057  
      fifomem/mem_reg[5][6]  -       SMDFFHQX1  0.000   0.000    1.057  
      -------------------------------------------------------------------
Path 19: VIOLATED Setup Check with Pin fifomem/mem_reg[5][5]/CK 
Endpoint:   fifomem/mem_reg[5][5]/S0     (v) checked with  leading edge of 'wclk'
Beginpoint: wptr_full_inst/wptr_reg[4]/Q (^) triggered by  leading edge of 'wclk'
Path Groups: {wclk}
Retime Analysis { Data Path-Slew }
Other End Arrival Time          0.000
- Setup                         0.687
+ Phase Shift                   2.000
= Required Time                 1.313
- Arrival Time                  2.371
= Slack Time                   -1.057
= Slack Time(original)         -1.058
     Clock Rise Edge                      0.000
     = Beginpoint Arrival Time            0.000
     Timing Path:
      -----------------------------------------------------------------------------
      Instance                    Arc          Cell       Retime  Arrival  Required  
                                                          Delay   Time     Time  
      -----------------------------------------------------------------------------
      -                           wclk ^       -          -       0.000    -1.057  
      wptr_full_inst/wptr_reg[4]  -            SDFFRHQX1  0.000   0.000    -1.057  
      wptr_full_inst/wptr_reg[4]  CK ^ -> Q ^  SDFFRHQX1  0.385   0.385    -0.672  
      wptr_full_inst/g211         -            CLKXOR2X1  0.000   0.385    -0.672  
      wptr_full_inst/g211         A ^ -> Y v   CLKXOR2X1  0.307   0.692    -0.366  
      wptr_full_inst/g204         -            CLKXOR2X1  0.000   0.692    -0.366  
      wptr_full_inst/g204         B v -> Y ^   CLKXOR2X1  0.249   0.941    -0.117  
      wptr_full_inst/g202         -            CLKXOR2X1  0.000   0.941    -0.117  
      wptr_full_inst/g202         B ^ -> Y v   CLKXOR2X1  0.281   1.222    0.164  
      wptr_full_inst/g201         -            CLKXOR2X1  0.000   1.222    0.164  
      wptr_full_inst/g201         B v -> Y ^   CLKXOR2X1  0.250   1.472    0.414  
      fifomem/g845                -            NAND2BXL   0.000   1.472    0.414  
      fifomem/g845                B ^ -> Y v   NAND2BXL   0.163   1.635    0.578  
      fifomem/g839                -            NAND2BXL   0.000   1.635    0.578  
      fifomem/g839                AN v -> Y v  NAND2BXL   0.736   2.371    1.313  
      fifomem/mem_reg[5][5]       -            SMDFFHQX1  0.000   2.371    1.313  
      -----------------------------------------------------------------------------
     Clock Rise Edge                      0.000
     = Beginpoint Arrival Time            0.000
     Other End Path:
      -------------------------------------------------------------------
      Instance               Arc     Cell       Retime  Arrival  Required  
                                                Delay   Time     Time  
      -------------------------------------------------------------------
      -                      wclk ^  -          -       0.000    1.057  
      fifomem/mem_reg[5][5]  -       SMDFFHQX1  0.000   0.000    1.057  
      -------------------------------------------------------------------
Path 20: VIOLATED Setup Check with Pin fifomem/mem_reg[5][4]/CK 
Endpoint:   fifomem/mem_reg[5][4]/S0     (v) checked with  leading edge of 'wclk'
Beginpoint: wptr_full_inst/wptr_reg[4]/Q (^) triggered by  leading edge of 'wclk'
Path Groups: {wclk}
Retime Analysis { Data Path-Slew }
Other End Arrival Time          0.000
- Setup                         0.687
+ Phase Shift                   2.000
= Required Time                 1.313
- Arrival Time                  2.371
= Slack Time                   -1.057
= Slack Time(original)         -1.058
     Clock Rise Edge                      0.000
     = Beginpoint Arrival Time            0.000
     Timing Path:
      -----------------------------------------------------------------------------
      Instance                    Arc          Cell       Retime  Arrival  Required  
                                                          Delay   Time     Time  
      -----------------------------------------------------------------------------
      -                           wclk ^       -          -       0.000    -1.057  
      wptr_full_inst/wptr_reg[4]  -            SDFFRHQX1  0.000   0.000    -1.057  
      wptr_full_inst/wptr_reg[4]  CK ^ -> Q ^  SDFFRHQX1  0.385   0.385    -0.672  
      wptr_full_inst/g211         -            CLKXOR2X1  0.000   0.385    -0.672  
      wptr_full_inst/g211         A ^ -> Y v   CLKXOR2X1  0.307   0.692    -0.366  
      wptr_full_inst/g204         -            CLKXOR2X1  0.000   0.692    -0.366  
      wptr_full_inst/g204         B v -> Y ^   CLKXOR2X1  0.249   0.941    -0.117  
      wptr_full_inst/g202         -            CLKXOR2X1  0.000   0.941    -0.117  
      wptr_full_inst/g202         B ^ -> Y v   CLKXOR2X1  0.281   1.222    0.164  
      wptr_full_inst/g201         -            CLKXOR2X1  0.000   1.222    0.164  
      wptr_full_inst/g201         B v -> Y ^   CLKXOR2X1  0.250   1.472    0.414  
      fifomem/g845                -            NAND2BXL   0.000   1.472    0.414  
      fifomem/g845                B ^ -> Y v   NAND2BXL   0.163   1.635    0.578  
      fifomem/g839                -            NAND2BXL   0.000   1.635    0.578  
      fifomem/g839                AN v -> Y v  NAND2BXL   0.736   2.371    1.313  
      fifomem/mem_reg[5][4]       -            SMDFFHQX1  0.000   2.371    1.313  
      -----------------------------------------------------------------------------
     Clock Rise Edge                      0.000
     = Beginpoint Arrival Time            0.000
     Other End Path:
      -------------------------------------------------------------------
      Instance               Arc     Cell       Retime  Arrival  Required  
                                                Delay   Time     Time  
      -------------------------------------------------------------------
      -                      wclk ^  -          -       0.000    1.057  
      fifomem/mem_reg[5][4]  -       SMDFFHQX1  0.000   0.000    1.057  
      -------------------------------------------------------------------
Path 21: VIOLATED Setup Check with Pin fifomem/mem_reg[5][3]/CK 
Endpoint:   fifomem/mem_reg[5][3]/S0     (v) checked with  leading edge of 'wclk'
Beginpoint: wptr_full_inst/wptr_reg[4]/Q (^) triggered by  leading edge of 'wclk'
Path Groups: {wclk}
Retime Analysis { Data Path-Slew }
Other End Arrival Time          0.000
- Setup                         0.687
+ Phase Shift                   2.000
= Required Time                 1.313
- Arrival Time                  2.371
= Slack Time                   -1.057
= Slack Time(original)         -1.058
     Clock Rise Edge                      0.000
     = Beginpoint Arrival Time            0.000
     Timing Path:
      -----------------------------------------------------------------------------
      Instance                    Arc          Cell       Retime  Arrival  Required  
                                                          Delay   Time     Time  
      -----------------------------------------------------------------------------
      -                           wclk ^       -          -       0.000    -1.057  
      wptr_full_inst/wptr_reg[4]  -            SDFFRHQX1  0.000   0.000    -1.057  
      wptr_full_inst/wptr_reg[4]  CK ^ -> Q ^  SDFFRHQX1  0.385   0.385    -0.672  
      wptr_full_inst/g211         -            CLKXOR2X1  0.000   0.385    -0.672  
      wptr_full_inst/g211         A ^ -> Y v   CLKXOR2X1  0.307   0.692    -0.366  
      wptr_full_inst/g204         -            CLKXOR2X1  0.000   0.692    -0.366  
      wptr_full_inst/g204         B v -> Y ^   CLKXOR2X1  0.249   0.941    -0.117  
      wptr_full_inst/g202         -            CLKXOR2X1  0.000   0.941    -0.117  
      wptr_full_inst/g202         B ^ -> Y v   CLKXOR2X1  0.281   1.222    0.164  
      wptr_full_inst/g201         -            CLKXOR2X1  0.000   1.222    0.164  
      wptr_full_inst/g201         B v -> Y ^   CLKXOR2X1  0.250   1.472    0.414  
      fifomem/g845                -            NAND2BXL   0.000   1.472    0.414  
      fifomem/g845                B ^ -> Y v   NAND2BXL   0.163   1.635    0.578  
      fifomem/g839                -            NAND2BXL   0.000   1.635    0.578  
      fifomem/g839                AN v -> Y v  NAND2BXL   0.736   2.371    1.313  
      fifomem/mem_reg[5][3]       -            SMDFFHQX1  0.000   2.371    1.313  
      -----------------------------------------------------------------------------
     Clock Rise Edge                      0.000
     = Beginpoint Arrival Time            0.000
     Other End Path:
      -------------------------------------------------------------------
      Instance               Arc     Cell       Retime  Arrival  Required  
                                                Delay   Time     Time  
      -------------------------------------------------------------------
      -                      wclk ^  -          -       0.000    1.057  
      fifomem/mem_reg[5][3]  -       SMDFFHQX1  0.000   0.000    1.057  
      -------------------------------------------------------------------
Path 22: VIOLATED Setup Check with Pin fifomem/mem_reg[5][2]/CK 
Endpoint:   fifomem/mem_reg[5][2]/S0     (v) checked with  leading edge of 'wclk'
Beginpoint: wptr_full_inst/wptr_reg[4]/Q (^) triggered by  leading edge of 'wclk'
Path Groups: {wclk}
Retime Analysis { Data Path-Slew }
Other End Arrival Time          0.000
- Setup                         0.687
+ Phase Shift                   2.000
= Required Time                 1.313
- Arrival Time                  2.371
= Slack Time                   -1.057
= Slack Time(original)         -1.058
     Clock Rise Edge                      0.000
     = Beginpoint Arrival Time            0.000
     Timing Path:
      -----------------------------------------------------------------------------
      Instance                    Arc          Cell       Retime  Arrival  Required  
                                                          Delay   Time     Time  
      -----------------------------------------------------------------------------
      -                           wclk ^       -          -       0.000    -1.057  
      wptr_full_inst/wptr_reg[4]  -            SDFFRHQX1  0.000   0.000    -1.057  
      wptr_full_inst/wptr_reg[4]  CK ^ -> Q ^  SDFFRHQX1  0.385   0.385    -0.672  
      wptr_full_inst/g211         -            CLKXOR2X1  0.000   0.385    -0.672  
      wptr_full_inst/g211         A ^ -> Y v   CLKXOR2X1  0.307   0.692    -0.366  
      wptr_full_inst/g204         -            CLKXOR2X1  0.000   0.692    -0.366  
      wptr_full_inst/g204         B v -> Y ^   CLKXOR2X1  0.249   0.941    -0.117  
      wptr_full_inst/g202         -            CLKXOR2X1  0.000   0.941    -0.117  
      wptr_full_inst/g202         B ^ -> Y v   CLKXOR2X1  0.281   1.222    0.164  
      wptr_full_inst/g201         -            CLKXOR2X1  0.000   1.222    0.164  
      wptr_full_inst/g201         B v -> Y ^   CLKXOR2X1  0.250   1.472    0.414  
      fifomem/g845                -            NAND2BXL   0.000   1.472    0.414  
      fifomem/g845                B ^ -> Y v   NAND2BXL   0.163   1.635    0.578  
      fifomem/g839                -            NAND2BXL   0.000   1.635    0.578  
      fifomem/g839                AN v -> Y v  NAND2BXL   0.736   2.371    1.313  
      fifomem/mem_reg[5][2]       -            SMDFFHQX1  0.000   2.371    1.313  
      -----------------------------------------------------------------------------
     Clock Rise Edge                      0.000
     = Beginpoint Arrival Time            0.000
     Other End Path:
      -------------------------------------------------------------------
      Instance               Arc     Cell       Retime  Arrival  Required  
                                                Delay   Time     Time  
      -------------------------------------------------------------------
      -                      wclk ^  -          -       0.000    1.057  
      fifomem/mem_reg[5][2]  -       SMDFFHQX1  0.000   0.000    1.057  
      -------------------------------------------------------------------
Path 23: VIOLATED Setup Check with Pin fifomem/mem_reg[5][1]/CK 
Endpoint:   fifomem/mem_reg[5][1]/S0     (v) checked with  leading edge of 'wclk'
Beginpoint: wptr_full_inst/wptr_reg[4]/Q (^) triggered by  leading edge of 'wclk'
Path Groups: {wclk}
Retime Analysis { Data Path-Slew }
Other End Arrival Time          0.000
- Setup                         0.687
+ Phase Shift                   2.000
= Required Time                 1.313
- Arrival Time                  2.371
= Slack Time                   -1.057
= Slack Time(original)         -1.058
     Clock Rise Edge                      0.000
     = Beginpoint Arrival Time            0.000
     Timing Path:
      -----------------------------------------------------------------------------
      Instance                    Arc          Cell       Retime  Arrival  Required  
                                                          Delay   Time     Time  
      -----------------------------------------------------------------------------
      -                           wclk ^       -          -       0.000    -1.057  
      wptr_full_inst/wptr_reg[4]  -            SDFFRHQX1  0.000   0.000    -1.057  
      wptr_full_inst/wptr_reg[4]  CK ^ -> Q ^  SDFFRHQX1  0.385   0.385    -0.672  
      wptr_full_inst/g211         -            CLKXOR2X1  0.000   0.385    -0.672  
      wptr_full_inst/g211         A ^ -> Y v   CLKXOR2X1  0.307   0.692    -0.366  
      wptr_full_inst/g204         -            CLKXOR2X1  0.000   0.692    -0.366  
      wptr_full_inst/g204         B v -> Y ^   CLKXOR2X1  0.249   0.941    -0.117  
      wptr_full_inst/g202         -            CLKXOR2X1  0.000   0.941    -0.117  
      wptr_full_inst/g202         B ^ -> Y v   CLKXOR2X1  0.281   1.222    0.164  
      wptr_full_inst/g201         -            CLKXOR2X1  0.000   1.222    0.164  
      wptr_full_inst/g201         B v -> Y ^   CLKXOR2X1  0.250   1.472    0.414  
      fifomem/g845                -            NAND2BXL   0.000   1.472    0.414  
      fifomem/g845                B ^ -> Y v   NAND2BXL   0.163   1.635    0.578  
      fifomem/g839                -            NAND2BXL   0.000   1.635    0.578  
      fifomem/g839                AN v -> Y v  NAND2BXL   0.736   2.371    1.313  
      fifomem/mem_reg[5][1]       -            SMDFFHQX1  0.000   2.371    1.313  
      -----------------------------------------------------------------------------
     Clock Rise Edge                      0.000
     = Beginpoint Arrival Time            0.000
     Other End Path:
      -------------------------------------------------------------------
      Instance               Arc     Cell       Retime  Arrival  Required  
                                                Delay   Time     Time  
      -------------------------------------------------------------------
      -                      wclk ^  -          -       0.000    1.057  
      fifomem/mem_reg[5][1]  -       SMDFFHQX1  0.000   0.000    1.057  
      -------------------------------------------------------------------
Path 24: VIOLATED Setup Check with Pin fifomem/mem_reg[5][0]/CK 
Endpoint:   fifomem/mem_reg[5][0]/S0     (v) checked with  leading edge of 'wclk'
Beginpoint: wptr_full_inst/wptr_reg[4]/Q (^) triggered by  leading edge of 'wclk'
Path Groups: {wclk}
Retime Analysis { Data Path-Slew }
Other End Arrival Time          0.000
- Setup                         0.687
+ Phase Shift                   2.000
= Required Time                 1.313
- Arrival Time                  2.371
= Slack Time                   -1.057
= Slack Time(original)         -1.058
     Clock Rise Edge                      0.000
     = Beginpoint Arrival Time            0.000
     Timing Path:
      -----------------------------------------------------------------------------
      Instance                    Arc          Cell       Retime  Arrival  Required  
                                                          Delay   Time     Time  
      -----------------------------------------------------------------------------
      -                           wclk ^       -          -       0.000    -1.057  
      wptr_full_inst/wptr_reg[4]  -            SDFFRHQX1  0.000   0.000    -1.057  
      wptr_full_inst/wptr_reg[4]  CK ^ -> Q ^  SDFFRHQX1  0.385   0.385    -0.672  
      wptr_full_inst/g211         -            CLKXOR2X1  0.000   0.385    -0.672  
      wptr_full_inst/g211         A ^ -> Y v   CLKXOR2X1  0.307   0.692    -0.366  
      wptr_full_inst/g204         -            CLKXOR2X1  0.000   0.692    -0.366  
      wptr_full_inst/g204         B v -> Y ^   CLKXOR2X1  0.249   0.941    -0.117  
      wptr_full_inst/g202         -            CLKXOR2X1  0.000   0.941    -0.117  
      wptr_full_inst/g202         B ^ -> Y v   CLKXOR2X1  0.281   1.222    0.164  
      wptr_full_inst/g201         -            CLKXOR2X1  0.000   1.222    0.164  
      wptr_full_inst/g201         B v -> Y ^   CLKXOR2X1  0.250   1.472    0.414  
      fifomem/g845                -            NAND2BXL   0.000   1.472    0.414  
      fifomem/g845                B ^ -> Y v   NAND2BXL   0.163   1.635    0.578  
      fifomem/g839                -            NAND2BXL   0.000   1.635    0.578  
      fifomem/g839                AN v -> Y v  NAND2BXL   0.736   2.371    1.313  
      fifomem/mem_reg[5][0]       -            SMDFFHQX1  0.000   2.371    1.313  
      -----------------------------------------------------------------------------
     Clock Rise Edge                      0.000
     = Beginpoint Arrival Time            0.000
     Other End Path:
      -------------------------------------------------------------------
      Instance               Arc     Cell       Retime  Arrival  Required  
                                                Delay   Time     Time  
      -------------------------------------------------------------------
      -                      wclk ^  -          -       0.000    1.057  
      fifomem/mem_reg[5][0]  -       SMDFFHQX1  0.000   0.000    1.057  
      -------------------------------------------------------------------
Path 25: VIOLATED Setup Check with Pin fifomem/mem_reg[8][7]/CK 
Endpoint:   fifomem/mem_reg[8][7]/S0     (v) checked with  leading edge of 'wclk'
Beginpoint: wptr_full_inst/wptr_reg[4]/Q (v) triggered by  leading edge of 'wclk'
Path Groups: {wclk}
Retime Analysis { Data Path-Slew }
Other End Arrival Time          0.000
- Setup                         0.679
+ Phase Shift                   2.000
= Required Time                 1.321
- Arrival Time                  2.374
= Slack Time                   -1.053
= Slack Time(original)         -1.058
     Clock Rise Edge                      0.000
     = Beginpoint Arrival Time            0.000
     Timing Path:
      -----------------------------------------------------------------------------
      Instance                    Arc          Cell       Retime  Arrival  Required  
                                                          Delay   Time     Time  
      -----------------------------------------------------------------------------
      -                           wclk ^       -          -       0.000    -1.053  
      wptr_full_inst/wptr_reg[4]  -            SDFFRHQX1  0.000   0.000    -1.053  
      wptr_full_inst/wptr_reg[4]  CK ^ -> Q v  SDFFRHQX1  0.378   0.378    -0.675  
      wptr_full_inst/g211         -            CLKXOR2X1  0.000   0.378    -0.675  
      wptr_full_inst/g211         A v -> Y ^   CLKXOR2X1  0.310   0.688    -0.365  
      wptr_full_inst/g204         -            CLKXOR2X1  0.000   0.688    -0.365  
      wptr_full_inst/g204         B ^ -> Y v   CLKXOR2X1  0.265   0.954    -0.100  
      wptr_full_inst/g202         -            CLKXOR2X1  0.000   0.954    -0.100  
      wptr_full_inst/g202         B v -> Y ^   CLKXOR2X1  0.266   1.219    0.166  
      wptr_full_inst/g201         -            CLKXOR2X1  0.000   1.219    0.166  
      wptr_full_inst/g201         B ^ -> Y v   CLKXOR2X1  0.265   1.484    0.431  
      fifomem/g843                -            NOR2BXL    0.000   1.484    0.431  
      fifomem/g843                B v -> Y ^   NOR2BXL    0.197   1.682    0.629  
      fifomem/g840                -            NAND2XL    0.000   1.682    0.629  
      fifomem/g840                B ^ -> Y v   NAND2XL    0.692   2.374    1.321  
      fifomem/mem_reg[8][7]       -            SMDFFHQX1  0.000   2.374    1.321  
      -----------------------------------------------------------------------------
     Clock Rise Edge                      0.000
     = Beginpoint Arrival Time            0.000
     Other End Path:
      -------------------------------------------------------------------
      Instance               Arc     Cell       Retime  Arrival  Required  
                                                Delay   Time     Time  
      -------------------------------------------------------------------
      -                      wclk ^  -          -       0.000    1.053  
      fifomem/mem_reg[8][7]  -       SMDFFHQX1  0.000   0.000    1.053  
      -------------------------------------------------------------------
Path 26: VIOLATED Setup Check with Pin fifomem/mem_reg[8][6]/CK 
Endpoint:   fifomem/mem_reg[8][6]/S0     (v) checked with  leading edge of 'wclk'
Beginpoint: wptr_full_inst/wptr_reg[4]/Q (v) triggered by  leading edge of 'wclk'
Path Groups: {wclk}
Retime Analysis { Data Path-Slew }
Other End Arrival Time          0.000
- Setup                         0.679
+ Phase Shift                   2.000
= Required Time                 1.321
- Arrival Time                  2.374
= Slack Time                   -1.053
= Slack Time(original)         -1.058
     Clock Rise Edge                      0.000
     = Beginpoint Arrival Time            0.000
     Timing Path:
      -----------------------------------------------------------------------------
      Instance                    Arc          Cell       Retime  Arrival  Required  
                                                          Delay   Time     Time  
      -----------------------------------------------------------------------------
      -                           wclk ^       -          -       0.000    -1.053  
      wptr_full_inst/wptr_reg[4]  -            SDFFRHQX1  0.000   0.000    -1.053  
      wptr_full_inst/wptr_reg[4]  CK ^ -> Q v  SDFFRHQX1  0.378   0.378    -0.675  
      wptr_full_inst/g211         -            CLKXOR2X1  0.000   0.378    -0.675  
      wptr_full_inst/g211         A v -> Y ^   CLKXOR2X1  0.310   0.688    -0.365  
      wptr_full_inst/g204         -            CLKXOR2X1  0.000   0.688    -0.365  
      wptr_full_inst/g204         B ^ -> Y v   CLKXOR2X1  0.265   0.954    -0.100  
      wptr_full_inst/g202         -            CLKXOR2X1  0.000   0.954    -0.100  
      wptr_full_inst/g202         B v -> Y ^   CLKXOR2X1  0.266   1.219    0.166  
      wptr_full_inst/g201         -            CLKXOR2X1  0.000   1.219    0.166  
      wptr_full_inst/g201         B ^ -> Y v   CLKXOR2X1  0.265   1.484    0.431  
      fifomem/g843                -            NOR2BXL    0.000   1.484    0.431  
      fifomem/g843                B v -> Y ^   NOR2BXL    0.197   1.682    0.629  
      fifomem/g840                -            NAND2XL    0.000   1.682    0.629  
      fifomem/g840                B ^ -> Y v   NAND2XL    0.692   2.374    1.321  
      fifomem/mem_reg[8][6]       -            SMDFFHQX1  0.000   2.374    1.321  
      -----------------------------------------------------------------------------
     Clock Rise Edge                      0.000
     = Beginpoint Arrival Time            0.000
     Other End Path:
      -------------------------------------------------------------------
      Instance               Arc     Cell       Retime  Arrival  Required  
                                                Delay   Time     Time  
      -------------------------------------------------------------------
      -                      wclk ^  -          -       0.000    1.053  
      fifomem/mem_reg[8][6]  -       SMDFFHQX1  0.000   0.000    1.053  
      -------------------------------------------------------------------
Path 27: VIOLATED Setup Check with Pin fifomem/mem_reg[8][5]/CK 
Endpoint:   fifomem/mem_reg[8][5]/S0     (v) checked with  leading edge of 'wclk'
Beginpoint: wptr_full_inst/wptr_reg[4]/Q (v) triggered by  leading edge of 'wclk'
Path Groups: {wclk}
Retime Analysis { Data Path-Slew }
Other End Arrival Time          0.000
- Setup                         0.679
+ Phase Shift                   2.000
= Required Time                 1.321
- Arrival Time                  2.374
= Slack Time                   -1.053
= Slack Time(original)         -1.058
     Clock Rise Edge                      0.000
     = Beginpoint Arrival Time            0.000
     Timing Path:
      -----------------------------------------------------------------------------
      Instance                    Arc          Cell       Retime  Arrival  Required  
                                                          Delay   Time     Time  
      -----------------------------------------------------------------------------
      -                           wclk ^       -          -       0.000    -1.053  
      wptr_full_inst/wptr_reg[4]  -            SDFFRHQX1  0.000   0.000    -1.053  
      wptr_full_inst/wptr_reg[4]  CK ^ -> Q v  SDFFRHQX1  0.378   0.378    -0.675  
      wptr_full_inst/g211         -            CLKXOR2X1  0.000   0.378    -0.675  
      wptr_full_inst/g211         A v -> Y ^   CLKXOR2X1  0.310   0.688    -0.365  
      wptr_full_inst/g204         -            CLKXOR2X1  0.000   0.688    -0.365  
      wptr_full_inst/g204         B ^ -> Y v   CLKXOR2X1  0.265   0.954    -0.100  
      wptr_full_inst/g202         -            CLKXOR2X1  0.000   0.954    -0.100  
      wptr_full_inst/g202         B v -> Y ^   CLKXOR2X1  0.266   1.219    0.166  
      wptr_full_inst/g201         -            CLKXOR2X1  0.000   1.219    0.166  
      wptr_full_inst/g201         B ^ -> Y v   CLKXOR2X1  0.265   1.484    0.431  
      fifomem/g843                -            NOR2BXL    0.000   1.484    0.431  
      fifomem/g843                B v -> Y ^   NOR2BXL    0.197   1.682    0.629  
      fifomem/g840                -            NAND2XL    0.000   1.682    0.629  
      fifomem/g840                B ^ -> Y v   NAND2XL    0.692   2.374    1.321  
      fifomem/mem_reg[8][5]       -            SMDFFHQX1  0.000   2.374    1.321  
      -----------------------------------------------------------------------------
     Clock Rise Edge                      0.000
     = Beginpoint Arrival Time            0.000
     Other End Path:
      -------------------------------------------------------------------
      Instance               Arc     Cell       Retime  Arrival  Required  
                                                Delay   Time     Time  
      -------------------------------------------------------------------
      -                      wclk ^  -          -       0.000    1.053  
      fifomem/mem_reg[8][5]  -       SMDFFHQX1  0.000   0.000    1.053  
      -------------------------------------------------------------------
Path 28: VIOLATED Setup Check with Pin fifomem/mem_reg[8][4]/CK 
Endpoint:   fifomem/mem_reg[8][4]/S0     (v) checked with  leading edge of 'wclk'
Beginpoint: wptr_full_inst/wptr_reg[4]/Q (v) triggered by  leading edge of 'wclk'
Path Groups: {wclk}
Retime Analysis { Data Path-Slew }
Other End Arrival Time          0.000
- Setup                         0.679
+ Phase Shift                   2.000
= Required Time                 1.321
- Arrival Time                  2.374
= Slack Time                   -1.053
= Slack Time(original)         -1.058
     Clock Rise Edge                      0.000
     = Beginpoint Arrival Time            0.000
     Timing Path:
      -----------------------------------------------------------------------------
      Instance                    Arc          Cell       Retime  Arrival  Required  
                                                          Delay   Time     Time  
      -----------------------------------------------------------------------------
      -                           wclk ^       -          -       0.000    -1.053  
      wptr_full_inst/wptr_reg[4]  -            SDFFRHQX1  0.000   0.000    -1.053  
      wptr_full_inst/wptr_reg[4]  CK ^ -> Q v  SDFFRHQX1  0.378   0.378    -0.675  
      wptr_full_inst/g211         -            CLKXOR2X1  0.000   0.378    -0.675  
      wptr_full_inst/g211         A v -> Y ^   CLKXOR2X1  0.310   0.688    -0.365  
      wptr_full_inst/g204         -            CLKXOR2X1  0.000   0.688    -0.365  
      wptr_full_inst/g204         B ^ -> Y v   CLKXOR2X1  0.265   0.954    -0.100  
      wptr_full_inst/g202         -            CLKXOR2X1  0.000   0.954    -0.100  
      wptr_full_inst/g202         B v -> Y ^   CLKXOR2X1  0.266   1.219    0.166  
      wptr_full_inst/g201         -            CLKXOR2X1  0.000   1.219    0.166  
      wptr_full_inst/g201         B ^ -> Y v   CLKXOR2X1  0.265   1.484    0.431  
      fifomem/g843                -            NOR2BXL    0.000   1.484    0.431  
      fifomem/g843                B v -> Y ^   NOR2BXL    0.197   1.682    0.629  
      fifomem/g840                -            NAND2XL    0.000   1.682    0.629  
      fifomem/g840                B ^ -> Y v   NAND2XL    0.692   2.374    1.321  
      fifomem/mem_reg[8][4]       -            SMDFFHQX1  0.000   2.374    1.321  
      -----------------------------------------------------------------------------
     Clock Rise Edge                      0.000
     = Beginpoint Arrival Time            0.000
     Other End Path:
      -------------------------------------------------------------------
      Instance               Arc     Cell       Retime  Arrival  Required  
                                                Delay   Time     Time  
      -------------------------------------------------------------------
      -                      wclk ^  -          -       0.000    1.053  
      fifomem/mem_reg[8][4]  -       SMDFFHQX1  0.000   0.000    1.053  
      -------------------------------------------------------------------
Path 29: VIOLATED Setup Check with Pin fifomem/mem_reg[8][3]/CK 
Endpoint:   fifomem/mem_reg[8][3]/S0     (v) checked with  leading edge of 'wclk'
Beginpoint: wptr_full_inst/wptr_reg[4]/Q (v) triggered by  leading edge of 'wclk'
Path Groups: {wclk}
Retime Analysis { Data Path-Slew }
Other End Arrival Time          0.000
- Setup                         0.679
+ Phase Shift                   2.000
= Required Time                 1.321
- Arrival Time                  2.374
= Slack Time                   -1.053
= Slack Time(original)         -1.058
     Clock Rise Edge                      0.000
     = Beginpoint Arrival Time            0.000
     Timing Path:
      -----------------------------------------------------------------------------
      Instance                    Arc          Cell       Retime  Arrival  Required  
                                                          Delay   Time     Time  
      -----------------------------------------------------------------------------
      -                           wclk ^       -          -       0.000    -1.053  
      wptr_full_inst/wptr_reg[4]  -            SDFFRHQX1  0.000   0.000    -1.053  
      wptr_full_inst/wptr_reg[4]  CK ^ -> Q v  SDFFRHQX1  0.378   0.378    -0.675  
      wptr_full_inst/g211         -            CLKXOR2X1  0.000   0.378    -0.675  
      wptr_full_inst/g211         A v -> Y ^   CLKXOR2X1  0.310   0.688    -0.365  
      wptr_full_inst/g204         -            CLKXOR2X1  0.000   0.688    -0.365  
      wptr_full_inst/g204         B ^ -> Y v   CLKXOR2X1  0.265   0.954    -0.100  
      wptr_full_inst/g202         -            CLKXOR2X1  0.000   0.954    -0.100  
      wptr_full_inst/g202         B v -> Y ^   CLKXOR2X1  0.266   1.219    0.166  
      wptr_full_inst/g201         -            CLKXOR2X1  0.000   1.219    0.166  
      wptr_full_inst/g201         B ^ -> Y v   CLKXOR2X1  0.265   1.484    0.431  
      fifomem/g843                -            NOR2BXL    0.000   1.484    0.431  
      fifomem/g843                B v -> Y ^   NOR2BXL    0.197   1.682    0.629  
      fifomem/g840                -            NAND2XL    0.000   1.682    0.629  
      fifomem/g840                B ^ -> Y v   NAND2XL    0.692   2.374    1.321  
      fifomem/mem_reg[8][3]       -            SMDFFHQX1  0.000   2.374    1.321  
      -----------------------------------------------------------------------------
     Clock Rise Edge                      0.000
     = Beginpoint Arrival Time            0.000
     Other End Path:
      -------------------------------------------------------------------
      Instance               Arc     Cell       Retime  Arrival  Required  
                                                Delay   Time     Time  
      -------------------------------------------------------------------
      -                      wclk ^  -          -       0.000    1.053  
      fifomem/mem_reg[8][3]  -       SMDFFHQX1  0.000   0.000    1.053  
      -------------------------------------------------------------------
Path 30: VIOLATED Setup Check with Pin fifomem/mem_reg[8][2]/CK 
Endpoint:   fifomem/mem_reg[8][2]/S0     (v) checked with  leading edge of 'wclk'
Beginpoint: wptr_full_inst/wptr_reg[4]/Q (v) triggered by  leading edge of 'wclk'
Path Groups: {wclk}
Retime Analysis { Data Path-Slew }
Other End Arrival Time          0.000
- Setup                         0.679
+ Phase Shift                   2.000
= Required Time                 1.321
- Arrival Time                  2.374
= Slack Time                   -1.053
= Slack Time(original)         -1.058
     Clock Rise Edge                      0.000
     = Beginpoint Arrival Time            0.000
     Timing Path:
      -----------------------------------------------------------------------------
      Instance                    Arc          Cell       Retime  Arrival  Required  
                                                          Delay   Time     Time  
      -----------------------------------------------------------------------------
      -                           wclk ^       -          -       0.000    -1.053  
      wptr_full_inst/wptr_reg[4]  -            SDFFRHQX1  0.000   0.000    -1.053  
      wptr_full_inst/wptr_reg[4]  CK ^ -> Q v  SDFFRHQX1  0.378   0.378    -0.675  
      wptr_full_inst/g211         -            CLKXOR2X1  0.000   0.378    -0.675  
      wptr_full_inst/g211         A v -> Y ^   CLKXOR2X1  0.310   0.688    -0.365  
      wptr_full_inst/g204         -            CLKXOR2X1  0.000   0.688    -0.365  
      wptr_full_inst/g204         B ^ -> Y v   CLKXOR2X1  0.265   0.954    -0.100  
      wptr_full_inst/g202         -            CLKXOR2X1  0.000   0.954    -0.100  
      wptr_full_inst/g202         B v -> Y ^   CLKXOR2X1  0.266   1.219    0.166  
      wptr_full_inst/g201         -            CLKXOR2X1  0.000   1.219    0.166  
      wptr_full_inst/g201         B ^ -> Y v   CLKXOR2X1  0.265   1.484    0.431  
      fifomem/g843                -            NOR2BXL    0.000   1.484    0.431  
      fifomem/g843                B v -> Y ^   NOR2BXL    0.197   1.682    0.629  
      fifomem/g840                -            NAND2XL    0.000   1.682    0.629  
      fifomem/g840                B ^ -> Y v   NAND2XL    0.692   2.374    1.321  
      fifomem/mem_reg[8][2]       -            SMDFFHQX1  0.000   2.374    1.321  
      -----------------------------------------------------------------------------
     Clock Rise Edge                      0.000
     = Beginpoint Arrival Time            0.000
     Other End Path:
      -------------------------------------------------------------------
      Instance               Arc     Cell       Retime  Arrival  Required  
                                                Delay   Time     Time  
      -------------------------------------------------------------------
      -                      wclk ^  -          -       0.000    1.053  
      fifomem/mem_reg[8][2]  -       SMDFFHQX1  0.000   0.000    1.053  
      -------------------------------------------------------------------

