*----------------------------------------------------------------------------------------
*	Innovus 20.10-p004_1 (64bit) 05/07/2020 20:02 (Linux 2.6.32-431.11.2.el6.x86_64)
*	
*
* 	Date & Time:	2025-Nov-10 21:24:38 (2025-Nov-10 15:54:38 GMT)
*
*----------------------------------------------------------------------------------------
*
*	Design: FIFO
*
*	Liberty Libraries used: 
*	        view1: /home/vishal25157/Desktop/cmos65/90nm/pd_0.8/slow.lib
*
*	Power Domain used: 
*
*       Power View : view1
*
*       User-Defined Activity : N.A.
*
*       Activity File: N.A.
*
*       Hierarchical Global Activity: N.A.
*
*       Global Activity: N.A.
*
*       Sequential Element Activity: 0.200000
*
*       Primary Input Activity: 0.200000
*
*       Default icg ratio: N.A.
*
*       Global Comb ClockGate Ratio: N.A.
*
*	Power Units = 1mW
*
*	Time Units = 1e-09 secs 
*
*       Temperature = 125 
*
*       report_power -outfile ./cts_reports/power/power.rpt -rail_analysis_format VS
*
-----------------------------------------------------------------------------------------
Cell                            Internal   Switching       Total     Leakage   Cell
                                   Power       Power       Power       Power   Name
--------------------------------------------------------------------------------------
CTS_ccl_a_buf_00004              0.07169     0.06417       0.136   0.0001864  CLKBUFX16
fifomem/CTS_ccl_a_buf_00006      0.04197     0.06565      0.1078   0.0002199  CLKBUFX12
FE_OFC0_rdata_7                 0.002117     0.02029     0.02262   0.0002199  CLKBUFX12
FE_OFC2_rdata_5                 0.002111     0.02028     0.02261   0.0002199  CLKBUFX12
FE_OFC3_rdata_4                 0.002105     0.02028     0.02261   0.0002199  CLKBUFX12
FE_OFC7_rdata_0                 0.002102     0.02028      0.0226   0.0002199  CLKBUFX12
FE_OFC1_rdata_6                 0.002112     0.02027      0.0226   0.0002199  CLKBUFX12
FE_OFC5_rdata_2                 0.002101     0.02028      0.0226   0.0002199  CLKBUFX12
FE_OFC6_rdata_1                 0.002103     0.02027     0.02259   0.0002199  CLKBUFX12
FE_OFC4_rdata_3                 0.002102     0.02027     0.02259   0.0002199  CLKBUFX12
FE_OFC10_FE_OFN8_wfull          0.003114     0.01728     0.02058   0.0001864  BUFX16
wptr_full_inst/wptr_reg[1]       0.01841   0.0007483     0.01938   0.0002171  SDFFRHQX4
fifomem/mem_reg[15][2]           0.01664   0.0002728     0.01725   0.0003386  SDFFHQX8
fifomem/mem_reg[15][3]           0.01664   0.0002691     0.01725   0.0003386  SDFFHQX8
fifomem/mem_reg[15][6]           0.01664   0.0002633     0.01724   0.0003386  SDFFHQX8
fifomem/mem_reg[15][7]           0.01664   0.0002567     0.01724   0.0003386  SDFFHQX8
fifomem/mem_reg[15][1]           0.01659   0.0003036     0.01724   0.0003386  SDFFHQX8
fifomem/mem_reg[15][5]            0.0166   0.0002854     0.01722   0.0003386  SDFFHQX8
fifomem/mem_reg[15][0]            0.0166   0.0002825     0.01722   0.0003386  SDFFHQX8
fifomem/mem_reg[15][4]            0.0166   0.0002581      0.0172   0.0003386  SDFFHQX8
wptr_full_inst/wptr_reg[0]       0.01525   0.0005404     0.01594   0.0001526  SDFFRHQX1
wptr_full_inst/wptr_reg[2]        0.0147    0.001047     0.01592   0.0001737  SDFFRHQX2
wptr_full_inst/wptr_reg[3]       0.01334   0.0008737     0.01438   0.0001651  DFFRHQX4
sync_r2w/q2_reg[4]               0.01026   0.0002582     0.01062   0.0001005  DFFRHQX1
sync_r2w/q2_reg[2]               0.01026   0.0002484     0.01061   0.0001005  DFFRHQX1
sync_r2w/q2_reg[3]               0.01026    0.000225     0.01058   0.0001005  DFFRHQX1
sync_r2w/q2_reg[0]               0.01026   0.0001523     0.01051   0.0001005  DFFRHQX1
sync_r2w/q2_reg[1]               0.01026   0.0001212     0.01048   0.0001005  DFFRHQX1
wptr_full_inst/wptr_reg[4]      0.009314    0.000856      0.0103   0.0001258  DFFRX1
sync_r2w/q1_reg[1]              0.009944   0.0002269     0.01027   0.0001005  DFFRHQX1
sync_r2w/q1_reg[0]              0.009944   0.0002093     0.01025   0.0001005  DFFRHQX1
sync_r2w/q1_reg[4]              0.009947   0.0001972     0.01024   0.0001005  DFFRHQX1
sync_r2w/q1_reg[3]              0.009944   0.0001954     0.01024   0.0001005  DFFRHQX1
sync_r2w/q1_reg[2]              0.009946    0.000136     0.01018   0.0001005  DFFRHQX1
fifomem/g3070                   0.007049    0.002218    0.009407   0.0001409  NOR2X8
fifomem/mem_reg[13][6]          0.008876   0.0002302    0.009242   0.0001363  SDFFQX1
fifomem/mem_reg[13][3]          0.008876   0.0002193    0.009231   0.0001363  SDFFQX1
fifomem/mem_reg[13][2]          0.008876   0.0002187    0.009231   0.0001363  SDFFQX1
fifomem/mem_reg[13][7]          0.008876   0.0002109    0.009223   0.0001363  SDFFQX1
fifomem/mem_reg[13][1]           0.00883   0.0002409    0.009207   0.0001363  SDFFQX1
fifomem/mem_reg[13][5]           0.00883   0.0002315    0.009198   0.0001363  SDFFQX1
fifomem/mem_reg[13][0]           0.00883    0.000208    0.009174   0.0001363  SDFFQX1
fifomem/mem_reg[13][4]           0.00883   0.0002059    0.009172   0.0001363  SDFFQX1
fifomem/mem_reg[12][4]          0.008558   0.0002239    0.008912   0.0001296  SDFFQXL
fifomem/mem_reg[12][7]          0.008558   0.0002239    0.008911   0.0001296  SDFFQXL
fifomem/mem_reg[9][1]           0.008553   0.0002223    0.008905   0.0001296  SDFFQXL
fifomem/mem_reg[5][1]           0.008547   0.0002271    0.008904   0.0001296  SDFFQXL
fifomem/mem_reg[9][6]           0.008553   0.0002214    0.008904   0.0001296  SDFFQXL
fifomem/mem_reg[5][3]           0.008546   0.0002251    0.008901   0.0001296  SDFFQXL
fifomem/mem_reg[9][3]           0.008553   0.0002184    0.008901   0.0001296  SDFFQXL
fifomem/mem_reg[12][2]          0.008558   0.0002089    0.008896   0.0001296  SDFFQXL
fifomem/mem_reg[5][2]           0.008547   0.0002168    0.008894   0.0001296  SDFFQXL
fifomem/mem_reg[5][6]           0.008549   0.0002148    0.008893   0.0001296  SDFFQXL
fifomem/mem_reg[12][3]          0.008558   0.0002007    0.008888   0.0001296  SDFFQXL
fifomem/mem_reg[9][2]           0.008553   0.0002003    0.008883   0.0001296  SDFFQXL
fifomem/mem_reg[12][6]          0.008557    0.000194    0.008881   0.0001296  SDFFQXL
fifomem/mem_reg[9][7]           0.008552   0.0001979     0.00888   0.0001296  SDFFQXL
fifomem/mem_reg[12][0]          0.008512   0.0002352    0.008877   0.0001296  SDFFQXL
fifomem/mem_reg[5][7]           0.008549   0.0001968    0.008875   0.0001296  SDFFQXL
fifomem/mem_reg[9][4]           0.008507   0.0002358    0.008873   0.0001296  SDFFQXL
fifomem/mem_reg[5][4]           0.008501   0.0002368    0.008868   0.0001296  SDFFQXL
fifomem/mem_reg[5][0]           0.008502   0.0002288     0.00886   0.0001296  SDFFQXL
fifomem/mem_reg[12][1]          0.008512   0.0002153    0.008857   0.0001296  SDFFQXL
fifomem/mem_reg[11][3]          0.008489   0.0002363    0.008855   0.0001296  SDFFQXL
fifomem/mem_reg[8][3]           0.008489   0.0002353    0.008854   0.0001296  SDFFQXL
fifomem/mem_reg[5][5]           0.008501   0.0002139    0.008845   0.0001296  SDFFQXL
fifomem/mem_reg[9][5]           0.008507   0.0002047    0.008841   0.0001296  SDFFQXL
fifomem/mem_reg[11][6]          0.008489   0.0002214     0.00884   0.0001296  SDFFQXL
fifomem/mem_reg[11][1]          0.008489   0.0002202    0.008839   0.0001296  SDFFQXL
fifomem/mem_reg[8][7]           0.008489   0.0002191    0.008837   0.0001296  SDFFQXL
fifomem/mem_reg[1][1]           0.008481   0.0002267    0.008837   0.0001296  SDFFQXL
fifomem/mem_reg[12][5]          0.008512   0.0001956    0.008837   0.0001296  SDFFQXL
fifomem/mem_reg[11][4]          0.008489   0.0002186    0.008837   0.0001296  SDFFQXL
fifomem/mem_reg[11][2]          0.008489   0.0002157    0.008834   0.0001296  SDFFQXL
fifomem/mem_reg[4][1]           0.008439   0.0002644    0.008833   0.0001296  SDFFQXL
fifomem/mem_reg[11][7]          0.008489   0.0002142    0.008832   0.0001296  SDFFQXL
fifomem/mem_reg[9][0]           0.008507   0.0001959    0.008832   0.0001296  SDFFQXL
fifomem/mem_reg[1][2]           0.008481   0.0002212    0.008832   0.0001296  SDFFQXL
fifomem/mem_reg[14][7]          0.008491   0.0002094    0.008831   0.0001296  SDFFQXL
fifomem/mem_reg[1][7]           0.008481   0.0002188    0.008829   0.0001296  SDFFQXL
fifomem/mem_reg[14][6]          0.008491   0.0002075    0.008829   0.0001296  SDFFQXL
fifomem/mem_reg[7][1]           0.008438   0.0002576    0.008826   0.0001296  SDFFQXL
fifomem/mem_reg[4][3]           0.008483    0.000213    0.008825   0.0001296  SDFFQXL
fifomem/mem_reg[7][3]           0.008482   0.0002121    0.008824   0.0001296  SDFFQXL
fifomem/mem_reg[7][2]           0.008483   0.0002102    0.008823   0.0001296  SDFFQXL
fifomem/mem_reg[14][1]          0.008444   0.0002487    0.008823   0.0001296  SDFFQXL
fifomem/mem_reg[7][6]           0.008485   0.0002078    0.008823   0.0001296  SDFFQXL
fifomem/mem_reg[14][3]          0.008489   0.0002035    0.008822   0.0001296  SDFFQXL
fifomem/mem_reg[8][1]           0.008488   0.0002008    0.008819   0.0001296  SDFFQXL
fifomem/mem_reg[8][2]           0.008488   0.0001997    0.008818   0.0001296  SDFFQXL
fifomem/mem_reg[14][2]          0.008489   0.0001974    0.008816   0.0001296  SDFFQXL
fifomem/mem_reg[7][4]           0.008483   0.0002008    0.008813   0.0001296  SDFFQXL
fifomem/mem_reg[8][6]           0.008488   0.0001954    0.008813   0.0001296  SDFFQXL
fifomem/mem_reg[4][6]           0.008485   0.0001979    0.008813   0.0001296  SDFFQXL
fifomem/mem_reg[4][7]           0.008485   0.0001977    0.008813   0.0001296  SDFFQXL
fifomem/mem_reg[10][1]          0.008435   0.0002484    0.008813   0.0001296  SDFFQXL
fifomem/mem_reg[4][2]           0.008484   0.0001987    0.008812   0.0001296  SDFFQXL
fifomem/mem_reg[6][6]           0.008431   0.0002485     0.00881   0.0001296  SDFFQXL
fifomem/mem_reg[1][6]            0.00848   0.0001988    0.008809   0.0001296  SDFFQXL
fifomem/mem_reg[1][3]            0.00848   0.0001976    0.008808   0.0001296  SDFFQXL
fifomem/mem_reg[7][7]           0.008485   0.0001903    0.008805   0.0001296  SDFFQXL
fifomem/mem_reg[11][5]          0.008443   0.0002244    0.008797   0.0001296  SDFFQXL
fifomem/mem_reg[1][5]           0.008435    0.000232    0.008797   0.0001296  SDFFQXL
fifomem/mem_reg[4][0]           0.008438    0.000228    0.008796   0.0001296  SDFFQXL
fifomem/mem_reg[7][0]           0.008438   0.0002281    0.008796   0.0001296  SDFFQXL
fifomem/mem_reg[11][0]          0.008443   0.0002199    0.008792   0.0001296  SDFFQXL
fifomem/mem_reg[10][3]          0.008434   0.0002258    0.008789   0.0001296  SDFFQXL
fifomem/mem_reg[8][0]           0.008445   0.0002147    0.008789   0.0001296  SDFFQXL
fifomem/mem_reg[8][5]           0.008443    0.000216    0.008788   0.0001296  SDFFQXL
fifomem/mem_reg[1][4]           0.008435   0.0002196    0.008784   0.0001296  SDFFQXL
fifomem/mem_reg[6][7]           0.008431   0.0002211    0.008782   0.0001296  SDFFQXL
fifomem/mem_reg[7][5]           0.008437   0.0002108    0.008778   0.0001296  SDFFQXL
fifomem/mem_reg[14][4]          0.008443   0.0002017    0.008774   0.0001296  SDFFQXL
fifomem/mem_reg[10][0]          0.008389   0.0002526    0.008771   0.0001296  SDFFQXL
fifomem/mem_reg[14][0]          0.008444   0.0001967     0.00877   0.0001296  SDFFQXL
fifomem/mem_reg[8][4]           0.008442   0.0001971    0.008769   0.0001296  SDFFQXL
fifomem/mem_reg[10][2]          0.008434   0.0002051    0.008768   0.0001296  SDFFQXL
fifomem/mem_reg[4][5]           0.008438   0.0002007    0.008768   0.0001296  SDFFQXL
fifomem/mem_reg[10][6]          0.008433   0.0002045    0.008768   0.0001296  SDFFQXL
fifomem/mem_reg[10][7]          0.008434   0.0002028    0.008766   0.0001296  SDFFQXL
fifomem/mem_reg[0][2]           0.008428   0.0002077    0.008765   0.0001296  SDFFQXL
fifomem/mem_reg[14][5]          0.008444   0.0001915    0.008765   0.0001296  SDFFQXL
fifomem/mem_reg[6][4]           0.008384   0.0002512    0.008764   0.0001296  SDFFQXL
fifomem/mem_reg[3][3]           0.008425   0.0002074    0.008762   0.0001296  SDFFQXL
fifomem/mem_reg[0][7]           0.008428   0.0002044    0.008762   0.0001296  SDFFQXL
fifomem/mem_reg[1][0]           0.008435   0.0001967    0.008761   0.0001296  SDFFQXL
fifomem/mem_reg[4][4]           0.008437   0.0001925    0.008759   0.0001296  SDFFQXL
fifomem/mem_reg[6][1]           0.008384   0.0002451    0.008759   0.0001296  SDFFQXL
fifomem/mem_reg[6][3]           0.008428   0.0001987    0.008756   0.0001296  SDFFQXL
fifomem/mem_reg[0][6]           0.008427   0.0001985    0.008756   0.0001296  SDFFQXL
fifomem/mem_reg[6][2]           0.008429   0.0001962    0.008755   0.0001296  SDFFQXL
fifomem/mem_reg[3][2]           0.008426   0.0001965    0.008752   0.0001296  SDFFQXL
fifomem/mem_reg[0][3]           0.008427   0.0001942    0.008751   0.0001296  SDFFQXL
fifomem/mem_reg[3][6]           0.008427   0.0001941    0.008751   0.0001296  SDFFQXL
fifomem/mem_reg[3][7]           0.008427   0.0001922    0.008749   0.0001296  SDFFQXL
fifomem/mem_reg[2][7]           0.008384   0.0002352    0.008748   0.0001296  SDFFQXL
fifomem/mem_reg[2][2]           0.008384   0.0002271     0.00874   0.0001296  SDFFQXL
fifomem/mem_reg[0][5]           0.008382   0.0002245    0.008736   0.0001296  SDFFQXL
fifomem/mem_reg[3][1]            0.00838   0.0002254    0.008735   0.0001296  SDFFQXL
fifomem/mem_reg[6][0]           0.008383    0.000219    0.008732   0.0001296  SDFFQXL
fifomem/mem_reg[0][1]           0.008382   0.0002191    0.008731   0.0001296  SDFFQXL
fifomem/mem_reg[2][4]           0.008383   0.0002178    0.008731   0.0001296  SDFFQXL
fifomem/mem_reg[10][5]          0.008388   0.0002126     0.00873   0.0001296  SDFFQXL
fifomem/mem_reg[2][1]           0.008338   0.0002605    0.008729   0.0001296  SDFFQXL
fifomem/mem_reg[2][6]           0.008383   0.0002152    0.008728   0.0001296  SDFFQXL
fifomem/mem_reg[0][0]           0.008382   0.0002147    0.008726   0.0001296  SDFFQXL
fifomem/mem_reg[10][4]          0.008388   0.0001988    0.008716   0.0001296  SDFFQXL
fifomem/mem_reg[3][5]            0.00838   0.0002011     0.00871   0.0001296  SDFFQXL
fifomem/mem_reg[0][4]           0.008382   0.0001989     0.00871   0.0001296  SDFFQXL
fifomem/mem_reg[3][0]            0.00838   0.0001981    0.008707   0.0001296  SDFFQXL
fifomem/mem_reg[3][4]           0.008379   0.0001972    0.008706   0.0001296  SDFFQXL
fifomem/mem_reg[2][3]           0.008383   0.0001931    0.008706   0.0001296  SDFFQXL
fifomem/mem_reg[6][5]           0.008383   0.0001908    0.008703   0.0001296  SDFFQXL
fifomem/mem_reg[2][0]           0.008338   0.0002336    0.008701   0.0001296  SDFFQXL
rptr_empty_inst/g188            0.002126    0.006411    0.008668   0.0001309  XOR2X4
fifomem/mem_reg[2][5]           0.008337   0.0001917    0.008658   0.0001296  SDFFQXL
rptr_empty_inst/rptr_reg[0]     0.008057   0.0002305     0.00844   0.0001526  SDFFRHQX1
rptr_empty_inst/rptr_reg[1]     0.007887   0.0002313    0.008271   0.0001526  SDFFRHQX1
rptr_empty_inst/FE_OFC9_rempty  0.0007755    0.007151    0.008147   0.0002199  CLKBUFX12
wptr_full_inst/FE_OCPC45_waddr_0   0.004107    0.003428    0.007656   0.0001212  CLKBUFX6
rptr_empty_inst/rptr_reg[2]     0.006975   0.0002467    0.007374   0.0001526  SDFFRHQX1
rptr_empty_inst/rptr_reg[3]     0.006531   0.0002395    0.006923   0.0001526  SDFFRHQX1
rdata_reg[7]                    0.005949   0.0003744    0.006424   0.0001005  DFFRHQX1
rdata_reg[6]                    0.005949   0.0003225    0.006371   0.0001005  DFFRHQX1
rdata_reg[5]                    0.005949   0.0003175    0.006367   0.0001005  DFFRHQX1
rdata_reg[4]                    0.005951   0.0002263    0.006278   0.0001005  DFFRHQX1
rdata_reg[1]                     0.00595     0.00021     0.00626   0.0001005  DFFRHQX1
rdata_reg[3]                    0.005951   0.0001865    0.006238   0.0001005  DFFRHQX1
rdata_reg[0]                    0.005951   0.0001848    0.006236   0.0001005  DFFRHQX1
rdata_reg[2]                    0.005951   0.0001831    0.006234   0.0001005  DFFRHQX1
wptr_full_inst/FE_OCPC37_waddr_1   0.004088    0.001982    0.006191   0.0001212  BUFX6
rptr_empty_inst/rptr_reg[4]      0.00517   0.0003867    0.005657   0.0001005  DFFRHQX1
rptr_empty_inst/g198            0.001077    0.004433     0.00564   0.0001309  XOR2X4
sync_w2r/q1_reg[0]              0.005379   8.012e-05     0.00556   0.0001005  DFFRHQX1
sync_w2r/q1_reg[2]               0.00538   7.081e-05    0.005551   0.0001005  DFFRHQX1
sync_w2r/q1_reg[4]              0.005374    7.46e-05    0.005549   0.0001005  DFFRHQX1
sync_w2r/q1_reg[3]              0.005377   5.435e-05    0.005531   0.0001005  DFFRHQX1
sync_w2r/q1_reg[1]              0.005377   5.113e-05    0.005528   0.0001005  DFFRHQX1
sync_w2r/q2_reg[4]               0.00506   9.958e-05     0.00526   0.0001005  DFFRHQX1
wptr_full_inst/FE_RC_52_0       0.002354    0.002829    0.005245    6.16e-05  OAI2BB1X4
sync_w2r/q2_reg[2]              0.005061   4.805e-05    0.005209   0.0001005  DFFRHQX1
sync_w2r/q2_reg[3]              0.005061    4.24e-05    0.005204   0.0001005  DFFRHQX1
sync_w2r/q2_reg[1]              0.005061   4.155e-05    0.005203   0.0001005  DFFRHQX1
sync_w2r/q2_reg[0]              0.005061   4.059e-05    0.005202   0.0001005  DFFRHQX1
wptr_full_inst/FE_RC_20_0        0.00379    0.001003    0.004865   7.194e-05  AOI21X4
fifomem/FE_OCPC56_n_17          0.002196    0.002322    0.004639   0.0001212  CLKBUFX6
FE_PHC63_wrst_n                0.0007205    0.003381    0.004142   4.129e-05  CLKBUFX2
fifomem/FE_OCPC49_n_19          0.002872   0.0008432    0.003935   0.0002199  BUFX12
fifomem/g3063                   0.002288    0.001451    0.003811   7.214e-05  NOR2X4
wptr_full_inst/FE_OCPC57_waddr_2   0.001687    0.002013    0.003762   6.202e-05  BUFX3
fifomem/g3076                   0.002285    0.001241    0.003564   3.838e-05  NOR2BX2
fifomem/FE_RC_29_0              0.002601   0.0007672     0.00344   7.214e-05  NOR2X4
fifomem/FE_RC_29_0_dup          0.002601   0.0007671     0.00344   7.214e-05  NOR2X4
fifomem/FE_OCPC48_n_29           0.00239   0.0007844    0.003395   0.0002199  BUFX12
fifomem/FE_OCPC16_n_15          0.001369    0.001897    0.003327   6.202e-05  BUFX3
fifomem/FE_OCPC54_n_27          0.002361   0.0007096     0.00329   0.0002199  BUFX12
fifomem/FE_RC_60_0              0.002061    0.001121    0.003224   4.239e-05  NOR3BX2
fifomem/FE_OCPC47_waddr_0       0.001332     0.00182     0.00319   3.898e-05  INVX3
fifomem/FE_OCPC59_FE_RN_2       0.002102    0.001007    0.003171   6.202e-05  BUFX3
wptr_full_inst/FE_OCPC20_waddr_2   0.001681    0.001131    0.002874   6.202e-05  BUFX3
wptr_full_inst/FE_RC_34_0       0.001822   0.0008878     0.00279   8.078e-05  CLKAND2X3
fifomem/FE_OCPC61_n_4           0.001912   0.0005673    0.002699   0.0002199  BUFX12
fifomem/FE_RC_46_0              0.001154    0.001474    0.002673     4.5e-05  CLKAND2X2
fifomem/FE_RC_42_0              0.001743   0.0007729     0.00262   0.0001044  NOR2X6
FE_PHC64_rrst_n                0.0003601    0.002188     0.00259   4.129e-05  CLKBUFX2
fifomem/FE_OCPC12_n_8           0.001262     0.00126    0.002564   4.129e-05  CLKBUFX2
wptr_full_inst/FE_RC_41_0       0.001332    0.001036    0.002394   2.599e-05  OAI21X2
fifomem/FE_OCPC32_n_31          0.001625   0.0005077    0.002353   0.0002199  BUFX12
wptr_full_inst/g219             0.001426   0.0008331     0.00233   7.055e-05  XNOR2X1
fifomem/FE_OCPC28_n_0            0.00159   0.0004344    0.002244   0.0002199  BUFX12
fifomem/g3054                   0.001425   0.0006945    0.002223   0.0001044  NOR2X6
wptr_full_inst/g156             0.001191   0.0008262    0.002073   5.601e-05  NAND2X4
wptr_full_inst/FE_RC_27_0       0.001464   0.0005076    0.002044   7.254e-05  CLKXOR2X1
wptr_full_inst/g160             0.001533   0.0004522    0.002024   3.838e-05  NOR2BX2
wptr_full_inst/FE_RC_6_0        0.001474   0.0004424    0.001997   8.067e-05  NOR3X4
fifomem/FE_OCPC31_n_21          0.001311    0.000439    0.001969   0.0002199  BUFX12
fifomem/g3072                  0.0008151    0.001117    0.001958   2.599e-05  CLKINVX2
wptr_full_inst/FE_OCPC56_waddr_3  0.0008919   0.0009885    0.001922   4.129e-05  CLKBUFX2
fifomem/FE_RC_43_0             0.0004632     0.00142    0.001896   1.301e-05  CLKINVX1
fifomem/g3050                   0.001045   0.0007337     0.00189    0.000111  AND2X6
wptr_full_inst/FE_RC_63_0       0.001158     0.00069    0.001885   3.634e-05  AOI22X2
wptr_full_inst/FE_RC_3_0        0.001059   0.0007824    0.001867   2.599e-05  OAI21X2
fifomem/FE_OCPC55_n_12         0.0007021    0.001115    0.001843   2.599e-05  CLKINVX2
fifomem/g3074                   0.001532    0.000231    0.001802   3.838e-05  NOR2BX2
fifomem/g3047_dup               0.001173   0.0004974    0.001775   0.0001044  NOR2X6
fifomem/FE_PHC68_wdata_2       0.0007179   0.0009807     0.00174   4.129e-05  CLKBUFX2
fifomem/FE_PHC70_wdata_1       0.0007179   0.0009784    0.001738   4.129e-05  CLKBUFX2
rptr_empty_inst/g189           0.0006039    0.001056    0.001733   7.254e-05  CLKXOR2X1
fifomem/FE_PHC69_wdata_0       0.0007178   0.0009702    0.001729   4.129e-05  CLKBUFX2
fifomem/g5639                  0.0004705    0.001232    0.001721   1.816e-05  NOR2X1
fifomem/FE_PHC71_wdata_5       0.0007178   0.0009391    0.001698   4.129e-05  CLKBUFX2
fifomem/FE_OCPC23_n_25         0.0009888   0.0005612    0.001671   0.0001212  BUFX6
fifomem/g3080                  0.0006589   0.0009011    0.001641   8.078e-05  CLKAND2X3
wptr_full_inst/FE_RC_13_0      0.0007997   0.0007975    0.001623   2.599e-05  OAI21X2
fifomem/FE_PHC72_wdata_4       0.0007172   0.0007981    0.001557   4.129e-05  CLKBUFX2
fifomem/g5636                  0.0005559   0.0009662    0.001542   2.004e-05  NOR2BX1
fifomem/FE_OCPC51_FE_RN_3      0.0009907   0.0004236    0.001536   0.0001212  CLKBUFX6
wptr_full_inst/g218            0.0009325   0.0005003    0.001505   7.254e-05  CLKXOR2X1
rptr_empty_inst/g191            0.000503   0.0009028    0.001478   7.254e-05  CLKXOR2X1
wptr_full_inst/g215            0.0007433   0.0006446     0.00146   7.254e-05  CLKXOR2X1
fifomem/g5615                  0.0007736    0.000608     0.00146   7.836e-05  MX4XL
fifomem/g5589                  0.0008218   0.0005617    0.001397   1.314e-05  OAI221X1
fifomem/g5638                  0.0003104    0.001051    0.001397   3.499e-05  NAND2BX1
fifomem/g5607                  0.0007744   0.0005389    0.001392   7.836e-05  MX4XL
fifomem/g5592                  0.0008159   0.0005613     0.00139   1.314e-05  OAI221X1
fifomem/g5585                  0.0008013   0.0005647    0.001379   1.314e-05  OAI221X1
wptr_full_inst/FE_OCPC44_wptr_4  0.0007149   0.0006137     0.00137   4.129e-05  BUFX2
wptr_full_inst/FE_OFC16_n_10    0.000523   0.0008218    0.001358   1.301e-05  INVX1
fifomem/g5635                  0.0001411    0.001189     0.00134   9.289e-06  NAND2XL
fifomem/g5622                   0.000775   0.0004825    0.001336   7.836e-05  MX4XL
wptr_full_inst/FE_RC_53_0      0.0006479   0.0006426    0.001319   2.802e-05  NAND2X2
fifomem/FE_RC_44_0              0.001034   0.0002607    0.001312   1.816e-05  NOR2X1
wptr_full_inst/FE_RC_35_0      0.0006369   0.0006462    0.001311   2.802e-05  NAND2X2
fifomem/g5591                  0.0008161   0.0004734    0.001303   1.314e-05  OAI221X1
fifomem/g5588                  0.0008263   0.0004598    0.001299   1.314e-05  OAI221X1
fifomem/g5602                    0.00082   0.0003877    0.001299   9.088e-05  MXI4XL
fifomem/g5631                  0.0007755   0.0004336    0.001287   7.836e-05  MX4XL
fifomem/g5627                  0.0008201   0.0003668    0.001278   9.088e-05  MXI4XL
fifomem/g5616                  0.0008201   0.0003541    0.001265   9.088e-05  MXI4XL
fifomem/g5618                  0.0008201   0.0003511    0.001262   9.088e-05  MXI4XL
fifomem/g5611                  0.0008199    0.000349     0.00126   9.088e-05  MXI4XL
fifomem/g5598                  0.0007036   0.0005347    0.001257   1.833e-05  AOI22X1
wptr_full_inst/g138            0.0009077   0.0003093     0.00125   3.263e-05  MXI2X1
wptr_full_inst/FE_RC_23_0      0.0006077   0.0006124    0.001246   2.599e-05  CLKINVX2
fifomem/g5604                  0.0008201   0.0003278    0.001239   9.088e-05  MXI4XL
wptr_full_inst/FE_RC_56_0      0.0005967   0.0006139    0.001239   2.802e-05  NAND2X2
fifomem/g3057                  0.0005752   0.0005755    0.001236   8.485e-05  CLKAND2X4
fifomem/g5632                    0.00082   0.0003236    0.001235   9.088e-05  MXI4XL
fifomem/g5595                  0.0007042   0.0005088    0.001231   1.833e-05  AOI22X1
fifomem/g5623                    0.00082   0.0003146    0.001225   9.088e-05  MXI4XL
fifomem/g5629                  0.0007761   0.0003686    0.001223   7.836e-05  MX4XL
fifomem/g5610                  0.0008197   0.0002979    0.001208   9.088e-05  MXI4XL
wptr_full_inst/FE_RC_15_0      0.0008447   0.0003067    0.001206    5.48e-05  NAND2BX2
wptr_full_inst/g153_dup        0.0009376   0.0002263    0.001202   3.838e-05  NOR2BX2
fifomem/g5606                  0.0008197   0.0002904    0.001201   9.088e-05  MXI4XL
wptr_full_inst/FE_OCPC58_n_5   0.0008692   0.0002874    0.001198   4.129e-05  CLKBUFX2
fifomem/g5617                  0.0008199   0.0002865    0.001197   9.088e-05  MXI4XL
fifomem/g5593                   0.000705   0.0004701    0.001193   1.833e-05  AOI22X1
fifomem/g5612                  0.0007767    0.000336    0.001191   7.836e-05  MX4XL
fifomem/g5608                  0.0008197   0.0002703    0.001181   9.088e-05  MXI4XL
fifomem/g5630                  0.0007766    0.000325     0.00118   7.836e-05  MX4XL
fifomem/g5601                  0.0008201   0.0002671    0.001178   9.088e-05  MXI4XL
fifomem/g5600                  0.0007056   0.0004513    0.001175   1.833e-05  AOI22X1
fifomem/g5605                  0.0008198   0.0002461    0.001157   9.088e-05  MXI4XL
fifomem/g5625                  0.0008196   0.0002414    0.001152   9.088e-05  MXI4XL
wptr_full_inst/g153            0.0009365   0.0001724    0.001147   3.838e-05  NOR2BX2
fifomem/g5619                  0.0007777   0.0002911    0.001147   7.836e-05  MX4XL
fifomem/g5613                  0.0007776   0.0002897    0.001146   7.836e-05  MX4XL
fifomem/g5621                  0.0008197   0.0002334    0.001144   9.088e-05  MXI4XL
wptr_full_inst/FE_RC_21_0      0.0003677   0.0007623    0.001143   1.301e-05  CLKINVX1
fifomem/FE_PHC75_wdata_3       0.0007148   0.0003825    0.001139   4.129e-05  CLKBUFX2
fifomem/g5587                  0.0008291   0.0002877     0.00113   1.314e-05  OAI221X1
fifomem/g5624                  0.0007782    0.000272    0.001129   7.836e-05  MX4XL
fifomem/g5626                  0.0007789    0.000253     0.00111   7.836e-05  MX4XL
fifomem/g5590                  0.0008286   0.0002651    0.001107   1.314e-05  OAI221X1
wptr_full_inst/FE_RC_11_0      0.0007457   0.0002883    0.001107   7.254e-05  CLKXOR2X1
wptr_full_inst/FE_RC_64_0      0.0007443   0.0002906    0.001105   7.055e-05  XNOR2X1
fifomem/g3075                  0.0004403   0.0006405    0.001095   1.403e-05  NAND2X1
fifomem/g5614                  0.0007796   0.0002364    0.001094   7.836e-05  MX4XL
fifomem/g5620                  0.0007797   0.0002331    0.001091   7.836e-05  MX4XL
rptr_empty_inst/g148           0.0004744   0.0005885    0.001076   1.299e-05  OAI21X1
fifomem/g5628                  0.0007808   0.0002066    0.001066   7.836e-05  MX4XL
fifomem/g5586                  0.0008296   0.0002168     0.00106   1.314e-05  OAI221X1
fifomem/g5597                  0.0007088   0.0003124     0.00104   1.833e-05  AOI22X1
fifomem/g5603                  0.0007819    0.000176    0.001036   7.836e-05  MX4XL
fifomem/g5609                  0.0007818   0.0001753    0.001036   7.836e-05  MX4XL
fifomem/FE_RC_62_0             0.0003218   0.0006681    0.001029   3.898e-05  INVX3
fifomem/FE_OCPC46_waddr_0      0.0004571   0.0005411    0.001011   1.301e-05  CLKINVX1
wptr_full_inst/FE_RC_36_0        0.00066   0.0003254    0.001004   1.816e-05  NOR2X1
wptr_full_inst/FE_OFC18_n_17   0.0006343   0.0003328   0.0009931   2.599e-05  CLKINVX2
wptr_full_inst/FE_RC_19_0_dup  0.0003668   0.0006028   0.0009826   1.301e-05  CLKINVX1
fifomem/FE_PHC67_wdata_3       0.0007146   0.0002202   0.0009761   4.129e-05  CLKBUFX2
wptr_full_inst/FE_RC_57_0      0.0006593   0.0002921   0.0009695   1.816e-05  NOR2X1
fifomem/g3062                  0.0005449    0.000393    0.000966   2.802e-05  NAND2X2
fifomem/FE_PHC73_wdata_5       0.0007146   0.0001995   0.0009554   4.129e-05  CLKBUFX2
fifomem/FE_PHC80_wdata_3       0.0007146   0.0001959   0.0009518   4.129e-05  CLKBUFX2
fifomem/FE_PHC78_wdata_3       0.0007146   0.0001894   0.0009453   4.129e-05  CLKBUFX2
fifomem/g5594                  0.0006923   0.0002324    0.000943   1.833e-05  AOI22X1
fifomem/g5596                  0.0006963   0.0001962   0.0009108   1.833e-05  AOI22X1
wptr_full_inst/FE_RC_4_0        0.000578   0.0003037   0.0009097   2.802e-05  NAND2X2
wptr_full_inst/FE_RC_22_0       0.000294   0.0005997   0.0009067   1.301e-05  CLKINVX1
fifomem/FE_PHC65_wdata_7       0.0007156   0.0001481    0.000905   4.129e-05  CLKBUFX2
fifomem/g5599                  0.0006935   0.0001863   0.0008981   1.833e-05  AOI22X1
fifomem/FE_PHC66_wdata_6       0.0007159   0.0001408    0.000898   4.129e-05  CLKBUFX2
fifomem/FE_PHC74_wdata_4       0.0007188   9.796e-05    0.000858   4.129e-05  CLKBUFX2
fifomem/FE_PHC79_wdata_4        0.000719   9.447e-05   0.0008548   4.129e-05  CLKBUFX2
fifomem/FE_RC_55_0             0.0005726    0.000181   0.0008537   0.0001001  NAND2BX4
fifomem/g3061_dup              0.0005631   0.0002699   0.0008531   2.004e-05  NOR2BX1
fifomem/FE_RC_50_0             0.0004747   0.0003474   0.0008403   1.816e-05  NOR2X1
wptr_full_inst/g152            0.0003095   0.0005151   0.0008339   9.289e-06  NAND2XL
fifomem/g3061                  0.0005628   0.0002261   0.0008089   2.004e-05  NOR2BX1
wptr_full_inst/FE_RC_39_0      0.0004426    0.000343   0.0007986   1.299e-05  OAI21X1
wptr_full_inst/FE_RC_18_0      0.0004144   0.0003208   0.0007701   3.499e-05  NAND2BX1
rptr_empty_inst/g147           0.0003481   0.0004009    0.000762   1.301e-05  INVX1
wptr_full_inst/FE_RC_37_0      0.0006007   0.0001376   0.0007584   2.004e-05  NOR2BX1
fifomem/FE_RC_47_0             0.0003643   0.0003598   0.0007371   1.301e-05  CLKINVX1
wptr_full_inst/FE_RC_2_0       0.0004513   0.0002412   0.0007185   2.599e-05  CLKINVX2
wptr_full_inst/g157            0.0003634   0.0003246   0.0006968   8.757e-06  INVXL
rptr_empty_inst/g144           0.0003625   0.0002951   0.0006706   1.299e-05  OAI21X1
FE_PHC76_rrst_n                0.0003344   0.0002732    0.000662   5.435e-05  DLY1X1
fifomem/g5634                  0.0002617   0.0003851   0.0006598   1.301e-05  CLKINVX1
rptr_empty_inst/g140           0.0002716     0.00036   0.0006445   1.299e-05  OAI21X1
fifomem/g3060                  0.0003329   0.0002775   0.0006384   2.802e-05  NAND2X2
rptr_empty_inst/g153           0.0002898   0.0002736   0.0005983   3.499e-05  NAND2BX1
wptr_full_inst/FE_RC_54_0      0.0002346   0.0003378   0.0005854   1.301e-05  CLKINVX1
sync_w2r/FE_PHC77_rrst_n       0.0003338   0.0001802   0.0005684   5.435e-05  DLY1X1
wptr_full_inst/g147            0.0002648   0.0002723   0.0005651   2.802e-05  NAND2X2
wptr_full_inst/FE_RC_14_0      0.0002347   0.0002985   0.0005462   1.301e-05  CLKINVX1
fifomem/g5633                  0.0004114   0.0001192   0.0005436   1.301e-05  INVX1
FE_OCPC45_FE_OFN10_FE_OFN8_wfull  0.0003066   0.0001878   0.0005357   4.129e-05  CLKBUFX2
fifomem/g5637                  0.0002674   0.0002464   0.0005268   1.301e-05  INVX1
rptr_empty_inst/g154           0.0001755   0.0003155    0.000526   3.499e-05  NAND2BX1
fifomem/FE_RC_51_0             0.0003125   0.0001992   0.0005247   1.301e-05  CLKINVX1
fifomem/g3048                  0.0002814    0.000213   0.0005224   2.802e-05  NAND2X2
fifomem/g3051                  0.0002717   0.0002085   0.0005082   2.802e-05  NAND2X2
rptr_empty_inst/g151           0.0003101   0.0001806   0.0004994   8.728e-06  OAI21XL
fifomem/g3066                  0.0003065   0.0001687   0.0004893   1.403e-05  NAND2X1
rptr_empty_inst/g138            0.000213   0.0002596   0.0004857   1.301e-05  INVX1
rptr_empty_inst/g150           0.0002398   0.0002107   0.0004854   3.499e-05  NAND2BX1
wptr_full_inst/FE_RC_17_0      0.0002915   0.0001749   0.0004794   1.301e-05  CLKINVX1
wptr_full_inst/FE_RC_38_0      0.0003385   0.0001274   0.0004783   1.236e-05  NOR2XL
wptr_full_inst/FE_RC_59_0      0.0003371   0.0001225   0.0004719   1.236e-05  NOR2XL
wptr_full_inst/FE_OFC17_n_17   0.0003251   0.0001164   0.0004545   1.301e-05  INVX1
fifomem/g3056_dup              0.0002298   0.0001943   0.0004521   2.802e-05  NAND2X2
fifomem/FE_RC_61_0             0.0002532   0.0001577   0.0004409   3.011e-05  NAND3X2
fifomem/FE_OCPC60_FE_RN_3      0.0003377   5.639e-05   0.0004354   4.129e-05  CLKBUFX2
rptr_empty_inst/g196           0.0002876   8.047e-05   0.0004311   6.308e-05  XNOR2XL
wptr_full_inst/FE_RC_58_0      0.0002346   0.0001788   0.0004263   1.301e-05  CLKINVX1
rptr_empty_inst/g195           0.0002878   7.069e-05   0.0004215   6.308e-05  XNOR2XL
rptr_empty_inst/g197           0.0002876   6.708e-05   0.0004177   6.308e-05  XNOR2XL
rptr_empty_inst/g194            0.000288   5.668e-05   0.0004078   6.308e-05  XNOR2XL
fifomem/g3053                  0.0002262   0.0001211   0.0003754   2.802e-05  NAND2X2
rptr_empty_inst/g149           0.0001956    0.000167   0.0003718   9.289e-06  NAND2XL
rptr_empty_inst/g136           0.0001994   0.0001576     0.00037   1.299e-05  OAI21X1
fifomem/g3052                  0.0001812   0.0001581   0.0003673   2.802e-05  NAND2X2
rptr_empty_inst/g193            0.000304   4.214e-05   0.0003642   1.815e-05  AOI21X1
fifomem/g3045                  0.0001881   0.0001365   0.0003526   2.802e-05  NAND2X2
rptr_empty_inst/g146           0.0001601     0.00013   0.0003251   3.499e-05  NAND2BX1
rptr_empty_inst/g145           0.0001645   0.0001394   0.0003131   9.289e-06  NAND2XL
wptr_full_inst/g208             0.000153   0.0001307    0.000293   9.289e-06  NAND2XL
wptr_full_inst/FE_RC_40_0      0.0001547   0.0001289   0.0002929   9.289e-06  NAND2XL
fifomem/g3058                  0.0001513   0.0001082   0.0002875   2.802e-05  NAND2X2
rptr_empty_inst/g152           0.0001612   0.0001045    0.000275   9.289e-06  NAND2XL
rptr_empty_inst/g141           0.0001465   9.879e-05   0.0002546   9.289e-06  NAND2XL
rptr_empty_inst/g199           0.0001703   6.512e-05   0.0002478   1.236e-05  NOR2XL
rptr_empty_inst/g137           0.0001007   8.236e-05   0.0001924   9.289e-06  NAND2XL
rptr_empty_inst/g142           9.734e-05   5.167e-05    0.000184   3.499e-05  NAND2BX1
rptr_empty_inst/g190           5.893e-05   0.0001117    0.000183   1.236e-05  NOR2XL
fifomem/g3056                  7.367e-05   6.515e-05   0.0001481   9.289e-06  NAND2XL
rptr_empty_inst/g192           5.738e-05   5.363e-05   0.0001215   1.046e-05  NAND4XL

---------------------------------------------------------------------------------------

Total (    390 of    390  )        1.769      0.4769      2.282     0.03615
Total Capacitance                1.429e-11 F
Power Density                   *** No Die Area ***
