Cadence Genus(TM) Synthesis Solution.
Copyright 2020 Cadence Design Systems, Inc. All rights reserved worldwide.
Cadence and the Cadence logo are registered trademarks and Genus is a trademark
of Cadence Design Systems, Inc. in the United States and other countries.

Version: 19.13-s073_1, built Fri Mar 20 01:36:16 PDT 2020
Options: -files script.tcl 
Date:    Mon Oct 13 01:38:15 2025
Host:    edatools-server2.iiitd.edu.in (x86_64 w/Linux 2.6.32-754.35.1.el6.x86_64) (18cores*72cpus*2physical cpus*Intel(R) Xeon(R) Gold 6354 CPU @ 3.00GHz 39936KB) (528955884KB)
PID:     11652
OS:      Red Hat Enterprise Linux Server release 6.10 (Santiago)

Checking out license: Genus_Synthesis

Loading tool scripts...

Finished loading tool scripts (5 seconds elapsed).

#@ Processing -files option
@genus 1> source script.tcl
#@ Begin verbose source script.tcl
@file(script.tcl) 11: set_attr lib_search_path {/home/utkarsh25154/Desktop/cmos65/90nm/verilog/lib}
Error   : The tool is running in common ui mode. [TUI-509] [::unknown]
        : Command 'set_attr' is a legacy ui command.
        : Use set_db/get_db instead or do set_db common_ui false at start of the run.
#@ End verbose source script.tcl

Encountered problems processing file: script.tcl
WARNING: This version of the tool is 2032 days old.
@genus:root: 2> source script.tcl
Sourcing './script.tcl' (Mon Oct 13 01:39:46 IST 2025)...
#@ Begin verbose source script.tcl
@file(script.tcl) 11: set_attr lib_search_path {/home/utkarsh25154/Desktop/cmos65/90nm/verilog/lib}
Error   : The tool is running in common ui mode. [TUI-509] [::unknown]
        : Command 'set_attr' is a legacy ui command.
#@ End verbose source script.tcl
@genus:root: 3> exit
Normal exit.