*----------------------------------------------------------------------------------------
*	Innovus 20.10-p004_1 (64bit) 05/07/2020 20:02 (Linux 2.6.32-431.11.2.el6.x86_64)
*	
*
* 	Date & Time:	2025-Nov-10 21:23:29 (2025-Nov-10 15:53:29 GMT)
*
*----------------------------------------------------------------------------------------
*
*	Design: FIFO
*
*	Liberty Libraries used: 
*	        view1: /home/vishal25157/Desktop/cmos65/90nm/pd_0.8/slow.lib
*
*	Power Domain used: 
*
*       Power View : view1
*
*       User-Defined Activity : N.A.
*
*       Activity File: N.A.
*
*       Hierarchical Global Activity: N.A.
*
*       Global Activity: N.A.
*
*       Sequential Element Activity: 0.200000
*
*       Primary Input Activity: 0.200000
*
*       Default icg ratio: N.A.
*
*       Global Comb ClockGate Ratio: N.A.
*
*	Power Units = 1mW
*
*	Time Units = 1e-09 secs 
*
*       Temperature = 125 
*
*       report_power -outfile ./placement_reports/power/power.rpt -rail_analysis_format VS
*
-----------------------------------------------------------------------------------------
Cell                            Internal   Switching       Total     Leakage   Cell
                                   Power       Power       Power       Power   Name
--------------------------------------------------------------------------------------
FE_OFC0_rdata_7                 0.002118     0.02029     0.02262   0.0002199  CLKBUFX12
FE_OFC3_rdata_4                 0.002105     0.02028     0.02261   0.0002199  CLKBUFX12
FE_OFC2_rdata_5                 0.002114     0.02027     0.02261   0.0002199  CLKBUFX12
FE_OFC7_rdata_0                 0.002102     0.02028      0.0226   0.0002199  CLKBUFX12
FE_OFC1_rdata_6                 0.002111     0.02027      0.0226   0.0002199  CLKBUFX12
FE_OFC5_rdata_2                 0.002101     0.02028      0.0226   0.0002199  CLKBUFX12
FE_OFC6_rdata_1                 0.002103     0.02027     0.02259   0.0002199  CLKBUFX12
FE_OFC4_rdata_3                 0.002102     0.02027     0.02259   0.0002199  CLKBUFX12
FE_OFC10_FE_OFN8_wfull          0.002902     0.01611      0.0192   0.0001864  BUFX16
wptr_full_inst/wptr_reg[1]       0.01578    0.000891     0.01684   0.0001737  SDFFRHQX2
wptr_full_inst/wptr_reg[2]       0.01494    0.001038     0.01615   0.0001737  SDFFRHQX2
wptr_full_inst/wptr_reg[0]       0.01545   0.0005424     0.01614   0.0001526  SDFFRHQX1
wptr_full_inst/wptr_reg[3]       0.01345    0.001267     0.01488   0.0001651  DFFRHQX4
wptr_full_inst/wptr_reg[4]       0.01061    0.001809     0.01259   0.0001679  DFFRX2
rptr_empty_inst/g188            0.002118    0.008774     0.01102   0.0001309  XOR2X4
sync_r2w/q2_reg[3]               0.01039   0.0003599     0.01085   0.0001005  DFFRHQX1
sync_r2w/q2_reg[2]               0.01039   0.0002904     0.01078   0.0001005  DFFRHQX1
sync_r2w/q2_reg[1]               0.01039   0.0002865     0.01078   0.0001005  DFFRHQX1
sync_r2w/q2_reg[4]               0.01039   0.0002496     0.01074   0.0001005  DFFRHQX1
sync_r2w/q2_reg[0]               0.01039   0.0002114     0.01071   0.0001005  DFFRHQX1
sync_r2w/q1_reg[1]               0.01008   0.0002222      0.0104   0.0001005  DFFRHQX1
sync_r2w/q1_reg[0]               0.01008   0.0001973     0.01038   0.0001005  DFFRHQX1
sync_r2w/q1_reg[3]               0.01008   0.0001889     0.01037   0.0001005  DFFRHQX1
sync_r2w/q1_reg[4]               0.01008   0.0001768     0.01036   0.0001005  DFFRHQX1
sync_r2w/q1_reg[2]               0.01008   0.0001351     0.01032   0.0001005  DFFRHQX1
fifomem/mem_reg[13][5]          0.008993   0.0002363    0.009365   0.0001363  SDFFQX1
fifomem/mem_reg[13][1]          0.008993   0.0002287    0.009358   0.0001363  SDFFQX1
fifomem/mem_reg[13][3]          0.008993   0.0002241    0.009353   0.0001363  SDFFQX1
fifomem/mem_reg[13][2]          0.008993   0.0002202    0.009349   0.0001363  SDFFQX1
fifomem/mem_reg[13][4]          0.008993   0.0002171    0.009346   0.0001363  SDFFQX1
fifomem/mem_reg[13][7]          0.008993   0.0002139    0.009343   0.0001363  SDFFQX1
fifomem/mem_reg[13][6]          0.008993   0.0002099    0.009339   0.0001363  SDFFQX1
fifomem/mem_reg[13][0]          0.008993    0.000209    0.009338   0.0001363  SDFFQX1
fifomem/mem_reg[15][1]          0.008728   0.0002363    0.009094   0.0001296  SDFFQXL
fifomem/mem_reg[15][5]          0.008728   0.0002206    0.009078   0.0001296  SDFFQXL
fifomem/mem_reg[15][2]          0.008727    0.000212    0.009069   0.0001296  SDFFQXL
fifomem/mem_reg[15][0]          0.008727   0.0002046    0.009061   0.0001296  SDFFQXL
fifomem/mem_reg[15][6]          0.008727   0.0002014    0.009058   0.0001296  SDFFQXL
fifomem/mem_reg[15][3]          0.008727   0.0001929     0.00905   0.0001296  SDFFQXL
fifomem/mem_reg[15][7]          0.008727   0.0001927    0.009049   0.0001296  SDFFQXL
fifomem/mem_reg[15][4]          0.008727   0.0001918    0.009049   0.0001296  SDFFQXL
fifomem/mem_reg[12][0]          0.008679   0.0002363    0.009045   0.0001296  SDFFQXL
fifomem/mem_reg[14][1]          0.008655   0.0002546    0.009039   0.0001296  SDFFQXL
fifomem/mem_reg[9][1]           0.008669   0.0002376    0.009036   0.0001296  SDFFQXL
fifomem/mem_reg[12][7]          0.008678    0.000227    0.009035   0.0001296  SDFFQXL
fifomem/mem_reg[9][6]           0.008669   0.0002251    0.009023   0.0001296  SDFFQXL
fifomem/mem_reg[7][1]           0.008651   0.0002405    0.009021   0.0001296  SDFFQXL
fifomem/mem_reg[5][4]            0.00865   0.0002395    0.009019   0.0001296  SDFFQXL
fifomem/mem_reg[9][3]           0.008669   0.0002201    0.009019   0.0001296  SDFFQXL
fifomem/mem_reg[11][3]          0.008646   0.0002413    0.009017   0.0001296  SDFFQXL
fifomem/mem_reg[12][2]          0.008678   0.0002068    0.009014   0.0001296  SDFFQXL
fifomem/mem_reg[12][1]          0.008678   0.0002054    0.009013   0.0001296  SDFFQXL
fifomem/mem_reg[12][3]          0.008678    0.000202     0.00901   0.0001296  SDFFQXL
fifomem/mem_reg[5][3]            0.00865   0.0002299    0.009009   0.0001296  SDFFQXL
fifomem/mem_reg[7][0]            0.00865    0.000229    0.009009   0.0001296  SDFFQXL
fifomem/mem_reg[5][0]            0.00865   0.0002292    0.009008   0.0001296  SDFFQXL
fifomem/mem_reg[11][1]          0.008646   0.0002281    0.009004   0.0001296  SDFFQXL
fifomem/mem_reg[11][0]          0.008646   0.0002274    0.009003   0.0001296  SDFFQXL
fifomem/mem_reg[12][5]          0.008678   0.0001952    0.009003   0.0001296  SDFFQXL
fifomem/mem_reg[12][4]          0.008678   0.0001948    0.009002   0.0001296  SDFFQXL
fifomem/mem_reg[12][6]          0.008678   0.0001942    0.009002   0.0001296  SDFFQXL
fifomem/mem_reg[11][5]          0.008646   0.0002254    0.009001   0.0001296  SDFFQXL
fifomem/mem_reg[9][7]           0.008668   0.0002027    0.009001   0.0001296  SDFFQXL
fifomem/mem_reg[11][6]          0.008646   0.0002252       0.009   0.0001296  SDFFQXL
fifomem/mem_reg[9][5]           0.008668   0.0002024       0.009   0.0001296  SDFFQXL
fifomem/mem_reg[9][2]           0.008668   0.0002014       0.009   0.0001296  SDFFQXL
fifomem/mem_reg[11][4]          0.008646   0.0002241    0.008999   0.0001296  SDFFQXL
fifomem/mem_reg[14][0]          0.008654   0.0002146    0.008998   0.0001296  SDFFQXL
fifomem/mem_reg[9][4]           0.008668   0.0002004    0.008998   0.0001296  SDFFQXL
fifomem/mem_reg[5][6]           0.008649   0.0002183    0.008997   0.0001296  SDFFQXL
fifomem/mem_reg[14][7]          0.008654   0.0002135    0.008997   0.0001296  SDFFQXL
fifomem/mem_reg[5][2]           0.008649   0.0002167    0.008996   0.0001296  SDFFQXL
fifomem/mem_reg[9][0]           0.008668   0.0001972    0.008995   0.0001296  SDFFQXL
fifomem/mem_reg[7][3]            0.00865    0.000215    0.008995   0.0001296  SDFFQXL
fifomem/mem_reg[7][5]            0.00865   0.0002146    0.008995   0.0001296  SDFFQXL
fifomem/mem_reg[11][2]          0.008646   0.0002189    0.008994   0.0001296  SDFFQXL
fifomem/mem_reg[7][2]            0.00865   0.0002132    0.008993   0.0001296  SDFFQXL
fifomem/mem_reg[11][7]          0.008646   0.0002158    0.008991   0.0001296  SDFFQXL
fifomem/mem_reg[14][3]          0.008654   0.0002063     0.00899   0.0001296  SDFFQXL
fifomem/mem_reg[5][5]           0.008649   0.0002103    0.008989   0.0001296  SDFFQXL
fifomem/mem_reg[14][2]          0.008654   0.0002048    0.008988   0.0001296  SDFFQXL
fifomem/mem_reg[14][4]          0.008654   0.0002034    0.008987   0.0001296  SDFFQXL
fifomem/mem_reg[14][5]          0.008654   0.0001978    0.008981   0.0001296  SDFFQXL
fifomem/mem_reg[5][1]           0.008649   0.0001988    0.008978   0.0001296  SDFFQXL
fifomem/mem_reg[14][6]          0.008654   0.0001936    0.008977   0.0001296  SDFFQXL
fifomem/mem_reg[7][6]            0.00865   0.0001942    0.008974   0.0001296  SDFFQXL
fifomem/mem_reg[10][0]          0.008586   0.0002571    0.008973   0.0001296  SDFFQXL
fifomem/mem_reg[5][7]           0.008649   0.0001941    0.008973   0.0001296  SDFFQXL
fifomem/mem_reg[7][4]            0.00865   0.0001931    0.008973   0.0001296  SDFFQXL
fifomem/mem_reg[7][7]            0.00865   0.0001907     0.00897   0.0001296  SDFFQXL
fifomem/mem_reg[4][1]           0.008588   0.0002529     0.00897   0.0001296  SDFFQXL
fifomem/mem_reg[6][1]           0.008582   0.0002472    0.008959   0.0001296  SDFFQXL
fifomem/mem_reg[3][1]           0.008584   0.0002426    0.008957   0.0001296  SDFFQXL
fifomem/mem_reg[10][1]          0.008586   0.0002397    0.008955   0.0001296  SDFFQXL
fifomem/mem_reg[8][7]           0.008603   0.0002209    0.008953   0.0001296  SDFFQXL
fifomem/mem_reg[6][6]           0.008582   0.0002397    0.008951   0.0001296  SDFFQXL
fifomem/mem_reg[8][3]           0.008603   0.0002163    0.008948   0.0001296  SDFFQXL
fifomem/mem_reg[10][3]          0.008586   0.0002294    0.008945   0.0001296  SDFFQXL
fifomem/mem_reg[8][4]           0.008602   0.0002123    0.008944   0.0001296  SDFFQXL
fifomem/mem_reg[6][4]           0.008582   0.0002324    0.008944   0.0001296  SDFFQXL
fifomem/mem_reg[1][5]           0.008579   0.0002345    0.008943   0.0001296  SDFFQXL
fifomem/mem_reg[4][0]           0.008587   0.0002215    0.008938   0.0001296  SDFFQXL
fifomem/mem_reg[8][0]            0.00859   0.0002173    0.008937   0.0001296  SDFFQXL
fifomem/mem_reg[8][5]           0.008602   0.0002038    0.008936   0.0001296  SDFFQXL
fifomem/mem_reg[6][7]           0.008582   0.0002224    0.008934   0.0001296  SDFFQXL
fifomem/mem_reg[8][2]           0.008602   0.0002009    0.008933   0.0001296  SDFFQXL
fifomem/mem_reg[10][5]          0.008585   0.0002174    0.008932   0.0001296  SDFFQXL
fifomem/mem_reg[8][1]           0.008602      0.0002    0.008932   0.0001296  SDFFQXL
fifomem/mem_reg[1][2]           0.008579   0.0002231    0.008932   0.0001296  SDFFQXL
fifomem/mem_reg[1][1]           0.008579   0.0002215     0.00893   0.0001296  SDFFQXL
fifomem/mem_reg[1][7]           0.008579   0.0002206    0.008929   0.0001296  SDFFQXL
fifomem/mem_reg[8][6]           0.008602   0.0001965    0.008928   0.0001296  SDFFQXL
fifomem/mem_reg[10][2]          0.008585   0.0002124    0.008927   0.0001296  SDFFQXL
fifomem/mem_reg[4][3]           0.008587   0.0002105    0.008927   0.0001296  SDFFQXL
fifomem/mem_reg[1][4]           0.008579    0.000218    0.008926   0.0001296  SDFFQXL
fifomem/mem_reg[10][4]          0.008585   0.0002057     0.00892   0.0001296  SDFFQXL
fifomem/mem_reg[10][7]          0.008585    0.000204    0.008919   0.0001296  SDFFQXL
fifomem/mem_reg[4][6]           0.008587   0.0002016    0.008918   0.0001296  SDFFQXL
fifomem/mem_reg[4][2]           0.008587   0.0002003    0.008917   0.0001296  SDFFQXL
fifomem/mem_reg[10][6]          0.008585   0.0002021    0.008917   0.0001296  SDFFQXL
fifomem/mem_reg[4][5]           0.008587   0.0001989    0.008915   0.0001296  SDFFQXL
fifomem/mem_reg[4][7]           0.008587   0.0001981    0.008914   0.0001296  SDFFQXL
fifomem/mem_reg[3][0]           0.008584   0.0001997    0.008913   0.0001296  SDFFQXL
fifomem/mem_reg[3][6]           0.008584   0.0001989    0.008912   0.0001296  SDFFQXL
fifomem/mem_reg[3][2]           0.008584   0.0001979    0.008911   0.0001296  SDFFQXL
fifomem/mem_reg[3][3]           0.008584   0.0001979    0.008911   0.0001296  SDFFQXL
fifomem/mem_reg[3][5]           0.008584   0.0001969     0.00891   0.0001296  SDFFQXL
fifomem/mem_reg[4][4]           0.008587   0.0001936     0.00891   0.0001296  SDFFQXL
fifomem/mem_reg[6][3]           0.008582   0.0001984     0.00891   0.0001296  SDFFQXL
fifomem/mem_reg[6][2]           0.008582    0.000198    0.008909   0.0001296  SDFFQXL
fifomem/mem_reg[3][4]           0.008583   0.0001949    0.008908   0.0001296  SDFFQXL
fifomem/mem_reg[1][0]           0.008579   0.0001999    0.008908   0.0001296  SDFFQXL
fifomem/mem_reg[1][6]           0.008578      0.0002    0.008908   0.0001296  SDFFQXL
fifomem/mem_reg[6][0]           0.008581   0.0001966    0.008908   0.0001296  SDFFQXL
fifomem/mem_reg[1][3]           0.008578   0.0001988    0.008907   0.0001296  SDFFQXL
fifomem/mem_reg[2][0]            0.00853    0.000247    0.008907   0.0001296  SDFFQXL
fifomem/mem_reg[3][7]           0.008584   0.0001932    0.008906   0.0001296  SDFFQXL
fifomem/mem_reg[6][5]           0.008581   0.0001936    0.008905   0.0001296  SDFFQXL
fifomem/mem_reg[2][7]            0.00853   0.0002356    0.008895   0.0001296  SDFFQXL
fifomem/mem_reg[2][1]            0.00853   0.0002343    0.008894   0.0001296  SDFFQXL
fifomem/mem_reg[2][2]            0.00853    0.000228    0.008887   0.0001296  SDFFQXL
fifomem/mem_reg[2][4]           0.008529    0.000221     0.00888   0.0001296  SDFFQXL
fifomem/mem_reg[0][0]            0.00853   0.0002174    0.008877   0.0001296  SDFFQXL
fifomem/mem_reg[0][5]            0.00853   0.0002172    0.008877   0.0001296  SDFFQXL
fifomem/mem_reg[2][6]           0.008529   0.0002169    0.008876   0.0001296  SDFFQXL
fifomem/mem_reg[0][2]            0.00853   0.0002083    0.008868   0.0001296  SDFFQXL
fifomem/mem_reg[0][7]           0.008529    0.000202    0.008861   0.0001296  SDFFQXL
fifomem/mem_reg[0][6]           0.008529   0.0001995    0.008858   0.0001296  SDFFQXL
fifomem/mem_reg[0][1]           0.008529   0.0001962    0.008855   0.0001296  SDFFQXL
fifomem/mem_reg[2][5]           0.008529   0.0001941    0.008853   0.0001296  SDFFQXL
fifomem/mem_reg[0][3]           0.008529   0.0001933    0.008852   0.0001296  SDFFQXL
fifomem/mem_reg[0][4]           0.008529   0.0001901    0.008849   0.0001296  SDFFQXL
fifomem/mem_reg[2][3]           0.008529   0.0001894    0.008848   0.0001296  SDFFQXL
rptr_empty_inst/rptr_reg[0]     0.008289   0.0002639    0.008705   0.0001526  SDFFRHQX1
rptr_empty_inst/rptr_reg[1]     0.008101   0.0002588    0.008513   0.0001526  SDFFRHQX1
rptr_empty_inst/FE_OFC9_rempty  0.0007772    0.007152    0.008149   0.0002199  CLKBUFX12
rptr_empty_inst/rptr_reg[2]     0.007192   0.0002753     0.00762   0.0001526  SDFFRHQX1
rptr_empty_inst/rptr_reg[3]     0.006723   0.0003081    0.007183   0.0001526  SDFFRHQX1
rptr_empty_inst/g198            0.001077    0.005736    0.006944   0.0001309  XOR2X4
fifomem/FE_RC_31_0              0.004131    0.002547    0.006799   0.0001212  CLKBUFX6
rdata_reg[7]                    0.006135   0.0003755    0.006611   0.0001005  DFFRHQX1
rdata_reg[5]                    0.006132   0.0003445    0.006577   0.0001005  DFFRHQX1
fifomem/g3070                   0.005011    0.001434     0.00655   0.0001044  NOR2X6
rdata_reg[6]                    0.006129   0.0003187    0.006548   0.0001005  DFFRHQX1
rdata_reg[4]                    0.006149    0.000229    0.006478   0.0001005  DFFRHQX1
rdata_reg[1]                     0.00615   0.0002045    0.006454   0.0001005  DFFRHQX1
rdata_reg[0]                    0.006157   0.0001862    0.006444   0.0001005  DFFRHQX1
rdata_reg[3]                    0.006155   0.0001849    0.006441   0.0001005  DFFRHQX1
rdata_reg[2]                    0.006127   0.0001832     0.00641   0.0001005  DFFRHQX1
rptr_empty_inst/rptr_reg[4]     0.005314    0.000398    0.005813   0.0001005  DFFRHQX1
sync_w2r/q1_reg[0]              0.005516   7.859e-05    0.005695   0.0001005  DFFRHQX1
sync_w2r/q1_reg[4]              0.005518   7.464e-05    0.005693   0.0001005  DFFRHQX1
sync_w2r/q1_reg[2]              0.005517   7.015e-05    0.005687   0.0001005  DFFRHQX1
sync_w2r/q1_reg[3]              0.005514   6.582e-05     0.00568   0.0001005  DFFRHQX1
sync_w2r/q1_reg[1]              0.005516   5.281e-05    0.005669   0.0001005  DFFRHQX1
sync_w2r/q2_reg[4]              0.005197   0.0001024      0.0054   0.0001005  DFFRHQX1
sync_w2r/q2_reg[2]              0.005198   5.377e-05    0.005352   0.0001005  DFFRHQX1
sync_w2r/q2_reg[3]              0.005198    4.79e-05    0.005346   0.0001005  DFFRHQX1
sync_w2r/q2_reg[0]              0.005198   4.595e-05    0.005344   0.0001005  DFFRHQX1
sync_w2r/q2_reg[1]              0.005198   4.538e-05    0.005344   0.0001005  DFFRHQX1
wptr_full_inst/FE_RC_20_0       0.003796    0.001472    0.005341   7.194e-05  AOI21X4
wptr_full_inst/g216             0.002429    0.002122    0.004629   7.744e-05  CLKMX2X3
fifomem/FE_RC_29_0              0.002599    0.001296    0.003967   7.214e-05  NOR2X4
wptr_full_inst/FE_OCPC20_waddr_2   0.001688      0.0022     0.00395   6.202e-05  BUFX3
fifomem/FE_OCPC34_n_17            0.0022    0.001578    0.003898   0.0001212  BUFX6
wptr_full_inst/FE_OCPC37_waddr_1   0.002117    0.001677    0.003856   6.202e-05  BUFX3
fifomem/g3063                   0.002284    0.001269    0.003626   7.214e-05  NOR2X4
fifomem/g3076                    0.00217   0.0009515     0.00316   3.838e-05  NOR2BX2
wptr_full_inst/FE_RC_5_0        0.002318   0.0007443    0.003134   7.237e-05  AOI22X4
fifomem/FE_OCPC32_n_31          0.001803   0.0007667     0.00279   0.0002199  BUFX12
wptr_full_inst/g219             0.001448    0.001248    0.002766   7.055e-05  XNOR2X1
fifomem/FE_OCPC16_n_15          0.001364    0.001277    0.002703   6.202e-05  BUFX3
fifomem/FE_OCPC23_n_11           0.00176   0.0007782      0.0026   6.202e-05  BUFX3
wptr_full_inst/FE_RC_34_0       0.001833   0.0005366     0.00245   8.078e-05  CLKAND2X3
fifomem/FE_OCPC31_n_21          0.001455   0.0006392    0.002314   0.0002199  BUFX12
fifomem/g3080                  0.0009245    0.001311    0.002305   6.993e-05  AND2X4
fifomem/FE_OCPC12_n_8           0.001336   0.0008899    0.002267   4.129e-05  CLKBUFX2
fifomem/g3067                   0.001304   0.0009086    0.002251   3.838e-05  NOR2BX2
fifomem/g3054                   0.001082    0.001028    0.002182   7.214e-05  NOR2X4
fifomem/FE_RC_42_0              0.001095   0.0009783    0.002146   7.214e-05  NOR2X4
wptr_full_inst/FE_RC_27_0       0.001471   0.0005651    0.002109   7.254e-05  CLKXOR2X1
fifomem/FE_OCPC23_n_25          0.001099   0.0008749    0.002096   0.0001212  BUFX6
wptr_full_inst/g160             0.001523   0.0004723    0.002034   3.838e-05  NOR2BX2
fifomem/FE_RC_44_0             0.0009987   0.0009439    0.001961   1.816e-05  NOR2X1
fifomem/FE_OFC13_n_12          0.0007422    0.001172     0.00194   2.599e-05  CLKINVX2
fifomem/g3057                   0.000944   0.0008531    0.001908    0.000111  AND2X6
fifomem/g3050                  0.0007697    0.001059    0.001899   6.993e-05  AND2X4
wptr_full_inst/FE_RC_3_0        0.001059   0.0007959    0.001881   2.599e-05  OAI21X2
fifomem/g3074                   0.001522   0.0002403      0.0018   3.838e-05  NOR2BX2
wptr_full_inst/FE_RC_6_0        0.001381   0.0003157    0.001777   8.067e-05  NOR3X4
fifomem/g5639                  0.0004707    0.001273    0.001762   1.816e-05  NOR2X1
wptr_full_inst/FE_OCPC21_waddr_3  0.0008934   0.0008189    0.001754   4.129e-05  BUFX2
rptr_empty_inst/g189           0.0006056    0.001067    0.001746   7.254e-05  CLKXOR2X1
fifomem/FE_OCPC29_n_4          0.0008934   0.0007269    0.001742   0.0001212  BUFX6
wptr_full_inst/g218            0.0009225   0.0007425    0.001738   7.254e-05  CLKXOR2X1
fifomem/g3047_dup              0.0008948   0.0007446    0.001712   7.214e-05  NOR2X4
wptr_full_inst/FE_RC_41_0      0.0006861   0.0009512     0.00165   1.299e-05  OAI21X1
wptr_full_inst/g200            0.0009119    0.000671    0.001611   2.806e-05  OAI211X2
fifomem/g5636                  0.0005565    0.001032    0.001609   2.004e-05  NOR2BX1
fifomem/FE_RC_48_0              0.000656   0.0008559    0.001582   7.036e-05  AND3X4
fifomem/FE_RC_46_0              0.001239   0.0002505    0.001534     4.5e-05  CLKAND2X2
fifomem/g3060                  0.0003118    0.001162    0.001502   2.802e-05  NAND2X2
fifomem/FE_RC_30_0             0.0004669    0.001018    0.001498   1.301e-05  CLKINVX1
fifomem/g5615                  0.0008024   0.0006161    0.001497   7.836e-05  MX4XL
rptr_empty_inst/g191           0.0005212   0.0008955    0.001489   7.254e-05  CLKXOR2X1
wptr_full_inst/g215            0.0007442   0.0006427     0.00146   7.254e-05  CLKXOR2X1
wptr_full_inst/FE_RC_13_0      0.0008284   0.0005959     0.00145   2.599e-05  OAI21X2
fifomem/g5589                  0.0008342   0.0005851    0.001432   1.314e-05  OAI221X1
fifomem/g3072                  0.0004454    0.000967    0.001425   1.301e-05  CLKINVX1
fifomem/FE_OCPC28_n_0          0.0007415   0.0005594    0.001422   0.0001212  BUFX6
fifomem/g5607                  0.0008033   0.0005405    0.001422   7.836e-05  MX4XL
fifomem/g5638                  0.0003111    0.001064     0.00141   3.499e-05  NAND2BX1
fifomem/g5592                  0.0008273   0.0005567    0.001397   1.314e-05  OAI221X1
fifomem/g5585                  0.0008111   0.0005638    0.001388   1.314e-05  OAI221X1
fifomem/g5622                  0.0008038    0.000495    0.001377   7.836e-05  MX4XL
fifomem/g5635                  0.0001412    0.001213    0.001364   9.289e-06  NAND2XL
fifomem/FE_RC_43_0             0.0004731   0.0008541     0.00134   1.301e-05  CLKINVX1
wptr_full_inst/g153              0.00104   0.0002607    0.001339   3.838e-05  NOR2BX2
fifomem/g5588                  0.0008434    0.000467    0.001323   1.314e-05  OAI221X1
fifomem/g5591                  0.0008268   0.0004807    0.001321   1.314e-05  OAI221X1
wptr_full_inst/FE_OFC16_n_10   0.0005791   0.0007239    0.001316   1.301e-05  INVX1
fifomem/g5631                  0.0008045   0.0004295    0.001312   7.836e-05  MX4XL
fifomem/g5602                  0.0008434   0.0003736    0.001308   9.088e-05  MXI4XL
wptr_full_inst/g156             0.000646   0.0006311    0.001305   2.802e-05  NAND2X2
fifomem/g5618                  0.0008436   0.0003672    0.001302   9.088e-05  MXI4XL
fifomem/g5616                  0.0008433   0.0003638    0.001298   9.088e-05  MXI4XL
fifomem/g5627                  0.0008433   0.0003611    0.001295   9.088e-05  MXI4XL
fifomem/g5604                  0.0008433   0.0003508    0.001285   9.088e-05  MXI4XL
fifomem/g5611                  0.0008433   0.0003507    0.001285   9.088e-05  MXI4XL
fifomem/g3048                   0.000262   0.0009858    0.001276   2.802e-05  NAND2X2
fifomem/g5623                  0.0008432   0.0003266    0.001261   9.088e-05  MXI4XL
wptr_full_inst/FE_RC_23_0      0.0006092   0.0006245     0.00126   2.599e-05  CLKINVX2
fifomem/g5632                  0.0008432   0.0003242    0.001258   9.088e-05  MXI4XL
fifomem/g5629                  0.0008051   0.0003737    0.001257   7.836e-05  MX4XL
fifomem/g5606                  0.0008431   0.0003035    0.001238   9.088e-05  MXI4XL
fifomem/g5595                  0.0007081   0.0005084    0.001235   1.833e-05  AOI22X1
fifomem/g5598                  0.0007081   0.0005066    0.001233   1.833e-05  AOI22X1
fifomem/g5610                  0.0008432   0.0002971    0.001231   9.088e-05  MXI4XL
fifomem/g5617                  0.0008431   0.0002972    0.001231   9.088e-05  MXI4XL
fifomem/g5612                  0.0008054   0.0003458     0.00123   7.836e-05  MX4XL
fifomem/g5619                  0.0008056   0.0003315    0.001215   7.836e-05  MX4XL
fifomem/g5601                  0.0008434   0.0002773    0.001212   9.088e-05  MXI4XL
fifomem/g5608                  0.0008431   0.0002698    0.001204   9.088e-05  MXI4XL
fifomem/g5593                  0.0007088   0.0004753    0.001202   1.833e-05  AOI22X1
wptr_full_inst/g138            0.0009094   0.0002524    0.001194   3.263e-05  MXI2X1
fifomem/g5630                  0.0008059   0.0003095    0.001194   7.836e-05  MX4XL
fifomem/g5625                  0.0008431   0.0002545    0.001189   9.088e-05  MXI4XL
fifomem/g5605                  0.0008432   0.0002542    0.001188   9.088e-05  MXI4XL
fifomem/g5600                  0.0007097   0.0004492    0.001177   1.833e-05  AOI22X1
fifomem/g3051                  0.0002555   0.0008904    0.001174   2.802e-05  NAND2X2
fifomem/g5621                  0.0008431   0.0002341    0.001168   9.088e-05  MXI4XL
fifomem/g5624                  0.0008073   0.0002739     0.00116   7.836e-05  MX4XL
fifomem/g5587                  0.0008496   0.0002964    0.001159   1.314e-05  OAI221X1
fifomem/g5613                  0.0008074   0.0002717    0.001157   7.836e-05  MX4XL
fifomem/g5614                  0.0008084   0.0002443    0.001131   7.836e-05  MX4XL
fifomem/g5620                  0.0008087   0.0002353    0.001122   7.836e-05  MX4XL
wptr_full_inst/FE_RC_21_0      0.0003799   0.0007292    0.001122   1.301e-05  CLKINVX1
fifomem/g5590                  0.0008504   0.0002536    0.001117   1.314e-05  OAI221X1
fifomem/g5626                  0.0008093   0.0002207    0.001108   7.836e-05  MX4XL
wptr_full_inst/FE_RC_11_0      0.0007531   0.0002722    0.001098   7.254e-05  CLKXOR2X1
fifomem/g5628                  0.0008099   0.0002096    0.001098   7.836e-05  MX4XL
fifomem/g5586                  0.0008509   0.0002196    0.001084   1.314e-05  OAI221X1
rptr_empty_inst/g148           0.0004776   0.0005902    0.001081   1.299e-05  OAI21X1
fifomem/g5609                  0.0008107   0.0001842    0.001073   7.836e-05  MX4XL
fifomem/g5603                  0.0008111   0.0001763    0.001066   7.836e-05  MX4XL
fifomem/g5597                  0.0007131   0.0003293    0.001061   1.833e-05  AOI22X1
fifomem/FE_OFC11_n_12          0.0003842    0.000647    0.001044   1.301e-05  CLKINVX1
fifomem/g3062                  0.0005164   0.0004477   0.0009921   2.802e-05  NAND2X2
fifomem/g3075                  0.0004664   0.0004761   0.0009566   1.403e-05  NAND2X1
wptr_full_inst/FE_RC_2_0       0.0004552   0.0004717   0.0009529   2.599e-05  CLKINVX2
fifomem/g5594                  0.0006949   0.0002367     0.00095   1.833e-05  AOI22X1
wptr_full_inst/FE_RC_35_0      0.0003053    0.000607   0.0009264   1.403e-05  NAND2X1
fifomem/g3056_dup              0.0002126   0.0006803   0.0009209   2.802e-05  NAND2X2
fifomem/g5596                  0.0006996   0.0001994   0.0009174   1.833e-05  AOI22X1
fifomem/FE_RC_50_0             0.0004754   0.0004204   0.0009139   1.816e-05  NOR2X1
wptr_full_inst/FE_RC_22_0       0.000294   0.0005992   0.0009062   1.301e-05  CLKINVX1
rptr_empty_inst/g144           0.0003663   0.0005246   0.0009039   1.299e-05  OAI21X1
fifomem/g5599                  0.0006967   0.0001816   0.0008967   1.833e-05  AOI22X1
wptr_full_inst/FE_RC_4_0         0.00058    0.000281    0.000889   2.802e-05  NAND2X2
wptr_full_inst/FE_RC_36_0      0.0006584   0.0001941   0.0008706   1.816e-05  NOR2X1
fifomem/g3061_dup              0.0005551   0.0002555   0.0008306   2.004e-05  NOR2BX1
wptr_full_inst/FE_RC_19_0_dup  0.0003819   0.0004132   0.0008081   1.301e-05  CLKINVX1
wptr_full_inst/FE_RC_15_0      0.0004553    0.000314   0.0008043   3.499e-05  NAND2BX1
rptr_empty_inst/g147           0.0003782   0.0004044   0.0007956   1.301e-05  INVX1
wptr_full_inst/FE_RC_39_0       0.000442   0.0003329   0.0007878   1.299e-05  OAI21X1
fifomem/FE_RC_49_0             0.0004535   0.0003192   0.0007857   1.301e-05  CLKINVX1
wptr_full_inst/FE_RC_32_0      0.0005773    0.000174   0.0007697   1.833e-05  AOI22X1
wptr_full_inst/FE_RC_18_0      0.0004195   0.0003065    0.000761   3.499e-05  NAND2BX1
wptr_full_inst/FE_RC_37_0      0.0006002   0.0001301   0.0007504   2.004e-05  NOR2BX1
fifomem/FE_RC_47_0             0.0003732   0.0003633   0.0007495   1.301e-05  CLKINVX1
wptr_full_inst/g157            0.0003642   0.0003426   0.0007155   8.757e-06  INVXL
fifomem/g3061                  0.0005533   0.0001167   0.0006901   2.004e-05  NOR2BX1
fifomem/g5634                  0.0002681   0.0003944   0.0006755   1.301e-05  CLKINVX1
rptr_empty_inst/g140           0.0002792   0.0003705   0.0006627   1.299e-05  OAI21X1
rptr_empty_inst/g151           0.0003158   0.0003156   0.0006402   8.728e-06  OAI21XL
rptr_empty_inst/g153            0.000311    0.000259   0.0006051   3.499e-05  NAND2BX1
wptr_full_inst/g152            0.0003075   0.0002773   0.0005941   9.289e-06  NAND2XL
wptr_full_inst/FE_OFC18_n_17   0.0003413   0.0002375   0.0005918   1.301e-05  INVX1
fifomem/g5633                  0.0004165   0.0001247   0.0005542   1.301e-05  INVX1
rptr_empty_inst/g138           0.0002444   0.0002732   0.0005306   1.301e-05  INVX1
fifomem/g5637                  0.0002695   0.0002478   0.0005303   1.301e-05  INVX1
rptr_empty_inst/g154           0.0001756   0.0003181   0.0005287   3.499e-05  NAND2BX1
wptr_full_inst/FE_OFC17_n_17   0.0003431   0.0001563   0.0005124   1.301e-05  INVX1
FE_OCPC45_FE_OFN10_FE_OFN8_wfull  0.0002844   0.0001754    0.000501   4.129e-05  CLKBUFX2
wptr_full_inst/FE_RC_14_0      0.0002478   0.0002388   0.0004996   1.301e-05  CLKINVX1
wptr_full_inst/FE_RC_9_0        0.000301   0.0001766   0.0004906   1.301e-05  CLKINVX1
rptr_empty_inst/g150           0.0002445   0.0002072   0.0004867   3.499e-05  NAND2BX1
wptr_full_inst/FE_RC_38_0      0.0003394   0.0001246   0.0004763   1.236e-05  NOR2XL
wptr_full_inst/FE_RC_17_0      0.0002915   0.0001627   0.0004672   1.301e-05  CLKINVX1
fifomem/FE_RC_51_0             0.0002805   0.0001667   0.0004603   1.301e-05  CLKINVX1
rptr_empty_inst/g136           0.0002018    0.000238   0.0004528   1.299e-05  OAI21X1
wptr_full_inst/FE_RC_25_0      0.0002412   0.0001925   0.0004467   1.301e-05  CLKINVX1
rptr_empty_inst/g196           0.0002884   8.349e-05    0.000435   6.308e-05  XNOR2XL
rptr_empty_inst/g195           0.0002895   7.442e-05    0.000427   6.308e-05  XNOR2XL
wptr_full_inst/FE_RC_33_0      0.0002346   0.0001747   0.0004223   1.301e-05  CLKINVX1
rptr_empty_inst/g197           0.0002882   6.665e-05    0.000418   6.308e-05  XNOR2XL
wptr_full_inst/g208            0.0001547   0.0002483   0.0004123   9.289e-06  NAND2XL
wptr_full_inst/g147              0.00015   0.0002476   0.0004116   1.403e-05  NAND2X1
fifomem/g3053                  0.0002487   0.0001316   0.0004083   2.802e-05  NAND2X2
rptr_empty_inst/g194           0.0002888   5.461e-05   0.0004064   6.308e-05  XNOR2XL
fifomem/g3045                  0.0002066   0.0001635   0.0003981   2.802e-05  NAND2X2
wptr_full_inst/FE_RC_40_0      0.0002461   0.0001241   0.0003841   1.403e-05  NAND2X1
rptr_empty_inst/g149           0.0001982   0.0001722   0.0003797   9.289e-06  NAND2XL
rptr_empty_inst/g193           0.0003052   4.213e-05   0.0003655   1.815e-05  AOI21X1
fifomem/g3066                  0.0001928   0.0001632   0.0003653   9.289e-06  NAND2XL
rptr_empty_inst/g146           0.0001614   0.0001246    0.000321   3.499e-05  NAND2BX1
fifomem/g3058                  0.0001664   0.0001203   0.0003147   2.802e-05  NAND2X2
rptr_empty_inst/g145            0.000166    0.000132   0.0003072   9.289e-06  NAND2XL
fifomem/g2                     0.0001395   0.0001027   0.0002772   3.499e-05  NAND2BX1
rptr_empty_inst/g141           0.0001604   9.905e-05   0.0002687   9.289e-06  NAND2XL
rptr_empty_inst/g152           0.0001775   8.136e-05   0.0002681   9.289e-06  NAND2XL
rptr_empty_inst/g199           0.0001704   6.786e-05   0.0002506   1.236e-05  NOR2XL
fifomem/g3052                  8.493e-05    0.000114    0.000213   1.403e-05  NAND2X1
rptr_empty_inst/g137           0.0001018   8.275e-05   0.0001938   9.289e-06  NAND2XL
rptr_empty_inst/g142           9.974e-05   5.182e-05   0.0001865   3.499e-05  NAND2BX1
rptr_empty_inst/g190           5.893e-05   0.0001134   0.0001847   1.236e-05  NOR2XL
fifomem/g3056                  6.764e-05   8.948e-05   0.0001664   9.289e-06  NAND2XL
rptr_empty_inst/g192           5.735e-05   5.264e-05   0.0001204   1.046e-05  NAND4XL

---------------------------------------------------------------------------------------

Total (    358 of    358  )        1.577      0.3313       1.94     0.03155
Total Capacitance                1.371e-11 F
Power Density                   *** No Die Area ***
