###############################################################
#  Generated by:      Cadence Innovus 20.10-p004_1
#  OS:                Linux x86_64(Host ID edatools-server2.iiitd.edu.in)
#  Generated on:      Mon Nov 10 21:47:21 2025
#  Design:            FIFO
#  Command:           verify_drc > ./route_reports/verification/final_DRC.rpt
###############################################################

SHORT: ( Out Of Die ) Regular Wire of Net rdata[7]  ( Metal2 )
Bounds : ( 106.430, 101.500 ) ( 106.500, 102.080 )


SHORT: ( Out Of Die ) Regular Wire of Net wdata[3]  ( Metal3 )
Bounds : ( 105.850, 102.080 ) ( 106.430, 102.150 )


SHORT: ( Out Of Die ) Regular Wire of Net rdata[4]  ( Metal2 )
Bounds : ( -0.070, 101.500 ) ( 0.000, 102.080 )


SHORT: ( Out Of Die ) Regular Wire of Net rempty  ( Metal3 )
Bounds : ( 0.000, 102.080 ) ( 0.580, 102.145 )


SHORT: ( Out Of Die ) Regular Wire of Net wfull  ( Metal2 )
Bounds : ( 106.430, 0.000 ) ( 106.500, 0.580 )


SHORT: ( Out Of Die ) Regular Wire of Net wclk  ( Metal3 )
Bounds : ( 105.850, -0.070 ) ( 106.430, 0.000 )


SHORT: ( Out Of Die ) Regular Wire of Net wdata[4]  ( Metal2 )
Bounds : ( -0.070, 0.000 ) ( 0.000, 0.580 )


SHORT: ( Out Of Die ) Regular Wire of Net rclk  ( Metal3 )
Bounds : ( 0.000, -0.070 ) ( 0.580, 0.000 )


  Total Violations : 8 Viols.
