###############################################################
#  Generated by:      Cadence Innovus 20.10-p004_1
#  OS:                Linux x86_64(Host ID edatools-server2.iiitd.edu.in)
#  Generated on:      Mon Nov 10 21:22:02 2025
#  Design:            FIFO
#  Command:           checkDesign -netlist
###############################################################
Design: FIFO

------ Design Summary:
Total Standard Cell Number   (cells) : 310
Total Block Cell Number      (cells) : 0
Total I/O Pad Cell Number    (cells) : 0
Total Standard Cell Area     ( um^2) : 4614.06
Total Block Cell Area        ( um^2) : 0.00
Total I/O Pad Cell Area      ( um^2) : 0.00

------ Design Statistics:

Number of Instances            : 310
Number of Non-uniquified Insts : 295
Number of Nets                 : 332
Average number of Pins per Net : 4.33
Maximum number of Pins in Net  : 144

------ I/O Port summary

Number of Primary I/O Ports    : 24
Number of Input Ports          : 14
Number of Output Ports         : 10
Number of Bidirectional Ports  : 0
Number of Power/Ground Ports   : 0



------------------------------------------------------------
Detail report:


------ I/O Pad/Port Checking


------ Primitive Pins DRC Checking


------ Primitive Net DRC Check

WARNING : Net wptr_full_inst/wbin_current[1] has no FanOut pin
WARNING : Net wptr_full_inst/wbin_current[2] has no FanOut pin
WARNING : Net wptr_full_inst/wbin_current[3] has no FanOut pin
WARNING : Net wptr_full_inst/wbin_current[4] has no FanOut pin
WARNING : Net wclk has 143 fanout

