Cadence Genus(TM) Synthesis Solution.
Copyright 2020 Cadence Design Systems, Inc. All rights reserved worldwide.
Cadence and the Cadence logo are registered trademarks and Genus is a trademark
of Cadence Design Systems, Inc. in the United States and other countries.

Version: 19.13-s073_1, built Fri Mar 20 01:36:16 PDT 2020
Options: -files maxtim.tcl 
Date:    Mon Oct 13 22:36:03 2025
Host:    edatools-server2.iiitd.edu.in (x86_64 w/Linux 2.6.32-754.35.1.el6.x86_64) (18cores*72cpus*2physical cpus*Intel(R) Xeon(R) Gold 6354 CPU @ 3.00GHz 39936KB) (528955884KB)
PID:     2595
OS:      Red Hat Enterprise Linux Server release 6.10 (Santiago)

Checking out license: Genus_Synthesis

Loading tool scripts...

Finished loading tool scripts (5 seconds elapsed).

#@ Processing -files option
@genus 1> source maxtim.tcl
#@ Begin verbose source maxtim.tcl
@file(maxtim.tcl) 6: read_lib slow.lib
Error   : File error. [FILE-100] [::legacy::set_attribute]
        : Cannot open file 'slow.lib'
        : Make sure that the file is a readable regular file and has the specified name.
Error   : A library file does not exist. [LBR-68] [::legacy::set_attribute]
        : File 'slow.lib' could not be found. File '<none>' was the last file that was successfully read in.
        : Make sure that the library file exists or check for a typo in the file name.
Error   : The data value for this attribute is invalid. [TUI-24] [::legacy::set_attribute]
        : The value '  { slow.lib } ' cannot be set for attribute 'library'.
        : To see the usage/description for this attribute, type '::legacy::set_attribute -h <attr_name> *' (in legacy UI mode) or 'help * <attr_name> -detail' (in CUI mode).
#@ End verbose source maxtim.tcl
1
Encountered problems processing file: maxtim.tcl
WARNING: This version of the tool is 2033 days old.
