###############################################################
#  Generated by:      Cadence Innovus 20.10-p004_1
#  OS:                Linux x86_64(Host ID edatools-server2.iiitd.edu.in)
#  Generated on:      Mon Nov 10 21:25:30 2025
#  Design:            FIFO
#  Command:           verify_drc > ./route_reports/verification/final_DRC.rpt
###############################################################

SHORT: ( Out Of Die ) Regular Wire of Net rdata[7]  ( Metal2 )
Bounds : ( 84.390, 83.230 ) ( 84.460, 83.810 )


SHORT: ( Out Of Die ) Regular Wire of Net wdata[3]  ( Metal3 )
Bounds : ( 83.810, 83.810 ) ( 84.390, 83.880 )


SHORT: ( Out Of Die ) Regular Wire of Net rdata[4]  ( Metal2 )
Bounds : ( -0.070, 83.230 ) ( 0.000, 83.810 )


SHORT: ( Out Of Die ) Regular Wire of Net rempty  ( Metal3 )
Bounds : ( 0.000, 83.810 ) ( 0.580, 83.875 )


SHORT: ( Out Of Die ) Regular Wire of Net wfull  ( Metal2 )
Bounds : ( 84.390, 0.000 ) ( 84.460, 0.580 )


SHORT: ( Out Of Die ) Regular Wire of Net wclk  ( Metal3 )
Bounds : ( 83.810, -0.070 ) ( 84.390, 0.000 )


SHORT: ( Out Of Die ) Regular Wire of Net wdata[4]  ( Metal2 )
Bounds : ( -0.070, 0.000 ) ( 0.000, 0.580 )


SHORT: ( Out Of Die ) Regular Wire of Net rclk  ( Metal3 )
Bounds : ( 0.000, -0.070 ) ( 0.580, 0.000 )


  Total Violations : 8 Viols.
