
Cadence Innovus(TM) Implementation System.
Copyright 2020 Cadence Design Systems, Inc. All rights reserved worldwide.

Version:	v20.10-p004_1, built Thu May 7 20:02:41 PDT 2020
Options:	-files pd_1.tcl 
Date:		Sun Nov  9 23:32:20 2025
Host:		edatools-server2.iiitd.edu.in (x86_64 w/Linux 2.6.32-754.35.1.el6.x86_64) (18cores*72cpus*Intel(R) Xeon(R) Gold 6354 CPU @ 3.00GHz 39936KB)
OS:		Red Hat Enterprise Linux Server release 6.10 (Santiago)

License:
		invs	Innovus Implementation System	20.1	checkout succeeded
		8 CPU jobs allowed with the current license(s). Use setMultiCpuUsage to set your required CPU count.
Change the soft stacksize limit to 0.2%RAM (1033 mbytes). Set global soft_stack_size_limit to change the value.

**INFO:  MMMC transition support version v31-84 

<CMD> set_global _enable_mmmc_by_default_flow      $CTE::mmmc_default
<CMD> suppressMessage ENCEXT-2799
<CMD> getVersion
<CMD> getVersion
<CMD> getVersion
[INFO] Loading PVS 19.13 fill procedures
**ERROR: (IMPSYT-6696):	Initfile (pd_1.tcl) does not exist.
<CMD> win

--------------------------------------------------------------------------------
Exiting Innovus on Sun Nov  9 23:32:49 2025
  Total CPU time:     0:00:21
  Total real time:    0:00:33
  Peak memory (main): 523.67MB


*** Memory Usage v#1 (Current mem = 846.352M, initial mem = 273.965M) ***
*** Message Summary: 0 warning(s), 1 error(s)

--- Ending "Innovus" (totcpu=0:00:19.8, real=0:00:29.0, mem=846.4M) ---
