###############################################################
#  Generated by:      Cadence Tempus 20.10-p003_1
#  OS:                Linux x86_64(Host ID edatools-server2.iiitd.edu.in)
#  Generated on:      Tue Oct 14 20:24:01 2025
#  Design:            FIFO
#  Command:           report_constraints -all_violators > sta_after_synthesis_maxfreq/reports/allviolations_maxfreq.rpt
###############################################################
# format : frame 0 : split 1

max_delay/setup
---------------------------
      ------------------------------------------------------------------------------------------------  
       End Point                                  Slack      Cause                                      
      ------------------------------------------------------------------------------------------------  
      fifomem/mem_reg[1][7]/S0 f                 -1.043     VIOLATED
      fifomem/mem_reg[1][6]/S0 f                 -1.043     VIOLATED
      fifomem/mem_reg[1][5]/S0 f                 -1.043     VIOLATED
      fifomem/mem_reg[1][4]/S0 f                 -1.043     VIOLATED
      fifomem/mem_reg[1][3]/S0 f                 -1.043     VIOLATED
      fifomem/mem_reg[1][2]/S0 f                 -1.043     VIOLATED
      fifomem/mem_reg[1][1]/S0 f                 -1.043     VIOLATED
      fifomem/mem_reg[1][0]/S0 f                 -1.043     VIOLATED
      fifomem/mem_reg[14][7]/S0 f                -1.042     VIOLATED
      fifomem/mem_reg[14][6]/S0 f                -1.042     VIOLATED
      fifomem/mem_reg[14][5]/S0 f                -1.042     VIOLATED
      fifomem/mem_reg[14][4]/S0 f                -1.042     VIOLATED
      fifomem/mem_reg[14][3]/S0 f                -1.042     VIOLATED
      fifomem/mem_reg[14][2]/S0 f                -1.042     VIOLATED
      fifomem/mem_reg[14][1]/S0 f                -1.042     VIOLATED
      fifomem/mem_reg[14][0]/S0 f                -1.042     VIOLATED
      fifomem/mem_reg[5][7]/S0 f                 -1.041     VIOLATED
      fifomem/mem_reg[5][6]/S0 f                 -1.041     VIOLATED
      fifomem/mem_reg[5][5]/S0 f                 -1.041     VIOLATED
      fifomem/mem_reg[5][4]/S0 f                 -1.041     VIOLATED
      fifomem/mem_reg[5][3]/S0 f                 -1.041     VIOLATED
      fifomem/mem_reg[5][2]/S0 f                 -1.041     VIOLATED
      fifomem/mem_reg[5][1]/S0 f                 -1.041     VIOLATED
      fifomem/mem_reg[5][0]/S0 f                 -1.041     VIOLATED
      fifomem/mem_reg[8][7]/S0 f                 -1.041     VIOLATED
      fifomem/mem_reg[8][6]/S0 f                 -1.041     VIOLATED
      fifomem/mem_reg[8][5]/S0 f                 -1.041     VIOLATED
      fifomem/mem_reg[8][4]/S0 f                 -1.041     VIOLATED
      fifomem/mem_reg[8][3]/S0 f                 -1.041     VIOLATED
      fifomem/mem_reg[8][2]/S0 f                 -1.041     VIOLATED
      fifomem/mem_reg[8][1]/S0 f                 -1.041     VIOLATED
      fifomem/mem_reg[8][0]/S0 f                 -1.041     VIOLATED
      fifomem/mem_reg[10][7]/S0 r                -1.038     VIOLATED
      fifomem/mem_reg[10][6]/S0 r                -1.038     VIOLATED
      fifomem/mem_reg[10][5]/S0 r                -1.038     VIOLATED
      fifomem/mem_reg[10][4]/S0 r                -1.038     VIOLATED
      fifomem/mem_reg[10][3]/S0 r                -1.038     VIOLATED
      fifomem/mem_reg[10][2]/S0 r                -1.038     VIOLATED
      fifomem/mem_reg[10][1]/S0 r                -1.038     VIOLATED
      fifomem/mem_reg[10][0]/S0 r                -1.038     VIOLATED
      fifomem/mem_reg[0][7]/S0 f                 -1.037     VIOLATED
      fifomem/mem_reg[0][6]/S0 f                 -1.037     VIOLATED
      fifomem/mem_reg[0][5]/S0 f                 -1.037     VIOLATED
      fifomem/mem_reg[0][4]/S0 f                 -1.037     VIOLATED
      fifomem/mem_reg[0][3]/S0 f                 -1.037     VIOLATED
      fifomem/mem_reg[0][2]/S0 f                 -1.037     VIOLATED
      fifomem/mem_reg[0][1]/S0 f                 -1.037     VIOLATED
      fifomem/mem_reg[0][0]/S0 f                 -1.037     VIOLATED
      fifomem/mem_reg[2][7]/S0 f                 -1.037     VIOLATED
      fifomem/mem_reg[2][6]/S0 f                 -1.037     VIOLATED
      fifomem/mem_reg[2][5]/S0 f                 -1.037     VIOLATED
      fifomem/mem_reg[2][4]/S0 f                 -1.037     VIOLATED
      fifomem/mem_reg[2][3]/S0 f                 -1.037     VIOLATED
      fifomem/mem_reg[2][2]/S0 f                 -1.037     VIOLATED
      fifomem/mem_reg[2][1]/S0 f                 -1.037     VIOLATED
      fifomem/mem_reg[2][0]/S0 f                 -1.037     VIOLATED
      fifomem/mem_reg[12][7]/S0 f                -1.036     VIOLATED
      fifomem/mem_reg[12][6]/S0 f                -1.036     VIOLATED
      fifomem/mem_reg[12][5]/S0 f                -1.036     VIOLATED
      fifomem/mem_reg[12][4]/S0 f                -1.036     VIOLATED
      fifomem/mem_reg[12][3]/S0 f                -1.036     VIOLATED
      fifomem/mem_reg[12][2]/S0 f                -1.036     VIOLATED
      fifomem/mem_reg[12][1]/S0 f                -1.036     VIOLATED
      fifomem/mem_reg[12][0]/S0 f                -1.036     VIOLATED
      fifomem/mem_reg[4][7]/S0 f                 -1.033     VIOLATED
      fifomem/mem_reg[4][6]/S0 f                 -1.033     VIOLATED
      fifomem/mem_reg[4][5]/S0 f                 -1.033     VIOLATED
      fifomem/mem_reg[4][4]/S0 f                 -1.033     VIOLATED
      fifomem/mem_reg[4][3]/S0 f                 -1.033     VIOLATED
      fifomem/mem_reg[4][2]/S0 f                 -1.033     VIOLATED
      fifomem/mem_reg[4][1]/S0 f                 -1.033     VIOLATED
      fifomem/mem_reg[4][0]/S0 f                 -1.033     VIOLATED
      fifomem/mem_reg[6][7]/S0 f                 -1.033     VIOLATED
      fifomem/mem_reg[6][6]/S0 f                 -1.033     VIOLATED
      fifomem/mem_reg[6][5]/S0 f                 -1.033     VIOLATED
      fifomem/mem_reg[6][4]/S0 f                 -1.033     VIOLATED
      fifomem/mem_reg[6][3]/S0 f                 -1.033     VIOLATED
      fifomem/mem_reg[6][2]/S0 f                 -1.033     VIOLATED
      fifomem/mem_reg[6][1]/S0 f                 -1.033     VIOLATED
      fifomem/mem_reg[6][0]/S0 f                 -1.033     VIOLATED
      fifomem/mem_reg[9][7]/S0 r                 -0.969     VIOLATED
      fifomem/mem_reg[9][6]/S0 r                 -0.969     VIOLATED
      fifomem/mem_reg[9][5]/S0 r                 -0.969     VIOLATED
      fifomem/mem_reg[9][4]/S0 r                 -0.969     VIOLATED
      fifomem/mem_reg[9][3]/S0 r                 -0.969     VIOLATED
      fifomem/mem_reg[9][2]/S0 r                 -0.969     VIOLATED
      fifomem/mem_reg[9][1]/S0 r                 -0.969     VIOLATED
      fifomem/mem_reg[9][0]/S0 r                 -0.969     VIOLATED
      fifomem/mem_reg[11][7]/S0 r                -0.969     VIOLATED
      fifomem/mem_reg[11][6]/S0 r                -0.969     VIOLATED
      fifomem/mem_reg[11][5]/S0 r                -0.969     VIOLATED
      fifomem/mem_reg[11][4]/S0 r                -0.969     VIOLATED
      fifomem/mem_reg[11][3]/S0 r                -0.969     VIOLATED
      fifomem/mem_reg[11][2]/S0 r                -0.969     VIOLATED
      fifomem/mem_reg[11][1]/S0 r                -0.969     VIOLATED
      fifomem/mem_reg[11][0]/S0 r                -0.969     VIOLATED
      fifomem/mem_reg[3][7]/S0 r                 -0.969     VIOLATED
      fifomem/mem_reg[3][6]/S0 r                 -0.969     VIOLATED
      fifomem/mem_reg[3][5]/S0 r                 -0.969     VIOLATED
      fifomem/mem_reg[3][4]/S0 r                 -0.969     VIOLATED
      fifomem/mem_reg[3][3]/S0 r                 -0.969     VIOLATED
      fifomem/mem_reg[3][2]/S0 r                 -0.969     VIOLATED
      fifomem/mem_reg[3][1]/S0 r                 -0.969     VIOLATED
      fifomem/mem_reg[3][0]/S0 r                 -0.969     VIOLATED
      fifomem/mem_reg[15][7]/S0 r                -0.966     VIOLATED
      fifomem/mem_reg[15][6]/S0 r                -0.966     VIOLATED
      fifomem/mem_reg[15][5]/S0 r                -0.966     VIOLATED
      fifomem/mem_reg[15][4]/S0 r                -0.966     VIOLATED
      fifomem/mem_reg[15][3]/S0 r                -0.966     VIOLATED
      fifomem/mem_reg[15][2]/S0 r                -0.966     VIOLATED
      fifomem/mem_reg[15][1]/S0 r                -0.966     VIOLATED
      fifomem/mem_reg[15][0]/S0 r                -0.966     VIOLATED
      wptr_full_inst/wptr_reg[3]/D r             -0.813     VIOLATED
      wptr_full_inst/wptr_reg[2]/D r             -0.657     VIOLATED
      wptr_full_inst/wptr_reg[4]/D r             -0.594     VIOLATED
      wptr_full_inst/wptr_reg[1]/D r             -0.447     VIOLATED
      fifomem/mem_reg[13][7]/S0 f                -0.415     VIOLATED
      fifomem/mem_reg[13][6]/S0 f                -0.415     VIOLATED
      fifomem/mem_reg[13][5]/S0 f                -0.415     VIOLATED
      fifomem/mem_reg[13][4]/S0 f                -0.415     VIOLATED
      fifomem/mem_reg[13][3]/S0 f                -0.415     VIOLATED
      fifomem/mem_reg[13][2]/S0 f                -0.415     VIOLATED
      fifomem/mem_reg[13][1]/S0 f                -0.415     VIOLATED
      fifomem/mem_reg[13][0]/S0 f                -0.415     VIOLATED
      fifomem/mem_reg[7][7]/S0 f                 -0.415     VIOLATED
      fifomem/mem_reg[7][6]/S0 f                 -0.415     VIOLATED
      fifomem/mem_reg[7][5]/S0 f                 -0.415     VIOLATED
      fifomem/mem_reg[7][4]/S0 f                 -0.415     VIOLATED
      fifomem/mem_reg[7][3]/S0 f                 -0.415     VIOLATED
      fifomem/mem_reg[7][2]/S0 f                 -0.415     VIOLATED
      fifomem/mem_reg[7][1]/S0 f                 -0.415     VIOLATED
      fifomem/mem_reg[7][0]/S0 f                 -0.415     VIOLATED
      wptr_full_inst/wptr_reg[0]/D r             -0.265     VIOLATED
      ------------------------------------------------------------------------------------------------

min_delay/hold
---------------------------
      ------------------------------------------------------------------------------------------------  
       End Point                                  Slack      Cause                                      
      ------------------------------------------------------------------------------------------------  
      fifomem/mem_reg[15][7]/SE f                -0.221     VIOLATED
      fifomem/mem_reg[15][6]/SE f                -0.221     VIOLATED
      fifomem/mem_reg[15][5]/SE f                -0.221     VIOLATED
      fifomem/mem_reg[15][4]/SE f                -0.221     VIOLATED
      fifomem/mem_reg[15][3]/SE f                -0.221     VIOLATED
      fifomem/mem_reg[15][2]/SE f                -0.221     VIOLATED
      fifomem/mem_reg[15][1]/SE f                -0.221     VIOLATED
      fifomem/mem_reg[15][0]/SE f                -0.221     VIOLATED
      fifomem/mem_reg[14][7]/SE f                -0.221     VIOLATED
      fifomem/mem_reg[14][6]/SE f                -0.221     VIOLATED
      fifomem/mem_reg[14][5]/SE f                -0.221     VIOLATED
      fifomem/mem_reg[14][4]/SE f                -0.221     VIOLATED
      fifomem/mem_reg[14][3]/SE f                -0.221     VIOLATED
      fifomem/mem_reg[14][2]/SE f                -0.221     VIOLATED
      fifomem/mem_reg[14][1]/SE f                -0.221     VIOLATED
      fifomem/mem_reg[14][0]/SE f                -0.221     VIOLATED
      fifomem/mem_reg[13][7]/SE f                -0.221     VIOLATED
      fifomem/mem_reg[13][6]/SE f                -0.221     VIOLATED
      fifomem/mem_reg[13][5]/SE f                -0.221     VIOLATED
      fifomem/mem_reg[13][4]/SE f                -0.221     VIOLATED
      fifomem/mem_reg[13][3]/SE f                -0.221     VIOLATED
      fifomem/mem_reg[13][2]/SE f                -0.221     VIOLATED
      fifomem/mem_reg[13][1]/SE f                -0.221     VIOLATED
      fifomem/mem_reg[13][0]/SE f                -0.221     VIOLATED
      fifomem/mem_reg[12][7]/SE f                -0.221     VIOLATED
      fifomem/mem_reg[12][6]/SE f                -0.221     VIOLATED
      fifomem/mem_reg[12][5]/SE f                -0.221     VIOLATED
      fifomem/mem_reg[12][4]/SE f                -0.221     VIOLATED
      fifomem/mem_reg[12][3]/SE f                -0.221     VIOLATED
      fifomem/mem_reg[12][2]/SE f                -0.221     VIOLATED
      fifomem/mem_reg[12][1]/SE f                -0.221     VIOLATED
      fifomem/mem_reg[12][0]/SE f                -0.221     VIOLATED
      fifomem/mem_reg[11][7]/SE f                -0.221     VIOLATED
      fifomem/mem_reg[11][6]/SE f                -0.221     VIOLATED
      fifomem/mem_reg[11][5]/SE f                -0.221     VIOLATED
      fifomem/mem_reg[11][4]/SE f                -0.221     VIOLATED
      fifomem/mem_reg[11][3]/SE f                -0.221     VIOLATED
      fifomem/mem_reg[11][2]/SE f                -0.221     VIOLATED
      fifomem/mem_reg[11][1]/SE f                -0.221     VIOLATED
      fifomem/mem_reg[11][0]/SE f                -0.221     VIOLATED
      fifomem/mem_reg[10][7]/SE f                -0.221     VIOLATED
      fifomem/mem_reg[10][6]/SE f                -0.221     VIOLATED
      fifomem/mem_reg[10][5]/SE f                -0.221     VIOLATED
      fifomem/mem_reg[10][4]/SE f                -0.221     VIOLATED
      fifomem/mem_reg[10][3]/SE f                -0.221     VIOLATED
      fifomem/mem_reg[10][2]/SE f                -0.221     VIOLATED
      fifomem/mem_reg[10][1]/SE f                -0.221     VIOLATED
      fifomem/mem_reg[10][0]/SE f                -0.221     VIOLATED
      fifomem/mem_reg[9][7]/SE f                 -0.221     VIOLATED
      fifomem/mem_reg[9][6]/SE f                 -0.221     VIOLATED
      fifomem/mem_reg[9][5]/SE f                 -0.221     VIOLATED
      fifomem/mem_reg[9][4]/SE f                 -0.221     VIOLATED
      fifomem/mem_reg[9][3]/SE f                 -0.221     VIOLATED
      fifomem/mem_reg[9][2]/SE f                 -0.221     VIOLATED
      fifomem/mem_reg[9][1]/SE f                 -0.221     VIOLATED
      fifomem/mem_reg[9][0]/SE f                 -0.221     VIOLATED
      fifomem/mem_reg[8][7]/SE f                 -0.221     VIOLATED
      fifomem/mem_reg[8][6]/SE f                 -0.221     VIOLATED
      fifomem/mem_reg[8][5]/SE f                 -0.221     VIOLATED
      fifomem/mem_reg[8][4]/SE f                 -0.221     VIOLATED
      fifomem/mem_reg[8][3]/SE f                 -0.221     VIOLATED
      fifomem/mem_reg[8][2]/SE f                 -0.221     VIOLATED
      fifomem/mem_reg[8][1]/SE f                 -0.221     VIOLATED
      fifomem/mem_reg[8][0]/SE f                 -0.221     VIOLATED
      fifomem/mem_reg[7][7]/SE f                 -0.221     VIOLATED
      fifomem/mem_reg[7][6]/SE f                 -0.221     VIOLATED
      fifomem/mem_reg[7][5]/SE f                 -0.221     VIOLATED
      fifomem/mem_reg[7][4]/SE f                 -0.221     VIOLATED
      fifomem/mem_reg[7][3]/SE f                 -0.221     VIOLATED
      fifomem/mem_reg[7][2]/SE f                 -0.221     VIOLATED
      fifomem/mem_reg[7][1]/SE f                 -0.221     VIOLATED
      fifomem/mem_reg[7][0]/SE f                 -0.221     VIOLATED
      fifomem/mem_reg[6][7]/SE f                 -0.221     VIOLATED
      fifomem/mem_reg[6][6]/SE f                 -0.221     VIOLATED
      fifomem/mem_reg[6][5]/SE f                 -0.221     VIOLATED
      fifomem/mem_reg[6][4]/SE f                 -0.221     VIOLATED
      fifomem/mem_reg[6][3]/SE f                 -0.221     VIOLATED
      fifomem/mem_reg[6][2]/SE f                 -0.221     VIOLATED
      fifomem/mem_reg[6][1]/SE f                 -0.221     VIOLATED
      fifomem/mem_reg[6][0]/SE f                 -0.221     VIOLATED
      fifomem/mem_reg[5][7]/SE f                 -0.221     VIOLATED
      fifomem/mem_reg[5][6]/SE f                 -0.221     VIOLATED
      fifomem/mem_reg[5][5]/SE f                 -0.221     VIOLATED
      fifomem/mem_reg[5][4]/SE f                 -0.221     VIOLATED
      fifomem/mem_reg[5][3]/SE f                 -0.221     VIOLATED
      fifomem/mem_reg[5][2]/SE f                 -0.221     VIOLATED
      fifomem/mem_reg[5][1]/SE f                 -0.221     VIOLATED
      fifomem/mem_reg[5][0]/SE f                 -0.221     VIOLATED
      fifomem/mem_reg[4][7]/SE f                 -0.221     VIOLATED
      fifomem/mem_reg[4][6]/SE f                 -0.221     VIOLATED
      fifomem/mem_reg[4][5]/SE f                 -0.221     VIOLATED
      fifomem/mem_reg[4][4]/SE f                 -0.221     VIOLATED
      fifomem/mem_reg[4][3]/SE f                 -0.221     VIOLATED
      fifomem/mem_reg[4][2]/SE f                 -0.221     VIOLATED
      fifomem/mem_reg[4][1]/SE f                 -0.221     VIOLATED
      fifomem/mem_reg[4][0]/SE f                 -0.221     VIOLATED
      fifomem/mem_reg[3][7]/SE f                 -0.221     VIOLATED
      fifomem/mem_reg[3][6]/SE f                 -0.221     VIOLATED
      fifomem/mem_reg[3][5]/SE f                 -0.221     VIOLATED
      fifomem/mem_reg[3][4]/SE f                 -0.221     VIOLATED
      fifomem/mem_reg[3][3]/SE f                 -0.221     VIOLATED
      fifomem/mem_reg[3][2]/SE f                 -0.221     VIOLATED
      fifomem/mem_reg[3][1]/SE f                 -0.221     VIOLATED
      fifomem/mem_reg[3][0]/SE f                 -0.221     VIOLATED
      fifomem/mem_reg[2][7]/SE f                 -0.221     VIOLATED
      fifomem/mem_reg[2][6]/SE f                 -0.221     VIOLATED
      fifomem/mem_reg[2][5]/SE f                 -0.221     VIOLATED
      fifomem/mem_reg[2][4]/SE f                 -0.221     VIOLATED
      fifomem/mem_reg[2][3]/SE f                 -0.221     VIOLATED
      fifomem/mem_reg[2][2]/SE f                 -0.221     VIOLATED
      fifomem/mem_reg[2][1]/SE f                 -0.221     VIOLATED
      fifomem/mem_reg[2][0]/SE f                 -0.221     VIOLATED
      fifomem/mem_reg[1][7]/SE f                 -0.221     VIOLATED
      fifomem/mem_reg[1][6]/SE f                 -0.221     VIOLATED
      fifomem/mem_reg[1][5]/SE f                 -0.221     VIOLATED
      fifomem/mem_reg[1][4]/SE f                 -0.221     VIOLATED
      fifomem/mem_reg[1][3]/SE f                 -0.221     VIOLATED
      fifomem/mem_reg[1][2]/SE f                 -0.221     VIOLATED
      fifomem/mem_reg[1][1]/SE f                 -0.221     VIOLATED
      fifomem/mem_reg[1][0]/SE f                 -0.221     VIOLATED
      fifomem/mem_reg[0][7]/SE f                 -0.221     VIOLATED
      fifomem/mem_reg[0][6]/SE f                 -0.221     VIOLATED
      fifomem/mem_reg[0][5]/SE f                 -0.221     VIOLATED
      fifomem/mem_reg[0][4]/SE f                 -0.221     VIOLATED
      fifomem/mem_reg[0][3]/SE f                 -0.221     VIOLATED
      fifomem/mem_reg[0][2]/SE f                 -0.221     VIOLATED
      fifomem/mem_reg[0][1]/SE f                 -0.221     VIOLATED
      fifomem/mem_reg[0][0]/SE f                 -0.221     VIOLATED
      rdata_reg[1]/SE f                          -0.079     VIOLATED
      rdata_reg[2]/SE f                          -0.079     VIOLATED
      rdata_reg[5]/SE f                          -0.079     VIOLATED
      rdata_reg[3]/SE f                          -0.079     VIOLATED
      rdata_reg[0]/SE f                          -0.079     VIOLATED
      rdata_reg[4]/SE f                          -0.079     VIOLATED
      rdata_reg[6]/SE f                          -0.079     VIOLATED
      rdata_reg[7]/SE f                          -0.079     VIOLATED
      wptr_full_inst/wptr_reg[0]/SE f            -0.079     VIOLATED
      wptr_full_inst/wptr_reg[1]/SE f            -0.079     VIOLATED
      wptr_full_inst/wptr_reg[4]/SE f            -0.079     VIOLATED
      wptr_full_inst/wptr_reg[2]/SE f            -0.079     VIOLATED
      wptr_full_inst/wptr_reg[3]/SE f            -0.079     VIOLATED
      sync_w2r/q1_reg[0]/SE f                    -0.079     VIOLATED
      sync_w2r/q1_reg[1]/SE f                    -0.079     VIOLATED
      sync_w2r/q1_reg[4]/SE f                    -0.079     VIOLATED
      sync_w2r/q1_reg[3]/SE f                    -0.079     VIOLATED
      sync_w2r/q1_reg[2]/SE f                    -0.079     VIOLATED
      sync_w2r/q2_reg[2]/SE f                    -0.079     VIOLATED
      sync_w2r/q2_reg[0]/SE f                    -0.079     VIOLATED
      sync_w2r/q2_reg[1]/SE f                    -0.079     VIOLATED
      sync_w2r/q2_reg[3]/SE f                    -0.079     VIOLATED
      sync_w2r/q2_reg[4]/SE f                    -0.079     VIOLATED
      sync_r2w/q1_reg[0]/SE f                    -0.079     VIOLATED
      sync_r2w/q1_reg[1]/SE f                    -0.079     VIOLATED
      sync_r2w/q1_reg[4]/SE f                    -0.079     VIOLATED
      sync_r2w/q1_reg[3]/SE f                    -0.079     VIOLATED
      sync_r2w/q1_reg[2]/SE f                    -0.079     VIOLATED
      sync_r2w/q2_reg[2]/SE f                    -0.079     VIOLATED
      sync_r2w/q2_reg[0]/SE f                    -0.079     VIOLATED
      sync_r2w/q2_reg[1]/SE f                    -0.079     VIOLATED
      sync_r2w/q2_reg[3]/SE f                    -0.079     VIOLATED
      sync_r2w/q2_reg[4]/SE f                    -0.079     VIOLATED
      rptr_empty_inst/rptr_reg[0]/SE f           -0.079     VIOLATED
      rptr_empty_inst/rptr_reg[1]/SE f           -0.079     VIOLATED
      rptr_empty_inst/rptr_reg[4]/SE f           -0.079     VIOLATED
      rptr_empty_inst/rptr_reg[2]/SE f           -0.079     VIOLATED
      rptr_empty_inst/rptr_reg[3]/SE f           -0.079     VIOLATED
      ------------------------------------------------------------------------------------------------

Check type : clock_period
---------------------------
No paths found

Check type : skew
---------------------------
No paths found

Check type : pulse_width
---------------------------
 No violating Checks with given description found

Check type : max_transition
---------------------------
 No Violations found

Check type : min_transition
---------------------------
 No Violations found

Check type : max_capacitance
---------------------------
 No Violations found

Check type : min_capacitance
---------------------------
 No Violations found

Check type : max_fanout
---------------------------
 No Violations found

Check type : min_fanout
---------------------------
 No Violations found
