###############################################################
#  Generated by:      Cadence Tempus 20.10-p003_1
#  OS:                Linux x86_64(Host ID edatools-server2.iiitd.edu.in)
#  Generated on:      Tue Oct 14 20:24:01 2025
#  Design:            FIFO
#  Command:           report_timing > $report_dir/timing_report_maxfreq.rpt
###############################################################
Path 1: VIOLATED Setup Check with Pin fifomem/mem_reg[1][0]/CK 
Endpoint:   fifomem/mem_reg[1][0]/S0     (v) checked with  leading edge of 'wclk'
Beginpoint: wptr_full_inst/wptr_reg[4]/Q (^) triggered by  leading edge of 'wclk'
Path Groups: {wclk}
Other End Arrival Time          0.000
- Setup                         0.680
+ Phase Shift                   2.000
= Required Time                 1.320
- Arrival Time                  2.364
= Slack Time                   -1.043
     Clock Rise Edge                 0.000
     + Clock Network Latency (Ideal) 0.000
     = Beginpoint Arrival Time       0.000
      ----------------------------------------------------------------------------
      Instance                    Arc          Cell       Delay  Arrival  Required  
                                                                 Time     Time  
      ----------------------------------------------------------------------------
      wptr_full_inst/wptr_reg[4]  CK ^         -          -      0.000    -1.043  
      wptr_full_inst/wptr_reg[4]  CK ^ -> Q ^  SDFFRHQX1  0.385  0.385    -0.658  
      wptr_full_inst/g211         A ^ -> Y v   CLKXOR2X1  0.307  0.692    -0.352  
      wptr_full_inst/g204         B v -> Y ^   CLKXOR2X1  0.250  0.941    -0.102  
      wptr_full_inst/g202         B ^ -> Y v   CLKXOR2X1  0.281  1.222    0.179  
      wptr_full_inst/g201         B v -> Y ^   CLKXOR2X1  0.250  1.472    0.429  
      fifomem/g844                B ^ -> Y v   NAND2XL    0.166  1.638    0.595  
      fifomem/g836                AN v -> Y v  NAND2BXL   0.725  2.364    1.320  
      fifomem/mem_reg[1][0]       S0 v         SMDFFHQX1  0.000  2.364    1.320  
      ----------------------------------------------------------------------------

