*----------------------------------------------------------------------------------------
*	Innovus 20.10-p004_1 (64bit) 05/07/2020 20:02 (Linux 2.6.32-431.11.2.el6.x86_64)
*	
*
* 	Date & Time:	2025-Nov-10 21:25:30 (2025-Nov-10 15:55:30 GMT)
*
*----------------------------------------------------------------------------------------
*
*	Design: FIFO
*
*	Liberty Libraries used: 
*	        view1: /home/vishal25157/Desktop/cmos65/90nm/pd_0.8/slow.lib
*
*	Power Domain used: 
*
*       Power View : view1
*
*       User-Defined Activity : N.A.
*
*       Activity File: N.A.
*
*       Hierarchical Global Activity: N.A.
*
*       Global Activity: N.A.
*
*       Sequential Element Activity: 0.200000
*
*       Primary Input Activity: 0.200000
*
*       Default icg ratio: N.A.
*
*       Global Comb ClockGate Ratio: N.A.
*
*	Power Units = 1mW
*
*	Time Units = 1e-09 secs 
*
*       Temperature = 125 
*
*       report_power -outfile ./route_reports/power/power_final.rpt -rail_analysis_format VS
*
-----------------------------------------------------------------------------------------
Cell                            Internal   Switching       Total     Leakage   Cell
                                   Power       Power       Power       Power   Name
--------------------------------------------------------------------------------------
CTS_ccl_a_buf_00004              0.07171     0.06834      0.1402   0.0001864  CLKBUFX16
fifomem/CTS_ccl_a_buf_00006      0.04198     0.06769      0.1099   0.0002199  CLKBUFX12
FE_OFC0_rdata_7                 0.002115     0.02027     0.02261   0.0002199  CLKBUFX12
FE_OFC3_rdata_4                 0.002105     0.02028     0.02261   0.0002199  CLKBUFX12
FE_OFC2_rdata_5                  0.00211     0.02027      0.0226   0.0002199  CLKBUFX12
FE_OFC7_rdata_0                 0.002101     0.02027      0.0226   0.0002199  CLKBUFX12
FE_OFC5_rdata_2                 0.002101     0.02027     0.02259   0.0002199  CLKBUFX12
FE_OFC6_rdata_1                 0.002103     0.02027     0.02259   0.0002199  CLKBUFX12
FE_OFC1_rdata_6                 0.002109     0.02026     0.02259   0.0002199  CLKBUFX12
FE_OFC4_rdata_3                 0.002102     0.02026     0.02259   0.0002199  CLKBUFX12
FE_OFC10_FE_OFN8_wfull          0.003114     0.01726     0.02056   0.0001864  BUFX16
wptr_full_inst/wptr_reg[1]       0.01842   0.0007877     0.01943   0.0002171  SDFFRHQX4
fifomem/mem_reg[15][1]            0.0166    0.000327     0.01727   0.0003386  SDFFHQX8
fifomem/mem_reg[15][6]           0.01665   0.0002664     0.01725   0.0003386  SDFFHQX8
fifomem/mem_reg[15][2]           0.01665   0.0002547     0.01725   0.0003386  SDFFHQX8
fifomem/mem_reg[15][7]           0.01665   0.0002501     0.01724   0.0003386  SDFFHQX8
fifomem/mem_reg[15][3]           0.01665   0.0002457     0.01724   0.0003386  SDFFHQX8
fifomem/mem_reg[15][5]           0.01661    0.000275     0.01722   0.0003386  SDFFHQX8
fifomem/mem_reg[15][0]           0.01661   0.0002587     0.01721   0.0003386  SDFFHQX8
fifomem/mem_reg[15][4]           0.01661   0.0002355     0.01719   0.0003386  SDFFHQX8
wptr_full_inst/wptr_reg[0]       0.01526   0.0005166     0.01593   0.0001526  SDFFRHQX1
wptr_full_inst/wptr_reg[2]       0.01471     0.00104     0.01592   0.0001737  SDFFRHQX2
wptr_full_inst/wptr_reg[3]       0.01335   0.0008991     0.01441   0.0001651  DFFRHQX4
sync_r2w/q2_reg[4]               0.01027   0.0002633     0.01063   0.0001005  DFFRHQX1
sync_r2w/q2_reg[2]               0.01027   0.0002485     0.01062   0.0001005  DFFRHQX1
sync_r2w/q2_reg[3]               0.01027   0.0002301      0.0106   0.0001005  DFFRHQX1
sync_r2w/q2_reg[0]               0.01027   0.0001522     0.01052   0.0001005  DFFRHQX1
sync_r2w/q2_reg[1]               0.01027   0.0001182     0.01049   0.0001005  DFFRHQX1
wptr_full_inst/wptr_reg[4]      0.009324   0.0008849     0.01034   0.0001258  DFFRX1
sync_r2w/q1_reg[1]              0.009954    0.000195     0.01025   0.0001005  DFFRHQX1
sync_r2w/q1_reg[3]              0.009954   0.0001849     0.01024   0.0001005  DFFRHQX1
sync_r2w/q1_reg[4]              0.009957   0.0001778     0.01024   0.0001005  DFFRHQX1
sync_r2w/q1_reg[0]              0.009954   0.0001743     0.01023   0.0001005  DFFRHQX1
sync_r2w/q1_reg[2]              0.009956   0.0001314     0.01019   0.0001005  DFFRHQX1
fifomem/g3070                   0.007047    0.002187    0.009376   0.0001409  NOR2X8
fifomem/mem_reg[13][7]          0.008886   0.0002243    0.009247   0.0001363  SDFFQX1
fifomem/mem_reg[13][6]          0.008885   0.0002228    0.009244   0.0001363  SDFFQX1
fifomem/mem_reg[13][3]          0.008885   0.0002202    0.009242   0.0001363  SDFFQX1
fifomem/mem_reg[13][2]          0.008885   0.0002172    0.009239   0.0001363  SDFFQX1
fifomem/mem_reg[13][5]          0.008842   0.0002288    0.009207   0.0001363  SDFFQX1
fifomem/mem_reg[13][1]          0.008842   0.0002191    0.009197   0.0001363  SDFFQX1
fifomem/mem_reg[13][4]          0.008842   0.0002138    0.009192   0.0001363  SDFFQX1
fifomem/mem_reg[13][0]          0.008842   0.0001954    0.009173   0.0001363  SDFFQX1
fifomem/mem_reg[12][7]          0.008569    0.000242    0.008941   0.0001296  SDFFQXL
fifomem/mem_reg[5][3]           0.008556   0.0002526    0.008938   0.0001296  SDFFQXL
fifomem/mem_reg[5][1]           0.008557   0.0002401    0.008927   0.0001296  SDFFQXL
fifomem/mem_reg[12][4]          0.008568   0.0002283    0.008926   0.0001296  SDFFQXL
fifomem/mem_reg[5][6]           0.008559   0.0002342    0.008923   0.0001296  SDFFQXL
fifomem/mem_reg[9][3]           0.008562   0.0002225    0.008915   0.0001296  SDFFQXL
fifomem/mem_reg[12][3]          0.008567   0.0002165    0.008914   0.0001296  SDFFQXL
fifomem/mem_reg[9][6]           0.008562   0.0002137    0.008905   0.0001296  SDFFQXL
fifomem/mem_reg[9][1]           0.008562   0.0002123    0.008904   0.0001296  SDFFQXL
fifomem/mem_reg[12][6]          0.008567   0.0002048    0.008901   0.0001296  SDFFQXL
fifomem/mem_reg[5][7]           0.008562   0.0002078      0.0089   0.0001296  SDFFQXL
fifomem/mem_reg[9][7]           0.008563   0.0002047    0.008898   0.0001296  SDFFQXL
fifomem/mem_reg[5][2]           0.008557   0.0002078    0.008894   0.0001296  SDFFQXL
fifomem/mem_reg[12][2]          0.008567   0.0001963    0.008893   0.0001296  SDFFQXL
fifomem/mem_reg[12][0]          0.008524   0.0002367     0.00889   0.0001296  SDFFQXL
fifomem/mem_reg[9][2]           0.008562   0.0001948    0.008886   0.0001296  SDFFQXL
fifomem/mem_reg[9][4]           0.008519   0.0002322    0.008881   0.0001296  SDFFQXL
fifomem/mem_reg[5][4]           0.008513   0.0002376     0.00888   0.0001296  SDFFQXL
fifomem/mem_reg[12][1]          0.008524   0.0002256    0.008879   0.0001296  SDFFQXL
fifomem/mem_reg[12][5]          0.008524   0.0002254    0.008879   0.0001296  SDFFQXL
fifomem/mem_reg[8][3]           0.008498    0.000239    0.008867   0.0001296  SDFFQXL
fifomem/mem_reg[5][5]           0.008513   0.0002178    0.008861   0.0001296  SDFFQXL
fifomem/mem_reg[11][4]          0.008498    0.000231    0.008859   0.0001296  SDFFQXL
fifomem/mem_reg[11][3]          0.008498   0.0002304    0.008859   0.0001296  SDFFQXL
fifomem/mem_reg[5][0]           0.008513   0.0002155    0.008858   0.0001296  SDFFQXL
fifomem/mem_reg[11][6]          0.008498   0.0002248    0.008853   0.0001296  SDFFQXL
fifomem/mem_reg[14][7]          0.008505   0.0002164    0.008851   0.0001296  SDFFQXL
fifomem/mem_reg[9][5]           0.008519   0.0002027    0.008851   0.0001296  SDFFQXL
fifomem/mem_reg[4][3]           0.008493   0.0002281     0.00885   0.0001296  SDFFQXL
fifomem/mem_reg[7][3]           0.008492   0.0002231    0.008845   0.0001296  SDFFQXL
fifomem/mem_reg[7][1]            0.00845   0.0002641    0.008844   0.0001296  SDFFQXL
fifomem/mem_reg[11][7]          0.008499   0.0002117    0.008841   0.0001296  SDFFQXL
fifomem/mem_reg[7][2]           0.008493   0.0002173     0.00884   0.0001296  SDFFQXL
fifomem/mem_reg[11][1]          0.008498   0.0002121     0.00884   0.0001296  SDFFQXL
fifomem/mem_reg[8][7]           0.008499   0.0002099    0.008839   0.0001296  SDFFQXL
fifomem/mem_reg[1][7]           0.008491   0.0002135    0.008834   0.0001296  SDFFQXL
fifomem/mem_reg[11][2]          0.008498   0.0002067    0.008834   0.0001296  SDFFQXL
fifomem/mem_reg[4][1]           0.008451   0.0002527    0.008833   0.0001296  SDFFQXL
fifomem/mem_reg[9][0]           0.008518   0.0001846    0.008832   0.0001296  SDFFQXL
fifomem/mem_reg[1][2]            0.00849   0.0002122    0.008832   0.0001296  SDFFQXL
fifomem/mem_reg[1][5]           0.008447   0.0002549    0.008832   0.0001296  SDFFQXL
fifomem/mem_reg[14][3]          0.008498   0.0002039    0.008832   0.0001296  SDFFQXL
fifomem/mem_reg[14][6]          0.008501   0.0002004    0.008831   0.0001296  SDFFQXL
fifomem/mem_reg[6][6]           0.008441   0.0002585     0.00883   0.0001296  SDFFQXL
fifomem/mem_reg[7][6]           0.008495   0.0002051    0.008829   0.0001296  SDFFQXL
fifomem/mem_reg[8][2]           0.008498    0.000202    0.008829   0.0001296  SDFFQXL
fifomem/mem_reg[1][1]            0.00849   0.0002094    0.008829   0.0001296  SDFFQXL
fifomem/mem_reg[4][6]           0.008495   0.0002038    0.008829   0.0001296  SDFFQXL
fifomem/mem_reg[4][7]           0.008499   0.0001974    0.008826   0.0001296  SDFFQXL
fifomem/mem_reg[4][2]           0.008493   0.0002003    0.008823   0.0001296  SDFFQXL
fifomem/mem_reg[14][1]          0.008456   0.0002375    0.008823   0.0001296  SDFFQXL
fifomem/mem_reg[8][1]           0.008498   0.0001921    0.008819   0.0001296  SDFFQXL
fifomem/mem_reg[7][4]           0.008492   0.0001962    0.008818   0.0001296  SDFFQXL
fifomem/mem_reg[7][7]           0.008498     0.00019    0.008818   0.0001296  SDFFQXL
fifomem/mem_reg[10][1]          0.008444   0.0002428    0.008816   0.0001296  SDFFQXL
fifomem/mem_reg[14][2]          0.008499   0.0001858    0.008814   0.0001296  SDFFQXL
fifomem/mem_reg[1][6]            0.00849   0.0001937    0.008813   0.0001296  SDFFQXL
fifomem/mem_reg[1][3]            0.00849   0.0001935    0.008813   0.0001296  SDFFQXL
fifomem/mem_reg[8][6]           0.008497   0.0001851    0.008812   0.0001296  SDFFQXL
fifomem/mem_reg[4][0]            0.00845   0.0002321    0.008812   0.0001296  SDFFQXL
fifomem/mem_reg[11][0]          0.008455   0.0002275    0.008812   0.0001296  SDFFQXL
fifomem/mem_reg[6][7]           0.008445   0.0002358     0.00881   0.0001296  SDFFQXL
fifomem/mem_reg[8][0]           0.008457   0.0002174    0.008804   0.0001296  SDFFQXL
fifomem/mem_reg[1][4]           0.008447   0.0002263    0.008803   0.0001296  SDFFQXL
fifomem/mem_reg[11][5]          0.008455    0.000218    0.008802   0.0001296  SDFFQXL
fifomem/mem_reg[7][5]            0.00845   0.0002192    0.008798   0.0001296  SDFFQXL
fifomem/mem_reg[7][0]           0.008449   0.0002171    0.008796   0.0001296  SDFFQXL
fifomem/mem_reg[14][0]          0.008455   0.0002044    0.008789   0.0001296  SDFFQXL
fifomem/mem_reg[8][4]           0.008454   0.0002046    0.008788   0.0001296  SDFFQXL
fifomem/mem_reg[10][3]          0.008443   0.0002131    0.008786   0.0001296  SDFFQXL
fifomem/mem_reg[14][4]          0.008455   0.0002015    0.008786   0.0001296  SDFFQXL
fifomem/mem_reg[14][5]          0.008455   0.0002007    0.008786   0.0001296  SDFFQXL
fifomem/mem_reg[4][5]            0.00845   0.0002053    0.008785   0.0001296  SDFFQXL
fifomem/mem_reg[8][5]           0.008454   0.0002002    0.008784   0.0001296  SDFFQXL
fifomem/mem_reg[0][2]           0.008437   0.0002163    0.008783   0.0001296  SDFFQXL
fifomem/mem_reg[10][6]          0.008443   0.0002076     0.00878   0.0001296  SDFFQXL
fifomem/mem_reg[3][3]           0.008435   0.0002158     0.00878   0.0001296  SDFFQXL
fifomem/mem_reg[1][0]           0.008446   0.0002029    0.008779   0.0001296  SDFFQXL
fifomem/mem_reg[10][7]          0.008444    0.000203    0.008777   0.0001296  SDFFQXL
fifomem/mem_reg[10][2]          0.008443   0.0001973     0.00877   0.0001296  SDFFQXL
fifomem/mem_reg[3][7]           0.008441   0.0001992     0.00877   0.0001296  SDFFQXL
fifomem/mem_reg[0][7]           0.008438   0.0002017     0.00877   0.0001296  SDFFQXL
fifomem/mem_reg[10][5]            0.0084   0.0002384    0.008768   0.0001296  SDFFQXL
fifomem/mem_reg[6][2]           0.008439   0.0001997    0.008768   0.0001296  SDFFQXL
fifomem/mem_reg[0][6]           0.008437   0.0002001    0.008767   0.0001296  SDFFQXL
fifomem/mem_reg[6][4]           0.008395   0.0002412    0.008766   0.0001296  SDFFQXL
fifomem/mem_reg[3][2]           0.008435    0.000201    0.008766   0.0001296  SDFFQXL
fifomem/mem_reg[0][0]           0.008394   0.0002417    0.008766   0.0001296  SDFFQXL
fifomem/mem_reg[0][3]           0.008437   0.0001983    0.008765   0.0001296  SDFFQXL
fifomem/mem_reg[4][4]           0.008449   0.0001861    0.008765   0.0001296  SDFFQXL
fifomem/mem_reg[6][1]           0.008395   0.0002393    0.008764   0.0001296  SDFFQXL
fifomem/mem_reg[2][2]           0.008393   0.0002391    0.008762   0.0001296  SDFFQXL
fifomem/mem_reg[6][3]           0.008437   0.0001937    0.008761   0.0001296  SDFFQXL
fifomem/mem_reg[3][6]           0.008437   0.0001909    0.008757   0.0001296  SDFFQXL
fifomem/mem_reg[10][0]            0.0084   0.0002228    0.008752   0.0001296  SDFFQXL
fifomem/mem_reg[0][5]           0.008394   0.0002267     0.00875   0.0001296  SDFFQXL
fifomem/mem_reg[3][1]           0.008392   0.0002279    0.008749   0.0001296  SDFFQXL
fifomem/mem_reg[0][1]           0.008394   0.0002219    0.008745   0.0001296  SDFFQXL
fifomem/mem_reg[2][7]           0.008394   0.0002201    0.008744   0.0001296  SDFFQXL
fifomem/mem_reg[3][4]           0.008391    0.000223    0.008744   0.0001296  SDFFQXL
fifomem/mem_reg[2][6]           0.008393   0.0002198    0.008742   0.0001296  SDFFQXL
fifomem/mem_reg[2][0]            0.00835    0.000253    0.008733   0.0001296  SDFFQXL
fifomem/mem_reg[6][0]           0.008395   0.0002055     0.00873   0.0001296  SDFFQXL
fifomem/mem_reg[2][4]           0.008393   0.0002076     0.00873   0.0001296  SDFFQXL
fifomem/mem_reg[3][0]           0.008391   0.0002073    0.008728   0.0001296  SDFFQXL
fifomem/mem_reg[6][5]           0.008395   0.0002023    0.008727   0.0001296  SDFFQXL
fifomem/mem_reg[3][5]           0.008392   0.0002046    0.008726   0.0001296  SDFFQXL
fifomem/mem_reg[10][4]          0.008399   0.0001938    0.008723   0.0001296  SDFFQXL
fifomem/mem_reg[2][1]            0.00835   0.0002431    0.008722   0.0001296  SDFFQXL
fifomem/mem_reg[2][3]           0.008392   0.0001942    0.008716   0.0001296  SDFFQXL
fifomem/mem_reg[0][4]           0.008393   0.0001903    0.008713   0.0001296  SDFFQXL
fifomem/mem_reg[2][5]           0.008349   0.0001998    0.008678   0.0001296  SDFFQXL
rptr_empty_inst/g188            0.002126    0.006389    0.008646   0.0001309  XOR2X4
rptr_empty_inst/rptr_reg[0]     0.008057   0.0002138    0.008423   0.0001526  SDFFRHQX1
rptr_empty_inst/rptr_reg[1]     0.007887   0.0002284    0.008268   0.0001526  SDFFRHQX1
rptr_empty_inst/FE_OFC9_rempty  0.0007705    0.007149     0.00814   0.0002199  CLKBUFX12
wptr_full_inst/FE_OCPC45_waddr_0   0.004108    0.003441     0.00767   0.0001212  CLKBUFX6
rptr_empty_inst/rptr_reg[2]     0.006975   0.0002562    0.007384   0.0001526  SDFFRHQX1
rptr_empty_inst/rptr_reg[3]     0.006531   0.0002259     0.00691   0.0001526  SDFFRHQX1
rdata_reg[7]                    0.005949   0.0003505      0.0064   0.0001005  DFFRHQX1
rdata_reg[5]                    0.005949   0.0002956    0.006345   0.0001005  DFFRHQX1
rdata_reg[6]                    0.005948   0.0002861    0.006335   0.0001005  DFFRHQX1
rdata_reg[4]                    0.005951   0.0002283     0.00628   0.0001005  DFFRHQX1
rdata_reg[1]                     0.00595    0.000211    0.006261   0.0001005  DFFRHQX1
rdata_reg[3]                     0.00595   0.0001863    0.006237   0.0001005  DFFRHQX1
rdata_reg[0]                    0.005952   0.0001816    0.006234   0.0001005  DFFRHQX1
rdata_reg[2]                     0.00595   0.0001801    0.006231   0.0001005  DFFRHQX1
wptr_full_inst/FE_OCPC37_waddr_1   0.004085    0.001941    0.006147   0.0001212  BUFX6
rptr_empty_inst/rptr_reg[4]      0.00517   0.0003825    0.005653   0.0001005  DFFRHQX1
rptr_empty_inst/g198            0.001076    0.004396    0.005603   0.0001309  XOR2X4
sync_w2r/q1_reg[0]              0.005379   7.207e-05    0.005552   0.0001005  DFFRHQX1
sync_w2r/q1_reg[4]              0.005374   7.392e-05    0.005548   0.0001005  DFFRHQX1
sync_w2r/q1_reg[2]               0.00538   6.737e-05    0.005548   0.0001005  DFFRHQX1
sync_w2r/q1_reg[3]              0.005377   5.469e-05    0.005532   0.0001005  DFFRHQX1
sync_w2r/q1_reg[1]              0.005377   5.312e-05     0.00553   0.0001005  DFFRHQX1
sync_w2r/q2_reg[4]               0.00506   0.0001041    0.005264   0.0001005  DFFRHQX1
sync_w2r/q2_reg[2]              0.005061   5.123e-05    0.005213   0.0001005  DFFRHQX1
sync_w2r/q2_reg[3]              0.005061   4.357e-05    0.005205   0.0001005  DFFRHQX1
sync_w2r/q2_reg[0]              0.005061   4.176e-05    0.005203   0.0001005  DFFRHQX1
sync_w2r/q2_reg[1]              0.005061    4.12e-05    0.005203   0.0001005  DFFRHQX1
wptr_full_inst/FE_RC_52_0       0.002354    0.002746    0.005161    6.16e-05  OAI2BB1X4
wptr_full_inst/FE_RC_20_0       0.003789   0.0009682    0.004829   7.194e-05  AOI21X4
fifomem/FE_OCPC56_n_17          0.002195    0.002247    0.004564   0.0001212  CLKBUFX6
FE_PHC63_wrst_n                0.0007205    0.003359    0.004121   4.129e-05  CLKBUFX2
fifomem/FE_OCPC49_n_19           0.00287   0.0008861    0.003976   0.0002199  BUFX12
fifomem/g3063                   0.002288    0.001443    0.003803   7.214e-05  NOR2X4
wptr_full_inst/FE_OCPC57_waddr_2   0.001687    0.001986    0.003735   6.202e-05  BUFX3
fifomem/g3076                   0.002284    0.001178    0.003501   3.838e-05  NOR2BX2
fifomem/FE_RC_29_0_dup            0.0026   0.0007388    0.003411   7.214e-05  NOR2X4
fifomem/FE_RC_29_0                0.0026   0.0007344    0.003407   7.214e-05  NOR2X4
fifomem/FE_OCPC48_n_29           0.00239   0.0007659    0.003376   0.0002199  BUFX12
fifomem/FE_OCPC54_n_27           0.00236   0.0007234    0.003303   0.0002199  BUFX12
fifomem/FE_OCPC16_n_15          0.001369    0.001871    0.003301   6.202e-05  BUFX3
fifomem/FE_OCPC47_waddr_0       0.001332    0.001831    0.003202   3.898e-05  INVX3
fifomem/FE_RC_60_0              0.002061    0.001066    0.003169   4.239e-05  NOR3BX2
fifomem/FE_OCPC59_FE_RN_2       0.002102   0.0009492    0.003113   6.202e-05  BUFX3
wptr_full_inst/FE_OCPC20_waddr_2    0.00168    0.001065    0.002807   6.202e-05  BUFX3
wptr_full_inst/FE_RC_34_0       0.001822   0.0008625    0.002765   8.078e-05  CLKAND2X3
fifomem/FE_RC_46_0              0.001154    0.001476    0.002675     4.5e-05  CLKAND2X2
fifomem/FE_OCPC61_n_4           0.001912   0.0005403    0.002672   0.0002199  BUFX12
FE_PHC81_wdata_7               0.0007197    0.001865    0.002626   4.129e-05  CLKBUFX2
fifomem/FE_RC_42_0              0.001742   0.0007525    0.002599   0.0001044  NOR2X6
FE_PHC64_rrst_n                0.0003601    0.002195    0.002596   4.129e-05  CLKBUFX2
fifomem/FE_OCPC12_n_8           0.001263    0.001269    0.002573   4.129e-05  CLKBUFX2
wptr_full_inst/FE_RC_41_0       0.001334    0.001045    0.002405   2.599e-05  OAI21X2
wptr_full_inst/g219             0.001426   0.0008613    0.002357   7.055e-05  XNOR2X1
fifomem/FE_OCPC32_n_31          0.001625   0.0004981    0.002343   0.0002199  BUFX12
fifomem/FE_OCPC28_n_0            0.00159   0.0004144    0.002224   0.0002199  BUFX12
fifomem/g3054                   0.001424   0.0006913     0.00222   0.0001044  NOR2X6
wptr_full_inst/g156              0.00119   0.0008474    0.002094   5.601e-05  NAND2X4
wptr_full_inst/FE_RC_27_0       0.001464   0.0005261    0.002063   7.254e-05  CLKXOR2X1
wptr_full_inst/g160             0.001533   0.0004442    0.002015   3.838e-05  NOR2BX2
wptr_full_inst/FE_RC_6_0        0.001474   0.0004275    0.001982   8.067e-05  NOR3X4
fifomem/FE_OCPC31_n_21           0.00131   0.0004312    0.001962   0.0002199  BUFX12
fifomem/g3072                  0.0008174    0.001107     0.00195   2.599e-05  CLKINVX2
wptr_full_inst/FE_OCPC56_waddr_3  0.0008923     0.00101    0.001943   4.129e-05  CLKBUFX2
wptr_full_inst/FE_RC_3_0        0.001059   0.0008252     0.00191   2.599e-05  OAI21X2
wptr_full_inst/FE_RC_63_0       0.001158   0.0007079    0.001903   3.634e-05  AOI22X2
fifomem/FE_RC_43_0              0.000463    0.001382    0.001858   1.301e-05  CLKINVX1
fifomem/FE_OCPC55_n_12         0.0007021    0.001113    0.001841   2.599e-05  CLKINVX2
fifomem/g3050                   0.001045   0.0006801    0.001836    0.000111  AND2X6
fifomem/g3074                   0.001532   0.0002167    0.001787   3.838e-05  NOR2BX2
fifomem/FE_PHC71_wdata_5       0.0007179    0.001013    0.001773   4.129e-05  CLKBUFX2
fifomem/FE_PHC68_wdata_2       0.0007179     0.00101    0.001769   4.129e-05  CLKBUFX2
fifomem/g3047_dup               0.001173   0.0004897    0.001767   0.0001044  NOR2X6
fifomem/FE_PHC69_wdata_0       0.0007179    0.000993    0.001752   4.129e-05  CLKBUFX2
rptr_empty_inst/g189            0.000603    0.001058    0.001733   7.254e-05  CLKXOR2X1
fifomem/g5639                  0.0004704    0.001233    0.001721   1.816e-05  NOR2X1
fifomem/FE_PHC70_wdata_1       0.0007178   0.0009591    0.001718   4.129e-05  CLKBUFX2
fifomem/FE_OCPC23_n_25         0.0009887   0.0005565    0.001666   0.0001212  BUFX6
fifomem/g3080                  0.0006588   0.0009101     0.00165   8.078e-05  CLKAND2X3
wptr_full_inst/FE_RC_13_0      0.0007998   0.0008037    0.001629   2.599e-05  OAI21X2
fifomem/FE_PHC72_wdata_4       0.0007173   0.0008122    0.001571   4.129e-05  CLKBUFX2
fifomem/g5636                  0.0005558   0.0009677    0.001544   2.004e-05  NOR2BX1
fifomem/FE_OCPC51_FE_RN_3      0.0009904      0.0004    0.001512   0.0001212  CLKBUFX6
wptr_full_inst/g218             0.000933   0.0004937    0.001499   7.254e-05  CLKXOR2X1
rptr_empty_inst/g191           0.0005026   0.0008842    0.001459   7.254e-05  CLKXOR2X1
wptr_full_inst/g215            0.0007431   0.0006232    0.001439   7.254e-05  CLKXOR2X1
fifomem/g5589                  0.0008226   0.0005986    0.001434   1.314e-05  OAI221X1
fifomem/g5615                  0.0007739   0.0005639    0.001416   7.836e-05  MX4XL
fifomem/g5638                  0.0003102    0.001033    0.001378   3.499e-05  NAND2BX1
fifomem/g5635                   0.000141    0.001215    0.001365   9.289e-06  NAND2XL
fifomem/g5622                  0.0007744   0.0005121    0.001365   7.836e-05  MX4XL
fifomem/g5607                  0.0007748   0.0004786    0.001332   7.836e-05  MX4XL
fifomem/g5592                  0.0008166   0.0004996    0.001329   1.314e-05  OAI221X1
wptr_full_inst/FE_OFC16_n_10   0.0005233    0.000793    0.001329   1.301e-05  INVX1
fifomem/g5618                    0.00082   0.0004183    0.001329   9.088e-05  MXI4XL
fifomem/FE_RC_44_0              0.001033   0.0002666    0.001318   1.816e-05  NOR2X1
fifomem/g5588                  0.0008257   0.0004762    0.001315   1.314e-05  OAI221X1
wptr_full_inst/FE_RC_53_0      0.0006478   0.0006387    0.001315   2.802e-05  NAND2X2
fifomem/g5585                  0.0008007   0.0004972    0.001311   1.314e-05  OAI221X1
fifomem/g5602                  0.0008199    0.000398    0.001309   9.088e-05  MXI4XL
wptr_full_inst/FE_RC_35_0       0.000636   0.0006373    0.001301   2.802e-05  NAND2X2
wptr_full_inst/FE_OCPC44_wptr_4  0.0007151   0.0005431      0.0013   4.129e-05  BUFX2
wptr_full_inst/g138            0.0009072   0.0003443    0.001284   3.263e-05  MXI2X1
fifomem/g5632                  0.0008199   0.0003612    0.001272   9.088e-05  MXI4XL
fifomem/g5627                  0.0008199   0.0003607    0.001272   9.088e-05  MXI4XL
fifomem/g5616                  0.0008198   0.0003482    0.001259   9.088e-05  MXI4XL
fifomem/g5591                  0.0008168   0.0004269    0.001257   1.314e-05  OAI221X1
fifomem/g5631                  0.0007756   0.0004009    0.001255   7.836e-05  MX4XL
fifomem/g5604                  0.0008199   0.0003336    0.001244   9.088e-05  MXI4XL
fifomem/g3057                   0.000575   0.0005836    0.001243   8.485e-05  CLKAND2X4
wptr_full_inst/FE_RC_23_0      0.0006078   0.0006056    0.001239   2.599e-05  CLKINVX2
fifomem/g5623                  0.0008198   0.0003284    0.001239   9.088e-05  MXI4XL
fifomem/g5611                  0.0008196   0.0003253    0.001236   9.088e-05  MXI4XL
fifomem/g5593                  0.0007043   0.0005015    0.001224   1.833e-05  AOI22X1
wptr_full_inst/FE_RC_56_0      0.0005964   0.0005948    0.001219   2.802e-05  NAND2X2
fifomem/g5621                  0.0008196   0.0002966    0.001207   9.088e-05  MXI4XL
fifomem/g5598                   0.000705   0.0004826    0.001206   1.833e-05  AOI22X1
wptr_full_inst/FE_RC_15_0      0.0008444   0.0003054    0.001205    5.48e-05  NAND2BX2
wptr_full_inst/g153_dup        0.0009376   0.0002259    0.001202   3.838e-05  NOR2BX2
wptr_full_inst/FE_OCPC58_n_5   0.0008693   0.0002852    0.001196   4.129e-05  CLKBUFX2
fifomem/g5610                  0.0008195   0.0002834    0.001194   9.088e-05  MXI4XL
fifomem/g5617                  0.0008197   0.0002758    0.001186   9.088e-05  MXI4XL
fifomem/g5608                  0.0008194   0.0002754    0.001186   9.088e-05  MXI4XL
fifomem/g5600                  0.0007054    0.000462    0.001186   1.833e-05  AOI22X1
fifomem/g5606                  0.0008195   0.0002725    0.001183   9.088e-05  MXI4XL
fifomem/g5601                  0.0008198   0.0002707    0.001181   9.088e-05  MXI4XL
fifomem/g5625                  0.0008195   0.0002674    0.001178   9.088e-05  MXI4XL
fifomem/g5612                  0.0007766   0.0003221    0.001177   7.836e-05  MX4XL
fifomem/g5595                  0.0007055   0.0004521    0.001176   1.833e-05  AOI22X1
fifomem/g5605                  0.0008195   0.0002582    0.001169   9.088e-05  MXI4XL
wptr_full_inst/g153            0.0009369   0.0001881    0.001163   3.838e-05  NOR2BX2
fifomem/g5619                   0.000777   0.0003047     0.00116   7.836e-05  MX4XL
fifomem/g5629                  0.0007769   0.0003012    0.001156   7.836e-05  MX4XL
fifomem/g5630                   0.000777   0.0003007    0.001156   7.836e-05  MX4XL
fifomem/FE_PHC75_wdata_3       0.0007149   0.0003994    0.001156   4.129e-05  CLKBUFX2
fifomem/g5613                  0.0007772   0.0002955    0.001151   7.836e-05  MX4XL
fifomem/g3075                  0.0004403   0.0006738    0.001128   1.403e-05  NAND2X1
fifomem/g5587                  0.0008284   0.0002802    0.001122   1.314e-05  OAI221X1
fifomem/g5590                  0.0008295   0.0002785    0.001121   1.314e-05  OAI221X1
fifomem/g5626                  0.0007785   0.0002586    0.001115   7.836e-05  MX4XL
wptr_full_inst/FE_RC_11_0      0.0007456   0.0002931    0.001111   7.254e-05  CLKXOR2X1
wptr_full_inst/FE_RC_64_0      0.0007444   0.0002926    0.001108   7.055e-05  XNOR2X1
wptr_full_inst/FE_RC_21_0      0.0003676   0.0007266    0.001107   1.301e-05  CLKINVX1
fifomem/g5624                   0.000779   0.0002458    0.001103   7.836e-05  MX4XL
fifomem/g5597                  0.0007078   0.0003573    0.001083   1.833e-05  AOI22X1
fifomem/g5620                  0.0007798   0.0002231    0.001081   7.836e-05  MX4XL
fifomem/g5614                  0.0007801   0.0002145    0.001073   7.836e-05  MX4XL
fifomem/g5586                  0.0008304   0.0002167     0.00106   1.314e-05  OAI221X1
fifomem/g5628                  0.0007808   0.0002004     0.00106   7.836e-05  MX4XL
rptr_empty_inst/g148           0.0004746   0.0005612    0.001049   1.299e-05  OAI21X1
fifomem/FE_RC_62_0             0.0003218    0.000687    0.001048   3.898e-05  INVX3
fifomem/g5603                   0.000782   0.0001688    0.001029   7.836e-05  MX4XL
fifomem/g5609                  0.0007819   0.0001688    0.001029   7.836e-05  MX4XL
fifomem/FE_OCPC46_waddr_0       0.000457   0.0005225   0.0009925   1.301e-05  CLKINVX1
wptr_full_inst/FE_OFC18_n_17   0.0006345   0.0003238   0.0009842   2.599e-05  CLKINVX2
wptr_full_inst/FE_RC_36_0      0.0006599   0.0002965   0.0009746   1.816e-05  NOR2X1
wptr_full_inst/FE_RC_19_0_dup  0.0003668   0.0005925   0.0009722   1.301e-05  CLKINVX1
wptr_full_inst/FE_RC_57_0      0.0006592    0.000291   0.0009684   1.816e-05  NOR2X1
fifomem/FE_PHC67_wdata_3       0.0007146    0.000207   0.0009628   4.129e-05  CLKBUFX2
fifomem/g3062                  0.0005413   0.0003923   0.0009617   2.802e-05  NAND2X2
fifomem/FE_PHC78_wdata_3       0.0007146   0.0001974   0.0009533   4.129e-05  CLKBUFX2
fifomem/FE_PHC73_wdata_5       0.0007146   0.0001895   0.0009454   4.129e-05  CLKBUFX2
fifomem/g5594                  0.0006921    0.000229   0.0009395   1.833e-05  AOI22X1
fifomem/FE_PHC80_wdata_3       0.0007145   0.0001823   0.0009381   4.129e-05  CLKBUFX2
fifomem/FE_PHC65_wdata_7       0.0007472   0.0001388   0.0009272   4.129e-05  CLKBUFX2
fifomem/g5596                  0.0006962   0.0002059   0.0009204   1.833e-05  AOI22X1
fifomem/FE_PHC66_wdata_6       0.0007157   0.0001454   0.0009023   4.129e-05  CLKBUFX2
fifomem/g5599                  0.0006937   0.0001899    0.000902   1.833e-05  AOI22X1
wptr_full_inst/FE_RC_4_0       0.0005785   0.0002893   0.0008959   2.802e-05  NAND2X2
wptr_full_inst/FE_RC_22_0      0.0002939   0.0005797   0.0008866   1.301e-05  CLKINVX1
fifomem/FE_PHC74_wdata_4       0.0007186   0.0001003   0.0008602   4.129e-05  CLKBUFX2
fifomem/FE_PHC79_wdata_4       0.0007188   9.834e-05   0.0008584   4.129e-05  CLKBUFX2
fifomem/g3061_dup               0.000562    0.000268   0.0008501   2.004e-05  NOR2BX1
wptr_full_inst/g152            0.0003095   0.0005287   0.0008475   9.289e-06  NAND2XL
fifomem/FE_RC_55_0             0.0005724     0.00017   0.0008424   0.0001001  NAND2BX4
fifomem/FE_RC_50_0             0.0004746   0.0003402    0.000833   1.816e-05  NOR2X1
fifomem/g3061                  0.0005617   0.0002223    0.000804   2.004e-05  NOR2BX1
wptr_full_inst/FE_RC_39_0      0.0004426   0.0003231   0.0007787   1.299e-05  OAI21X1
rptr_empty_inst/g147           0.0003474   0.0004123   0.0007726   1.301e-05  INVX1
wptr_full_inst/FE_RC_18_0      0.0004144   0.0003218   0.0007711   3.499e-05  NAND2BX1
wptr_full_inst/FE_RC_37_0      0.0006011   0.0001431   0.0007642   2.004e-05  NOR2BX1
fifomem/FE_RC_47_0             0.0003643   0.0003814   0.0007587   1.301e-05  CLKINVX1
wptr_full_inst/FE_RC_2_0       0.0004517   0.0002465   0.0007242   2.599e-05  CLKINVX2
wptr_full_inst/g157            0.0003637   0.0003457   0.0007181   8.757e-06  INVXL
rptr_empty_inst/g140           0.0002718   0.0003774   0.0006623   1.299e-05  OAI21X1
rptr_empty_inst/g144           0.0003619   0.0002838   0.0006587   1.299e-05  OAI21X1
fifomem/g5634                  0.0002621   0.0003792   0.0006543   1.301e-05  CLKINVX1
FE_PHC76_rrst_n                0.0003344   0.0002595   0.0006482   5.435e-05  DLY1X1
fifomem/g3060                  0.0003326   0.0002659   0.0006265   2.802e-05  NAND2X2
rptr_empty_inst/g153           0.0002887   0.0002836   0.0006073   3.499e-05  NAND2BX1
wptr_full_inst/FE_RC_54_0      0.0002347   0.0003377   0.0005854   1.301e-05  CLKINVX1
sync_w2r/FE_PHC77_rrst_n       0.0003338   0.0001794   0.0005676   5.435e-05  DLY1X1
wptr_full_inst/g147            0.0002648   0.0002707   0.0005635   2.802e-05  NAND2X2
fifomem/g5633                  0.0004131   0.0001287   0.0005548   1.301e-05  INVX1
wptr_full_inst/FE_RC_14_0      0.0002343   0.0003038   0.0005511   1.301e-05  CLKINVX1
FE_OCPC45_FE_OFN10_FE_OFN8_wfull  0.0003063   0.0001904   0.0005379   4.129e-05  CLKBUFX2
fifomem/g5637                  0.0002651   0.0002533   0.0005314   1.301e-05  INVX1
fifomem/FE_RC_51_0             0.0003079   0.0002053   0.0005262   1.301e-05  CLKINVX1
fifomem/g3048                  0.0002813   0.0002089   0.0005183   2.802e-05  NAND2X2
rptr_empty_inst/g151           0.0003096   0.0001851   0.0005034   8.728e-06  OAI21XL
fifomem/g3051                  0.0002714   0.0002025    0.000502   2.802e-05  NAND2X2
rptr_empty_inst/g138           0.0002138   0.0002683   0.0004951   1.301e-05  INVX1
rptr_empty_inst/g154           0.0001755   0.0002833   0.0004938   3.499e-05  NAND2BX1
rptr_empty_inst/g150           0.0002399   0.0002056   0.0004805   3.499e-05  NAND2BX1
wptr_full_inst/FE_RC_38_0      0.0003386   0.0001281   0.0004791   1.236e-05  NOR2XL
wptr_full_inst/FE_RC_17_0      0.0002916   0.0001739   0.0004784   1.301e-05  CLKINVX1
fifomem/g3066                  0.0003066   0.0001561   0.0004767   1.403e-05  NAND2X1
wptr_full_inst/FE_RC_59_0      0.0003371   0.0001226   0.0004721   1.236e-05  NOR2XL
wptr_full_inst/FE_OFC17_n_17   0.0003252   0.0001212   0.0004594   1.301e-05  INVX1
fifomem/g3056_dup              0.0002298   0.0001915   0.0004493   2.802e-05  NAND2X2
fifomem/FE_RC_61_0             0.0002525   0.0001579   0.0004406   3.011e-05  NAND3X2
fifomem/FE_OCPC60_FE_RN_3      0.0003378   5.417e-05   0.0004333   4.129e-05  CLKBUFX2
wptr_full_inst/FE_RC_58_0      0.0002343   0.0001829   0.0004302   1.301e-05  CLKINVX1
rptr_empty_inst/g195           0.0002874   7.292e-05   0.0004234   6.308e-05  XNOR2XL
rptr_empty_inst/g196           0.0002871   7.017e-05   0.0004204   6.308e-05  XNOR2XL
rptr_empty_inst/g197           0.0002875   6.937e-05   0.0004199   6.308e-05  XNOR2XL
rptr_empty_inst/g194           0.0002882   5.753e-05   0.0004089   6.308e-05  XNOR2XL
rptr_empty_inst/g149           0.0001954   0.0001769   0.0003816   9.289e-06  NAND2XL
rptr_empty_inst/g136           0.0001997   0.0001643   0.0003769   1.299e-05  OAI21X1
fifomem/g3053                  0.0002261   0.0001148    0.000369   2.802e-05  NAND2X2
fifomem/g3052                  0.0001811   0.0001577   0.0003668   2.802e-05  NAND2X2
rptr_empty_inst/g193           0.0003042   4.175e-05   0.0003641   1.815e-05  AOI21X1
fifomem/g3045                  0.0001881    0.000137   0.0003531   2.802e-05  NAND2X2
rptr_empty_inst/g146           0.0001599   0.0001238   0.0003187   3.499e-05  NAND2BX1
rptr_empty_inst/g145           0.0001643   0.0001296   0.0003032   9.289e-06  NAND2XL
wptr_full_inst/FE_RC_40_0      0.0001547    0.000137    0.000301   9.289e-06  NAND2XL
wptr_full_inst/g208             0.000153   0.0001265   0.0002887   9.289e-06  NAND2XL
fifomem/g3058                  0.0001513   0.0001068   0.0002861   2.802e-05  NAND2X2
rptr_empty_inst/g152           0.0001609   0.0001022   0.0002723   9.289e-06  NAND2XL
rptr_empty_inst/g141           0.0001455   0.0001087   0.0002635   9.289e-06  NAND2XL
rptr_empty_inst/g199           0.0001702   6.977e-05   0.0002524   1.236e-05  NOR2XL
rptr_empty_inst/g137           0.0001006   8.702e-05   0.0001969   9.289e-06  NAND2XL
rptr_empty_inst/g142           9.722e-05   5.012e-05   0.0001823   3.499e-05  NAND2BX1
rptr_empty_inst/g190           5.889e-05   0.0001026   0.0001738   1.236e-05  NOR2XL
fifomem/g3056                  7.368e-05   6.803e-05    0.000151   9.289e-06  NAND2XL
rptr_empty_inst/g192           5.733e-05   4.907e-05   0.0001169   1.046e-05  NAND4XL

---------------------------------------------------------------------------------------

Total (    391 of    391  )        1.771      0.4837      2.291     0.03619
Total Capacitance                1.432e-11 F
Power Density                   *** No Die Area ***
